ARM GAS  C:\Users\marti\AppData\Local\Temp\cctJYVQS.s 			page 1


   1              		.syntax unified
   2              		.cpu cortex-m3
   3              		.fpu softvfp
   4              		.eabi_attribute 20, 1
   5              		.eabi_attribute 21, 1
   6              		.eabi_attribute 23, 3
   7              		.eabi_attribute 24, 1
   8              		.eabi_attribute 25, 1
   9              		.eabi_attribute 26, 1
  10              		.eabi_attribute 30, 1
  11              		.eabi_attribute 34, 1
  12              		.eabi_attribute 18, 4
  13              		.thumb
  14              		.syntax unified
  15              		.file	"counter.c"
  16              		.text
  17              	.Ltext0:
  18              		.cfi_sections	.debug_frame
  19              		.section	.text.counter,"ax",%progbits
  20              		.align	2
  21              		.global	counter
  22              		.thumb
  23              		.thumb_func
  24              		.type	counter, %function
  25              	counter:
  26              	.LFB64:
  27              		.file 1 "counter.c"
   1:counter.c     **** /* ========================================
   2:counter.c     ****  *
   3:counter.c     ****  * Copyright Marbech, Marcus Bech, 2019
   4:counter.c     ****  * All Rights Reserved
   5:counter.c     ****  * UNPUBLISHED, LICENSED SOFTWARE.
   6:counter.c     ****  *
   7:counter.c     ****  * CONFIDENTIAL AND PROPRIETARY INFORMATION
   8:counter.c     ****  * WHICH IS THE PROPERTY OF your company.
   9:counter.c     ****  *
  10:counter.c     ****  * ========================================
  11:counter.c     **** */
  12:counter.c     **** #include "counter.h"
  13:counter.c     **** #include <stdio.h>
  14:counter.c     **** 
  15:counter.c     **** void counter(uint8 *slaveAddress, int *counter)
  16:counter.c     **** {
  28              		.loc 1 16 0
  29              		.cfi_startproc
  30              		@ args = 0, pretend = 0, frame = 0
  31              		@ frame_needed = 0, uses_anonymous_args = 0
  32              		@ link register save eliminated.
  33              	.LVL0:
  17:counter.c     ****     int localcount = *counter;
  34              		.loc 1 17 0
  35 0000 0B68     		ldr	r3, [r1]
  36              	.LVL1:
  18:counter.c     ****     if(localcount%2) // denne funktion sikrer at når counter tæller op vil modulus altid give res
  37              		.loc 1 18 0
  38 0002 13F0010F 		tst	r3, #1
  39 0006 02D0     		beq	.L2
ARM GAS  C:\Users\marti\AppData\Local\Temp\cctJYVQS.s 			page 2


  19:counter.c     ****     {
  20:counter.c     ****     *slaveAddress=0x48; //100 1000 A2,A1,A = on
  40              		.loc 1 20 0
  41 0008 4823     		movs	r3, #72
  42              	.LVL2:
  43 000a 0370     		strb	r3, [r0]
  44              	.LVL3:
  45 000c 01E0     		b	.L3
  46              	.LVL4:
  47              	.L2:
  21:counter.c     ****     } 
  22:counter.c     ****     else 
  23:counter.c     ****     {
  24:counter.c     ****     *slaveAddress=0x4F; //100 1111 A2,A1,A = off
  48              		.loc 1 24 0
  49 000e 4F23     		movs	r3, #79
  50              	.LVL5:
  51 0010 0370     		strb	r3, [r0]
  52              	.LVL6:
  53              	.L3:
  25:counter.c     ****     }
  26:counter.c     ****     *counter += 1;
  54              		.loc 1 26 0
  55 0012 0B68     		ldr	r3, [r1]
  56 0014 0133     		adds	r3, r3, #1
  57 0016 0B60     		str	r3, [r1]
  58 0018 7047     		bx	lr
  59              		.cfi_endproc
  60              	.LFE64:
  61              		.size	counter, .-counter
  62 001a 00BF     		.text
  63              	.Letext0:
  64              		.file 2 "c:\\program files (x86)\\cypress\\psoc creator\\4.2\\psoc creator\\import\\gnu\\arm\\5.4.
  65              		.file 3 "c:\\program files (x86)\\cypress\\psoc creator\\4.2\\psoc creator\\import\\gnu\\arm\\5.4.
  66              		.file 4 "Generated_Source\\PSoC5/cytypes.h"
  67              		.file 5 "Generated_Source\\PSoC5/core_cm3.h"
  68              		.section	.debug_info,"",%progbits
  69              	.Ldebug_info0:
  70 0000 09010000 		.4byte	0x109
  71 0004 0400     		.2byte	0x4
  72 0006 00000000 		.4byte	.Ldebug_abbrev0
  73 000a 04       		.byte	0x4
  74 000b 01       		.uleb128 0x1
  75 000c 70000000 		.4byte	.LASF19
  76 0010 0C       		.byte	0xc
  77 0011 66000000 		.4byte	.LASF20
  78 0015 0E000000 		.4byte	.LASF21
  79 0019 00000000 		.4byte	.Ldebug_ranges0+0
  80 001d 00000000 		.4byte	0
  81 0021 00000000 		.4byte	.Ldebug_line0
  82 0025 02       		.uleb128 0x2
  83 0026 01       		.byte	0x1
  84 0027 06       		.byte	0x6
  85 0028 78010000 		.4byte	.LASF0
  86 002c 02       		.uleb128 0x2
  87 002d 01       		.byte	0x1
  88 002e 08       		.byte	0x8
ARM GAS  C:\Users\marti\AppData\Local\Temp\cctJYVQS.s 			page 3


  89 002f 40010000 		.4byte	.LASF1
  90 0033 02       		.uleb128 0x2
  91 0034 02       		.byte	0x2
  92 0035 05       		.byte	0x5
  93 0036 AB010000 		.4byte	.LASF2
  94 003a 02       		.uleb128 0x2
  95 003b 02       		.byte	0x2
  96 003c 07       		.byte	0x7
  97 003d 2D010000 		.4byte	.LASF3
  98 0041 03       		.uleb128 0x3
  99 0042 90010000 		.4byte	.LASF9
 100 0046 02       		.byte	0x2
 101 0047 3F       		.byte	0x3f
 102 0048 4C000000 		.4byte	0x4c
 103 004c 02       		.uleb128 0x2
 104 004d 04       		.byte	0x4
 105 004e 05       		.byte	0x5
 106 004f 53010000 		.4byte	.LASF4
 107 0053 02       		.uleb128 0x2
 108 0054 04       		.byte	0x4
 109 0055 07       		.byte	0x7
 110 0056 04010000 		.4byte	.LASF5
 111 005a 02       		.uleb128 0x2
 112 005b 08       		.byte	0x8
 113 005c 05       		.byte	0x5
 114 005d 00000000 		.4byte	.LASF6
 115 0061 02       		.uleb128 0x2
 116 0062 08       		.byte	0x8
 117 0063 07       		.byte	0x7
 118 0064 16010000 		.4byte	.LASF7
 119 0068 04       		.uleb128 0x4
 120 0069 04       		.byte	0x4
 121 006a 05       		.byte	0x5
 122 006b 696E7400 		.ascii	"int\000"
 123 006f 02       		.uleb128 0x2
 124 0070 04       		.byte	0x4
 125 0071 07       		.byte	0x7
 126 0072 59000000 		.4byte	.LASF8
 127 0076 03       		.uleb128 0x3
 128 0077 B5010000 		.4byte	.LASF10
 129 007b 03       		.byte	0x3
 130 007c 2C       		.byte	0x2c
 131 007d 41000000 		.4byte	0x41
 132 0081 05       		.uleb128 0x5
 133 0082 FE000000 		.4byte	.LASF11
 134 0086 04       		.byte	0x4
 135 0087 9201     		.2byte	0x192
 136 0089 2C000000 		.4byte	0x2c
 137 008d 02       		.uleb128 0x2
 138 008e 04       		.byte	0x4
 139 008f 04       		.byte	0x4
 140 0090 A5010000 		.4byte	.LASF12
 141 0094 02       		.uleb128 0x2
 142 0095 08       		.byte	0x8
 143 0096 04       		.byte	0x4
 144 0097 5C010000 		.4byte	.LASF13
 145 009b 02       		.uleb128 0x2
ARM GAS  C:\Users\marti\AppData\Local\Temp\cctJYVQS.s 			page 4


 146 009c 01       		.byte	0x1
 147 009d 08       		.byte	0x8
 148 009e 4E010000 		.4byte	.LASF14
 149 00a2 02       		.uleb128 0x2
 150 00a3 08       		.byte	0x8
 151 00a4 04       		.byte	0x4
 152 00a5 84010000 		.4byte	.LASF15
 153 00a9 02       		.uleb128 0x2
 154 00aa 04       		.byte	0x4
 155 00ab 07       		.byte	0x7
 156 00ac BD010000 		.4byte	.LASF16
 157 00b0 06       		.uleb128 0x6
 158 00b1 63010000 		.4byte	.LASF18
 159 00b5 01       		.byte	0x1
 160 00b6 0F       		.byte	0xf
 161 00b7 00000000 		.4byte	.LFB64
 162 00bb 1A000000 		.4byte	.LFE64-.LFB64
 163 00bf 01       		.uleb128 0x1
 164 00c0 9C       		.byte	0x9c
 165 00c1 EF000000 		.4byte	0xef
 166 00c5 07       		.uleb128 0x7
 167 00c6 4C000000 		.4byte	.LASF17
 168 00ca 01       		.byte	0x1
 169 00cb 0F       		.byte	0xf
 170 00cc EF000000 		.4byte	0xef
 171 00d0 01       		.uleb128 0x1
 172 00d1 50       		.byte	0x50
 173 00d2 07       		.uleb128 0x7
 174 00d3 63010000 		.4byte	.LASF18
 175 00d7 01       		.byte	0x1
 176 00d8 0F       		.byte	0xf
 177 00d9 F5000000 		.4byte	0xf5
 178 00dd 01       		.uleb128 0x1
 179 00de 51       		.byte	0x51
 180 00df 08       		.uleb128 0x8
 181 00e0 9A010000 		.4byte	.LASF22
 182 00e4 01       		.byte	0x1
 183 00e5 11       		.byte	0x11
 184 00e6 68000000 		.4byte	0x68
 185 00ea 00000000 		.4byte	.LLST0
 186 00ee 00       		.byte	0
 187 00ef 09       		.uleb128 0x9
 188 00f0 04       		.byte	0x4
 189 00f1 81000000 		.4byte	0x81
 190 00f5 09       		.uleb128 0x9
 191 00f6 04       		.byte	0x4
 192 00f7 68000000 		.4byte	0x68
 193 00fb 0A       		.uleb128 0xa
 194 00fc 6B010000 		.4byte	.LASF23
 195 0100 05       		.byte	0x5
 196 0101 9606     		.2byte	0x696
 197 0103 07010000 		.4byte	0x107
 198 0107 0B       		.uleb128 0xb
 199 0108 76000000 		.4byte	0x76
 200 010c 00       		.byte	0
 201              		.section	.debug_abbrev,"",%progbits
 202              	.Ldebug_abbrev0:
ARM GAS  C:\Users\marti\AppData\Local\Temp\cctJYVQS.s 			page 5


 203 0000 01       		.uleb128 0x1
 204 0001 11       		.uleb128 0x11
 205 0002 01       		.byte	0x1
 206 0003 25       		.uleb128 0x25
 207 0004 0E       		.uleb128 0xe
 208 0005 13       		.uleb128 0x13
 209 0006 0B       		.uleb128 0xb
 210 0007 03       		.uleb128 0x3
 211 0008 0E       		.uleb128 0xe
 212 0009 1B       		.uleb128 0x1b
 213 000a 0E       		.uleb128 0xe
 214 000b 55       		.uleb128 0x55
 215 000c 17       		.uleb128 0x17
 216 000d 11       		.uleb128 0x11
 217 000e 01       		.uleb128 0x1
 218 000f 10       		.uleb128 0x10
 219 0010 17       		.uleb128 0x17
 220 0011 00       		.byte	0
 221 0012 00       		.byte	0
 222 0013 02       		.uleb128 0x2
 223 0014 24       		.uleb128 0x24
 224 0015 00       		.byte	0
 225 0016 0B       		.uleb128 0xb
 226 0017 0B       		.uleb128 0xb
 227 0018 3E       		.uleb128 0x3e
 228 0019 0B       		.uleb128 0xb
 229 001a 03       		.uleb128 0x3
 230 001b 0E       		.uleb128 0xe
 231 001c 00       		.byte	0
 232 001d 00       		.byte	0
 233 001e 03       		.uleb128 0x3
 234 001f 16       		.uleb128 0x16
 235 0020 00       		.byte	0
 236 0021 03       		.uleb128 0x3
 237 0022 0E       		.uleb128 0xe
 238 0023 3A       		.uleb128 0x3a
 239 0024 0B       		.uleb128 0xb
 240 0025 3B       		.uleb128 0x3b
 241 0026 0B       		.uleb128 0xb
 242 0027 49       		.uleb128 0x49
 243 0028 13       		.uleb128 0x13
 244 0029 00       		.byte	0
 245 002a 00       		.byte	0
 246 002b 04       		.uleb128 0x4
 247 002c 24       		.uleb128 0x24
 248 002d 00       		.byte	0
 249 002e 0B       		.uleb128 0xb
 250 002f 0B       		.uleb128 0xb
 251 0030 3E       		.uleb128 0x3e
 252 0031 0B       		.uleb128 0xb
 253 0032 03       		.uleb128 0x3
 254 0033 08       		.uleb128 0x8
 255 0034 00       		.byte	0
 256 0035 00       		.byte	0
 257 0036 05       		.uleb128 0x5
 258 0037 16       		.uleb128 0x16
 259 0038 00       		.byte	0
ARM GAS  C:\Users\marti\AppData\Local\Temp\cctJYVQS.s 			page 6


 260 0039 03       		.uleb128 0x3
 261 003a 0E       		.uleb128 0xe
 262 003b 3A       		.uleb128 0x3a
 263 003c 0B       		.uleb128 0xb
 264 003d 3B       		.uleb128 0x3b
 265 003e 05       		.uleb128 0x5
 266 003f 49       		.uleb128 0x49
 267 0040 13       		.uleb128 0x13
 268 0041 00       		.byte	0
 269 0042 00       		.byte	0
 270 0043 06       		.uleb128 0x6
 271 0044 2E       		.uleb128 0x2e
 272 0045 01       		.byte	0x1
 273 0046 3F       		.uleb128 0x3f
 274 0047 19       		.uleb128 0x19
 275 0048 03       		.uleb128 0x3
 276 0049 0E       		.uleb128 0xe
 277 004a 3A       		.uleb128 0x3a
 278 004b 0B       		.uleb128 0xb
 279 004c 3B       		.uleb128 0x3b
 280 004d 0B       		.uleb128 0xb
 281 004e 27       		.uleb128 0x27
 282 004f 19       		.uleb128 0x19
 283 0050 11       		.uleb128 0x11
 284 0051 01       		.uleb128 0x1
 285 0052 12       		.uleb128 0x12
 286 0053 06       		.uleb128 0x6
 287 0054 40       		.uleb128 0x40
 288 0055 18       		.uleb128 0x18
 289 0056 9742     		.uleb128 0x2117
 290 0058 19       		.uleb128 0x19
 291 0059 01       		.uleb128 0x1
 292 005a 13       		.uleb128 0x13
 293 005b 00       		.byte	0
 294 005c 00       		.byte	0
 295 005d 07       		.uleb128 0x7
 296 005e 05       		.uleb128 0x5
 297 005f 00       		.byte	0
 298 0060 03       		.uleb128 0x3
 299 0061 0E       		.uleb128 0xe
 300 0062 3A       		.uleb128 0x3a
 301 0063 0B       		.uleb128 0xb
 302 0064 3B       		.uleb128 0x3b
 303 0065 0B       		.uleb128 0xb
 304 0066 49       		.uleb128 0x49
 305 0067 13       		.uleb128 0x13
 306 0068 02       		.uleb128 0x2
 307 0069 18       		.uleb128 0x18
 308 006a 00       		.byte	0
 309 006b 00       		.byte	0
 310 006c 08       		.uleb128 0x8
 311 006d 34       		.uleb128 0x34
 312 006e 00       		.byte	0
 313 006f 03       		.uleb128 0x3
 314 0070 0E       		.uleb128 0xe
 315 0071 3A       		.uleb128 0x3a
 316 0072 0B       		.uleb128 0xb
ARM GAS  C:\Users\marti\AppData\Local\Temp\cctJYVQS.s 			page 7


 317 0073 3B       		.uleb128 0x3b
 318 0074 0B       		.uleb128 0xb
 319 0075 49       		.uleb128 0x49
 320 0076 13       		.uleb128 0x13
 321 0077 02       		.uleb128 0x2
 322 0078 17       		.uleb128 0x17
 323 0079 00       		.byte	0
 324 007a 00       		.byte	0
 325 007b 09       		.uleb128 0x9
 326 007c 0F       		.uleb128 0xf
 327 007d 00       		.byte	0
 328 007e 0B       		.uleb128 0xb
 329 007f 0B       		.uleb128 0xb
 330 0080 49       		.uleb128 0x49
 331 0081 13       		.uleb128 0x13
 332 0082 00       		.byte	0
 333 0083 00       		.byte	0
 334 0084 0A       		.uleb128 0xa
 335 0085 34       		.uleb128 0x34
 336 0086 00       		.byte	0
 337 0087 03       		.uleb128 0x3
 338 0088 0E       		.uleb128 0xe
 339 0089 3A       		.uleb128 0x3a
 340 008a 0B       		.uleb128 0xb
 341 008b 3B       		.uleb128 0x3b
 342 008c 05       		.uleb128 0x5
 343 008d 49       		.uleb128 0x49
 344 008e 13       		.uleb128 0x13
 345 008f 3F       		.uleb128 0x3f
 346 0090 19       		.uleb128 0x19
 347 0091 3C       		.uleb128 0x3c
 348 0092 19       		.uleb128 0x19
 349 0093 00       		.byte	0
 350 0094 00       		.byte	0
 351 0095 0B       		.uleb128 0xb
 352 0096 35       		.uleb128 0x35
 353 0097 00       		.byte	0
 354 0098 49       		.uleb128 0x49
 355 0099 13       		.uleb128 0x13
 356 009a 00       		.byte	0
 357 009b 00       		.byte	0
 358 009c 00       		.byte	0
 359              		.section	.debug_loc,"",%progbits
 360              	.Ldebug_loc0:
 361              	.LLST0:
 362 0000 02000000 		.4byte	.LVL1
 363 0004 0A000000 		.4byte	.LVL2
 364 0008 0100     		.2byte	0x1
 365 000a 53       		.byte	0x53
 366 000b 0A000000 		.4byte	.LVL2
 367 000f 0C000000 		.4byte	.LVL3
 368 0013 0200     		.2byte	0x2
 369 0015 71       		.byte	0x71
 370 0016 00       		.sleb128 0
 371 0017 0E000000 		.4byte	.LVL4
 372 001b 10000000 		.4byte	.LVL5
 373 001f 0100     		.2byte	0x1
ARM GAS  C:\Users\marti\AppData\Local\Temp\cctJYVQS.s 			page 8


 374 0021 53       		.byte	0x53
 375 0022 10000000 		.4byte	.LVL5
 376 0026 12000000 		.4byte	.LVL6
 377 002a 0200     		.2byte	0x2
 378 002c 71       		.byte	0x71
 379 002d 00       		.sleb128 0
 380 002e 00000000 		.4byte	0
 381 0032 00000000 		.4byte	0
 382              		.section	.debug_aranges,"",%progbits
 383 0000 1C000000 		.4byte	0x1c
 384 0004 0200     		.2byte	0x2
 385 0006 00000000 		.4byte	.Ldebug_info0
 386 000a 04       		.byte	0x4
 387 000b 00       		.byte	0
 388 000c 0000     		.2byte	0
 389 000e 0000     		.2byte	0
 390 0010 00000000 		.4byte	.LFB64
 391 0014 1A000000 		.4byte	.LFE64-.LFB64
 392 0018 00000000 		.4byte	0
 393 001c 00000000 		.4byte	0
 394              		.section	.debug_ranges,"",%progbits
 395              	.Ldebug_ranges0:
 396 0000 00000000 		.4byte	.LFB64
 397 0004 1A000000 		.4byte	.LFE64
 398 0008 00000000 		.4byte	0
 399 000c 00000000 		.4byte	0
 400              		.section	.debug_line,"",%progbits
 401              	.Ldebug_line0:
 402 0000 69010000 		.section	.debug_str,"MS",%progbits,1
 402      02004F01 
 402      00000201 
 402      FB0E0D00 
 402      01010101 
 403              	.LASF6:
 404 0000 6C6F6E67 		.ascii	"long long int\000"
 404      206C6F6E 
 404      6720696E 
 404      7400
 405              	.LASF21:
 406 000e 433A5C33 		.ascii	"C:\\3. semester\\GFV\\nyI2Ckode\\kommunikation\\DC-"
 406      2E207365 
 406      6D657374 
 406      65725C47 
 406      46565C6E 
 407 003c 4D6F746F 		.ascii	"Motor-PWM.cydsn\000"
 407      722D5057 
 407      4D2E6379 
 407      64736E00 
 408              	.LASF17:
 409 004c 736C6176 		.ascii	"slaveAddress\000"
 409      65416464 
 409      72657373 
 409      00
 410              	.LASF8:
 411 0059 756E7369 		.ascii	"unsigned int\000"
 411      676E6564 
 411      20696E74 
ARM GAS  C:\Users\marti\AppData\Local\Temp\cctJYVQS.s 			page 9


 411      00
 412              	.LASF20:
 413 0066 636F756E 		.ascii	"counter.c\000"
 413      7465722E 
 413      6300
 414              	.LASF19:
 415 0070 474E5520 		.ascii	"GNU C11 5.4.1 20160609 (release) [ARM/embedded-5-br"
 415      43313120 
 415      352E342E 
 415      31203230 
 415      31363036 
 416 00a3 616E6368 		.ascii	"anch revision 237715] -mcpu=cortex-m3 -mthumb -g -O"
 416      20726576 
 416      6973696F 
 416      6E203233 
 416      37373135 
 417 00d6 67202D66 		.ascii	"g -ffunction-sections -ffat-lto-objects\000"
 417      66756E63 
 417      74696F6E 
 417      2D736563 
 417      74696F6E 
 418              	.LASF11:
 419 00fe 75696E74 		.ascii	"uint8\000"
 419      3800
 420              	.LASF5:
 421 0104 6C6F6E67 		.ascii	"long unsigned int\000"
 421      20756E73 
 421      69676E65 
 421      6420696E 
 421      7400
 422              	.LASF7:
 423 0116 6C6F6E67 		.ascii	"long long unsigned int\000"
 423      206C6F6E 
 423      6720756E 
 423      7369676E 
 423      65642069 
 424              	.LASF3:
 425 012d 73686F72 		.ascii	"short unsigned int\000"
 425      7420756E 
 425      7369676E 
 425      65642069 
 425      6E7400
 426              	.LASF1:
 427 0140 756E7369 		.ascii	"unsigned char\000"
 427      676E6564 
 427      20636861 
 427      7200
 428              	.LASF14:
 429 014e 63686172 		.ascii	"char\000"
 429      00
 430              	.LASF4:
 431 0153 6C6F6E67 		.ascii	"long int\000"
 431      20696E74 
 431      00
 432              	.LASF13:
 433 015c 646F7562 		.ascii	"double\000"
 433      6C6500
ARM GAS  C:\Users\marti\AppData\Local\Temp\cctJYVQS.s 			page 10


 434              	.LASF18:
 435 0163 636F756E 		.ascii	"counter\000"
 435      74657200 
 436              	.LASF23:
 437 016b 49544D5F 		.ascii	"ITM_RxBuffer\000"
 437      52784275 
 437      66666572 
 437      00
 438              	.LASF0:
 439 0178 7369676E 		.ascii	"signed char\000"
 439      65642063 
 439      68617200 
 440              	.LASF15:
 441 0184 6C6F6E67 		.ascii	"long double\000"
 441      20646F75 
 441      626C6500 
 442              	.LASF9:
 443 0190 5F5F696E 		.ascii	"__int32_t\000"
 443      7433325F 
 443      7400
 444              	.LASF22:
 445 019a 6C6F6361 		.ascii	"localcount\000"
 445      6C636F75 
 445      6E7400
 446              	.LASF12:
 447 01a5 666C6F61 		.ascii	"float\000"
 447      7400
 448              	.LASF2:
 449 01ab 73686F72 		.ascii	"short int\000"
 449      7420696E 
 449      7400
 450              	.LASF10:
 451 01b5 696E7433 		.ascii	"int32_t\000"
 451      325F7400 
 452              	.LASF16:
 453 01bd 73697A65 		.ascii	"sizetype\000"
 453      74797065 
 453      00
 454              		.ident	"GCC: (GNU Tools for ARM Embedded Processors) 5.4.1 20160609 (release) [ARM/embedded-5-bran
