ARM GAS  C:\Users\marti\AppData\Local\Temp\ccMPsj32.s 			page 1


   1              		.syntax unified
   2              		.cpu cortex-m3
   3              		.fpu softvfp
   4              		.eabi_attribute 20, 1
   5              		.eabi_attribute 21, 1
   6              		.eabi_attribute 23, 3
   7              		.eabi_attribute 24, 1
   8              		.eabi_attribute 25, 1
   9              		.eabi_attribute 26, 1
  10              		.eabi_attribute 30, 1
  11              		.eabi_attribute 34, 1
  12              		.eabi_attribute 18, 4
  13              		.thumb
  14              		.syntax unified
  15              		.file	"cymetadata.c"
  16              		.text
  17              	.Ltext0:
  18              		.cfi_sections	.debug_frame
  19              		.global	cy_metadata
  20              		.global	cy_meta_flashprotect
  21              		.global	cy_meta_wonvl
  22              		.global	cy_meta_custnvl
  23              		.global	cy_meta_configecc
  24              		.section	.cyconfigecc,"a",%progbits
  25              		.align	2
  26              		.type	cy_meta_configecc, %object
  27              		.size	cy_meta_configecc, 1400
  28              	cy_meta_configecc:
  29 0000 04       		.byte	4
  30 0001 52       		.byte	82
  31 0002 00       		.byte	0
  32 0003 40       		.byte	64
  33 0004 02       		.byte	2
  34 0005 64       		.byte	100
  35 0006 00       		.byte	0
  36 0007 40       		.byte	64
  37 0008 02       		.byte	2
  38 0009 65       		.byte	101
  39 000a 00       		.byte	0
  40 000b 40       		.byte	64
  41 000c 6D       		.byte	109
  42 000d 08       		.byte	8
  43 000e 01       		.byte	1
  44 000f 40       		.byte	64
  45 0010 44       		.byte	68
  46 0011 09       		.byte	9
  47 0012 01       		.byte	1
  48 0013 40       		.byte	64
  49 0014 0E       		.byte	14
  50 0015 0A       		.byte	10
  51 0016 01       		.byte	1
  52 0017 40       		.byte	64
  53 0018 31       		.byte	49
  54 0019 0B       		.byte	11
  55 001a 01       		.byte	1
  56 001b 40       		.byte	64
  57 001c 01       		.byte	1
ARM GAS  C:\Users\marti\AppData\Local\Temp\ccMPsj32.s 			page 2


  58 001d 17       		.byte	23
  59 001e 01       		.byte	1
  60 001f 40       		.byte	64
  61 0020 53       		.byte	83
  62 0021 18       		.byte	24
  63 0022 01       		.byte	1
  64 0023 40       		.byte	64
  65 0024 3E       		.byte	62
  66 0025 19       		.byte	25
  67 0026 01       		.byte	1
  68 0027 40       		.byte	64
  69 0028 42       		.byte	66
  70 0029 1A       		.byte	26
  71 002a 01       		.byte	1
  72 002b 40       		.byte	64
  73 002c 42       		.byte	66
  74 002d 1B       		.byte	27
  75 002e 01       		.byte	1
  76 002f 40       		.byte	64
  77 0030 02       		.byte	2
  78 0031 40       		.byte	64
  79 0032 01       		.byte	1
  80 0033 40       		.byte	64
  81 0034 01       		.byte	1
  82 0035 41       		.byte	65
  83 0036 01       		.byte	1
  84 0037 40       		.byte	64
  85 0038 01       		.byte	1
  86 0039 42       		.byte	66
  87 003a 01       		.byte	1
  88 003b 40       		.byte	64
  89 003c 01       		.byte	1
  90 003d 43       		.byte	67
  91 003e 01       		.byte	1
  92 003f 40       		.byte	64
  93 0040 08       		.byte	8
  94 0041 45       		.byte	69
  95 0042 01       		.byte	1
  96 0043 40       		.byte	64
  97 0044 06       		.byte	6
  98 0045 46       		.byte	70
  99 0046 01       		.byte	1
 100 0047 40       		.byte	64
 101 0048 05       		.byte	5
 102 0049 47       		.byte	71
 103 004a 01       		.byte	1
 104 004b 40       		.byte	64
 105 004c 03       		.byte	3
 106 004d 48       		.byte	72
 107 004e 01       		.byte	1
 108 004f 40       		.byte	64
 109 0050 03       		.byte	3
 110 0051 4C       		.byte	76
 111 0052 01       		.byte	1
 112 0053 40       		.byte	64
 113 0054 09       		.byte	9
 114 0055 4D       		.byte	77
ARM GAS  C:\Users\marti\AppData\Local\Temp\ccMPsj32.s 			page 3


 115 0056 01       		.byte	1
 116 0057 40       		.byte	64
 117 0058 04       		.byte	4
 118 0059 50       		.byte	80
 119 005a 01       		.byte	1
 120 005b 40       		.byte	64
 121 005c 01       		.byte	1
 122 005d 51       		.byte	81
 123 005e 01       		.byte	1
 124 005f 40       		.byte	64
 125 0060 10       		.byte	16
 126 0061 20       		.byte	32
 127 0062 11       		.byte	17
 128 0063 20       		.byte	32
 129 0064 61       		.byte	97
 130 0065 80       		.byte	-128
 131 0066 64       		.byte	100
 132 0067 40       		.byte	64
 133 0068 89       		.byte	-119
 134 0069 0F       		.byte	15
 135 006a 8A       		.byte	-118
 136 006b 0F       		.byte	15
 137 006c 88       		.byte	-120
 138 006d 38       		.byte	56
 139 006e 8A       		.byte	-118
 140 006f 72       		.byte	114
 141 0070 01       		.byte	1
 142 0071 09       		.byte	9
 143 0072 03       		.byte	3
 144 0073 D0       		.byte	-48
 145 0074 04       		.byte	4
 146 0075 2C       		.byte	44
 147 0076 05       		.byte	5
 148 0077 DC       		.byte	-36
 149 0078 06       		.byte	6
 150 0079 43       		.byte	67
 151 007a 07       		.byte	7
 152 007b 22       		.byte	34
 153 007c 0B       		.byte	11
 154 007d 03       		.byte	3
 155 007e 0E       		.byte	14
 156 007f 0C       		.byte	12
 157 0080 11       		.byte	17
 158 0081 10       		.byte	16
 159 0082 13       		.byte	19
 160 0083 AC       		.byte	-84
 161 0084 15       		.byte	21
 162 0085 0C       		.byte	12
 163 0086 17       		.byte	23
 164 0087 71       		.byte	113
 165 0088 19       		.byte	25
 166 0089 14       		.byte	20
 167 008a 1C       		.byte	28
 168 008b 80       		.byte	-128
 169 008c 1E       		.byte	30
 170 008d 13       		.byte	19
 171 008e 20       		.byte	32
ARM GAS  C:\Users\marti\AppData\Local\Temp\ccMPsj32.s 			page 4


 172 008f 71       		.byte	113
 173 0090 22       		.byte	34
 174 0091 06       		.byte	6
 175 0092 26       		.byte	38
 176 0093 08       		.byte	8
 177 0094 28       		.byte	40
 178 0095 71       		.byte	113
 179 0096 29       		.byte	41
 180 0097 10       		.byte	16
 181 0098 2A       		.byte	42
 182 0099 0E       		.byte	14
 183 009a 2B       		.byte	43
 184 009b 40       		.byte	64
 185 009c 2F       		.byte	47
 186 009d 20       		.byte	32
 187 009e 30       		.byte	48
 188 009f C0       		.byte	-64
 189 00a0 32       		.byte	50
 190 00a1 30       		.byte	48
 191 00a2 33       		.byte	51
 192 00a3 E0       		.byte	-32
 193 00a4 34       		.byte	52
 194 00a5 0F       		.byte	15
 195 00a6 35       		.byte	53
 196 00a7 1F       		.byte	31
 197 00a8 38       		.byte	56
 198 00a9 0A       		.byte	10
 199 00aa 3A       		.byte	58
 200 00ab 20       		.byte	32
 201 00ac 3B       		.byte	59
 202 00ad 08       		.byte	8
 203 00ae 3E       		.byte	62
 204 00af 04       		.byte	4
 205 00b0 40       		.byte	64
 206 00b1 03       		.byte	3
 207 00b2 46       		.byte	70
 208 00b3 40       		.byte	64
 209 00b4 49       		.byte	73
 210 00b5 FF       		.byte	-1
 211 00b6 4A       		.byte	74
 212 00b7 07       		.byte	7
 213 00b8 4B       		.byte	75
 214 00b9 FF       		.byte	-1
 215 00ba 4C       		.byte	76
 216 00bb 40       		.byte	64
 217 00bc 4D       		.byte	77
 218 00bd 20       		.byte	32
 219 00be 4E       		.byte	78
 220 00bf F0       		.byte	-16
 221 00c0 4F       		.byte	79
 222 00c1 05       		.byte	5
 223 00c2 50       		.byte	80
 224 00c3 08       		.byte	8
 225 00c4 58       		.byte	88
 226 00c5 04       		.byte	4
 227 00c6 59       		.byte	89
 228 00c7 04       		.byte	4
ARM GAS  C:\Users\marti\AppData\Local\Temp\ccMPsj32.s 			page 5


 229 00c8 5A       		.byte	90
 230 00c9 04       		.byte	4
 231 00ca 5C       		.byte	92
 232 00cb 11       		.byte	17
 233 00cc 5D       		.byte	93
 234 00cd 01       		.byte	1
 235 00ce 5F       		.byte	95
 236 00cf 01       		.byte	1
 237 00d0 60       		.byte	96
 238 00d1 40       		.byte	64
 239 00d2 61       		.byte	97
 240 00d3 A8       		.byte	-88
 241 00d4 62       		.byte	98
 242 00d5 40       		.byte	64
 243 00d6 63       		.byte	99
 244 00d7 20       		.byte	32
 245 00d8 80       		.byte	-128
 246 00d9 18       		.byte	24
 247 00da 83       		.byte	-125
 248 00db 08       		.byte	8
 249 00dc 84       		.byte	-124
 250 00dd C1       		.byte	-63
 251 00de 85       		.byte	-123
 252 00df 0A       		.byte	10
 253 00e0 86       		.byte	-122
 254 00e1 38       		.byte	56
 255 00e2 87       		.byte	-121
 256 00e3 14       		.byte	20
 257 00e4 88       		.byte	-120
 258 00e5 82       		.byte	-126
 259 00e6 89       		.byte	-119
 260 00e7 03       		.byte	3
 261 00e8 8B       		.byte	-117
 262 00e9 14       		.byte	20
 263 00ea 8C       		.byte	-116
 264 00eb 9C       		.byte	-100
 265 00ec 8E       		.byte	-114
 266 00ed 03       		.byte	3
 267 00ee 8F       		.byte	-113
 268 00ef 15       		.byte	21
 269 00f0 90       		.byte	-112
 270 00f1 18       		.byte	24
 271 00f2 91       		.byte	-111
 272 00f3 13       		.byte	19
 273 00f4 92       		.byte	-110
 274 00f5 02       		.byte	2
 275 00f6 93       		.byte	-109
 276 00f7 0C       		.byte	12
 277 00f8 95       		.byte	-107
 278 00f9 13       		.byte	19
 279 00fa 97       		.byte	-105
 280 00fb 04       		.byte	4
 281 00fc 98       		.byte	-104
 282 00fd 33       		.byte	51
 283 00fe 9A       		.byte	-102
 284 00ff 44       		.byte	68
 285 0100 9C       		.byte	-100
ARM GAS  C:\Users\marti\AppData\Local\Temp\ccMPsj32.s 			page 6


 286 0101 1A       		.byte	26
 287 0102 A4       		.byte	-92
 288 0103 18       		.byte	24
 289 0104 A6       		.byte	-90
 290 0105 02       		.byte	2
 291 0106 A8       		.byte	-88
 292 0107 02       		.byte	2
 293 0108 AA       		.byte	-86
 294 0109 18       		.byte	24
 295 010a AC       		.byte	-84
 296 010b 1A       		.byte	26
 297 010c B0       		.byte	-80
 298 010d E0       		.byte	-32
 299 010e B1       		.byte	-79
 300 010f 0F       		.byte	15
 301 0110 B2       		.byte	-78
 302 0111 13       		.byte	19
 303 0112 B4       		.byte	-76
 304 0113 0F       		.byte	15
 305 0114 B7       		.byte	-73
 306 0115 10       		.byte	16
 307 0116 BA       		.byte	-70
 308 0117 22       		.byte	34
 309 0118 BB       		.byte	-69
 310 0119 02       		.byte	2
 311 011a BF       		.byte	-65
 312 011b 40       		.byte	64
 313 011c C0       		.byte	-64
 314 011d 51       		.byte	81
 315 011e C1       		.byte	-63
 316 011f 06       		.byte	6
 317 0120 C5       		.byte	-59
 318 0121 0B       		.byte	11
 319 0122 C6       		.byte	-58
 320 0123 C0       		.byte	-64
 321 0124 C7       		.byte	-57
 322 0125 0E       		.byte	14
 323 0126 C8       		.byte	-56
 324 0127 19       		.byte	25
 325 0128 C9       		.byte	-55
 326 0129 FF       		.byte	-1
 327 012a CA       		.byte	-54
 328 012b FF       		.byte	-1
 329 012c CB       		.byte	-53
 330 012d FF       		.byte	-1
 331 012e CE       		.byte	-50
 332 012f F0       		.byte	-16
 333 0130 CF       		.byte	-49
 334 0131 44       		.byte	68
 335 0132 D0       		.byte	-48
 336 0133 0C       		.byte	12
 337 0134 D4       		.byte	-44
 338 0135 01       		.byte	1
 339 0136 D8       		.byte	-40
 340 0137 04       		.byte	4
 341 0138 D9       		.byte	-39
 342 0139 04       		.byte	4
ARM GAS  C:\Users\marti\AppData\Local\Temp\ccMPsj32.s 			page 7


 343 013a DA       		.byte	-38
 344 013b 04       		.byte	4
 345 013c DB       		.byte	-37
 346 013d 04       		.byte	4
 347 013e DC       		.byte	-36
 348 013f 10       		.byte	16
 349 0140 DD       		.byte	-35
 350 0141 11       		.byte	17
 351 0142 DF       		.byte	-33
 352 0143 01       		.byte	1
 353 0144 E6       		.byte	-26
 354 0145 C0       		.byte	-64
 355 0146 EA       		.byte	-22
 356 0147 40       		.byte	64
 357 0148 EB       		.byte	-21
 358 0149 02       		.byte	2
 359 014a 00       		.byte	0
 360 014b 0A       		.byte	10
 361 014c 01       		.byte	1
 362 014d 20       		.byte	32
 363 014e 02       		.byte	2
 364 014f 04       		.byte	4
 365 0150 03       		.byte	3
 366 0151 02       		.byte	2
 367 0152 04       		.byte	4
 368 0153 44       		.byte	68
 369 0154 08       		.byte	8
 370 0155 60       		.byte	96
 371 0156 0A       		.byte	10
 372 0157 40       		.byte	64
 373 0158 0D       		.byte	13
 374 0159 40       		.byte	64
 375 015a 0F       		.byte	15
 376 015b 02       		.byte	2
 377 015c 10       		.byte	16
 378 015d 28       		.byte	40
 379 015e 13       		.byte	19
 380 015f 80       		.byte	-128
 381 0160 15       		.byte	21
 382 0161 02       		.byte	2
 383 0162 16       		.byte	22
 384 0163 10       		.byte	16
 385 0164 17       		.byte	23
 386 0165 20       		.byte	32
 387 0166 18       		.byte	24
 388 0167 20       		.byte	32
 389 0168 19       		.byte	25
 390 0169 10       		.byte	16
 391 016a 1A       		.byte	26
 392 016b 10       		.byte	16
 393 016c 1B       		.byte	27
 394 016d 02       		.byte	2
 395 016e 1C       		.byte	28
 396 016f 44       		.byte	68
 397 0170 1D       		.byte	29
 398 0171 08       		.byte	8
 399 0172 1F       		.byte	31
ARM GAS  C:\Users\marti\AppData\Local\Temp\ccMPsj32.s 			page 8


 400 0173 01       		.byte	1
 401 0174 21       		.byte	33
 402 0175 01       		.byte	1
 403 0176 22       		.byte	34
 404 0177 42       		.byte	66
 405 0178 25       		.byte	37
 406 0179 10       		.byte	16
 407 017a 26       		.byte	38
 408 017b 08       		.byte	8
 409 017c 27       		.byte	39
 410 017d 28       		.byte	40
 411 017e 2E       		.byte	46
 412 017f A0       		.byte	-96
 413 0180 32       		.byte	50
 414 0181 0A       		.byte	10
 415 0182 36       		.byte	54
 416 0183 1A       		.byte	26
 417 0184 38       		.byte	56
 418 0185 04       		.byte	4
 419 0186 39       		.byte	57
 420 0187 A0       		.byte	-96
 421 0188 3A       		.byte	58
 422 0189 80       		.byte	-128
 423 018a 3B       		.byte	59
 424 018b 03       		.byte	3
 425 018c 3C       		.byte	60
 426 018d 04       		.byte	4
 427 018e 3D       		.byte	61
 428 018f 20       		.byte	32
 429 0190 3F       		.byte	63
 430 0191 01       		.byte	1
 431 0192 41       		.byte	65
 432 0193 50       		.byte	80
 433 0194 43       		.byte	67
 434 0195 10       		.byte	16
 435 0196 45       		.byte	69
 436 0197 08       		.byte	8
 437 0198 4A       		.byte	74
 438 0199 1A       		.byte	26
 439 019a 4F       		.byte	79
 440 019b 02       		.byte	2
 441 019c 51       		.byte	81
 442 019d 10       		.byte	16
 443 019e 53       		.byte	83
 444 019f 08       		.byte	8
 445 01a0 56       		.byte	86
 446 01a1 30       		.byte	48
 447 01a2 58       		.byte	88
 448 01a3 02       		.byte	2
 449 01a4 5A       		.byte	90
 450 01a5 88       		.byte	-120
 451 01a6 5B       		.byte	91
 452 01a7 10       		.byte	16
 453 01a8 92       		.byte	-110
 454 01a9 40       		.byte	64
 455 01aa 96       		.byte	-106
 456 01ab 10       		.byte	16
ARM GAS  C:\Users\marti\AppData\Local\Temp\ccMPsj32.s 			page 9


 457 01ac 97       		.byte	-105
 458 01ad 04       		.byte	4
 459 01ae 98       		.byte	-104
 460 01af 60       		.byte	96
 461 01b0 99       		.byte	-103
 462 01b1 06       		.byte	6
 463 01b2 9A       		.byte	-102
 464 01b3 04       		.byte	4
 465 01b4 9B       		.byte	-101
 466 01b5 80       		.byte	-128
 467 01b6 9D       		.byte	-99
 468 01b7 10       		.byte	16
 469 01b8 A0       		.byte	-96
 470 01b9 2D       		.byte	45
 471 01ba A7       		.byte	-89
 472 01bb 02       		.byte	2
 473 01bc B2       		.byte	-78
 474 01bd 04       		.byte	4
 475 01be B3       		.byte	-77
 476 01bf 40       		.byte	64
 477 01c0 C0       		.byte	-64
 478 01c1 AF       		.byte	-81
 479 01c2 C2       		.byte	-62
 480 01c3 8B       		.byte	-117
 481 01c4 C4       		.byte	-60
 482 01c5 77       		.byte	119
 483 01c6 CA       		.byte	-54
 484 01c7 30       		.byte	48
 485 01c8 CC       		.byte	-52
 486 01c9 E3       		.byte	-29
 487 01ca CE       		.byte	-50
 488 01cb EF       		.byte	-17
 489 01cc D0       		.byte	-48
 490 01cd 48       		.byte	72
 491 01ce D2       		.byte	-46
 492 01cf 0C       		.byte	12
 493 01d0 D6       		.byte	-42
 494 01d1 0F       		.byte	15
 495 01d2 88       		.byte	-120
 496 01d3 0A       		.byte	10
 497 01d4 8A       		.byte	-118
 498 01d5 05       		.byte	5
 499 01d6 90       		.byte	-112
 500 01d7 07       		.byte	7
 501 01d8 94       		.byte	-108
 502 01d9 09       		.byte	9
 503 01da 96       		.byte	-106
 504 01db 02       		.byte	2
 505 01dc A0       		.byte	-96
 506 01dd 02       		.byte	2
 507 01de A2       		.byte	-94
 508 01df 0C       		.byte	12
 509 01e0 B0       		.byte	-80
 510 01e1 0F       		.byte	15
 511 01e2 B4       		.byte	-76
 512 01e3 0F       		.byte	15
 513 01e4 B8       		.byte	-72
ARM GAS  C:\Users\marti\AppData\Local\Temp\ccMPsj32.s 			page 10


 514 01e5 22       		.byte	34
 515 01e6 D4       		.byte	-44
 516 01e7 40       		.byte	64
 517 01e8 D8       		.byte	-40
 518 01e9 04       		.byte	4
 519 01ea DB       		.byte	-37
 520 01eb 04       		.byte	4
 521 01ec DF       		.byte	-33
 522 01ed 01       		.byte	1
 523 01ee 00       		.byte	0
 524 01ef 1A       		.byte	26
 525 01f0 03       		.byte	3
 526 01f1 02       		.byte	2
 527 01f2 05       		.byte	5
 528 01f3 10       		.byte	16
 529 01f4 08       		.byte	8
 530 01f5 60       		.byte	96
 531 01f6 09       		.byte	9
 532 01f7 80       		.byte	-128
 533 01f8 0A       		.byte	10
 534 01f9 40       		.byte	64
 535 01fa 0E       		.byte	14
 536 01fb 90       		.byte	-112
 537 01fc 10       		.byte	16
 538 01fd 29       		.byte	41
 539 01fe 12       		.byte	18
 540 01ff 40       		.byte	64
 541 0200 13       		.byte	19
 542 0201 80       		.byte	-128
 543 0202 16       		.byte	22
 544 0203 80       		.byte	-128
 545 0204 18       		.byte	24
 546 0205 14       		.byte	20
 547 0206 19       		.byte	25
 548 0207 02       		.byte	2
 549 0208 1E       		.byte	30
 550 0209 84       		.byte	-124
 551 020a 20       		.byte	32
 552 020b 02       		.byte	2
 553 020c 21       		.byte	33
 554 020d 20       		.byte	32
 555 020e 23       		.byte	35
 556 020f 11       		.byte	17
 557 0210 28       		.byte	40
 558 0211 01       		.byte	1
 559 0212 29       		.byte	41
 560 0213 11       		.byte	17
 561 0214 31       		.byte	49
 562 0215 A8       		.byte	-88
 563 0216 33       		.byte	51
 564 0217 02       		.byte	2
 565 0218 39       		.byte	57
 566 0219 54       		.byte	84
 567 021a 3B       		.byte	59
 568 021b 01       		.byte	1
 569 021c 40       		.byte	64
 570 021d 24       		.byte	36
ARM GAS  C:\Users\marti\AppData\Local\Temp\ccMPsj32.s 			page 11


 571 021e 41       		.byte	65
 572 021f 08       		.byte	8
 573 0220 42       		.byte	66
 574 0221 90       		.byte	-112
 575 0222 43       		.byte	67
 576 0223 02       		.byte	2
 577 0224 48       		.byte	72
 578 0225 04       		.byte	4
 579 0226 49       		.byte	73
 580 0227 15       		.byte	21
 581 0228 4B       		.byte	75
 582 0229 82       		.byte	-126
 583 022a 52       		.byte	82
 584 022b 54       		.byte	84
 585 022c 63       		.byte	99
 586 022d 04       		.byte	4
 587 022e 66       		.byte	102
 588 022f 10       		.byte	16
 589 0230 67       		.byte	103
 590 0231 12       		.byte	18
 591 0232 68       		.byte	104
 592 0233 28       		.byte	40
 593 0234 69       		.byte	105
 594 0235 54       		.byte	84
 595 0236 6A       		.byte	106
 596 0237 40       		.byte	64
 597 0238 6B       		.byte	107
 598 0239 80       		.byte	-128
 599 023a 71       		.byte	113
 600 023b 80       		.byte	-128
 601 023c 8C       		.byte	-116
 602 023d 10       		.byte	16
 603 023e C0       		.byte	-64
 604 023f 4F       		.byte	79
 605 0240 C2       		.byte	-62
 606 0241 3B       		.byte	59
 607 0242 C4       		.byte	-60
 608 0243 1F       		.byte	31
 609 0244 CA       		.byte	-54
 610 0245 0D       		.byte	13
 611 0246 CC       		.byte	-52
 612 0247 0F       		.byte	15
 613 0248 CE       		.byte	-50
 614 0249 0F       		.byte	15
 615 024a D0       		.byte	-48
 616 024b 07       		.byte	7
 617 024c D2       		.byte	-46
 618 024d 0C       		.byte	12
 619 024e D8       		.byte	-40
 620 024f 74       		.byte	116
 621 0250 E6       		.byte	-26
 622 0251 08       		.byte	8
 623 0252 08       		.byte	8
 624 0253 01       		.byte	1
 625 0254 09       		.byte	9
 626 0255 01       		.byte	1
 627 0256 10       		.byte	16
ARM GAS  C:\Users\marti\AppData\Local\Temp\ccMPsj32.s 			page 12


 628 0257 01       		.byte	1
 629 0258 13       		.byte	19
 630 0259 01       		.byte	1
 631 025a 14       		.byte	20
 632 025b 01       		.byte	1
 633 025c 19       		.byte	25
 634 025d 01       		.byte	1
 635 025e 1A       		.byte	26
 636 025f 04       		.byte	4
 637 0260 24       		.byte	36
 638 0261 02       		.byte	2
 639 0262 27       		.byte	39
 640 0263 01       		.byte	1
 641 0264 2A       		.byte	42
 642 0265 04       		.byte	4
 643 0266 30       		.byte	48
 644 0267 02       		.byte	2
 645 0268 32       		.byte	50
 646 0269 04       		.byte	4
 647 026a 33       		.byte	51
 648 026b 01       		.byte	1
 649 026c 36       		.byte	54
 650 026d 01       		.byte	1
 651 026e 39       		.byte	57
 652 026f 08       		.byte	8
 653 0270 3E       		.byte	62
 654 0271 45       		.byte	69
 655 0272 40       		.byte	64
 656 0273 25       		.byte	37
 657 0274 41       		.byte	65
 658 0275 03       		.byte	3
 659 0276 42       		.byte	66
 660 0277 04       		.byte	4
 661 0278 44       		.byte	68
 662 0279 06       		.byte	6
 663 027a 45       		.byte	69
 664 027b CE       		.byte	-50
 665 027c 48       		.byte	72
 666 027d 03       		.byte	3
 667 027e 49       		.byte	73
 668 027f FF       		.byte	-1
 669 0280 4A       		.byte	74
 670 0281 FF       		.byte	-1
 671 0282 4B       		.byte	75
 672 0283 FF       		.byte	-1
 673 0284 4C       		.byte	76
 674 0285 62       		.byte	98
 675 0286 4D       		.byte	77
 676 0287 A0       		.byte	-96
 677 0288 4E       		.byte	78
 678 0289 F0       		.byte	-16
 679 028a 4F       		.byte	79
 680 028b 41       		.byte	65
 681 028c 50       		.byte	80
 682 028d 0C       		.byte	12
 683 028e 54       		.byte	84
 684 028f 18       		.byte	24
ARM GAS  C:\Users\marti\AppData\Local\Temp\ccMPsj32.s 			page 13


 685 0290 56       		.byte	86
 686 0291 04       		.byte	4
 687 0292 58       		.byte	88
 688 0293 04       		.byte	4
 689 0294 59       		.byte	89
 690 0295 04       		.byte	4
 691 0296 5A       		.byte	90
 692 0297 04       		.byte	4
 693 0298 5B       		.byte	91
 694 0299 04       		.byte	4
 695 029a 5C       		.byte	92
 696 029b 10       		.byte	16
 697 029c 5D       		.byte	93
 698 029d 11       		.byte	17
 699 029e 5F       		.byte	95
 700 029f 01       		.byte	1
 701 02a0 66       		.byte	102
 702 02a1 40       		.byte	64
 703 02a2 67       		.byte	103
 704 02a3 02       		.byte	2
 705 02a4 69       		.byte	105
 706 02a5 10       		.byte	16
 707 02a6 6A       		.byte	106
 708 02a7 30       		.byte	48
 709 02a8 6B       		.byte	107
 710 02a9 10       		.byte	16
 711 02aa 6D       		.byte	109
 712 02ab 10       		.byte	16
 713 02ac 6E       		.byte	110
 714 02ad 10       		.byte	16
 715 02ae 6F       		.byte	111
 716 02af 12       		.byte	18
 717 02b0 80       		.byte	-128
 718 02b1 22       		.byte	34
 719 02b2 82       		.byte	-126
 720 02b3 51       		.byte	81
 721 02b4 84       		.byte	-124
 722 02b5 01       		.byte	1
 723 02b6 85       		.byte	-123
 724 02b7 02       		.byte	2
 725 02b8 86       		.byte	-122
 726 02b9 0E       		.byte	14
 727 02ba 87       		.byte	-121
 728 02bb 0D       		.byte	13
 729 02bc 89       		.byte	-119
 730 02bd 23       		.byte	35
 731 02be 8B       		.byte	-117
 732 02bf 4C       		.byte	76
 733 02c0 8F       		.byte	-113
 734 02c1 10       		.byte	16
 735 02c2 90       		.byte	-112
 736 02c3 44       		.byte	68
 737 02c4 92       		.byte	-110
 738 02c5 31       		.byte	49
 739 02c6 94       		.byte	-108
 740 02c7 E7       		.byte	-25
 741 02c8 98       		.byte	-104
ARM GAS  C:\Users\marti\AppData\Local\Temp\ccMPsj32.s 			page 14


 742 02c9 E7       		.byte	-25
 743 02ca 99       		.byte	-103
 744 02cb 45       		.byte	69
 745 02cc 9B       		.byte	-101
 746 02cd 3A       		.byte	58
 747 02ce A9       		.byte	-87
 748 02cf 80       		.byte	-128
 749 02d0 AC       		.byte	-84
 750 02d1 80       		.byte	-128
 751 02d2 AD       		.byte	-83
 752 02d3 09       		.byte	9
 753 02d4 AF       		.byte	-81
 754 02d5 76       		.byte	118
 755 02d6 B0       		.byte	-80
 756 02d7 60       		.byte	96
 757 02d8 B1       		.byte	-79
 758 02d9 30       		.byte	48
 759 02da B2       		.byte	-78
 760 02db 07       		.byte	7
 761 02dc B3       		.byte	-77
 762 02dd 80       		.byte	-128
 763 02de B4       		.byte	-76
 764 02df 18       		.byte	24
 765 02e0 B5       		.byte	-75
 766 02e1 0F       		.byte	15
 767 02e2 B6       		.byte	-74
 768 02e3 80       		.byte	-128
 769 02e4 B7       		.byte	-73
 770 02e5 40       		.byte	64
 771 02e6 BB       		.byte	-69
 772 02e7 20       		.byte	32
 773 02e8 BE       		.byte	-66
 774 02e9 10       		.byte	16
 775 02ea BF       		.byte	-65
 776 02eb 44       		.byte	68
 777 02ec D4       		.byte	-44
 778 02ed 09       		.byte	9
 779 02ee D8       		.byte	-40
 780 02ef 04       		.byte	4
 781 02f0 D9       		.byte	-39
 782 02f1 04       		.byte	4
 783 02f2 DB       		.byte	-37
 784 02f3 04       		.byte	4
 785 02f4 DC       		.byte	-36
 786 02f5 01       		.byte	1
 787 02f6 DF       		.byte	-33
 788 02f7 01       		.byte	1
 789 02f8 00       		.byte	0
 790 02f9 02       		.byte	2
 791 02fa 01       		.byte	1
 792 02fb 08       		.byte	8
 793 02fc 05       		.byte	5
 794 02fd 10       		.byte	16
 795 02fe 0A       		.byte	10
 796 02ff 64       		.byte	100
 797 0300 0C       		.byte	12
 798 0301 01       		.byte	1
ARM GAS  C:\Users\marti\AppData\Local\Temp\ccMPsj32.s 			page 15


 799 0302 0E       		.byte	14
 800 0303 10       		.byte	16
 801 0304 0F       		.byte	15
 802 0305 08       		.byte	8
 803 0306 10       		.byte	16
 804 0307 02       		.byte	2
 805 0308 17       		.byte	23
 806 0309 28       		.byte	40
 807 030a 18       		.byte	24
 808 030b 02       		.byte	2
 809 030c 19       		.byte	25
 810 030d 08       		.byte	8
 811 030e 1A       		.byte	26
 812 030f 40       		.byte	64
 813 0310 1B       		.byte	27
 814 0311 11       		.byte	17
 815 0312 1C       		.byte	28
 816 0313 80       		.byte	-128
 817 0314 1D       		.byte	29
 818 0315 40       		.byte	64
 819 0316 1F       		.byte	31
 820 0317 04       		.byte	4
 821 0318 20       		.byte	32
 822 0319 40       		.byte	64
 823 031a 22       		.byte	34
 824 031b 44       		.byte	68
 825 031c 23       		.byte	35
 826 031d 04       		.byte	4
 827 031e 27       		.byte	39
 828 031f 20       		.byte	32
 829 0320 28       		.byte	40
 830 0321 01       		.byte	1
 831 0322 2B       		.byte	43
 832 0323 0A       		.byte	10
 833 0324 2C       		.byte	44
 834 0325 10       		.byte	16
 835 0326 31       		.byte	49
 836 0327 10       		.byte	16
 837 0328 36       		.byte	54
 838 0329 02       		.byte	2
 839 032a 37       		.byte	55
 840 032b 10       		.byte	16
 841 032c 38       		.byte	56
 842 032d 60       		.byte	96
 843 032e 3B       		.byte	59
 844 032f 04       		.byte	4
 845 0330 3E       		.byte	62
 846 0331 20       		.byte	32
 847 0332 44       		.byte	68
 848 0333 80       		.byte	-128
 849 0334 45       		.byte	69
 850 0335 08       		.byte	8
 851 0336 46       		.byte	70
 852 0337 20       		.byte	32
 853 0338 47       		.byte	71
 854 0339 10       		.byte	16
 855 033a 4C       		.byte	76
ARM GAS  C:\Users\marti\AppData\Local\Temp\ccMPsj32.s 			page 16


 856 033b 01       		.byte	1
 857 033c 4F       		.byte	79
 858 033d 29       		.byte	41
 859 033e 59       		.byte	89
 860 033f 26       		.byte	38
 861 0340 5A       		.byte	90
 862 0341 80       		.byte	-128
 863 0342 5F       		.byte	95
 864 0343 02       		.byte	2
 865 0344 61       		.byte	97
 866 0345 40       		.byte	64
 867 0346 66       		.byte	102
 868 0347 82       		.byte	-126
 869 0348 67       		.byte	103
 870 0349 08       		.byte	8
 871 034a 86       		.byte	-122
 872 034b 02       		.byte	2
 873 034c 8C       		.byte	-116
 874 034d 40       		.byte	64
 875 034e 90       		.byte	-112
 876 034f 20       		.byte	32
 877 0350 92       		.byte	-110
 878 0351 10       		.byte	16
 879 0352 96       		.byte	-106
 880 0353 08       		.byte	8
 881 0354 97       		.byte	-105
 882 0355 04       		.byte	4
 883 0356 99       		.byte	-103
 884 0357 36       		.byte	54
 885 0358 9B       		.byte	-101
 886 0359 08       		.byte	8
 887 035a A3       		.byte	-93
 888 035b 0A       		.byte	10
 889 035c B0       		.byte	-80
 890 035d 02       		.byte	2
 891 035e B3       		.byte	-77
 892 035f 08       		.byte	8
 893 0360 C0       		.byte	-64
 894 0361 4C       		.byte	76
 895 0362 C2       		.byte	-62
 896 0363 7E       		.byte	126
 897 0364 C4       		.byte	-60
 898 0365 61       		.byte	97
 899 0366 CA       		.byte	-54
 900 0367 4C       		.byte	76
 901 0368 CC       		.byte	-52
 902 0369 A4       		.byte	-92
 903 036a CE       		.byte	-50
 904 036b 2E       		.byte	46
 905 036c D0       		.byte	-48
 906 036d E0       		.byte	-32
 907 036e D2       		.byte	-46
 908 036f 30       		.byte	48
 909 0370 D6       		.byte	-42
 910 0371 8F       		.byte	-113
 911 0372 D8       		.byte	-40
 912 0373 B8       		.byte	-72
ARM GAS  C:\Users\marti\AppData\Local\Temp\ccMPsj32.s 			page 17


 913 0374 00       		.byte	0
 914 0375 01       		.byte	1
 915 0376 02       		.byte	2
 916 0377 20       		.byte	32
 917 0378 03       		.byte	3
 918 0379 79       		.byte	121
 919 037a 04       		.byte	4
 920 037b 13       		.byte	19
 921 037c 05       		.byte	5
 922 037d 06       		.byte	6
 923 037e 06       		.byte	6
 924 037f 0C       		.byte	12
 925 0380 09       		.byte	9
 926 0381 02       		.byte	2
 927 0382 0C       		.byte	12
 928 0383 03       		.byte	3
 929 0384 0D       		.byte	13
 930 0385 86       		.byte	-122
 931 0386 0F       		.byte	15
 932 0387 39       		.byte	57
 933 0388 10       		.byte	16
 934 0389 02       		.byte	2
 935 038a 11       		.byte	17
 936 038b 18       		.byte	24
 937 038c 14       		.byte	20
 938 038d 1F       		.byte	31
 939 038e 15       		.byte	21
 940 038f FF       		.byte	-1
 941 0390 18       		.byte	24
 942 0391 1C       		.byte	28
 943 0392 19       		.byte	25
 944 0393 F9       		.byte	-7
 945 0394 1A       		.byte	26
 946 0395 03       		.byte	3
 947 0396 1B       		.byte	27
 948 0397 06       		.byte	6
 949 0398 1D       		.byte	29
 950 0399 88       		.byte	-120
 951 039a 1E       		.byte	30
 952 039b 03       		.byte	3
 953 039c 20       		.byte	32
 954 039d 08       		.byte	8
 955 039e 21       		.byte	33
 956 039f 04       		.byte	4
 957 03a0 24       		.byte	36
 958 03a1 04       		.byte	4
 959 03a2 27       		.byte	39
 960 03a3 80       		.byte	-128
 961 03a4 28       		.byte	40
 962 03a5 0C       		.byte	12
 963 03a6 29       		.byte	41
 964 03a7 86       		.byte	-122
 965 03a8 2B       		.byte	43
 966 03a9 59       		.byte	89
 967 03aa 2C       		.byte	44
 968 03ab 1F       		.byte	31
 969 03ac 2D       		.byte	45
ARM GAS  C:\Users\marti\AppData\Local\Temp\ccMPsj32.s 			page 18


 970 03ad 10       		.byte	16
 971 03ae 30       		.byte	48
 972 03af 10       		.byte	16
 973 03b0 31       		.byte	49
 974 03b1 07       		.byte	7
 975 03b2 32       		.byte	50
 976 03b3 20       		.byte	32
 977 03b4 33       		.byte	51
 978 03b5 E6       		.byte	-26
 979 03b6 34       		.byte	52
 980 03b7 0F       		.byte	15
 981 03b8 37       		.byte	55
 982 03b9 18       		.byte	24
 983 03ba 3A       		.byte	58
 984 03bb 20       		.byte	32
 985 03bc 3B       		.byte	59
 986 03bd 0A       		.byte	10
 987 03be 3E       		.byte	62
 988 03bf 01       		.byte	1
 989 03c0 56       		.byte	86
 990 03c1 02       		.byte	2
 991 03c2 57       		.byte	87
 992 03c3 13       		.byte	19
 993 03c4 58       		.byte	88
 994 03c5 04       		.byte	4
 995 03c6 59       		.byte	89
 996 03c7 04       		.byte	4
 997 03c8 5B       		.byte	91
 998 03c9 04       		.byte	4
 999 03ca 5C       		.byte	92
 1000 03cb 11       		.byte	17
 1001 03cc 5D       		.byte	93
 1002 03cd 10       		.byte	16
 1003 03ce 5F       		.byte	95
 1004 03cf 01       		.byte	1
 1005 03d0 82       		.byte	-126
 1006 03d1 01       		.byte	1
 1007 03d2 83       		.byte	-125
 1008 03d3 01       		.byte	1
 1009 03d4 84       		.byte	-124
 1010 03d5 07       		.byte	7
 1011 03d6 90       		.byte	-112
 1012 03d7 06       		.byte	6
 1013 03d8 92       		.byte	-110
 1014 03d9 01       		.byte	1
 1015 03da 94       		.byte	-108
 1016 03db 06       		.byte	6
 1017 03dc 98       		.byte	-104
 1018 03dd 02       		.byte	2
 1019 03de A4       		.byte	-92
 1020 03df 07       		.byte	7
 1021 03e0 A7       		.byte	-89
 1022 03e1 01       		.byte	1
 1023 03e2 A8       		.byte	-88
 1024 03e3 01       		.byte	1
 1025 03e4 AA       		.byte	-86
 1026 03e5 06       		.byte	6
ARM GAS  C:\Users\marti\AppData\Local\Temp\ccMPsj32.s 			page 19


 1027 03e6 AC       		.byte	-84
 1028 03e7 04       		.byte	4
 1029 03e8 B4       		.byte	-76
 1030 03e9 07       		.byte	7
 1031 03ea B7       		.byte	-73
 1032 03eb 01       		.byte	1
 1033 03ec BA       		.byte	-70
 1034 03ed 08       		.byte	8
 1035 03ee BF       		.byte	-65
 1036 03ef 40       		.byte	64
 1037 03f0 D8       		.byte	-40
 1038 03f1 04       		.byte	4
 1039 03f2 D9       		.byte	-39
 1040 03f3 04       		.byte	4
 1041 03f4 DC       		.byte	-36
 1042 03f5 01       		.byte	1
 1043 03f6 DF       		.byte	-33
 1044 03f7 01       		.byte	1
 1045 03f8 00       		.byte	0
 1046 03f9 06       		.byte	6
 1047 03fa 01       		.byte	1
 1048 03fb 40       		.byte	64
 1049 03fc 03       		.byte	3
 1050 03fd 12       		.byte	18
 1051 03fe 04       		.byte	4
 1052 03ff 02       		.byte	2
 1053 0400 05       		.byte	5
 1054 0401 04       		.byte	4
 1055 0402 09       		.byte	9
 1056 0403 08       		.byte	8
 1057 0404 0A       		.byte	10
 1058 0405 48       		.byte	72
 1059 0406 0B       		.byte	11
 1060 0407 02       		.byte	2
 1061 0408 0C       		.byte	12
 1062 0409 08       		.byte	8
 1063 040a 0F       		.byte	15
 1064 040b 44       		.byte	68
 1065 040c 10       		.byte	16
 1066 040d 88       		.byte	-120
 1067 040e 12       		.byte	18
 1068 040f 02       		.byte	2
 1069 0410 13       		.byte	19
 1070 0411 04       		.byte	4
 1071 0412 14       		.byte	20
 1072 0413 10       		.byte	16
 1073 0414 15       		.byte	21
 1074 0415 08       		.byte	8
 1075 0416 16       		.byte	22
 1076 0417 22       		.byte	34
 1077 0418 17       		.byte	23
 1078 0419 10       		.byte	16
 1079 041a 18       		.byte	24
 1080 041b 04       		.byte	4
 1081 041c 19       		.byte	25
 1082 041d 09       		.byte	9
 1083 041e 1D       		.byte	29
ARM GAS  C:\Users\marti\AppData\Local\Temp\ccMPsj32.s 			page 20


 1084 041f 0C       		.byte	12
 1085 0420 1F       		.byte	31
 1086 0421 10       		.byte	16
 1087 0422 21       		.byte	33
 1088 0423 04       		.byte	4
 1089 0424 22       		.byte	34
 1090 0425 06       		.byte	6
 1091 0426 23       		.byte	35
 1092 0427 42       		.byte	66
 1093 0428 27       		.byte	39
 1094 0429 01       		.byte	1
 1095 042a 29       		.byte	41
 1096 042b 08       		.byte	8
 1097 042c 2A       		.byte	42
 1098 042d 22       		.byte	34
 1099 042e 2B       		.byte	43
 1100 042f 01       		.byte	1
 1101 0430 2F       		.byte	47
 1102 0431 10       		.byte	16
 1103 0432 31       		.byte	49
 1104 0433 48       		.byte	72
 1105 0434 33       		.byte	51
 1106 0435 12       		.byte	18
 1107 0436 38       		.byte	56
 1108 0437 2A       		.byte	42
 1109 0438 3B       		.byte	59
 1110 0439 42       		.byte	66
 1111 043a 3F       		.byte	63
 1112 043b 01       		.byte	1
 1113 043c 46       		.byte	70
 1114 043d 80       		.byte	-128
 1115 043e 47       		.byte	71
 1116 043f 01       		.byte	1
 1117 0440 59       		.byte	89
 1118 0441 01       		.byte	1
 1119 0442 68       		.byte	104
 1120 0443 02       		.byte	2
 1121 0444 6A       		.byte	106
 1122 0445 24       		.byte	36
 1123 0446 70       		.byte	112
 1124 0447 9C       		.byte	-100
 1125 0448 72       		.byte	114
 1126 0449 02       		.byte	2
 1127 044a 73       		.byte	115
 1128 044b 04       		.byte	4
 1129 044c 88       		.byte	-120
 1130 044d 81       		.byte	-127
 1131 044e 89       		.byte	-119
 1132 044f 40       		.byte	64
 1133 0450 8B       		.byte	-117
 1134 0451 10       		.byte	16
 1135 0452 90       		.byte	-112
 1136 0453 02       		.byte	2
 1137 0454 91       		.byte	-111
 1138 0455 40       		.byte	64
 1139 0456 92       		.byte	-110
 1140 0457 40       		.byte	64
ARM GAS  C:\Users\marti\AppData\Local\Temp\ccMPsj32.s 			page 21


 1141 0458 93       		.byte	-109
 1142 0459 01       		.byte	1
 1143 045a 96       		.byte	-106
 1144 045b 24       		.byte	36
 1145 045c 9C       		.byte	-100
 1146 045d 90       		.byte	-112
 1147 045e 9E       		.byte	-98
 1148 045f 80       		.byte	-128
 1149 0460 9F       		.byte	-97
 1150 0461 12       		.byte	18
 1151 0462 A3       		.byte	-93
 1152 0463 01       		.byte	1
 1153 0464 A4       		.byte	-92
 1154 0465 03       		.byte	3
 1155 0466 A5       		.byte	-91
 1156 0467 08       		.byte	8
 1157 0468 A6       		.byte	-90
 1158 0469 02       		.byte	2
 1159 046a B0       		.byte	-80
 1160 046b 40       		.byte	64
 1161 046c B5       		.byte	-75
 1162 046d 48       		.byte	72
 1163 046e C0       		.byte	-64
 1164 046f 3D       		.byte	61
 1165 0470 C2       		.byte	-62
 1166 0471 7F       		.byte	127
 1167 0472 C4       		.byte	-60
 1168 0473 EF       		.byte	-17
 1169 0474 CA       		.byte	-54
 1170 0475 4F       		.byte	79
 1171 0476 CC       		.byte	-52
 1172 0477 0F       		.byte	15
 1173 0478 CE       		.byte	-50
 1174 0479 8F       		.byte	-113
 1175 047a D6       		.byte	-42
 1176 047b 01       		.byte	1
 1177 047c 33       		.byte	51
 1178 047d 80       		.byte	-128
 1179 047e CC       		.byte	-52
 1180 047f 10       		.byte	16
 1181 0480 A7       		.byte	-89
 1182 0481 80       		.byte	-128
 1183 0482 A7       		.byte	-89
 1184 0483 80       		.byte	-128
 1185 0484 A7       		.byte	-89
 1186 0485 80       		.byte	-128
 1187 0486 09       		.byte	9
 1188 0487 20       		.byte	32
 1189 0488 50       		.byte	80
 1190 0489 20       		.byte	32
 1191 048a 5B       		.byte	91
 1192 048b 02       		.byte	2
 1193 048c 65       		.byte	101
 1194 048d 08       		.byte	8
 1195 048e C2       		.byte	-62
 1196 048f 02       		.byte	2
 1197 0490 D4       		.byte	-44
ARM GAS  C:\Users\marti\AppData\Local\Temp\ccMPsj32.s 			page 22


 1198 0491 04       		.byte	4
 1199 0492 D6       		.byte	-42
 1200 0493 02       		.byte	2
 1201 0494 D8       		.byte	-40
 1202 0495 01       		.byte	1
 1203 0496 8F       		.byte	-113
 1204 0497 02       		.byte	2
 1205 0498 9D       		.byte	-99
 1206 0499 08       		.byte	8
 1207 049a 9F       		.byte	-97
 1208 049b 02       		.byte	2
 1209 049c A1       		.byte	-95
 1210 049d 20       		.byte	32
 1211 049e A4       		.byte	-92
 1212 049f 20       		.byte	32
 1213 04a0 E0       		.byte	-32
 1214 04a1 08       		.byte	8
 1215 04a2 9D       		.byte	-99
 1216 04a3 08       		.byte	8
 1217 04a4 B0       		.byte	-80
 1218 04a5 20       		.byte	32
 1219 04a6 B1       		.byte	-79
 1220 04a7 20       		.byte	32
 1221 04a8 EC       		.byte	-20
 1222 04a9 04       		.byte	4
 1223 04aa EE       		.byte	-18
 1224 04ab 01       		.byte	1
 1225 04ac 87       		.byte	-121
 1226 04ad 80       		.byte	-128
 1227 04ae A7       		.byte	-89
 1228 04af 80       		.byte	-128
 1229 04b0 E6       		.byte	-26
 1230 04b1 10       		.byte	16
 1231 04b2 8D       		.byte	-115
 1232 04b3 08       		.byte	8
 1233 04b4 9D       		.byte	-99
 1234 04b5 08       		.byte	8
 1235 04b6 E0       		.byte	-32
 1236 04b7 02       		.byte	2
 1237 04b8 10       		.byte	16
 1238 04b9 40       		.byte	64
 1239 04ba 71       		.byte	113
 1240 04bb 08       		.byte	8
 1241 04bc 88       		.byte	-120
 1242 04bd 40       		.byte	64
 1243 04be A1       		.byte	-95
 1244 04bf 08       		.byte	8
 1245 04c0 B1       		.byte	-79
 1246 04c1 08       		.byte	8
 1247 04c2 C4       		.byte	-60
 1248 04c3 08       		.byte	8
 1249 04c4 DC       		.byte	-36
 1250 04c5 01       		.byte	1
 1251 04c6 E2       		.byte	-30
 1252 04c7 01       		.byte	1
 1253 04c8 EC       		.byte	-20
 1254 04c9 04       		.byte	4
ARM GAS  C:\Users\marti\AppData\Local\Temp\ccMPsj32.s 			page 23


 1255 04ca 00       		.byte	0
 1256 04cb 03       		.byte	3
 1257 04cc 0C       		.byte	12
 1258 04cd 03       		.byte	3
 1259 04ce 10       		.byte	16
 1260 04cf 03       		.byte	3
 1261 04d0 1C       		.byte	28
 1262 04d1 03       		.byte	3
 1263 04d2 00       		.byte	0
 1264 04d3 03       		.byte	3
 1265 04d4 04       		.byte	4
 1266 04d5 10       		.byte	16
 1267 04d6 00       		.byte	0
 1268 04d7 60       		.byte	96
 1269 04d8 0A       		.byte	10
 1270 04d9 CD       		.byte	-51
 1271 04da 10       		.byte	16
 1272 04db 00       		.byte	0
 1273 04dc 01       		.byte	1
 1274 04dd 8D       		.byte	-115
 1275 04de 00       		.byte	0
 1276 04df 40       		.byte	64
 1277 04e0 56       		.byte	86
 1278 04e1 4D       		.byte	77
 1279 04e2 09       		.byte	9
 1280 04e3 80       		.byte	-128
 1281 04e4 04       		.byte	4
 1282 04e5 72       		.byte	114
 1283 04e6 80       		.byte	-128
 1284 04e7 08       		.byte	8
 1285 04e8 00       		.byte	0
 1286 04e9 01       		.byte	1
 1287 04ea 00       		.byte	0
 1288 04eb 32       		.byte	50
 1289 04ec 07       		.byte	7
 1290 04ed 02       		.byte	2
 1291 04ee 38       		.byte	56
 1292 04ef 0D       		.byte	13
 1293 04f0 84       		.byte	-124
 1294 04f1 CD       		.byte	-51
 1295 04f2 00       		.byte	0
 1296 04f3 00       		.byte	0
 1297 04f4 60       		.byte	96
 1298 04f5 00       		.byte	0
 1299 04f6 00       		.byte	0
 1300 04f7 80       		.byte	-128
 1301 04f8 84       		.byte	-124
 1302 04f9 00       		.byte	0
 1303 04fa 00       		.byte	0
 1304 04fb 00       		.byte	0
 1305 04fc 80       		.byte	-128
 1306 04fd 12       		.byte	18
 1307 04fe 04       		.byte	4
 1308 04ff 64       		.byte	100
 1309 0500 84       		.byte	-124
 1310 0501 CD       		.byte	-51
 1311 0502 00       		.byte	0
ARM GAS  C:\Users\marti\AppData\Local\Temp\ccMPsj32.s 			page 24


 1312 0503 00       		.byte	0
 1313 0504 80       		.byte	-128
 1314 0505 00       		.byte	0
 1315 0506 7F       		.byte	127
 1316 0507 80       		.byte	-128
 1317 0508 80       		.byte	-128
 1318 0509 0F       		.byte	15
 1319 050a 00       		.byte	0
 1320 050b 70       		.byte	112
 1321 050c 08       		.byte	8
 1322 050d 00       		.byte	0
 1323 050e 00       		.byte	0
 1324 050f A0       		.byte	-96
 1325 0510 00       		.byte	0
 1326 0511 00       		.byte	0
 1327 0512 11       		.byte	17
 1328 0513 04       		.byte	4
 1329 0514 64       		.byte	100
 1330 0515 03       		.byte	3
 1331 0516 20       		.byte	32
 1332 0517 00       		.byte	0
 1333 0518 05       		.byte	5
 1334 0519 DE       		.byte	-34
 1335 051a FB       		.byte	-5
 1336 051b 0C       		.byte	12
 1337 051c 1F       		.byte	31
 1338 051d FF       		.byte	-1
 1339 051e FF       		.byte	-1
 1340 051f FF       		.byte	-1
 1341 0520 22       		.byte	34
 1342 0521 00       		.byte	0
 1343 0522 F0       		.byte	-16
 1344 0523 08       		.byte	8
 1345 0524 04       		.byte	4
 1346 0525 00       		.byte	0
 1347 0526 00       		.byte	0
 1348 0527 00       		.byte	0
 1349 0528 00       		.byte	0
 1350 0529 00       		.byte	0
 1351 052a 02       		.byte	2
 1352 052b 24       		.byte	36
 1353 052c 04       		.byte	4
 1354 052d 04       		.byte	4
 1355 052e 04       		.byte	4
 1356 052f 04       		.byte	4
 1357 0530 00       		.byte	0
 1358 0531 00       		.byte	0
 1359 0532 00       		.byte	0
 1360 0533 01       		.byte	1
 1361 0534 00       		.byte	0
 1362 0535 00       		.byte	0
 1363 0536 C0       		.byte	-64
 1364 0537 00       		.byte	0
 1365 0538 40       		.byte	64
 1366 0539 01       		.byte	1
 1367 053a 10       		.byte	16
 1368 053b 11       		.byte	17
ARM GAS  C:\Users\marti\AppData\Local\Temp\ccMPsj32.s 			page 25


 1369 053c C0       		.byte	-64
 1370 053d 01       		.byte	1
 1371 053e 00       		.byte	0
 1372 053f 11       		.byte	17
 1373 0540 40       		.byte	64
 1374 0541 01       		.byte	1
 1375 0542 40       		.byte	64
 1376 0543 01       		.byte	1
 1377 0544 00       		.byte	0
 1378 0545 00       		.byte	0
 1379 0546 00       		.byte	0
 1380 0547 00       		.byte	0
 1381 0548 00       		.byte	0
 1382 0549 00       		.byte	0
 1383 054a 00       		.byte	0
 1384 054b 00       		.byte	0
 1385 054c 00       		.byte	0
 1386 054d 00       		.byte	0
 1387 054e 00       		.byte	0
 1388 054f 00       		.byte	0
 1389 0550 00       		.byte	0
 1390 0551 00       		.byte	0
 1391 0552 00       		.byte	0
 1392 0553 00       		.byte	0
 1393 0554 00       		.byte	0
 1394 0555 81       		.byte	-127
 1395 0556 81       		.byte	-127
 1396 0557 00       		.byte	0
 1397 0558 00       		.byte	0
 1398 0559 00       		.byte	0
 1399 055a 00       		.byte	0
 1400 055b 00       		.byte	0
 1401 055c 80       		.byte	-128
 1402 055d 00       		.byte	0
 1403 055e 40       		.byte	64
 1404 055f 80       		.byte	-128
 1405 0560 80       		.byte	-128
 1406 0561 00       		.byte	0
 1407 0562 80       		.byte	-128
 1408 0563 00       		.byte	0
 1409 0564 00       		.byte	0
 1410 0565 00       		.byte	0
 1411 0566 00       		.byte	0
 1412 0567 00       		.byte	0
 1413 0568 00       		.byte	0
 1414 0569 0B       		.byte	11
 1415 056a 0B       		.byte	11
 1416 056b 00       		.byte	0
 1417 056c 00       		.byte	0
 1418 056d 00       		.byte	0
 1419 056e 00       		.byte	0
 1420 056f 00       		.byte	0
 1421 0570 40       		.byte	64
 1422 0571 39       		.byte	57
 1423 0572 39       		.byte	57
 1424 0573 00       		.byte	0
 1425 0574 38       		.byte	56
ARM GAS  C:\Users\marti\AppData\Local\Temp\ccMPsj32.s 			page 26


 1426 0575 00       		.byte	0
 1427 0576 00       		.byte	0
 1428 0577 00       		.byte	0
 1429              		.section	.cywolatch,"a",%progbits
 1430              		.align	2
 1431              		.type	cy_meta_wonvl, %object
 1432              		.size	cy_meta_wonvl, 4
 1433              	cy_meta_wonvl:
 1434 0000 BC       		.byte	-68
 1435 0001 90       		.byte	-112
 1436 0002 AC       		.byte	-84
 1437 0003 AF       		.byte	-81
 1438              		.section	.cycustnvl,"a",%progbits
 1439              		.align	2
 1440              		.type	cy_meta_custnvl, %object
 1441              		.size	cy_meta_custnvl, 4
 1442              	cy_meta_custnvl:
 1443 0000 00       		.byte	0
 1444 0001 00       		.byte	0
 1445 0002 40       		.byte	64
 1446 0003 05       		.byte	5
 1447              		.section	.cymeta,"a",%progbits
 1448              		.align	2
 1449              		.type	cy_metadata, %object
 1450              		.size	cy_metadata, 12
 1451              	cy_metadata:
 1452 0000 00       		.byte	0
 1453 0001 01       		.byte	1
 1454 0002 2E       		.byte	46
 1455 0003 16       		.byte	22
 1456 0004 10       		.byte	16
 1457 0005 69       		.byte	105
 1458 0006 00       		.byte	0
 1459 0007 01       		.byte	1
 1460 0008 00       		.byte	0
 1461 0009 00       		.byte	0
 1462 000a 00       		.byte	0
 1463 000b 00       		.byte	0
 1464              		.section	.cyflashprotect,"a",%progbits
 1465              		.align	2
 1466              		.type	cy_meta_flashprotect, %object
 1467              		.size	cy_meta_flashprotect, 256
 1468              	cy_meta_flashprotect:
 1469 0000 00000000 		.space	256
 1469      00000000 
 1469      00000000 
 1469      00000000 
 1469      00000000 
 1470              		.text
 1471              	.Letext0:
 1472              		.file 1 "c:\\program files (x86)\\cypress\\psoc creator\\4.2\\psoc creator\\import\\gnu\\arm\\5.4.
 1473              		.file 2 "c:\\program files (x86)\\cypress\\psoc creator\\4.2\\psoc creator\\import\\gnu\\arm\\5.4.
 1474              		.file 3 "Generated_Source\\PSoC5\\cymetadata.c"
 1475              		.section	.debug_info,"",%progbits
 1476              	.Ldebug_info0:
 1477 0000 32010000 		.4byte	0x132
 1478 0004 0400     		.2byte	0x4
ARM GAS  C:\Users\marti\AppData\Local\Temp\ccMPsj32.s 			page 27


 1479 0006 00000000 		.4byte	.Ldebug_abbrev0
 1480 000a 04       		.byte	0x4
 1481 000b 01       		.uleb128 0x1
 1482 000c 37000000 		.4byte	.LASF17
 1483 0010 0C       		.byte	0xc
 1484 0011 A6010000 		.4byte	.LASF18
 1485 0015 D7000000 		.4byte	.LASF19
 1486 0019 00000000 		.4byte	.Ldebug_line0
 1487 001d 02       		.uleb128 0x2
 1488 001e 01       		.byte	0x1
 1489 001f 06       		.byte	0x6
 1490 0020 9A010000 		.4byte	.LASF0
 1491 0024 03       		.uleb128 0x3
 1492 0025 00000000 		.4byte	.LASF9
 1493 0029 01       		.byte	0x1
 1494 002a 1D       		.byte	0x1d
 1495 002b 2F000000 		.4byte	0x2f
 1496 002f 02       		.uleb128 0x2
 1497 0030 01       		.byte	0x1
 1498 0031 08       		.byte	0x8
 1499 0032 29000000 		.4byte	.LASF1
 1500 0036 02       		.uleb128 0x2
 1501 0037 02       		.byte	0x2
 1502 0038 05       		.byte	0x5
 1503 0039 87010000 		.4byte	.LASF2
 1504 003d 02       		.uleb128 0x2
 1505 003e 02       		.byte	0x2
 1506 003f 07       		.byte	0x7
 1507 0040 0A000000 		.4byte	.LASF3
 1508 0044 02       		.uleb128 0x2
 1509 0045 04       		.byte	0x4
 1510 0046 05       		.byte	0x5
 1511 0047 91010000 		.4byte	.LASF4
 1512 004b 02       		.uleb128 0x2
 1513 004c 04       		.byte	0x4
 1514 004d 07       		.byte	0x7
 1515 004e C5000000 		.4byte	.LASF5
 1516 0052 02       		.uleb128 0x2
 1517 0053 08       		.byte	0x8
 1518 0054 05       		.byte	0x5
 1519 0055 79010000 		.4byte	.LASF6
 1520 0059 02       		.uleb128 0x2
 1521 005a 08       		.byte	0x8
 1522 005b 07       		.byte	0x7
 1523 005c 2E010000 		.4byte	.LASF7
 1524 0060 04       		.uleb128 0x4
 1525 0061 04       		.byte	0x4
 1526 0062 05       		.byte	0x5
 1527 0063 696E7400 		.ascii	"int\000"
 1528 0067 02       		.uleb128 0x2
 1529 0068 04       		.byte	0x4
 1530 0069 07       		.byte	0x7
 1531 006a 21010000 		.4byte	.LASF8
 1532 006e 03       		.uleb128 0x3
 1533 006f 45010000 		.4byte	.LASF10
 1534 0073 02       		.byte	0x2
 1535 0074 18       		.byte	0x18
ARM GAS  C:\Users\marti\AppData\Local\Temp\ccMPsj32.s 			page 28


 1536 0075 24000000 		.4byte	0x24
 1537 0079 05       		.uleb128 0x5
 1538 007a 91000000 		.4byte	0x91
 1539 007e 8A000000 		.4byte	0x8a
 1540 0082 06       		.uleb128 0x6
 1541 0083 8A000000 		.4byte	0x8a
 1542 0087 7705     		.2byte	0x577
 1543 0089 00       		.byte	0
 1544 008a 02       		.uleb128 0x2
 1545 008b 04       		.byte	0x4
 1546 008c 07       		.byte	0x7
 1547 008d 70010000 		.4byte	.LASF11
 1548 0091 07       		.uleb128 0x7
 1549 0092 6E000000 		.4byte	0x6e
 1550 0096 08       		.uleb128 0x8
 1551 0097 0F010000 		.4byte	.LASF12
 1552 009b 03       		.byte	0x3
 1553 009c 1F       		.byte	0x1f
 1554 009d A7000000 		.4byte	0xa7
 1555 00a1 05       		.uleb128 0x5
 1556 00a2 03       		.byte	0x3
 1557 00a3 00000000 		.4byte	cy_meta_configecc
 1558 00a7 07       		.uleb128 0x7
 1559 00a8 79000000 		.4byte	0x79
 1560 00ac 05       		.uleb128 0x5
 1561 00ad 91000000 		.4byte	0x91
 1562 00b1 BC000000 		.4byte	0xbc
 1563 00b5 09       		.uleb128 0x9
 1564 00b6 8A000000 		.4byte	0x8a
 1565 00ba 03       		.byte	0x3
 1566 00bb 00       		.byte	0
 1567 00bc 08       		.uleb128 0x8
 1568 00bd FF000000 		.4byte	.LASF13
 1569 00c1 03       		.byte	0x3
 1570 00c2 DB       		.byte	0xdb
 1571 00c3 CD000000 		.4byte	0xcd
 1572 00c7 05       		.uleb128 0x5
 1573 00c8 03       		.byte	0x3
 1574 00c9 00000000 		.4byte	cy_meta_custnvl
 1575 00cd 07       		.uleb128 0x7
 1576 00ce AC000000 		.4byte	0xac
 1577 00d2 08       		.uleb128 0x8
 1578 00d3 62010000 		.4byte	.LASF14
 1579 00d7 03       		.byte	0x3
 1580 00d8 E9       		.byte	0xe9
 1581 00d9 E3000000 		.4byte	0xe3
 1582 00dd 05       		.uleb128 0x5
 1583 00de 03       		.byte	0x3
 1584 00df 00000000 		.4byte	cy_meta_wonvl
 1585 00e3 07       		.uleb128 0x7
 1586 00e4 AC000000 		.4byte	0xac
 1587 00e8 05       		.uleb128 0x5
 1588 00e9 91000000 		.4byte	0x91
 1589 00ed F8000000 		.4byte	0xf8
 1590 00f1 09       		.uleb128 0x9
 1591 00f2 8A000000 		.4byte	0x8a
 1592 00f6 FF       		.byte	0xff
ARM GAS  C:\Users\marti\AppData\Local\Temp\ccMPsj32.s 			page 29


 1593 00f7 00       		.byte	0
 1594 00f8 08       		.uleb128 0x8
 1595 00f9 4D010000 		.4byte	.LASF15
 1596 00fd 03       		.byte	0x3
 1597 00fe F7       		.byte	0xf7
 1598 00ff 09010000 		.4byte	0x109
 1599 0103 05       		.uleb128 0x5
 1600 0104 03       		.byte	0x3
 1601 0105 00000000 		.4byte	cy_meta_flashprotect
 1602 0109 07       		.uleb128 0x7
 1603 010a E8000000 		.4byte	0xe8
 1604 010e 05       		.uleb128 0x5
 1605 010f 91000000 		.4byte	0x91
 1606 0113 1E010000 		.4byte	0x11e
 1607 0117 09       		.uleb128 0x9
 1608 0118 8A000000 		.4byte	0x8a
 1609 011c 0B       		.byte	0xb
 1610 011d 00       		.byte	0
 1611 011e 0A       		.uleb128 0xa
 1612 011f 1D000000 		.4byte	.LASF16
 1613 0123 03       		.byte	0x3
 1614 0124 2401     		.2byte	0x124
 1615 0126 30010000 		.4byte	0x130
 1616 012a 05       		.uleb128 0x5
 1617 012b 03       		.byte	0x3
 1618 012c 00000000 		.4byte	cy_metadata
 1619 0130 07       		.uleb128 0x7
 1620 0131 0E010000 		.4byte	0x10e
 1621 0135 00       		.byte	0
 1622              		.section	.debug_abbrev,"",%progbits
 1623              	.Ldebug_abbrev0:
 1624 0000 01       		.uleb128 0x1
 1625 0001 11       		.uleb128 0x11
 1626 0002 01       		.byte	0x1
 1627 0003 25       		.uleb128 0x25
 1628 0004 0E       		.uleb128 0xe
 1629 0005 13       		.uleb128 0x13
 1630 0006 0B       		.uleb128 0xb
 1631 0007 03       		.uleb128 0x3
 1632 0008 0E       		.uleb128 0xe
 1633 0009 1B       		.uleb128 0x1b
 1634 000a 0E       		.uleb128 0xe
 1635 000b 10       		.uleb128 0x10
 1636 000c 17       		.uleb128 0x17
 1637 000d 00       		.byte	0
 1638 000e 00       		.byte	0
 1639 000f 02       		.uleb128 0x2
 1640 0010 24       		.uleb128 0x24
 1641 0011 00       		.byte	0
 1642 0012 0B       		.uleb128 0xb
 1643 0013 0B       		.uleb128 0xb
 1644 0014 3E       		.uleb128 0x3e
 1645 0015 0B       		.uleb128 0xb
 1646 0016 03       		.uleb128 0x3
 1647 0017 0E       		.uleb128 0xe
 1648 0018 00       		.byte	0
 1649 0019 00       		.byte	0
ARM GAS  C:\Users\marti\AppData\Local\Temp\ccMPsj32.s 			page 30


 1650 001a 03       		.uleb128 0x3
 1651 001b 16       		.uleb128 0x16
 1652 001c 00       		.byte	0
 1653 001d 03       		.uleb128 0x3
 1654 001e 0E       		.uleb128 0xe
 1655 001f 3A       		.uleb128 0x3a
 1656 0020 0B       		.uleb128 0xb
 1657 0021 3B       		.uleb128 0x3b
 1658 0022 0B       		.uleb128 0xb
 1659 0023 49       		.uleb128 0x49
 1660 0024 13       		.uleb128 0x13
 1661 0025 00       		.byte	0
 1662 0026 00       		.byte	0
 1663 0027 04       		.uleb128 0x4
 1664 0028 24       		.uleb128 0x24
 1665 0029 00       		.byte	0
 1666 002a 0B       		.uleb128 0xb
 1667 002b 0B       		.uleb128 0xb
 1668 002c 3E       		.uleb128 0x3e
 1669 002d 0B       		.uleb128 0xb
 1670 002e 03       		.uleb128 0x3
 1671 002f 08       		.uleb128 0x8
 1672 0030 00       		.byte	0
 1673 0031 00       		.byte	0
 1674 0032 05       		.uleb128 0x5
 1675 0033 01       		.uleb128 0x1
 1676 0034 01       		.byte	0x1
 1677 0035 49       		.uleb128 0x49
 1678 0036 13       		.uleb128 0x13
 1679 0037 01       		.uleb128 0x1
 1680 0038 13       		.uleb128 0x13
 1681 0039 00       		.byte	0
 1682 003a 00       		.byte	0
 1683 003b 06       		.uleb128 0x6
 1684 003c 21       		.uleb128 0x21
 1685 003d 00       		.byte	0
 1686 003e 49       		.uleb128 0x49
 1687 003f 13       		.uleb128 0x13
 1688 0040 2F       		.uleb128 0x2f
 1689 0041 05       		.uleb128 0x5
 1690 0042 00       		.byte	0
 1691 0043 00       		.byte	0
 1692 0044 07       		.uleb128 0x7
 1693 0045 26       		.uleb128 0x26
 1694 0046 00       		.byte	0
 1695 0047 49       		.uleb128 0x49
 1696 0048 13       		.uleb128 0x13
 1697 0049 00       		.byte	0
 1698 004a 00       		.byte	0
 1699 004b 08       		.uleb128 0x8
 1700 004c 34       		.uleb128 0x34
 1701 004d 00       		.byte	0
 1702 004e 03       		.uleb128 0x3
 1703 004f 0E       		.uleb128 0xe
 1704 0050 3A       		.uleb128 0x3a
 1705 0051 0B       		.uleb128 0xb
 1706 0052 3B       		.uleb128 0x3b
ARM GAS  C:\Users\marti\AppData\Local\Temp\ccMPsj32.s 			page 31


 1707 0053 0B       		.uleb128 0xb
 1708 0054 49       		.uleb128 0x49
 1709 0055 13       		.uleb128 0x13
 1710 0056 3F       		.uleb128 0x3f
 1711 0057 19       		.uleb128 0x19
 1712 0058 02       		.uleb128 0x2
 1713 0059 18       		.uleb128 0x18
 1714 005a 00       		.byte	0
 1715 005b 00       		.byte	0
 1716 005c 09       		.uleb128 0x9
 1717 005d 21       		.uleb128 0x21
 1718 005e 00       		.byte	0
 1719 005f 49       		.uleb128 0x49
 1720 0060 13       		.uleb128 0x13
 1721 0061 2F       		.uleb128 0x2f
 1722 0062 0B       		.uleb128 0xb
 1723 0063 00       		.byte	0
 1724 0064 00       		.byte	0
 1725 0065 0A       		.uleb128 0xa
 1726 0066 34       		.uleb128 0x34
 1727 0067 00       		.byte	0
 1728 0068 03       		.uleb128 0x3
 1729 0069 0E       		.uleb128 0xe
 1730 006a 3A       		.uleb128 0x3a
 1731 006b 0B       		.uleb128 0xb
 1732 006c 3B       		.uleb128 0x3b
 1733 006d 05       		.uleb128 0x5
 1734 006e 49       		.uleb128 0x49
 1735 006f 13       		.uleb128 0x13
 1736 0070 3F       		.uleb128 0x3f
 1737 0071 19       		.uleb128 0x19
 1738 0072 02       		.uleb128 0x2
 1739 0073 18       		.uleb128 0x18
 1740 0074 00       		.byte	0
 1741 0075 00       		.byte	0
 1742 0076 00       		.byte	0
 1743              		.section	.debug_aranges,"",%progbits
 1744 0000 14000000 		.4byte	0x14
 1745 0004 0200     		.2byte	0x2
 1746 0006 00000000 		.4byte	.Ldebug_info0
 1747 000a 04       		.byte	0x4
 1748 000b 00       		.byte	0
 1749 000c 0000     		.2byte	0
 1750 000e 0000     		.2byte	0
 1751 0010 00000000 		.4byte	0
 1752 0014 00000000 		.4byte	0
 1753              		.section	.debug_line,"",%progbits
 1754              	.Ldebug_line0:
 1755 0000 3D010000 		.section	.debug_str,"MS",%progbits,1
 1755      02003701 
 1755      00000201 
 1755      FB0E0D00 
 1755      01010101 
 1756              	.LASF9:
 1757 0000 5F5F7569 		.ascii	"__uint8_t\000"
 1757      6E74385F 
 1757      7400
ARM GAS  C:\Users\marti\AppData\Local\Temp\ccMPsj32.s 			page 32


 1758              	.LASF3:
 1759 000a 73686F72 		.ascii	"short unsigned int\000"
 1759      7420756E 
 1759      7369676E 
 1759      65642069 
 1759      6E7400
 1760              	.LASF16:
 1761 001d 63795F6D 		.ascii	"cy_metadata\000"
 1761      65746164 
 1761      61746100 
 1762              	.LASF1:
 1763 0029 756E7369 		.ascii	"unsigned char\000"
 1763      676E6564 
 1763      20636861 
 1763      7200
 1764              	.LASF17:
 1765 0037 474E5520 		.ascii	"GNU C11 5.4.1 20160609 (release) [ARM/embedded-5-br"
 1765      43313120 
 1765      352E342E 
 1765      31203230 
 1765      31363036 
 1766 006a 616E6368 		.ascii	"anch revision 237715] -mcpu=cortex-m3 -mthumb -g -O"
 1766      20726576 
 1766      6973696F 
 1766      6E203233 
 1766      37373135 
 1767 009d 67202D66 		.ascii	"g -ffunction-sections -ffat-lto-objects\000"
 1767      66756E63 
 1767      74696F6E 
 1767      2D736563 
 1767      74696F6E 
 1768              	.LASF5:
 1769 00c5 6C6F6E67 		.ascii	"long unsigned int\000"
 1769      20756E73 
 1769      69676E65 
 1769      6420696E 
 1769      7400
 1770              	.LASF19:
 1771 00d7 433A5C33 		.ascii	"C:\\3. semester\\GFV\\SPI\\SPI_Master.cydsn\000"
 1771      2E207365 
 1771      6D657374 
 1771      65725C47 
 1771      46565C53 
 1772              	.LASF13:
 1773 00ff 63795F6D 		.ascii	"cy_meta_custnvl\000"
 1773      6574615F 
 1773      63757374 
 1773      6E766C00 
 1774              	.LASF12:
 1775 010f 63795F6D 		.ascii	"cy_meta_configecc\000"
 1775      6574615F 
 1775      636F6E66 
 1775      69676563 
 1775      6300
 1776              	.LASF8:
 1777 0121 756E7369 		.ascii	"unsigned int\000"
 1777      676E6564 
ARM GAS  C:\Users\marti\AppData\Local\Temp\ccMPsj32.s 			page 33


 1777      20696E74 
 1777      00
 1778              	.LASF7:
 1779 012e 6C6F6E67 		.ascii	"long long unsigned int\000"
 1779      206C6F6E 
 1779      6720756E 
 1779      7369676E 
 1779      65642069 
 1780              	.LASF10:
 1781 0145 75696E74 		.ascii	"uint8_t\000"
 1781      385F7400 
 1782              	.LASF15:
 1783 014d 63795F6D 		.ascii	"cy_meta_flashprotect\000"
 1783      6574615F 
 1783      666C6173 
 1783      6870726F 
 1783      74656374 
 1784              	.LASF14:
 1785 0162 63795F6D 		.ascii	"cy_meta_wonvl\000"
 1785      6574615F 
 1785      776F6E76 
 1785      6C00
 1786              	.LASF11:
 1787 0170 73697A65 		.ascii	"sizetype\000"
 1787      74797065 
 1787      00
 1788              	.LASF6:
 1789 0179 6C6F6E67 		.ascii	"long long int\000"
 1789      206C6F6E 
 1789      6720696E 
 1789      7400
 1790              	.LASF2:
 1791 0187 73686F72 		.ascii	"short int\000"
 1791      7420696E 
 1791      7400
 1792              	.LASF4:
 1793 0191 6C6F6E67 		.ascii	"long int\000"
 1793      20696E74 
 1793      00
 1794              	.LASF0:
 1795 019a 7369676E 		.ascii	"signed char\000"
 1795      65642063 
 1795      68617200 
 1796              	.LASF18:
 1797 01a6 47656E65 		.ascii	"Generated_Source\\PSoC5\\cymetadata.c\000"
 1797      72617465 
 1797      645F536F 
 1797      75726365 
 1797      5C50536F 
 1798              		.ident	"GCC: (GNU Tools for ARM Embedded Processors) 5.4.1 20160609 (release) [ARM/embedded-5-bran
