ARM GAS  C:\Users\cendi\AppData\Local\Temp\ccInKsDC.s 			page 1


   1              		.syntax unified
   2              		.cpu cortex-m3
   3              		.fpu softvfp
   4              		.eabi_attribute 20, 1
   5              		.eabi_attribute 21, 1
   6              		.eabi_attribute 23, 3
   7              		.eabi_attribute 24, 1
   8              		.eabi_attribute 25, 1
   9              		.eabi_attribute 26, 1
  10              		.eabi_attribute 30, 1
  11              		.eabi_attribute 34, 1
  12              		.eabi_attribute 18, 4
  13              		.thumb
  14              		.syntax unified
  15              		.file	"cymetadata.c"
  16              		.text
  17              	.Ltext0:
  18              		.cfi_sections	.debug_frame
  19              		.global	cy_metadata
  20              		.global	cy_meta_flashprotect
  21              		.global	cy_meta_wonvl
  22              		.global	cy_meta_custnvl
  23              		.global	cy_meta_configecc
  24              		.section	.cyconfigecc,"a",%progbits
  25              		.align	2
  26              		.type	cy_meta_configecc, %object
  27              		.size	cy_meta_configecc, 1068
  28              	cy_meta_configecc:
  29 0000 02       		.byte	2
  30 0001 52       		.byte	82
  31 0002 00       		.byte	0
  32 0003 40       		.byte	64
  33 0004 01       		.byte	1
  34 0005 64       		.byte	100
  35 0006 00       		.byte	0
  36 0007 40       		.byte	64
  37 0008 03       		.byte	3
  38 0009 65       		.byte	101
  39 000a 00       		.byte	0
  40 000b 40       		.byte	64
  41 000c 5E       		.byte	94
  42 000d 08       		.byte	8
  43 000e 01       		.byte	1
  44 000f 40       		.byte	64
  45 0010 35       		.byte	53
  46 0011 09       		.byte	9
  47 0012 01       		.byte	1
  48 0013 40       		.byte	64
  49 0014 01       		.byte	1
  50 0015 15       		.byte	21
  51 0016 01       		.byte	1
  52 0017 40       		.byte	64
  53 0018 4B       		.byte	75
  54 0019 18       		.byte	24
  55 001a 01       		.byte	1
  56 001b 40       		.byte	64
  57 001c 3C       		.byte	60
ARM GAS  C:\Users\cendi\AppData\Local\Temp\ccInKsDC.s 			page 2


  58 001d 19       		.byte	25
  59 001e 01       		.byte	1
  60 001f 40       		.byte	64
  61 0020 4D       		.byte	77
  62 0021 1A       		.byte	26
  63 0022 01       		.byte	1
  64 0023 40       		.byte	64
  65 0024 49       		.byte	73
  66 0025 1B       		.byte	27
  67 0026 01       		.byte	1
  68 0027 40       		.byte	64
  69 0028 02       		.byte	2
  70 0029 40       		.byte	64
  71 002a 01       		.byte	1
  72 002b 40       		.byte	64
  73 002c 01       		.byte	1
  74 002d 41       		.byte	65
  75 002e 01       		.byte	1
  76 002f 40       		.byte	64
  77 0030 01       		.byte	1
  78 0031 42       		.byte	66
  79 0032 01       		.byte	1
  80 0033 40       		.byte	64
  81 0034 01       		.byte	1
  82 0035 43       		.byte	67
  83 0036 01       		.byte	1
  84 0037 40       		.byte	64
  85 0038 02       		.byte	2
  86 0039 45       		.byte	69
  87 003a 01       		.byte	1
  88 003b 40       		.byte	64
  89 003c 01       		.byte	1
  90 003d 46       		.byte	70
  91 003e 01       		.byte	1
  92 003f 40       		.byte	64
  93 0040 01       		.byte	1
  94 0041 47       		.byte	71
  95 0042 01       		.byte	1
  96 0043 40       		.byte	64
  97 0044 01       		.byte	1
  98 0045 48       		.byte	72
  99 0046 01       		.byte	1
 100 0047 40       		.byte	64
 101 0048 03       		.byte	3
 102 0049 49       		.byte	73
 103 004a 01       		.byte	1
 104 004b 40       		.byte	64
 105 004c 02       		.byte	2
 106 004d 4C       		.byte	76
 107 004e 01       		.byte	1
 108 004f 40       		.byte	64
 109 0050 07       		.byte	7
 110 0051 4D       		.byte	77
 111 0052 01       		.byte	1
 112 0053 40       		.byte	64
 113 0054 04       		.byte	4
 114 0055 50       		.byte	80
ARM GAS  C:\Users\cendi\AppData\Local\Temp\ccInKsDC.s 			page 3


 115 0056 01       		.byte	1
 116 0057 40       		.byte	64
 117 0058 01       		.byte	1
 118 0059 51       		.byte	81
 119 005a 01       		.byte	1
 120 005b 40       		.byte	64
 121 005c 61       		.byte	97
 122 005d 80       		.byte	-128
 123 005e 64       		.byte	100
 124 005f 40       		.byte	64
 125 0060 88       		.byte	-120
 126 0061 0D       		.byte	13
 127 0062 88       		.byte	-120
 128 0063 72       		.byte	114
 129 0064 8A       		.byte	-118
 130 0065 0F       		.byte	15
 131 0066 8B       		.byte	-117
 132 0067 38       		.byte	56
 133 0068 02       		.byte	2
 134 0069 01       		.byte	1
 135 006a 06       		.byte	6
 136 006b 01       		.byte	1
 137 006c 0A       		.byte	10
 138 006d 04       		.byte	4
 139 006e 0B       		.byte	11
 140 006f 0C       		.byte	12
 141 0070 0D       		.byte	13
 142 0071 08       		.byte	8
 143 0072 12       		.byte	18
 144 0073 02       		.byte	2
 145 0074 13       		.byte	19
 146 0075 01       		.byte	1
 147 0076 16       		.byte	22
 148 0077 04       		.byte	4
 149 0078 18       		.byte	24
 150 0079 01       		.byte	1
 151 007a 19       		.byte	25
 152 007b 02       		.byte	2
 153 007c 1E       		.byte	30
 154 007d 02       		.byte	2
 155 007e 22       		.byte	34
 156 007f 08       		.byte	8
 157 0080 24       		.byte	36
 158 0081 01       		.byte	1
 159 0082 25       		.byte	37
 160 0083 02       		.byte	2
 161 0084 29       		.byte	41
 162 0085 02       		.byte	2
 163 0086 2A       		.byte	42
 164 0087 08       		.byte	8
 165 0088 2D       		.byte	45
 166 0089 02       		.byte	2
 167 008a 30       		.byte	48
 168 008b 01       		.byte	1
 169 008c 31       		.byte	49
 170 008d 08       		.byte	8
 171 008e 32       		.byte	50
ARM GAS  C:\Users\cendi\AppData\Local\Temp\ccInKsDC.s 			page 4


 172 008f 02       		.byte	2
 173 0090 33       		.byte	51
 174 0091 01       		.byte	1
 175 0092 34       		.byte	52
 176 0093 08       		.byte	8
 177 0094 35       		.byte	53
 178 0095 02       		.byte	2
 179 0096 36       		.byte	54
 180 0097 04       		.byte	4
 181 0098 37       		.byte	55
 182 0099 04       		.byte	4
 183 009a 38       		.byte	56
 184 009b 02       		.byte	2
 185 009c 3E       		.byte	62
 186 009d 54       		.byte	84
 187 009e 3F       		.byte	63
 188 009f 10       		.byte	16
 189 00a0 40       		.byte	64
 190 00a1 25       		.byte	37
 191 00a2 41       		.byte	65
 192 00a3 03       		.byte	3
 193 00a4 42       		.byte	66
 194 00a5 06       		.byte	6
 195 00a6 44       		.byte	68
 196 00a7 01       		.byte	1
 197 00a8 46       		.byte	70
 198 00a9 CE       		.byte	-50
 199 00aa 48       		.byte	72
 200 00ab 0C       		.byte	12
 201 00ac 49       		.byte	73
 202 00ad FF       		.byte	-1
 203 00ae 4A       		.byte	74
 204 00af FF       		.byte	-1
 205 00b0 4B       		.byte	75
 206 00b1 FF       		.byte	-1
 207 00b2 4C       		.byte	76
 208 00b3 62       		.byte	98
 209 00b4 4D       		.byte	77
 210 00b5 A0       		.byte	-96
 211 00b6 4E       		.byte	78
 212 00b7 F0       		.byte	-16
 213 00b8 4F       		.byte	79
 214 00b9 41       		.byte	65
 215 00ba 50       		.byte	80
 216 00bb 0C       		.byte	12
 217 00bc 52       		.byte	82
 218 00bd 80       		.byte	-128
 219 00be 54       		.byte	84
 220 00bf 05       		.byte	5
 221 00c0 58       		.byte	88
 222 00c1 04       		.byte	4
 223 00c2 59       		.byte	89
 224 00c3 04       		.byte	4
 225 00c4 5A       		.byte	90
 226 00c5 04       		.byte	4
 227 00c6 5B       		.byte	91
 228 00c7 04       		.byte	4
ARM GAS  C:\Users\cendi\AppData\Local\Temp\ccInKsDC.s 			page 5


 229 00c8 5C       		.byte	92
 230 00c9 10       		.byte	16
 231 00ca 5D       		.byte	93
 232 00cb 10       		.byte	16
 233 00cc 5F       		.byte	95
 234 00cd 01       		.byte	1
 235 00ce 66       		.byte	102
 236 00cf 40       		.byte	64
 237 00d0 67       		.byte	103
 238 00d1 02       		.byte	2
 239 00d2 69       		.byte	105
 240 00d3 10       		.byte	16
 241 00d4 6A       		.byte	106
 242 00d5 30       		.byte	48
 243 00d6 6B       		.byte	107
 244 00d7 10       		.byte	16
 245 00d8 6D       		.byte	109
 246 00d9 10       		.byte	16
 247 00da 6E       		.byte	110
 248 00db 10       		.byte	16
 249 00dc 6F       		.byte	111
 250 00dd 12       		.byte	18
 251 00de 8A       		.byte	-118
 252 00df 01       		.byte	1
 253 00e0 8F       		.byte	-113
 254 00e1 02       		.byte	2
 255 00e2 9B       		.byte	-101
 256 00e3 04       		.byte	4
 257 00e4 A7       		.byte	-89
 258 00e5 05       		.byte	5
 259 00e6 AA       		.byte	-86
 260 00e7 01       		.byte	1
 261 00e8 B5       		.byte	-75
 262 00e9 01       		.byte	1
 263 00ea B6       		.byte	-74
 264 00eb 01       		.byte	1
 265 00ec B7       		.byte	-73
 266 00ed 06       		.byte	6
 267 00ee BF       		.byte	-65
 268 00ef 40       		.byte	64
 269 00f0 C0       		.byte	-64
 270 00f1 30       		.byte	48
 271 00f2 C1       		.byte	-63
 272 00f3 01       		.byte	1
 273 00f4 C5       		.byte	-59
 274 00f5 D1       		.byte	-47
 275 00f6 C6       		.byte	-58
 276 00f7 02       		.byte	2
 277 00f8 C8       		.byte	-56
 278 00f9 07       		.byte	7
 279 00fa C9       		.byte	-55
 280 00fb FF       		.byte	-1
 281 00fc CA       		.byte	-54
 282 00fd FF       		.byte	-1
 283 00fe CB       		.byte	-53
 284 00ff FF       		.byte	-1
 285 0100 CD       		.byte	-51
ARM GAS  C:\Users\cendi\AppData\Local\Temp\ccInKsDC.s 			page 6


 286 0101 A0       		.byte	-96
 287 0102 CF       		.byte	-49
 288 0103 04       		.byte	4
 289 0104 D0       		.byte	-48
 290 0105 18       		.byte	24
 291 0106 D8       		.byte	-40
 292 0107 04       		.byte	4
 293 0108 D9       		.byte	-39
 294 0109 04       		.byte	4
 295 010a DA       		.byte	-38
 296 010b 04       		.byte	4
 297 010c DC       		.byte	-36
 298 010d 01       		.byte	1
 299 010e DD       		.byte	-35
 300 010f 01       		.byte	1
 301 0110 DF       		.byte	-33
 302 0111 01       		.byte	1
 303 0112 E0       		.byte	-32
 304 0113 40       		.byte	64
 305 0114 E2       		.byte	-30
 306 0115 C0       		.byte	-64
 307 0116 E4       		.byte	-28
 308 0117 40       		.byte	64
 309 0118 E5       		.byte	-27
 310 0119 40       		.byte	64
 311 011a E6       		.byte	-26
 312 011b C0       		.byte	-64
 313 011c E8       		.byte	-24
 314 011d C0       		.byte	-64
 315 011e EA       		.byte	-22
 316 011f C0       		.byte	-64
 317 0120 EC       		.byte	-20
 318 0121 C0       		.byte	-64
 319 0122 EE       		.byte	-18
 320 0123 C0       		.byte	-64
 321 0124 00       		.byte	0
 322 0125 20       		.byte	32
 323 0126 05       		.byte	5
 324 0127 20       		.byte	32
 325 0128 06       		.byte	6
 326 0129 80       		.byte	-128
 327 012a 07       		.byte	7
 328 012b 14       		.byte	20
 329 012c 0C       		.byte	12
 330 012d 80       		.byte	-128
 331 012e 0E       		.byte	14
 332 012f 84       		.byte	-124
 333 0130 0F       		.byte	15
 334 0131 20       		.byte	32
 335 0132 13       		.byte	19
 336 0133 20       		.byte	32
 337 0134 16       		.byte	22
 338 0135 60       		.byte	96
 339 0136 17       		.byte	23
 340 0137 20       		.byte	32
 341 0138 18       		.byte	24
 342 0139 01       		.byte	1
ARM GAS  C:\Users\cendi\AppData\Local\Temp\ccInKsDC.s 			page 7


 343 013a 1D       		.byte	29
 344 013b 40       		.byte	64
 345 013c 1E       		.byte	30
 346 013d 88       		.byte	-120
 347 013e 1F       		.byte	31
 348 013f 04       		.byte	4
 349 0140 21       		.byte	33
 350 0141 80       		.byte	-128
 351 0142 23       		.byte	35
 352 0143 04       		.byte	4
 353 0144 24       		.byte	36
 354 0145 54       		.byte	84
 355 0146 25       		.byte	37
 356 0147 40       		.byte	64
 357 0148 27       		.byte	39
 358 0149 20       		.byte	32
 359 014a 28       		.byte	40
 360 014b 20       		.byte	32
 361 014c 2E       		.byte	46
 362 014d EC       		.byte	-20
 363 014e 2F       		.byte	47
 364 014f 18       		.byte	24
 365 0150 32       		.byte	50
 366 0151 20       		.byte	32
 367 0152 35       		.byte	53
 368 0153 01       		.byte	1
 369 0154 37       		.byte	55
 370 0155 10       		.byte	16
 371 0156 3B       		.byte	59
 372 0157 80       		.byte	-128
 373 0158 3C       		.byte	60
 374 0159 20       		.byte	32
 375 015a 3D       		.byte	61
 376 015b 80       		.byte	-128
 377 015c 40       		.byte	64
 378 015d 10       		.byte	16
 379 015e 41       		.byte	65
 380 015f 40       		.byte	64
 381 0160 45       		.byte	69
 382 0161 80       		.byte	-128
 383 0162 46       		.byte	70
 384 0163 28       		.byte	40
 385 0164 48       		.byte	72
 386 0165 10       		.byte	16
 387 0166 49       		.byte	73
 388 0167 02       		.byte	2
 389 0168 4D       		.byte	77
 390 0169 20       		.byte	32
 391 016a 4E       		.byte	78
 392 016b 02       		.byte	2
 393 016c 51       		.byte	81
 394 016d 40       		.byte	64
 395 016e 52       		.byte	82
 396 016f 40       		.byte	64
 397 0170 54       		.byte	84
 398 0171 80       		.byte	-128
 399 0172 57       		.byte	87
ARM GAS  C:\Users\cendi\AppData\Local\Temp\ccInKsDC.s 			page 8


 400 0173 10       		.byte	16
 401 0174 5C       		.byte	92
 402 0175 40       		.byte	64
 403 0176 5D       		.byte	93
 404 0177 02       		.byte	2
 405 0178 5E       		.byte	94
 406 0179 08       		.byte	8
 407 017a 75       		.byte	117
 408 017b 01       		.byte	1
 409 017c C0       		.byte	-64
 410 017d 72       		.byte	114
 411 017e C2       		.byte	-62
 412 017f F0       		.byte	-16
 413 0180 C4       		.byte	-60
 414 0181 72       		.byte	114
 415 0182 CA       		.byte	-54
 416 0183 72       		.byte	114
 417 0184 CC       		.byte	-52
 418 0185 A4       		.byte	-92
 419 0186 CE       		.byte	-50
 420 0187 38       		.byte	56
 421 0188 D0       		.byte	-48
 422 0189 7A       		.byte	122
 423 018a D2       		.byte	-46
 424 018b 30       		.byte	48
 425 018c D6       		.byte	-42
 426 018d D0       		.byte	-48
 427 018e E6       		.byte	-26
 428 018f 02       		.byte	2
 429 0190 01       		.byte	1
 430 0191 44       		.byte	68
 431 0192 02       		.byte	2
 432 0193 13       		.byte	19
 433 0194 04       		.byte	4
 434 0195 0C       		.byte	12
 435 0196 06       		.byte	6
 436 0197 13       		.byte	19
 437 0198 07       		.byte	7
 438 0199 04       		.byte	4
 439 019a 08       		.byte	8
 440 019b 04       		.byte	4
 441 019c 09       		.byte	9
 442 019d 08       		.byte	8
 443 019e 0D       		.byte	13
 444 019f 10       		.byte	16
 445 01a0 10       		.byte	16
 446 01a1 0F       		.byte	15
 447 01a2 12       		.byte	18
 448 01a3 10       		.byte	16
 449 01a4 13       		.byte	19
 450 01a5 E3       		.byte	-29
 451 01a6 14       		.byte	20
 452 01a7 1F       		.byte	31
 453 01a8 15       		.byte	21
 454 01a9 3C       		.byte	60
 455 01aa 17       		.byte	23
 456 01ab C2       		.byte	-62
ARM GAS  C:\Users\cendi\AppData\Local\Temp\ccInKsDC.s 			page 9


 457 01ac 18       		.byte	24
 458 01ad 02       		.byte	2
 459 01ae 19       		.byte	25
 460 01af 18       		.byte	24
 461 01b0 1C       		.byte	28
 462 01b1 03       		.byte	3
 463 01b2 1D       		.byte	29
 464 01b3 80       		.byte	-128
 465 01b4 20       		.byte	32
 466 01b5 13       		.byte	19
 467 01b6 21       		.byte	33
 468 01b7 C0       		.byte	-64
 469 01b8 22       		.byte	34
 470 01b9 0C       		.byte	12
 471 01ba 24       		.byte	36
 472 01bb 01       		.byte	1
 473 01bc 25       		.byte	37
 474 01bd E7       		.byte	-25
 475 01be 27       		.byte	39
 476 01bf 18       		.byte	24
 477 01c0 28       		.byte	40
 478 01c1 0C       		.byte	12
 479 01c2 29       		.byte	41
 480 01c3 FF       		.byte	-1
 481 01c4 2C       		.byte	44
 482 01c5 08       		.byte	8
 483 01c6 2D       		.byte	45
 484 01c7 1C       		.byte	28
 485 01c8 2F       		.byte	47
 486 01c9 E1       		.byte	-31
 487 01ca 30       		.byte	48
 488 01cb 1C       		.byte	28
 489 01cc 31       		.byte	49
 490 01cd C0       		.byte	-64
 491 01ce 33       		.byte	51
 492 01cf 1F       		.byte	31
 493 01d0 34       		.byte	52
 494 01d1 0F       		.byte	15
 495 01d2 35       		.byte	53
 496 01d3 38       		.byte	56
 497 01d4 3A       		.byte	58
 498 01d5 2A       		.byte	42
 499 01d6 3B       		.byte	59
 500 01d7 08       		.byte	8
 501 01d8 56       		.byte	86
 502 01d9 02       		.byte	2
 503 01da 57       		.byte	87
 504 01db 12       		.byte	18
 505 01dc 58       		.byte	88
 506 01dd 04       		.byte	4
 507 01de 59       		.byte	89
 508 01df 04       		.byte	4
 509 01e0 5B       		.byte	91
 510 01e1 04       		.byte	4
 511 01e2 5F       		.byte	95
 512 01e3 01       		.byte	1
 513 01e4 84       		.byte	-124
ARM GAS  C:\Users\cendi\AppData\Local\Temp\ccInKsDC.s 			page 10


 514 01e5 71       		.byte	113
 515 01e6 86       		.byte	-122
 516 01e7 0E       		.byte	14
 517 01e8 94       		.byte	-108
 518 01e9 71       		.byte	113
 519 01ea 96       		.byte	-106
 520 01eb 06       		.byte	6
 521 01ec 98       		.byte	-104
 522 01ed 2C       		.byte	44
 523 01ee 9A       		.byte	-102
 524 01ef 43       		.byte	67
 525 01f0 9E       		.byte	-98
 526 01f1 0C       		.byte	12
 527 01f2 A2       		.byte	-94
 528 01f3 08       		.byte	8
 529 01f4 A4       		.byte	-92
 530 01f5 80       		.byte	-128
 531 01f6 A6       		.byte	-90
 532 01f7 13       		.byte	19
 533 01f8 B0       		.byte	-80
 534 01f9 30       		.byte	48
 535 01fa B4       		.byte	-76
 536 01fb 0F       		.byte	15
 537 01fc B6       		.byte	-74
 538 01fd C0       		.byte	-64
 539 01fe B8       		.byte	-72
 540 01ff 82       		.byte	-126
 541 0200 BA       		.byte	-70
 542 0201 20       		.byte	32
 543 0202 BE       		.byte	-66
 544 0203 01       		.byte	1
 545 0204 C0       		.byte	-64
 546 0205 04       		.byte	4
 547 0206 C6       		.byte	-58
 548 0207 04       		.byte	4
 549 0208 C9       		.byte	-55
 550 0209 FF       		.byte	-1
 551 020a CA       		.byte	-54
 552 020b 07       		.byte	7
 553 020c CB       		.byte	-53
 554 020d FF       		.byte	-1
 555 020e CC       		.byte	-52
 556 020f 40       		.byte	64
 557 0210 CD       		.byte	-51
 558 0211 20       		.byte	32
 559 0212 CE       		.byte	-50
 560 0213 F0       		.byte	-16
 561 0214 CF       		.byte	-49
 562 0215 05       		.byte	5
 563 0216 D0       		.byte	-48
 564 0217 08       		.byte	8
 565 0218 D8       		.byte	-40
 566 0219 04       		.byte	4
 567 021a DA       		.byte	-38
 568 021b 04       		.byte	4
 569 021c DF       		.byte	-33
 570 021d 01       		.byte	1
ARM GAS  C:\Users\cendi\AppData\Local\Temp\ccInKsDC.s 			page 11


 571 021e E0       		.byte	-32
 572 021f 40       		.byte	64
 573 0220 E1       		.byte	-31
 574 0221 A8       		.byte	-88
 575 0222 E2       		.byte	-30
 576 0223 40       		.byte	64
 577 0224 E3       		.byte	-29
 578 0225 20       		.byte	32
 579 0226 00       		.byte	0
 580 0227 08       		.byte	8
 581 0228 05       		.byte	5
 582 0229 01       		.byte	1
 583 022a 06       		.byte	6
 584 022b 04       		.byte	4
 585 022c 07       		.byte	7
 586 022d 10       		.byte	16
 587 022e 09       		.byte	9
 588 022f 08       		.byte	8
 589 0230 0A       		.byte	10
 590 0231 0A       		.byte	10
 591 0232 0E       		.byte	14
 592 0233 61       		.byte	97
 593 0234 0F       		.byte	15
 594 0235 08       		.byte	8
 595 0236 10       		.byte	16
 596 0237 A0       		.byte	-96
 597 0238 14       		.byte	20
 598 0239 A0       		.byte	-96
 599 023a 16       		.byte	22
 600 023b 01       		.byte	1
 601 023c 17       		.byte	23
 602 023d 20       		.byte	32
 603 023e 18       		.byte	24
 604 023f 48       		.byte	72
 605 0240 1A       		.byte	26
 606 0241 0A       		.byte	10
 607 0242 1E       		.byte	30
 608 0243 60       		.byte	96
 609 0244 1F       		.byte	31
 610 0245 18       		.byte	24
 611 0246 26       		.byte	38
 612 0247 09       		.byte	9
 613 0248 27       		.byte	39
 614 0249 14       		.byte	20
 615 024a 2E       		.byte	46
 616 024b 41       		.byte	65
 617 024c 2F       		.byte	47
 618 024d 58       		.byte	88
 619 024e 30       		.byte	48
 620 024f 20       		.byte	32
 621 0250 33       		.byte	51
 622 0251 20       		.byte	32
 623 0252 35       		.byte	53
 624 0253 01       		.byte	1
 625 0254 36       		.byte	54
 626 0255 0A       		.byte	10
 627 0256 37       		.byte	55
ARM GAS  C:\Users\cendi\AppData\Local\Temp\ccInKsDC.s 			page 12


 628 0257 60       		.byte	96
 629 0258 3C       		.byte	60
 630 0259 A0       		.byte	-96
 631 025a 3E       		.byte	62
 632 025b 02       		.byte	2
 633 025c 3F       		.byte	63
 634 025d 04       		.byte	4
 635 025e 40       		.byte	64
 636 025f 40       		.byte	64
 637 0260 48       		.byte	72
 638 0261 20       		.byte	32
 639 0262 50       		.byte	80
 640 0263 80       		.byte	-128
 641 0264 5C       		.byte	92
 642 0265 04       		.byte	4
 643 0266 62       		.byte	98
 644 0267 20       		.byte	32
 645 0268 63       		.byte	99
 646 0269 08       		.byte	8
 647 026a 6D       		.byte	109
 648 026b 10       		.byte	16
 649 026c 6E       		.byte	110
 650 026d 1C       		.byte	28
 651 026e 6F       		.byte	111
 652 026f 01       		.byte	1
 653 0270 74       		.byte	116
 654 0271 50       		.byte	80
 655 0272 76       		.byte	118
 656 0273 05       		.byte	5
 657 0274 77       		.byte	119
 658 0275 20       		.byte	32
 659 0276 8E       		.byte	-114
 660 0277 20       		.byte	32
 661 0278 8F       		.byte	-113
 662 0279 40       		.byte	64
 663 027a 90       		.byte	-112
 664 027b 04       		.byte	4
 665 027c 93       		.byte	-109
 666 027d 0C       		.byte	12
 667 027e 96       		.byte	-106
 668 027f 40       		.byte	64
 669 0280 97       		.byte	-105
 670 0281 A0       		.byte	-96
 671 0282 99       		.byte	-103
 672 0283 40       		.byte	64
 673 0284 9C       		.byte	-100
 674 0285 20       		.byte	32
 675 0286 9F       		.byte	-97
 676 0287 14       		.byte	20
 677 0288 A6       		.byte	-90
 678 0289 22       		.byte	34
 679 028a A7       		.byte	-89
 680 028b 08       		.byte	8
 681 028c B4       		.byte	-76
 682 028d 01       		.byte	1
 683 028e C0       		.byte	-64
 684 028f 74       		.byte	116
ARM GAS  C:\Users\cendi\AppData\Local\Temp\ccInKsDC.s 			page 13


 685 0290 C2       		.byte	-62
 686 0291 F7       		.byte	-9
 687 0292 C4       		.byte	-60
 688 0293 FC       		.byte	-4
 689 0294 CA       		.byte	-54
 690 0295 F0       		.byte	-16
 691 0296 CC       		.byte	-52
 692 0297 F0       		.byte	-16
 693 0298 CE       		.byte	-50
 694 0299 F0       		.byte	-16
 695 029a D0       		.byte	-48
 696 029b 01       		.byte	1
 697 029c D6       		.byte	-42
 698 029d 40       		.byte	64
 699 029e 00       		.byte	0
 700 029f 01       		.byte	1
 701 02a0 04       		.byte	4
 702 02a1 30       		.byte	48
 703 02a2 05       		.byte	5
 704 02a3 4A       		.byte	74
 705 02a4 06       		.byte	6
 706 02a5 44       		.byte	68
 707 02a6 07       		.byte	7
 708 02a7 34       		.byte	52
 709 02a8 09       		.byte	9
 710 02a9 03       		.byte	3
 711 02aa 0B       		.byte	11
 712 02ab 14       		.byte	20
 713 02ac 0C       		.byte	12
 714 02ad 02       		.byte	2
 715 02ae 0E       		.byte	14
 716 02af 0C       		.byte	12
 717 02b0 13       		.byte	19
 718 02b1 48       		.byte	72
 719 02b2 14       		.byte	20
 720 02b3 40       		.byte	64
 721 02b4 15       		.byte	21
 722 02b5 13       		.byte	19
 723 02b6 16       		.byte	22
 724 02b7 30       		.byte	48
 725 02b8 17       		.byte	23
 726 02b9 2C       		.byte	44
 727 02ba 19       		.byte	25
 728 02bb 13       		.byte	19
 729 02bc 1B       		.byte	27
 730 02bd 64       		.byte	100
 731 02be 1C       		.byte	28
 732 02bf 24       		.byte	36
 733 02c0 1E       		.byte	30
 734 02c1 40       		.byte	64
 735 02c2 1F       		.byte	31
 736 02c3 40       		.byte	64
 737 02c4 20       		.byte	32
 738 02c5 40       		.byte	64
 739 02c6 24       		.byte	36
 740 02c7 70       		.byte	112
 741 02c8 26       		.byte	38
ARM GAS  C:\Users\cendi\AppData\Local\Temp\ccInKsDC.s 			page 14


 742 02c9 08       		.byte	8
 743 02ca 27       		.byte	39
 744 02cb 35       		.byte	53
 745 02cc 28       		.byte	40
 746 02cd 50       		.byte	80
 747 02ce 30       		.byte	48
 748 02cf 7C       		.byte	124
 749 02d0 32       		.byte	50
 750 02d1 01       		.byte	1
 751 02d2 33       		.byte	51
 752 02d3 0F       		.byte	15
 753 02d4 34       		.byte	52
 754 02d5 02       		.byte	2
 755 02d6 35       		.byte	53
 756 02d7 68       		.byte	104
 757 02d8 37       		.byte	55
 758 02d9 10       		.byte	16
 759 02da 3B       		.byte	59
 760 02db 28       		.byte	40
 761 02dc 3E       		.byte	62
 762 02dd 14       		.byte	20
 763 02de 3F       		.byte	63
 764 02df 40       		.byte	64
 765 02e0 40       		.byte	64
 766 02e1 32       		.byte	50
 767 02e2 41       		.byte	65
 768 02e3 06       		.byte	6
 769 02e4 46       		.byte	70
 770 02e5 CE       		.byte	-50
 771 02e6 47       		.byte	71
 772 02e7 0B       		.byte	11
 773 02e8 48       		.byte	72
 774 02e9 1C       		.byte	28
 775 02ea 49       		.byte	73
 776 02eb FF       		.byte	-1
 777 02ec 4A       		.byte	74
 778 02ed FF       		.byte	-1
 779 02ee 4B       		.byte	75
 780 02ef FF       		.byte	-1
 781 02f0 4E       		.byte	78
 782 02f1 F0       		.byte	-16
 783 02f2 4F       		.byte	79
 784 02f3 44       		.byte	68
 785 02f4 50       		.byte	80
 786 02f5 0C       		.byte	12
 787 02f6 54       		.byte	84
 788 02f7 01       		.byte	1
 789 02f8 58       		.byte	88
 790 02f9 04       		.byte	4
 791 02fa 59       		.byte	89
 792 02fb 04       		.byte	4
 793 02fc 5A       		.byte	90
 794 02fd 04       		.byte	4
 795 02fe 5B       		.byte	91
 796 02ff 04       		.byte	4
 797 0300 5F       		.byte	95
 798 0301 01       		.byte	1
ARM GAS  C:\Users\cendi\AppData\Local\Temp\ccInKsDC.s 			page 15


 799 0302 66       		.byte	102
 800 0303 C0       		.byte	-64
 801 0304 6A       		.byte	106
 802 0305 40       		.byte	64
 803 0306 6B       		.byte	107
 804 0307 02       		.byte	2
 805 0308 81       		.byte	-127
 806 0309 01       		.byte	1
 807 030a 83       		.byte	-125
 808 030b 02       		.byte	2
 809 030c 85       		.byte	-123
 810 030d 07       		.byte	7
 811 030e 89       		.byte	-119
 812 030f 07       		.byte	7
 813 0310 91       		.byte	-111
 814 0311 04       		.byte	4
 815 0312 98       		.byte	-104
 816 0313 07       		.byte	7
 817 0314 99       		.byte	-103
 818 0315 02       		.byte	2
 819 0316 9B       		.byte	-101
 820 0317 01       		.byte	1
 821 0318 9C       		.byte	-100
 822 0319 01       		.byte	1
 823 031a 9E       		.byte	-98
 824 031b 06       		.byte	6
 825 031c A4       		.byte	-92
 826 031d 04       		.byte	4
 827 031e A6       		.byte	-90
 828 031f 01       		.byte	1
 829 0320 A8       		.byte	-88
 830 0321 07       		.byte	7
 831 0322 AC       		.byte	-84
 832 0323 02       		.byte	2
 833 0324 AE       		.byte	-82
 834 0325 01       		.byte	1
 835 0326 B1       		.byte	-79
 836 0327 04       		.byte	4
 837 0328 B5       		.byte	-75
 838 0329 03       		.byte	3
 839 032a B6       		.byte	-74
 840 032b 07       		.byte	7
 841 032c D4       		.byte	-44
 842 032d 18       		.byte	24
 843 032e D6       		.byte	-42
 844 032f 04       		.byte	4
 845 0330 D8       		.byte	-40
 846 0331 04       		.byte	4
 847 0332 D9       		.byte	-39
 848 0333 04       		.byte	4
 849 0334 DB       		.byte	-37
 850 0335 04       		.byte	4
 851 0336 DF       		.byte	-33
 852 0337 01       		.byte	1
 853 0338 00       		.byte	0
 854 0339 48       		.byte	72
 855 033a 01       		.byte	1
ARM GAS  C:\Users\cendi\AppData\Local\Temp\ccInKsDC.s 			page 16


 856 033b 02       		.byte	2
 857 033c 02       		.byte	2
 858 033d 40       		.byte	64
 859 033e 04       		.byte	4
 860 033f 20       		.byte	32
 861 0340 05       		.byte	5
 862 0341 20       		.byte	32
 863 0342 09       		.byte	9
 864 0343 08       		.byte	8
 865 0344 0A       		.byte	10
 866 0345 02       		.byte	2
 867 0346 0E       		.byte	14
 868 0347 09       		.byte	9
 869 0348 10       		.byte	16
 870 0349 88       		.byte	-120
 871 034a 11       		.byte	17
 872 034b 04       		.byte	4
 873 034c 15       		.byte	21
 874 034d 10       		.byte	16
 875 034e 16       		.byte	22
 876 034f 02       		.byte	2
 877 0350 17       		.byte	23
 878 0351 04       		.byte	4
 879 0352 18       		.byte	24
 880 0353 40       		.byte	64
 881 0354 19       		.byte	25
 882 0355 14       		.byte	20
 883 0356 1E       		.byte	30
 884 0357 01       		.byte	1
 885 0358 1F       		.byte	31
 886 0359 40       		.byte	64
 887 035a 20       		.byte	32
 888 035b 08       		.byte	8
 889 035c 21       		.byte	33
 890 035d 08       		.byte	8
 891 035e 22       		.byte	34
 892 035f 50       		.byte	80
 893 0360 26       		.byte	38
 894 0361 22       		.byte	34
 895 0362 27       		.byte	39
 896 0363 04       		.byte	4
 897 0364 2B       		.byte	43
 898 0365 20       		.byte	32
 899 0366 30       		.byte	48
 900 0367 80       		.byte	-128
 901 0368 31       		.byte	49
 902 0369 08       		.byte	8
 903 036a 32       		.byte	50
 904 036b 11       		.byte	17
 905 036c 36       		.byte	54
 906 036d 20       		.byte	32
 907 036e 37       		.byte	55
 908 036f 01       		.byte	1
 909 0370 38       		.byte	56
 910 0371 28       		.byte	40
 911 0372 39       		.byte	57
 912 0373 04       		.byte	4
ARM GAS  C:\Users\cendi\AppData\Local\Temp\ccInKsDC.s 			page 17


 913 0374 3E       		.byte	62
 914 0375 16       		.byte	22
 915 0376 41       		.byte	65
 916 0377 08       		.byte	8
 917 0378 43       		.byte	67
 918 0379 20       		.byte	32
 919 037a 48       		.byte	72
 920 037b 04       		.byte	4
 921 037c 50       		.byte	80
 922 037d 18       		.byte	24
 923 037e 52       		.byte	82
 924 037f 40       		.byte	64
 925 0380 59       		.byte	89
 926 0381 26       		.byte	38
 927 0382 5A       		.byte	90
 928 0383 80       		.byte	-128
 929 0384 5E       		.byte	94
 930 0385 02       		.byte	2
 931 0386 65       		.byte	101
 932 0387 40       		.byte	64
 933 0388 67       		.byte	103
 934 0389 48       		.byte	72
 935 038a 81       		.byte	-127
 936 038b 10       		.byte	16
 937 038c 87       		.byte	-121
 938 038d 40       		.byte	64
 939 038e 8C       		.byte	-116
 940 038f 20       		.byte	32
 941 0390 8E       		.byte	-114
 942 0391 02       		.byte	2
 943 0392 90       		.byte	-112
 944 0393 08       		.byte	8
 945 0394 91       		.byte	-111
 946 0395 10       		.byte	16
 947 0396 92       		.byte	-110
 948 0397 16       		.byte	22
 949 0398 93       		.byte	-109
 950 0399 08       		.byte	8
 951 039a 97       		.byte	-105
 952 039b 80       		.byte	-128
 953 039c 99       		.byte	-103
 954 039d 40       		.byte	64
 955 039e 9B       		.byte	-101
 956 039f 01       		.byte	1
 957 03a0 9C       		.byte	-100
 958 03a1 20       		.byte	32
 959 03a2 9E       		.byte	-98
 960 03a3 02       		.byte	2
 961 03a4 A0       		.byte	-96
 962 03a5 80       		.byte	-128
 963 03a6 A2       		.byte	-94
 964 03a7 05       		.byte	5
 965 03a8 A3       		.byte	-93
 966 03a9 20       		.byte	32
 967 03aa A4       		.byte	-92
 968 03ab 04       		.byte	4
 969 03ac A5       		.byte	-91
ARM GAS  C:\Users\cendi\AppData\Local\Temp\ccInKsDC.s 			page 18


 970 03ad 08       		.byte	8
 971 03ae A6       		.byte	-90
 972 03af 22       		.byte	34
 973 03b0 B0       		.byte	-80
 974 03b1 80       		.byte	-128
 975 03b2 B3       		.byte	-77
 976 03b3 10       		.byte	16
 977 03b4 C0       		.byte	-64
 978 03b5 0D       		.byte	13
 979 03b6 C2       		.byte	-62
 980 03b7 C5       		.byte	-59
 981 03b8 C4       		.byte	-60
 982 03b9 EE       		.byte	-18
 983 03ba CA       		.byte	-54
 984 03bb 02       		.byte	2
 985 03bc CC       		.byte	-52
 986 03bd AF       		.byte	-81
 987 03be CE       		.byte	-50
 988 03bf E6       		.byte	-26
 989 03c0 D0       		.byte	-48
 990 03c1 06       		.byte	6
 991 03c2 D2       		.byte	-46
 992 03c3 04       		.byte	4
 993 03c4 D6       		.byte	-42
 994 03c5 8F       		.byte	-113
 995 03c6 D8       		.byte	-40
 996 03c7 B0       		.byte	-80
 997 03c8 E4       		.byte	-28
 998 03c9 04       		.byte	4
 999 03ca 32       		.byte	50
 1000 03cb 20       		.byte	32
 1001 03cc CC       		.byte	-52
 1002 03cd 10       		.byte	16
 1003 03ce A6       		.byte	-90
 1004 03cf 20       		.byte	32
 1005 03d0 A6       		.byte	-90
 1006 03d1 20       		.byte	32
 1007 03d2 A6       		.byte	-90
 1008 03d3 20       		.byte	32
 1009 03d4 50       		.byte	80
 1010 03d5 08       		.byte	8
 1011 03d6 D4       		.byte	-44
 1012 03d7 04       		.byte	4
 1013 03d8 A4       		.byte	-92
 1014 03d9 08       		.byte	8
 1015 03da A4       		.byte	-92
 1016 03db 08       		.byte	8
 1017 03dc A6       		.byte	-90
 1018 03dd 20       		.byte	32
 1019 03de 86       		.byte	-122
 1020 03df 20       		.byte	32
 1021 03e0 A6       		.byte	-90
 1022 03e1 20       		.byte	32
 1023 03e2 E6       		.byte	-26
 1024 03e3 40       		.byte	64
 1025 03e4 B4       		.byte	-76
 1026 03e5 08       		.byte	8
ARM GAS  C:\Users\cendi\AppData\Local\Temp\ccInKsDC.s 			page 19


 1027 03e6 EC       		.byte	-20
 1028 03e7 08       		.byte	8
 1029 03e8 12       		.byte	18
 1030 03e9 80       		.byte	-128
 1031 03ea 70       		.byte	112
 1032 03eb 01       		.byte	1
 1033 03ec 80       		.byte	-128
 1034 03ed 01       		.byte	1
 1035 03ee 8E       		.byte	-114
 1036 03ef 80       		.byte	-128
 1037 03f0 C4       		.byte	-60
 1038 03f1 08       		.byte	8
 1039 03f2 DC       		.byte	-36
 1040 03f3 01       		.byte	1
 1041 03f4 E2       		.byte	-30
 1042 03f5 02       		.byte	2
 1043 03f6 00       		.byte	0
 1044 03f7 03       		.byte	3
 1045 03f8 0C       		.byte	12
 1046 03f9 03       		.byte	3
 1047 03fa 10       		.byte	16
 1048 03fb 01       		.byte	1
 1049 03fc 1C       		.byte	28
 1050 03fd 01       		.byte	1
 1051 03fe 00       		.byte	0
 1052 03ff 03       		.byte	3
 1053 0400 00       		.byte	0
 1054 0401 C7       		.byte	-57
 1055 0402 C7       		.byte	-57
 1056 0403 00       		.byte	0
 1057 0404 00       		.byte	0
 1058 0405 00       		.byte	0
 1059 0406 00       		.byte	0
 1060 0407 00       		.byte	0
 1061 0408 80       		.byte	-128
 1062 0409 00       		.byte	0
 1063 040a 40       		.byte	64
 1064 040b 84       		.byte	-124
 1065 040c 84       		.byte	-124
 1066 040d 00       		.byte	0
 1067 040e 80       		.byte	-128
 1068 040f 00       		.byte	0
 1069 0410 00       		.byte	0
 1070 0411 00       		.byte	0
 1071 0412 00       		.byte	0
 1072 0413 00       		.byte	0
 1073 0414 00       		.byte	0
 1074 0415 30       		.byte	48
 1075 0416 30       		.byte	48
 1076 0417 00       		.byte	0
 1077 0418 00       		.byte	0
 1078 0419 00       		.byte	0
 1079 041a 00       		.byte	0
 1080 041b 00       		.byte	0
 1081 041c 00       		.byte	0
 1082 041d 0B       		.byte	11
 1083 041e 0B       		.byte	11
ARM GAS  C:\Users\cendi\AppData\Local\Temp\ccInKsDC.s 			page 20


 1084 041f 00       		.byte	0
 1085 0420 00       		.byte	0
 1086 0421 00       		.byte	0
 1087 0422 00       		.byte	0
 1088 0423 00       		.byte	0
 1089 0424 00       		.byte	0
 1090 0425 03       		.byte	3
 1091 0426 03       		.byte	3
 1092 0427 00       		.byte	0
 1093 0428 02       		.byte	2
 1094 0429 00       		.byte	0
 1095 042a 00       		.byte	0
 1096 042b 00       		.byte	0
 1097              		.section	.cywolatch,"a",%progbits
 1098              		.align	2
 1099              		.type	cy_meta_wonvl, %object
 1100              		.size	cy_meta_wonvl, 4
 1101              	cy_meta_wonvl:
 1102 0000 BC       		.byte	-68
 1103 0001 90       		.byte	-112
 1104 0002 AC       		.byte	-84
 1105 0003 AF       		.byte	-81
 1106              		.section	.cycustnvl,"a",%progbits
 1107              		.align	2
 1108              		.type	cy_meta_custnvl, %object
 1109              		.size	cy_meta_custnvl, 4
 1110              	cy_meta_custnvl:
 1111 0000 00       		.byte	0
 1112 0001 00       		.byte	0
 1113 0002 40       		.byte	64
 1114 0003 05       		.byte	5
 1115              		.section	.cymeta,"a",%progbits
 1116              		.align	2
 1117              		.type	cy_metadata, %object
 1118              		.size	cy_metadata, 12
 1119              	cy_metadata:
 1120 0000 00       		.byte	0
 1121 0001 01       		.byte	1
 1122 0002 2E       		.byte	46
 1123 0003 16       		.byte	22
 1124 0004 10       		.byte	16
 1125 0005 69       		.byte	105
 1126 0006 00       		.byte	0
 1127 0007 01       		.byte	1
 1128 0008 00       		.byte	0
 1129 0009 00       		.byte	0
 1130 000a 00       		.byte	0
 1131 000b 00       		.byte	0
 1132              		.section	.cyflashprotect,"a",%progbits
 1133              		.align	2
 1134              		.type	cy_meta_flashprotect, %object
 1135              		.size	cy_meta_flashprotect, 256
 1136              	cy_meta_flashprotect:
 1137 0000 00000000 		.space	256
 1137      00000000 
 1137      00000000 
 1137      00000000 
ARM GAS  C:\Users\cendi\AppData\Local\Temp\ccInKsDC.s 			page 21


 1137      00000000 
 1138              		.text
 1139              	.Letext0:
 1140              		.file 1 "c:\\program files (x86)\\cypress\\psoc creator\\4.2\\psoc creator\\import\\gnu\\arm\\5.4.
 1141              		.file 2 "c:\\program files (x86)\\cypress\\psoc creator\\4.2\\psoc creator\\import\\gnu\\arm\\5.4.
 1142              		.file 3 "Generated_Source\\PSoC5\\cymetadata.c"
 1143              		.section	.debug_info,"",%progbits
 1144              	.Ldebug_info0:
 1145 0000 31010000 		.4byte	0x131
 1146 0004 0400     		.2byte	0x4
 1147 0006 00000000 		.4byte	.Ldebug_abbrev0
 1148 000a 04       		.byte	0x4
 1149 000b 01       		.uleb128 0x1
 1150 000c 24000000 		.4byte	.LASF17
 1151 0010 0C       		.byte	0xc
 1152 0011 00020000 		.4byte	.LASF18
 1153 0015 72010000 		.4byte	.LASF19
 1154 0019 00000000 		.4byte	.Ldebug_line0
 1155 001d 02       		.uleb128 0x2
 1156 001e 01       		.byte	0x1
 1157 001f 06       		.byte	0x6
 1158 0020 F4010000 		.4byte	.LASF0
 1159 0024 03       		.uleb128 0x3
 1160 0025 00000000 		.4byte	.LASF9
 1161 0029 01       		.byte	0x1
 1162 002a 1D       		.byte	0x1d
 1163 002b 2F000000 		.4byte	0x2f
 1164 002f 02       		.uleb128 0x2
 1165 0030 01       		.byte	0x1
 1166 0031 08       		.byte	0x8
 1167 0032 16000000 		.4byte	.LASF1
 1168 0036 02       		.uleb128 0x2
 1169 0037 02       		.byte	0x2
 1170 0038 05       		.byte	0x5
 1171 0039 5F010000 		.4byte	.LASF2
 1172 003d 02       		.uleb128 0x2
 1173 003e 02       		.byte	0x2
 1174 003f 07       		.byte	0x7
 1175 0040 C4000000 		.4byte	.LASF3
 1176 0044 02       		.uleb128 0x2
 1177 0045 04       		.byte	0x4
 1178 0046 05       		.byte	0x5
 1179 0047 69010000 		.4byte	.LASF4
 1180 004b 02       		.uleb128 0x2
 1181 004c 04       		.byte	0x4
 1182 004d 07       		.byte	0x7
 1183 004e B2000000 		.4byte	.LASF5
 1184 0052 02       		.uleb128 0x2
 1185 0053 08       		.byte	0x8
 1186 0054 05       		.byte	0x5
 1187 0055 51010000 		.4byte	.LASF6
 1188 0059 02       		.uleb128 0x2
 1189 005a 08       		.byte	0x8
 1190 005b 07       		.byte	0x7
 1191 005c 06010000 		.4byte	.LASF7
 1192 0060 04       		.uleb128 0x4
 1193 0061 04       		.byte	0x4
ARM GAS  C:\Users\cendi\AppData\Local\Temp\ccInKsDC.s 			page 22


 1194 0062 05       		.byte	0x5
 1195 0063 696E7400 		.ascii	"int\000"
 1196 0067 02       		.uleb128 0x2
 1197 0068 04       		.byte	0x4
 1198 0069 07       		.byte	0x7
 1199 006a F9000000 		.4byte	.LASF8
 1200 006e 03       		.uleb128 0x3
 1201 006f 1D010000 		.4byte	.LASF10
 1202 0073 02       		.byte	0x2
 1203 0074 18       		.byte	0x18
 1204 0075 24000000 		.4byte	0x24
 1205 0079 05       		.uleb128 0x5
 1206 007a 91000000 		.4byte	0x91
 1207 007e 8A000000 		.4byte	0x8a
 1208 0082 06       		.uleb128 0x6
 1209 0083 8A000000 		.4byte	0x8a
 1210 0087 2B04     		.2byte	0x42b
 1211 0089 00       		.byte	0
 1212 008a 02       		.uleb128 0x2
 1213 008b 04       		.byte	0x4
 1214 008c 07       		.byte	0x7
 1215 008d 48010000 		.4byte	.LASF11
 1216 0091 07       		.uleb128 0x7
 1217 0092 6E000000 		.4byte	0x6e
 1218 0096 08       		.uleb128 0x8
 1219 0097 E7000000 		.4byte	.LASF12
 1220 009b 03       		.byte	0x3
 1221 009c 1F       		.byte	0x1f
 1222 009d A7000000 		.4byte	0xa7
 1223 00a1 05       		.uleb128 0x5
 1224 00a2 03       		.byte	0x3
 1225 00a3 00000000 		.4byte	cy_meta_configecc
 1226 00a7 07       		.uleb128 0x7
 1227 00a8 79000000 		.4byte	0x79
 1228 00ac 05       		.uleb128 0x5
 1229 00ad 91000000 		.4byte	0x91
 1230 00b1 BC000000 		.4byte	0xbc
 1231 00b5 09       		.uleb128 0x9
 1232 00b6 8A000000 		.4byte	0x8a
 1233 00ba 03       		.byte	0x3
 1234 00bb 00       		.byte	0
 1235 00bc 08       		.uleb128 0x8
 1236 00bd D7000000 		.4byte	.LASF13
 1237 00c1 03       		.byte	0x3
 1238 00c2 B2       		.byte	0xb2
 1239 00c3 CD000000 		.4byte	0xcd
 1240 00c7 05       		.uleb128 0x5
 1241 00c8 03       		.byte	0x3
 1242 00c9 00000000 		.4byte	cy_meta_custnvl
 1243 00cd 07       		.uleb128 0x7
 1244 00ce AC000000 		.4byte	0xac
 1245 00d2 08       		.uleb128 0x8
 1246 00d3 3A010000 		.4byte	.LASF14
 1247 00d7 03       		.byte	0x3
 1248 00d8 C0       		.byte	0xc0
 1249 00d9 E3000000 		.4byte	0xe3
 1250 00dd 05       		.uleb128 0x5
ARM GAS  C:\Users\cendi\AppData\Local\Temp\ccInKsDC.s 			page 23


 1251 00de 03       		.byte	0x3
 1252 00df 00000000 		.4byte	cy_meta_wonvl
 1253 00e3 07       		.uleb128 0x7
 1254 00e4 AC000000 		.4byte	0xac
 1255 00e8 05       		.uleb128 0x5
 1256 00e9 91000000 		.4byte	0x91
 1257 00ed F8000000 		.4byte	0xf8
 1258 00f1 09       		.uleb128 0x9
 1259 00f2 8A000000 		.4byte	0x8a
 1260 00f6 FF       		.byte	0xff
 1261 00f7 00       		.byte	0
 1262 00f8 08       		.uleb128 0x8
 1263 00f9 25010000 		.4byte	.LASF15
 1264 00fd 03       		.byte	0x3
 1265 00fe CE       		.byte	0xce
 1266 00ff 09010000 		.4byte	0x109
 1267 0103 05       		.uleb128 0x5
 1268 0104 03       		.byte	0x3
 1269 0105 00000000 		.4byte	cy_meta_flashprotect
 1270 0109 07       		.uleb128 0x7
 1271 010a E8000000 		.4byte	0xe8
 1272 010e 05       		.uleb128 0x5
 1273 010f 91000000 		.4byte	0x91
 1274 0113 1E010000 		.4byte	0x11e
 1275 0117 09       		.uleb128 0x9
 1276 0118 8A000000 		.4byte	0x8a
 1277 011c 0B       		.byte	0xb
 1278 011d 00       		.byte	0
 1279 011e 08       		.uleb128 0x8
 1280 011f 0A000000 		.4byte	.LASF16
 1281 0123 03       		.byte	0x3
 1282 0124 FB       		.byte	0xfb
 1283 0125 2F010000 		.4byte	0x12f
 1284 0129 05       		.uleb128 0x5
 1285 012a 03       		.byte	0x3
 1286 012b 00000000 		.4byte	cy_metadata
 1287 012f 07       		.uleb128 0x7
 1288 0130 0E010000 		.4byte	0x10e
 1289 0134 00       		.byte	0
 1290              		.section	.debug_abbrev,"",%progbits
 1291              	.Ldebug_abbrev0:
 1292 0000 01       		.uleb128 0x1
 1293 0001 11       		.uleb128 0x11
 1294 0002 01       		.byte	0x1
 1295 0003 25       		.uleb128 0x25
 1296 0004 0E       		.uleb128 0xe
 1297 0005 13       		.uleb128 0x13
 1298 0006 0B       		.uleb128 0xb
 1299 0007 03       		.uleb128 0x3
 1300 0008 0E       		.uleb128 0xe
 1301 0009 1B       		.uleb128 0x1b
 1302 000a 0E       		.uleb128 0xe
 1303 000b 10       		.uleb128 0x10
 1304 000c 17       		.uleb128 0x17
 1305 000d 00       		.byte	0
 1306 000e 00       		.byte	0
 1307 000f 02       		.uleb128 0x2
ARM GAS  C:\Users\cendi\AppData\Local\Temp\ccInKsDC.s 			page 24


 1308 0010 24       		.uleb128 0x24
 1309 0011 00       		.byte	0
 1310 0012 0B       		.uleb128 0xb
 1311 0013 0B       		.uleb128 0xb
 1312 0014 3E       		.uleb128 0x3e
 1313 0015 0B       		.uleb128 0xb
 1314 0016 03       		.uleb128 0x3
 1315 0017 0E       		.uleb128 0xe
 1316 0018 00       		.byte	0
 1317 0019 00       		.byte	0
 1318 001a 03       		.uleb128 0x3
 1319 001b 16       		.uleb128 0x16
 1320 001c 00       		.byte	0
 1321 001d 03       		.uleb128 0x3
 1322 001e 0E       		.uleb128 0xe
 1323 001f 3A       		.uleb128 0x3a
 1324 0020 0B       		.uleb128 0xb
 1325 0021 3B       		.uleb128 0x3b
 1326 0022 0B       		.uleb128 0xb
 1327 0023 49       		.uleb128 0x49
 1328 0024 13       		.uleb128 0x13
 1329 0025 00       		.byte	0
 1330 0026 00       		.byte	0
 1331 0027 04       		.uleb128 0x4
 1332 0028 24       		.uleb128 0x24
 1333 0029 00       		.byte	0
 1334 002a 0B       		.uleb128 0xb
 1335 002b 0B       		.uleb128 0xb
 1336 002c 3E       		.uleb128 0x3e
 1337 002d 0B       		.uleb128 0xb
 1338 002e 03       		.uleb128 0x3
 1339 002f 08       		.uleb128 0x8
 1340 0030 00       		.byte	0
 1341 0031 00       		.byte	0
 1342 0032 05       		.uleb128 0x5
 1343 0033 01       		.uleb128 0x1
 1344 0034 01       		.byte	0x1
 1345 0035 49       		.uleb128 0x49
 1346 0036 13       		.uleb128 0x13
 1347 0037 01       		.uleb128 0x1
 1348 0038 13       		.uleb128 0x13
 1349 0039 00       		.byte	0
 1350 003a 00       		.byte	0
 1351 003b 06       		.uleb128 0x6
 1352 003c 21       		.uleb128 0x21
 1353 003d 00       		.byte	0
 1354 003e 49       		.uleb128 0x49
 1355 003f 13       		.uleb128 0x13
 1356 0040 2F       		.uleb128 0x2f
 1357 0041 05       		.uleb128 0x5
 1358 0042 00       		.byte	0
 1359 0043 00       		.byte	0
 1360 0044 07       		.uleb128 0x7
 1361 0045 26       		.uleb128 0x26
 1362 0046 00       		.byte	0
 1363 0047 49       		.uleb128 0x49
 1364 0048 13       		.uleb128 0x13
ARM GAS  C:\Users\cendi\AppData\Local\Temp\ccInKsDC.s 			page 25


 1365 0049 00       		.byte	0
 1366 004a 00       		.byte	0
 1367 004b 08       		.uleb128 0x8
 1368 004c 34       		.uleb128 0x34
 1369 004d 00       		.byte	0
 1370 004e 03       		.uleb128 0x3
 1371 004f 0E       		.uleb128 0xe
 1372 0050 3A       		.uleb128 0x3a
 1373 0051 0B       		.uleb128 0xb
 1374 0052 3B       		.uleb128 0x3b
 1375 0053 0B       		.uleb128 0xb
 1376 0054 49       		.uleb128 0x49
 1377 0055 13       		.uleb128 0x13
 1378 0056 3F       		.uleb128 0x3f
 1379 0057 19       		.uleb128 0x19
 1380 0058 02       		.uleb128 0x2
 1381 0059 18       		.uleb128 0x18
 1382 005a 00       		.byte	0
 1383 005b 00       		.byte	0
 1384 005c 09       		.uleb128 0x9
 1385 005d 21       		.uleb128 0x21
 1386 005e 00       		.byte	0
 1387 005f 49       		.uleb128 0x49
 1388 0060 13       		.uleb128 0x13
 1389 0061 2F       		.uleb128 0x2f
 1390 0062 0B       		.uleb128 0xb
 1391 0063 00       		.byte	0
 1392 0064 00       		.byte	0
 1393 0065 00       		.byte	0
 1394              		.section	.debug_aranges,"",%progbits
 1395 0000 14000000 		.4byte	0x14
 1396 0004 0200     		.2byte	0x2
 1397 0006 00000000 		.4byte	.Ldebug_info0
 1398 000a 04       		.byte	0x4
 1399 000b 00       		.byte	0
 1400 000c 0000     		.2byte	0
 1401 000e 0000     		.2byte	0
 1402 0010 00000000 		.4byte	0
 1403 0014 00000000 		.4byte	0
 1404              		.section	.debug_line,"",%progbits
 1405              	.Ldebug_line0:
 1406 0000 3D010000 		.section	.debug_str,"MS",%progbits,1
 1406      02003701 
 1406      00000201 
 1406      FB0E0D00 
 1406      01010101 
 1407              	.LASF9:
 1408 0000 5F5F7569 		.ascii	"__uint8_t\000"
 1408      6E74385F 
 1408      7400
 1409              	.LASF16:
 1410 000a 63795F6D 		.ascii	"cy_metadata\000"
 1410      65746164 
 1410      61746100 
 1411              	.LASF1:
 1412 0016 756E7369 		.ascii	"unsigned char\000"
 1412      676E6564 
ARM GAS  C:\Users\cendi\AppData\Local\Temp\ccInKsDC.s 			page 26


 1412      20636861 
 1412      7200
 1413              	.LASF17:
 1414 0024 474E5520 		.ascii	"GNU C11 5.4.1 20160609 (release) [ARM/embedded-5-br"
 1414      43313120 
 1414      352E342E 
 1414      31203230 
 1414      31363036 
 1415 0057 616E6368 		.ascii	"anch revision 237715] -mcpu=cortex-m3 -mthumb -g -O"
 1415      20726576 
 1415      6973696F 
 1415      6E203233 
 1415      37373135 
 1416 008a 67202D66 		.ascii	"g -ffunction-sections -ffat-lto-objects\000"
 1416      66756E63 
 1416      74696F6E 
 1416      2D736563 
 1416      74696F6E 
 1417              	.LASF5:
 1418 00b2 6C6F6E67 		.ascii	"long unsigned int\000"
 1418      20756E73 
 1418      69676E65 
 1418      6420696E 
 1418      7400
 1419              	.LASF3:
 1420 00c4 73686F72 		.ascii	"short unsigned int\000"
 1420      7420756E 
 1420      7369676E 
 1420      65642069 
 1420      6E7400
 1421              	.LASF13:
 1422 00d7 63795F6D 		.ascii	"cy_meta_custnvl\000"
 1422      6574615F 
 1422      63757374 
 1422      6E766C00 
 1423              	.LASF12:
 1424 00e7 63795F6D 		.ascii	"cy_meta_configecc\000"
 1424      6574615F 
 1424      636F6E66 
 1424      69676563 
 1424      6300
 1425              	.LASF8:
 1426 00f9 756E7369 		.ascii	"unsigned int\000"
 1426      676E6564 
 1426      20696E74 
 1426      00
 1427              	.LASF7:
 1428 0106 6C6F6E67 		.ascii	"long long unsigned int\000"
 1428      206C6F6E 
 1428      6720756E 
 1428      7369676E 
 1428      65642069 
 1429              	.LASF10:
 1430 011d 75696E74 		.ascii	"uint8_t\000"
 1430      385F7400 
 1431              	.LASF15:
 1432 0125 63795F6D 		.ascii	"cy_meta_flashprotect\000"
ARM GAS  C:\Users\cendi\AppData\Local\Temp\ccInKsDC.s 			page 27


 1432      6574615F 
 1432      666C6173 
 1432      6870726F 
 1432      74656374 
 1433              	.LASF14:
 1434 013a 63795F6D 		.ascii	"cy_meta_wonvl\000"
 1434      6574615F 
 1434      776F6E76 
 1434      6C00
 1435              	.LASF11:
 1436 0148 73697A65 		.ascii	"sizetype\000"
 1436      74797065 
 1436      00
 1437              	.LASF6:
 1438 0151 6C6F6E67 		.ascii	"long long int\000"
 1438      206C6F6E 
 1438      6720696E 
 1438      7400
 1439              	.LASF2:
 1440 015f 73686F72 		.ascii	"short int\000"
 1440      7420696E 
 1440      7400
 1441              	.LASF4:
 1442 0169 6C6F6E67 		.ascii	"long int\000"
 1442      20696E74 
 1442      00
 1443              	.LASF19:
 1444 0172 433A5C55 		.ascii	"C:\\Users\\cendi\\OneDrive\\Dokumenter\\Marcus ting"
 1444      73657273 
 1444      5C63656E 
 1444      64695C4F 
 1444      6E654472 
 1445 01a0 5C536B6F 		.ascii	"\\Skoleting\\3.Semester\\GFV\\LAB1\\Lab-MotorContro"
 1445      6C657469 
 1445      6E675C33 
 1445      2E53656D 
 1445      65737465 
 1446 01ce 6C2D4772 		.ascii	"l-Group21\\DC-motor\\DC-Motor-PWM.cydsn\000"
 1446      6F757032 
 1446      315C4443 
 1446      2D6D6F74 
 1446      6F725C44 
 1447              	.LASF0:
 1448 01f4 7369676E 		.ascii	"signed char\000"
 1448      65642063 
 1448      68617200 
 1449              	.LASF18:
 1450 0200 47656E65 		.ascii	"Generated_Source\\PSoC5\\cymetadata.c\000"
 1450      72617465 
 1450      645F536F 
 1450      75726365 
 1450      5C50536F 
 1451              		.ident	"GCC: (GNU Tools for ARM Embedded Processors) 5.4.1 20160609 (release) [ARM/embedded-5-bran
