--------------- Clean Started: 03/04/2019 22:08:37 Project: DC-Motor-PWM, Configuration: ARM GCC 5.4-2016-q2-update Debug ---------------
Deleting file ".\CortexM3\ARM_GCC_541\Debug\main.o"
Deleting file ".\CortexM3\ARM_GCC_541\Debug\cyfitter_cfg.o"
Deleting file ".\CortexM3\ARM_GCC_541\Debug\cymetadata.o"
Deleting file ".\CortexM3\ARM_GCC_541\Debug\UART_1.o"
Deleting file ".\CortexM3\ARM_GCC_541\Debug\UART_1_PM.o"
Deleting file ".\CortexM3\ARM_GCC_541\Debug\UART_1_INT.o"
Deleting file ".\CortexM3\ARM_GCC_541\Debug\UART_1_BOOT.o"
Deleting file ".\CortexM3\ARM_GCC_541\Debug\isr_uart_rx.o"
Deleting file ".\CortexM3\ARM_GCC_541\Debug\PWM_1.o"
Deleting file ".\CortexM3\ARM_GCC_541\Debug\PWM_1_PM.o"
Deleting file ".\CortexM3\ARM_GCC_541\Debug\Clock_PWM.o"
Deleting file ".\CortexM3\ARM_GCC_541\Debug\Pin_PWM.o"
Deleting file ".\CortexM3\ARM_GCC_541\Debug\UART_1_IntClock.o"
Deleting file ".\CortexM3\ARM_GCC_541\Debug\Cm3Start.o"
Deleting file ".\CortexM3\ARM_GCC_541\Debug\CyBootAsmGnu.o"
Deleting file ".\CortexM3\ARM_GCC_541\Debug\CyDmac.o"
Deleting file ".\CortexM3\ARM_GCC_541\Debug\CyFlash.o"
Deleting file ".\CortexM3\ARM_GCC_541\Debug\CyLib.o"
Deleting file ".\CortexM3\ARM_GCC_541\Debug\cyPm.o"
Deleting file ".\CortexM3\ARM_GCC_541\Debug\CySpc.o"
Deleting file ".\CortexM3\ARM_GCC_541\Debug\cyutils.o"
Deleting file ".\CortexM3\ARM_GCC_541\Debug\cy_em_eeprom.o"
Deleting file ".\CortexM3\ARM_GCC_541\Debug\Pin_EN.o"
Deleting file ".\CortexM3\ARM_GCC_541\Debug\Pin_LN1.o"
Deleting file ".\CortexM3\ARM_GCC_541\Debug\Pin_LN2.o"
Deleting file ".\CortexM3\ARM_GCC_541\Debug\Pin_1A.o"
Deleting file ".\CortexM3\ARM_GCC_541\Debug\Pin_2A.o"
Deleting file ".\CortexM3\ARM_GCC_541\Debug\Pin_1B.o"
Deleting file ".\CortexM3\ARM_GCC_541\Debug\Pin_2B.o"
Deleting file ".\CortexM3\ARM_GCC_541\Debug\DC-Motor-PWM.hex"
Deleting file ".\CortexM3\ARM_GCC_541\Debug\DC-Motor-PWM.elf"
Deleting file ".\CortexM3\ARM_GCC_541\Debug\DC-Motor-PWM.map"
Deleting file ".\DC-Motor-PWM.rpt"
Deleting file ".\DC-Motor-PWM_timing.html"
Deleting file ".\CortexM3\ARM_GCC_541\Debug\.deps\SOURCE_C__ARM_GCC_GENERIC.P"
Deleting file ".\CortexM3\ARM_GCC_541\Debug\.deps\SOURCE_ASM__ARM_GCC_GENERIC.P"
--------------- Clean Succeeded: 03/04/2019 22:08:37 ---------------
