ARM GAS  C:\Users\marti\AppData\Local\Temp\cc68jJpO.s 			page 1


   1              		.syntax unified
   2              		.cpu cortex-m3
   3              		.fpu softvfp
   4              		.eabi_attribute 20, 1
   5              		.eabi_attribute 21, 1
   6              		.eabi_attribute 23, 3
   7              		.eabi_attribute 24, 1
   8              		.eabi_attribute 25, 1
   9              		.eabi_attribute 26, 1
  10              		.eabi_attribute 30, 1
  11              		.eabi_attribute 34, 1
  12              		.eabi_attribute 18, 4
  13              		.thumb
  14              		.syntax unified
  15              		.file	"cymetadata.c"
  16              		.text
  17              	.Ltext0:
  18              		.cfi_sections	.debug_frame
  19              		.global	cy_metadata
  20              		.global	cy_meta_flashprotect
  21              		.global	cy_meta_wonvl
  22              		.global	cy_meta_custnvl
  23              		.global	cy_meta_configecc
  24              		.section	.cyconfigecc,"a",%progbits
  25              		.align	2
  26              		.type	cy_meta_configecc, %object
  27              		.size	cy_meta_configecc, 1388
  28              	cy_meta_configecc:
  29 0000 01       		.byte	1
  30 0001 52       		.byte	82
  31 0002 00       		.byte	0
  32 0003 40       		.byte	64
  33 0004 04       		.byte	4
  34 0005 64       		.byte	100
  35 0006 00       		.byte	0
  36 0007 40       		.byte	64
  37 0008 02       		.byte	2
  38 0009 65       		.byte	101
  39 000a 00       		.byte	0
  40 000b 40       		.byte	64
  41 000c 3F       		.byte	63
  42 000d 08       		.byte	8
  43 000e 01       		.byte	1
  44 000f 40       		.byte	64
  45 0010 49       		.byte	73
  46 0011 09       		.byte	9
  47 0012 01       		.byte	1
  48 0013 40       		.byte	64
  49 0014 47       		.byte	71
  50 0015 0A       		.byte	10
  51 0016 01       		.byte	1
  52 0017 40       		.byte	64
  53 0018 3A       		.byte	58
  54 0019 0B       		.byte	11
  55 001a 01       		.byte	1
  56 001b 40       		.byte	64
  57 001c 04       		.byte	4
ARM GAS  C:\Users\marti\AppData\Local\Temp\cc68jJpO.s 			page 2


  58 001d 0D       		.byte	13
  59 001e 01       		.byte	1
  60 001f 40       		.byte	64
  61 0020 01       		.byte	1
  62 0021 17       		.byte	23
  63 0022 01       		.byte	1
  64 0023 40       		.byte	64
  65 0024 19       		.byte	25
  66 0025 18       		.byte	24
  67 0026 01       		.byte	1
  68 0027 40       		.byte	64
  69 0028 4D       		.byte	77
  70 0029 19       		.byte	25
  71 002a 01       		.byte	1
  72 002b 40       		.byte	64
  73 002c 4C       		.byte	76
  74 002d 1A       		.byte	26
  75 002e 01       		.byte	1
  76 002f 40       		.byte	64
  77 0030 43       		.byte	67
  78 0031 1B       		.byte	27
  79 0032 01       		.byte	1
  80 0033 40       		.byte	64
  81 0034 02       		.byte	2
  82 0035 40       		.byte	64
  83 0036 01       		.byte	1
  84 0037 40       		.byte	64
  85 0038 01       		.byte	1
  86 0039 41       		.byte	65
  87 003a 01       		.byte	1
  88 003b 40       		.byte	64
  89 003c 01       		.byte	1
  90 003d 42       		.byte	66
  91 003e 01       		.byte	1
  92 003f 40       		.byte	64
  93 0040 01       		.byte	1
  94 0041 43       		.byte	67
  95 0042 01       		.byte	1
  96 0043 40       		.byte	64
  97 0044 0B       		.byte	11
  98 0045 45       		.byte	69
  99 0046 01       		.byte	1
 100 0047 40       		.byte	64
 101 0048 01       		.byte	1
 102 0049 46       		.byte	70
 103 004a 01       		.byte	1
 104 004b 40       		.byte	64
 105 004c 03       		.byte	3
 106 004d 47       		.byte	71
 107 004e 01       		.byte	1
 108 004f 40       		.byte	64
 109 0050 03       		.byte	3
 110 0051 48       		.byte	72
 111 0052 01       		.byte	1
 112 0053 40       		.byte	64
 113 0054 01       		.byte	1
 114 0055 4C       		.byte	76
ARM GAS  C:\Users\marti\AppData\Local\Temp\cc68jJpO.s 			page 3


 115 0056 01       		.byte	1
 116 0057 40       		.byte	64
 117 0058 07       		.byte	7
 118 0059 4D       		.byte	77
 119 005a 01       		.byte	1
 120 005b 40       		.byte	64
 121 005c 04       		.byte	4
 122 005d 50       		.byte	80
 123 005e 01       		.byte	1
 124 005f 40       		.byte	64
 125 0060 01       		.byte	1
 126 0061 51       		.byte	81
 127 0062 01       		.byte	1
 128 0063 40       		.byte	64
 129 0064 10       		.byte	16
 130 0065 40       		.byte	64
 131 0066 88       		.byte	-120
 132 0067 47       		.byte	71
 133 0068 89       		.byte	-119
 134 0069 72       		.byte	114
 135 006a 8A       		.byte	-118
 136 006b 07       		.byte	7
 137 006c 8B       		.byte	-117
 138 006d 0F       		.byte	15
 139 006e 89       		.byte	-119
 140 006f 38       		.byte	56
 141 0070 8A       		.byte	-118
 142 0071 78       		.byte	120
 143 0072 02       		.byte	2
 144 0073 05       		.byte	5
 145 0074 0E       		.byte	14
 146 0075 08       		.byte	8
 147 0076 10       		.byte	16
 148 0077 0A       		.byte	10
 149 0078 12       		.byte	18
 150 0079 04       		.byte	4
 151 007a 18       		.byte	24
 152 007b 03       		.byte	3
 153 007c 19       		.byte	25
 154 007d 03       		.byte	3
 155 007e 1A       		.byte	26
 156 007f 0C       		.byte	12
 157 0080 20       		.byte	32
 158 0081 03       		.byte	3
 159 0082 22       		.byte	34
 160 0083 04       		.byte	4
 161 0084 23       		.byte	35
 162 0085 02       		.byte	2
 163 0086 27       		.byte	39
 164 0087 07       		.byte	7
 165 0088 28       		.byte	40
 166 0089 03       		.byte	3
 167 008a 2A       		.byte	42
 168 008b 04       		.byte	4
 169 008c 31       		.byte	49
 170 008d 02       		.byte	2
 171 008e 33       		.byte	51
ARM GAS  C:\Users\marti\AppData\Local\Temp\cc68jJpO.s 			page 4


 172 008f 04       		.byte	4
 173 0090 34       		.byte	52
 174 0091 0F       		.byte	15
 175 0092 35       		.byte	53
 176 0093 01       		.byte	1
 177 0094 3A       		.byte	58
 178 0095 20       		.byte	32
 179 0096 3F       		.byte	63
 180 0097 11       		.byte	17
 181 0098 54       		.byte	84
 182 0099 41       		.byte	65
 183 009a 58       		.byte	88
 184 009b 04       		.byte	4
 185 009c 59       		.byte	89
 186 009d 04       		.byte	4
 187 009e 5B       		.byte	91
 188 009f 04       		.byte	4
 189 00a0 5C       		.byte	92
 190 00a1 01       		.byte	1
 191 00a2 5F       		.byte	95
 192 00a3 01       		.byte	1
 193 00a4 80       		.byte	-128
 194 00a5 E7       		.byte	-25
 195 00a6 82       		.byte	-126
 196 00a7 18       		.byte	24
 197 00a8 84       		.byte	-124
 198 00a9 44       		.byte	68
 199 00aa 85       		.byte	-123
 200 00ab 01       		.byte	1
 201 00ac 88       		.byte	-120
 202 00ad FF       		.byte	-1
 203 00ae 8E       		.byte	-114
 204 00af E3       		.byte	-29
 205 00b0 8F       		.byte	-113
 206 00b1 01       		.byte	1
 207 00b2 90       		.byte	-112
 208 00b3 80       		.byte	-128
 209 00b4 94       		.byte	-108
 210 00b5 C0       		.byte	-64
 211 00b6 95       		.byte	-107
 212 00b7 02       		.byte	2
 213 00b8 98       		.byte	-104
 214 00b9 1C       		.byte	28
 215 00ba 99       		.byte	-103
 216 00bb 04       		.byte	4
 217 00bc 9A       		.byte	-102
 218 00bd E2       		.byte	-30
 219 00be 9C       		.byte	-100
 220 00bf 1C       		.byte	28
 221 00c0 9E       		.byte	-98
 222 00c1 E1       		.byte	-31
 223 00c2 A0       		.byte	-96
 224 00c3 10       		.byte	16
 225 00c4 A1       		.byte	-95
 226 00c5 02       		.byte	2
 227 00c6 A4       		.byte	-92
 228 00c7 08       		.byte	8
ARM GAS  C:\Users\marti\AppData\Local\Temp\cc68jJpO.s 			page 5


 229 00c8 A8       		.byte	-88
 230 00c9 18       		.byte	24
 231 00ca A9       		.byte	-87
 232 00cb 02       		.byte	2
 233 00cc AD       		.byte	-83
 234 00cd 02       		.byte	2
 235 00ce AE       		.byte	-82
 236 00cf 04       		.byte	4
 237 00d0 B0       		.byte	-80
 238 00d1 38       		.byte	56
 239 00d2 B1       		.byte	-79
 240 00d3 02       		.byte	2
 241 00d4 B3       		.byte	-77
 242 00d5 01       		.byte	1
 243 00d6 B4       		.byte	-76
 244 00d7 1F       		.byte	31
 245 00d8 B5       		.byte	-75
 246 00d9 04       		.byte	4
 247 00da B6       		.byte	-74
 248 00db C0       		.byte	-64
 249 00dc BA       		.byte	-70
 250 00dd 22       		.byte	34
 251 00de BF       		.byte	-65
 252 00df 15       		.byte	21
 253 00e0 D6       		.byte	-42
 254 00e1 02       		.byte	2
 255 00e2 D7       		.byte	-41
 256 00e3 13       		.byte	19
 257 00e4 D8       		.byte	-40
 258 00e5 04       		.byte	4
 259 00e6 D9       		.byte	-39
 260 00e7 04       		.byte	4
 261 00e8 DB       		.byte	-37
 262 00e9 04       		.byte	4
 263 00ea DC       		.byte	-36
 264 00eb 01       		.byte	1
 265 00ec DD       		.byte	-35
 266 00ed 10       		.byte	16
 267 00ee DF       		.byte	-33
 268 00ef 01       		.byte	1
 269 00f0 00       		.byte	0
 270 00f1 08       		.byte	8
 271 00f2 01       		.byte	1
 272 00f3 82       		.byte	-126
 273 00f4 03       		.byte	3
 274 00f5 08       		.byte	8
 275 00f6 04       		.byte	4
 276 00f7 02       		.byte	2
 277 00f8 07       		.byte	7
 278 00f9 01       		.byte	1
 279 00fa 08       		.byte	8
 280 00fb 40       		.byte	64
 281 00fc 0A       		.byte	10
 282 00fd 58       		.byte	88
 283 00fe 0C       		.byte	12
 284 00ff 40       		.byte	64
 285 0100 0E       		.byte	14
ARM GAS  C:\Users\marti\AppData\Local\Temp\cc68jJpO.s 			page 6


 286 0101 04       		.byte	4
 287 0102 0F       		.byte	15
 288 0103 42       		.byte	66
 289 0104 10       		.byte	16
 290 0105 A0       		.byte	-96
 291 0106 11       		.byte	17
 292 0107 80       		.byte	-128
 293 0108 13       		.byte	19
 294 0109 10       		.byte	16
 295 010a 16       		.byte	22
 296 010b 40       		.byte	64
 297 010c 17       		.byte	23
 298 010d 20       		.byte	32
 299 010e 19       		.byte	25
 300 010f 10       		.byte	16
 301 0110 1A       		.byte	26
 302 0111 09       		.byte	9
 303 0112 1B       		.byte	27
 304 0113 01       		.byte	1
 305 0114 1E       		.byte	30
 306 0115 04       		.byte	4
 307 0116 1F       		.byte	31
 308 0117 20       		.byte	32
 309 0118 22       		.byte	34
 310 0119 29       		.byte	41
 311 011a 25       		.byte	37
 312 011b 20       		.byte	32
 313 011c 27       		.byte	39
 314 011d 90       		.byte	-112
 315 011e 28       		.byte	40
 316 011f 01       		.byte	1
 317 0120 29       		.byte	41
 318 0121 12       		.byte	18
 319 0122 2B       		.byte	43
 320 0123 01       		.byte	1
 321 0124 2F       		.byte	47
 322 0125 50       		.byte	80
 323 0126 31       		.byte	49
 324 0127 04       		.byte	4
 325 0128 32       		.byte	50
 326 0129 10       		.byte	16
 327 012a 33       		.byte	51
 328 012b 08       		.byte	8
 329 012c 37       		.byte	55
 330 012d 10       		.byte	16
 331 012e 3A       		.byte	58
 332 012f 88       		.byte	-120
 333 0130 45       		.byte	69
 334 0131 20       		.byte	32
 335 0132 46       		.byte	70
 336 0133 04       		.byte	4
 337 0134 5A       		.byte	90
 338 0135 02       		.byte	2
 339 0136 5C       		.byte	92
 340 0137 20       		.byte	32
 341 0138 5F       		.byte	95
 342 0139 88       		.byte	-120
ARM GAS  C:\Users\marti\AppData\Local\Temp\cc68jJpO.s 			page 7


 343 013a 66       		.byte	102
 344 013b 04       		.byte	4
 345 013c 68       		.byte	104
 346 013d 10       		.byte	16
 347 013e 69       		.byte	105
 348 013f 14       		.byte	20
 349 0140 6A       		.byte	106
 350 0141 80       		.byte	-128
 351 0142 70       		.byte	112
 352 0143 A0       		.byte	-96
 353 0144 73       		.byte	115
 354 0145 10       		.byte	16
 355 0146 78       		.byte	120
 356 0147 02       		.byte	2
 357 0148 79       		.byte	121
 358 0149 02       		.byte	2
 359 014a 86       		.byte	-122
 360 014b 28       		.byte	40
 361 014c 91       		.byte	-111
 362 014d 03       		.byte	3
 363 014e 93       		.byte	-109
 364 014f 04       		.byte	4
 365 0150 94       		.byte	-108
 366 0151 48       		.byte	72
 367 0152 95       		.byte	-107
 368 0153 10       		.byte	16
 369 0154 96       		.byte	-106
 370 0155 80       		.byte	-128
 371 0156 98       		.byte	-104
 372 0157 20       		.byte	32
 373 0158 99       		.byte	-103
 374 0159 40       		.byte	64
 375 015a 9A       		.byte	-102
 376 015b 89       		.byte	-119
 377 015c 9E       		.byte	-98
 378 015d 42       		.byte	66
 379 015e A2       		.byte	-94
 380 015f 50       		.byte	80
 381 0160 A4       		.byte	-92
 382 0161 10       		.byte	16
 383 0162 A7       		.byte	-89
 384 0163 04       		.byte	4
 385 0164 AD       		.byte	-83
 386 0165 08       		.byte	8
 387 0166 AE       		.byte	-82
 388 0167 40       		.byte	64
 389 0168 AF       		.byte	-81
 390 0169 14       		.byte	20
 391 016a B0       		.byte	-80
 392 016b 04       		.byte	4
 393 016c B2       		.byte	-78
 394 016d 40       		.byte	64
 395 016e C0       		.byte	-64
 396 016f 9F       		.byte	-97
 397 0170 C2       		.byte	-62
 398 0171 5F       		.byte	95
 399 0172 C4       		.byte	-60
ARM GAS  C:\Users\marti\AppData\Local\Temp\cc68jJpO.s 			page 8


 400 0173 5F       		.byte	95
 401 0174 CA       		.byte	-54
 402 0175 CD       		.byte	-51
 403 0176 CC       		.byte	-52
 404 0177 26       		.byte	38
 405 0178 CE       		.byte	-50
 406 0179 0A       		.byte	10
 407 017a D6       		.byte	-42
 408 017b 71       		.byte	113
 409 017c D8       		.byte	-40
 410 017d 40       		.byte	64
 411 017e E0       		.byte	-32
 412 017f 08       		.byte	8
 413 0180 E4       		.byte	-28
 414 0181 02       		.byte	2
 415 0182 07       		.byte	7
 416 0183 01       		.byte	1
 417 0184 08       		.byte	8
 418 0185 01       		.byte	1
 419 0186 10       		.byte	16
 420 0187 01       		.byte	1
 421 0188 25       		.byte	37
 422 0189 02       		.byte	2
 423 018a 28       		.byte	40
 424 018b 01       		.byte	1
 425 018c 2B       		.byte	43
 426 018d 01       		.byte	1
 427 018e 31       		.byte	49
 428 018f 01       		.byte	1
 429 0190 33       		.byte	51
 430 0191 02       		.byte	2
 431 0192 36       		.byte	54
 432 0193 01       		.byte	1
 433 0194 3F       		.byte	63
 434 0195 05       		.byte	5
 435 0196 56       		.byte	86
 436 0197 02       		.byte	2
 437 0198 57       		.byte	87
 438 0199 28       		.byte	40
 439 019a 58       		.byte	88
 440 019b 04       		.byte	4
 441 019c 59       		.byte	89
 442 019d 04       		.byte	4
 443 019e 5B       		.byte	91
 444 019f 24       		.byte	36
 445 01a0 5C       		.byte	92
 446 01a1 01       		.byte	1
 447 01a2 5D       		.byte	93
 448 01a3 80       		.byte	-128
 449 01a4 5E       		.byte	94
 450 01a5 08       		.byte	8
 451 01a6 5F       		.byte	95
 452 01a7 11       		.byte	17
 453 01a8 81       		.byte	-127
 454 01a9 21       		.byte	33
 455 01aa 83       		.byte	-125
 456 01ab 02       		.byte	2
ARM GAS  C:\Users\marti\AppData\Local\Temp\cc68jJpO.s 			page 9


 457 01ac 87       		.byte	-121
 458 01ad 20       		.byte	32
 459 01ae 89       		.byte	-119
 460 01af 21       		.byte	33
 461 01b0 8A       		.byte	-118
 462 01b1 02       		.byte	2
 463 01b2 8B       		.byte	-117
 464 01b3 08       		.byte	8
 465 01b4 8C       		.byte	-116
 466 01b5 04       		.byte	4
 467 01b6 92       		.byte	-110
 468 01b7 01       		.byte	1
 469 01b8 97       		.byte	-105
 470 01b9 01       		.byte	1
 471 01ba 98       		.byte	-104
 472 01bb 01       		.byte	1
 473 01bc 99       		.byte	-103
 474 01bd 21       		.byte	33
 475 01be 9B       		.byte	-101
 476 01bf 04       		.byte	4
 477 01c0 9C       		.byte	-100
 478 01c1 01       		.byte	1
 479 01c2 A3       		.byte	-93
 480 01c3 1E       		.byte	30
 481 01c4 A8       		.byte	-88
 482 01c5 01       		.byte	1
 483 01c6 AD       		.byte	-83
 484 01c7 10       		.byte	16
 485 01c8 AF       		.byte	-81
 486 01c9 21       		.byte	33
 487 01ca B1       		.byte	-79
 488 01cb 1F       		.byte	31
 489 01cc B2       		.byte	-78
 490 01cd 01       		.byte	1
 491 01ce B4       		.byte	-76
 492 01cf 04       		.byte	4
 493 01d0 B5       		.byte	-75
 494 01d1 20       		.byte	32
 495 01d2 B6       		.byte	-74
 496 01d3 02       		.byte	2
 497 01d4 BE       		.byte	-66
 498 01d5 14       		.byte	20
 499 01d6 BF       		.byte	-65
 500 01d7 11       		.byte	17
 501 01d8 C0       		.byte	-64
 502 01d9 03       		.byte	3
 503 01da C1       		.byte	-63
 504 01db 06       		.byte	6
 505 01dc C2       		.byte	-62
 506 01dd 30       		.byte	48
 507 01de C4       		.byte	-60
 508 01df 01       		.byte	1
 509 01e0 C5       		.byte	-59
 510 01e1 CE       		.byte	-50
 511 01e2 C6       		.byte	-58
 512 01e3 0B       		.byte	11
 513 01e4 C7       		.byte	-57
ARM GAS  C:\Users\marti\AppData\Local\Temp\cc68jJpO.s 			page 10


 514 01e5 FD       		.byte	-3
 515 01e6 C8       		.byte	-56
 516 01e7 37       		.byte	55
 517 01e8 C9       		.byte	-55
 518 01e9 FF       		.byte	-1
 519 01ea CA       		.byte	-54
 520 01eb FF       		.byte	-1
 521 01ec CB       		.byte	-53
 522 01ed FF       		.byte	-1
 523 01ee CC       		.byte	-52
 524 01ef 22       		.byte	34
 525 01f0 CE       		.byte	-50
 526 01f1 F0       		.byte	-16
 527 01f2 CF       		.byte	-49
 528 01f3 0C       		.byte	12
 529 01f4 D0       		.byte	-48
 530 01f5 8C       		.byte	-116
 531 01f6 D1       		.byte	-47
 532 01f7 10       		.byte	16
 533 01f8 D4       		.byte	-44
 534 01f9 01       		.byte	1
 535 01fa D8       		.byte	-40
 536 01fb 04       		.byte	4
 537 01fc D9       		.byte	-39
 538 01fd 04       		.byte	4
 539 01fe DA       		.byte	-38
 540 01ff 24       		.byte	36
 541 0200 DB       		.byte	-37
 542 0201 04       		.byte	4
 543 0202 DC       		.byte	-36
 544 0203 08       		.byte	8
 545 0204 DD       		.byte	-35
 546 0205 18       		.byte	24
 547 0206 DF       		.byte	-33
 548 0207 11       		.byte	17
 549 0208 E8       		.byte	-24
 550 0209 40       		.byte	64
 551 020a E9       		.byte	-23
 552 020b 01       		.byte	1
 553 020c EA       		.byte	-22
 554 020d C0       		.byte	-64
 555 020e EB       		.byte	-21
 556 020f 01       		.byte	1
 557 0210 00       		.byte	0
 558 0211 20       		.byte	32
 559 0212 06       		.byte	6
 560 0213 02       		.byte	2
 561 0214 07       		.byte	7
 562 0215 06       		.byte	6
 563 0216 0A       		.byte	10
 564 0217 80       		.byte	-128
 565 0218 0D       		.byte	13
 566 0219 10       		.byte	16
 567 021a 0E       		.byte	14
 568 021b 41       		.byte	65
 569 021c 11       		.byte	17
 570 021d 10       		.byte	16
ARM GAS  C:\Users\marti\AppData\Local\Temp\cc68jJpO.s 			page 11


 571 021e 17       		.byte	23
 572 021f 10       		.byte	16
 573 0220 19       		.byte	25
 574 0221 40       		.byte	64
 575 0222 1D       		.byte	29
 576 0223 08       		.byte	8
 577 0224 1E       		.byte	30
 578 0225 04       		.byte	4
 579 0226 1F       		.byte	31
 580 0227 80       		.byte	-128
 581 0228 20       		.byte	32
 582 0229 10       		.byte	16
 583 022a 21       		.byte	33
 584 022b 01       		.byte	1
 585 022c 22       		.byte	34
 586 022d 04       		.byte	4
 587 022e 26       		.byte	38
 588 022f 10       		.byte	16
 589 0230 27       		.byte	39
 590 0231 40       		.byte	64
 591 0232 29       		.byte	41
 592 0233 08       		.byte	8
 593 0234 2A       		.byte	42
 594 0235 08       		.byte	8
 595 0236 2B       		.byte	43
 596 0237 14       		.byte	20
 597 0238 2E       		.byte	46
 598 0239 40       		.byte	64
 599 023a 2F       		.byte	47
 600 023b 80       		.byte	-128
 601 023c 34       		.byte	52
 602 023d 04       		.byte	4
 603 023e 37       		.byte	55
 604 023f 14       		.byte	20
 605 0240 38       		.byte	56
 606 0241 08       		.byte	8
 607 0242 3C       		.byte	60
 608 0243 08       		.byte	8
 609 0244 3E       		.byte	62
 610 0245 11       		.byte	17
 611 0246 45       		.byte	69
 612 0247 08       		.byte	8
 613 0248 47       		.byte	71
 614 0249 40       		.byte	64
 615 024a 4D       		.byte	77
 616 024b 01       		.byte	1
 617 024c 4E       		.byte	78
 618 024d 14       		.byte	20
 619 024e 54       		.byte	84
 620 024f 04       		.byte	4
 621 0250 56       		.byte	86
 622 0251 81       		.byte	-127
 623 0252 58       		.byte	88
 624 0253 20       		.byte	32
 625 0254 5A       		.byte	90
 626 0255 20       		.byte	32
 627 0256 5C       		.byte	92
ARM GAS  C:\Users\marti\AppData\Local\Temp\cc68jJpO.s 			page 12


 628 0257 40       		.byte	64
 629 0258 5E       		.byte	94
 630 0259 04       		.byte	4
 631 025a 5F       		.byte	95
 632 025b 12       		.byte	18
 633 025c 60       		.byte	96
 634 025d 10       		.byte	16
 635 025e 69       		.byte	105
 636 025f 20       		.byte	32
 637 0260 6A       		.byte	106
 638 0261 51       		.byte	81
 639 0262 6B       		.byte	107
 640 0263 10       		.byte	16
 641 0264 78       		.byte	120
 642 0265 10       		.byte	16
 643 0266 7B       		.byte	123
 644 0267 18       		.byte	24
 645 0268 7F       		.byte	127
 646 0269 08       		.byte	8
 647 026a 98       		.byte	-104
 648 026b 14       		.byte	20
 649 026c 99       		.byte	-103
 650 026d 08       		.byte	8
 651 026e C0       		.byte	-64
 652 026f C2       		.byte	-62
 653 0270 C2       		.byte	-62
 654 0271 D8       		.byte	-40
 655 0272 C4       		.byte	-60
 656 0273 42       		.byte	66
 657 0274 CA       		.byte	-54
 658 0275 96       		.byte	-106
 659 0276 CC       		.byte	-52
 660 0277 60       		.byte	96
 661 0278 CE       		.byte	-50
 662 0279 E2       		.byte	-30
 663 027a D0       		.byte	-48
 664 027b 50       		.byte	80
 665 027c D2       		.byte	-46
 666 027d 20       		.byte	32
 667 027e D6       		.byte	-42
 668 027f F0       		.byte	-16
 669 0280 D8       		.byte	-40
 670 0281 02       		.byte	2
 671 0282 DE       		.byte	-34
 672 0283 26       		.byte	38
 673 0284 84       		.byte	-124
 674 0285 14       		.byte	20
 675 0286 8D       		.byte	-115
 676 0287 08       		.byte	8
 677 0288 E2       		.byte	-30
 678 0289 08       		.byte	8
 679 028a E6       		.byte	-26
 680 028b 02       		.byte	2
 681 028c E6       		.byte	-26
 682 028d 01       		.byte	1
 683 028e 0A       		.byte	10
 684 028f 01       		.byte	1
ARM GAS  C:\Users\marti\AppData\Local\Temp\cc68jJpO.s 			page 13


 685 0290 21       		.byte	33
 686 0291 01       		.byte	1
 687 0292 2B       		.byte	43
 688 0293 01       		.byte	1
 689 0294 35       		.byte	53
 690 0295 01       		.byte	1
 691 0296 36       		.byte	54
 692 0297 01       		.byte	1
 693 0298 3F       		.byte	63
 694 0299 10       		.byte	16
 695 029a 40       		.byte	64
 696 029b 35       		.byte	53
 697 029c 41       		.byte	65
 698 029d 02       		.byte	2
 699 029e 46       		.byte	70
 700 029f 0C       		.byte	12
 701 02a0 47       		.byte	71
 702 02a1 EB       		.byte	-21
 703 02a2 48       		.byte	72
 704 02a3 34       		.byte	52
 705 02a4 49       		.byte	73
 706 02a5 FF       		.byte	-1
 707 02a6 4A       		.byte	74
 708 02a7 FF       		.byte	-1
 709 02a8 4B       		.byte	75
 710 02a9 FF       		.byte	-1
 711 02aa 4E       		.byte	78
 712 02ab F0       		.byte	-16
 713 02ac 4F       		.byte	79
 714 02ad 44       		.byte	68
 715 02ae 50       		.byte	80
 716 02af 0C       		.byte	12
 717 02b0 58       		.byte	88
 718 02b1 04       		.byte	4
 719 02b2 59       		.byte	89
 720 02b3 04       		.byte	4
 721 02b4 5A       		.byte	90
 722 02b5 04       		.byte	4
 723 02b6 5D       		.byte	93
 724 02b7 01       		.byte	1
 725 02b8 5F       		.byte	95
 726 02b9 01       		.byte	1
 727 02ba 66       		.byte	102
 728 02bb C0       		.byte	-64
 729 02bc 6A       		.byte	106
 730 02bd 40       		.byte	64
 731 02be 6B       		.byte	107
 732 02bf 02       		.byte	2
 733 02c0 00       		.byte	0
 734 02c1 08       		.byte	8
 735 02c2 01       		.byte	1
 736 02c3 82       		.byte	-126
 737 02c4 05       		.byte	5
 738 02c5 20       		.byte	32
 739 02c6 09       		.byte	9
 740 02c7 20       		.byte	32
 741 02c8 0A       		.byte	10
ARM GAS  C:\Users\marti\AppData\Local\Temp\cc68jJpO.s 			page 14


 742 02c9 58       		.byte	88
 743 02ca 0B       		.byte	11
 744 02cb 02       		.byte	2
 745 02cc 10       		.byte	16
 746 02cd A1       		.byte	-95
 747 02ce 13       		.byte	19
 748 02cf 10       		.byte	16
 749 02d0 15       		.byte	21
 750 02d1 02       		.byte	2
 751 02d2 17       		.byte	23
 752 02d3 01       		.byte	1
 753 02d4 19       		.byte	25
 754 02d5 02       		.byte	2
 755 02d6 1A       		.byte	26
 756 02d7 04       		.byte	4
 757 02d8 1B       		.byte	27
 758 02d9 0E       		.byte	14
 759 02da 1F       		.byte	31
 760 02db 80       		.byte	-128
 761 02dc 20       		.byte	32
 762 02dd 02       		.byte	2
 763 02de 21       		.byte	33
 764 02df 04       		.byte	4
 765 02e0 22       		.byte	34
 766 02e1 02       		.byte	2
 767 02e2 23       		.byte	35
 768 02e3 60       		.byte	96
 769 02e4 26       		.byte	38
 770 02e5 20       		.byte	32
 771 02e6 28       		.byte	40
 772 02e7 01       		.byte	1
 773 02e8 29       		.byte	41
 774 02e9 06       		.byte	6
 775 02ea 2A       		.byte	42
 776 02eb 20       		.byte	32
 777 02ec 2C       		.byte	44
 778 02ed 10       		.byte	16
 779 02ee 2F       		.byte	47
 780 02ef A4       		.byte	-92
 781 02f0 31       		.byte	49
 782 02f1 20       		.byte	32
 783 02f2 32       		.byte	50
 784 02f3 42       		.byte	66
 785 02f4 35       		.byte	53
 786 02f5 04       		.byte	4
 787 02f6 36       		.byte	54
 788 02f7 04       		.byte	4
 789 02f8 39       		.byte	57
 790 02f9 4A       		.byte	74
 791 02fa 42       		.byte	66
 792 02fb 04       		.byte	4
 793 02fc 43       		.byte	67
 794 02fd 0A       		.byte	10
 795 02fe 44       		.byte	68
 796 02ff 10       		.byte	16
 797 0300 46       		.byte	70
 798 0301 20       		.byte	32
ARM GAS  C:\Users\marti\AppData\Local\Temp\cc68jJpO.s 			page 15


 799 0302 47       		.byte	71
 800 0303 20       		.byte	32
 801 0304 49       		.byte	73
 802 0305 C0       		.byte	-64
 803 0306 4A       		.byte	74
 804 0307 04       		.byte	4
 805 0308 4C       		.byte	76
 806 0309 01       		.byte	1
 807 030a 4D       		.byte	77
 808 030b 40       		.byte	64
 809 030c 4F       		.byte	79
 810 030d 80       		.byte	-128
 811 030e 50       		.byte	80
 812 030f 04       		.byte	4
 813 0310 52       		.byte	82
 814 0311 80       		.byte	-128
 815 0312 56       		.byte	86
 816 0313 46       		.byte	70
 817 0314 5A       		.byte	90
 818 0315 01       		.byte	1
 819 0316 60       		.byte	96
 820 0317 82       		.byte	-126
 821 0318 61       		.byte	97
 822 0319 10       		.byte	16
 823 031a 80       		.byte	-128
 824 031b 80       		.byte	-128
 825 031c 8E       		.byte	-114
 826 031d 04       		.byte	4
 827 031e 8F       		.byte	-113
 828 031f 01       		.byte	1
 829 0320 91       		.byte	-111
 830 0321 15       		.byte	21
 831 0322 92       		.byte	-110
 832 0323 09       		.byte	9
 833 0324 93       		.byte	-109
 834 0325 14       		.byte	20
 835 0326 94       		.byte	-108
 836 0327 4A       		.byte	74
 837 0328 96       		.byte	-106
 838 0329 70       		.byte	112
 839 032a 97       		.byte	-105
 840 032b E0       		.byte	-32
 841 032c 98       		.byte	-104
 842 032d 03       		.byte	3
 843 032e 99       		.byte	-103
 844 032f 40       		.byte	64
 845 0330 9A       		.byte	-102
 846 0331 01       		.byte	1
 847 0332 9D       		.byte	-99
 848 0333 86       		.byte	-122
 849 0334 9E       		.byte	-98
 850 0335 42       		.byte	66
 851 0336 9F       		.byte	-97
 852 0337 21       		.byte	33
 853 0338 A0       		.byte	-96
 854 0339 A0       		.byte	-96
 855 033a A2       		.byte	-94
ARM GAS  C:\Users\marti\AppData\Local\Temp\cc68jJpO.s 			page 16


 856 033b 50       		.byte	80
 857 033c A3       		.byte	-93
 858 033d 20       		.byte	32
 859 033e A4       		.byte	-92
 860 033f 04       		.byte	4
 861 0340 A5       		.byte	-91
 862 0341 40       		.byte	64
 863 0342 A7       		.byte	-89
 864 0343 04       		.byte	4
 865 0344 AF       		.byte	-81
 866 0345 48       		.byte	72
 867 0346 C0       		.byte	-64
 868 0347 4D       		.byte	77
 869 0348 C2       		.byte	-62
 870 0349 0F       		.byte	15
 871 034a C4       		.byte	-60
 872 034b 0F       		.byte	15
 873 034c CA       		.byte	-54
 874 034d AF       		.byte	-81
 875 034e CC       		.byte	-52
 876 034f 0D       		.byte	13
 877 0350 CE       		.byte	-50
 878 0351 0B       		.byte	11
 879 0352 D0       		.byte	-48
 880 0353 67       		.byte	103
 881 0354 D2       		.byte	-46
 882 0355 1C       		.byte	28
 883 0356 D6       		.byte	-42
 884 0357 01       		.byte	1
 885 0358 D8       		.byte	-40
 886 0359 0D       		.byte	13
 887 035a 02       		.byte	2
 888 035b 10       		.byte	16
 889 035c 04       		.byte	4
 890 035d 24       		.byte	36
 891 035e 05       		.byte	5
 892 035f 14       		.byte	20
 893 0360 06       		.byte	6
 894 0361 43       		.byte	67
 895 0362 10       		.byte	16
 896 0363 48       		.byte	72
 897 0364 11       		.byte	17
 898 0365 09       		.byte	9
 899 0366 12       		.byte	18
 900 0367 22       		.byte	34
 901 0368 13       		.byte	19
 902 0369 10       		.byte	16
 903 036a 14       		.byte	20
 904 036b 02       		.byte	2
 905 036c 16       		.byte	22
 906 036d 0C       		.byte	12
 907 036e 1B       		.byte	27
 908 036f 03       		.byte	3
 909 0370 1D       		.byte	29
 910 0371 10       		.byte	16
 911 0372 21       		.byte	33
 912 0373 20       		.byte	32
ARM GAS  C:\Users\marti\AppData\Local\Temp\cc68jJpO.s 			page 17


 913 0374 22       		.byte	34
 914 0375 10       		.byte	16
 915 0376 24       		.byte	36
 916 0377 6E       		.byte	110
 917 0378 25       		.byte	37
 918 0379 0C       		.byte	12
 919 037a 27       		.byte	39
 920 037b 11       		.byte	17
 921 037c 28       		.byte	40
 922 037d 6E       		.byte	110
 923 037e 29       		.byte	41
 924 037f 10       		.byte	16
 925 0380 2B       		.byte	43
 926 0381 0C       		.byte	12
 927 0382 2D       		.byte	45
 928 0383 1C       		.byte	28
 929 0384 2F       		.byte	47
 930 0385 02       		.byte	2
 931 0386 30       		.byte	48
 932 0387 60       		.byte	96
 933 0388 32       		.byte	50
 934 0389 0E       		.byte	14
 935 038a 34       		.byte	52
 936 038b 10       		.byte	16
 937 038c 35       		.byte	53
 938 038d 1F       		.byte	31
 939 038e 36       		.byte	54
 940 038f 01       		.byte	1
 941 0390 37       		.byte	55
 942 0391 20       		.byte	32
 943 0392 3E       		.byte	62
 944 0393 10       		.byte	16
 945 0394 3F       		.byte	63
 946 0395 40       		.byte	64
 947 0396 54       		.byte	84
 948 0397 20       		.byte	32
 949 0398 58       		.byte	88
 950 0399 04       		.byte	4
 951 039a 59       		.byte	89
 952 039b 04       		.byte	4
 953 039c 5B       		.byte	91
 954 039d 04       		.byte	4
 955 039e 5C       		.byte	92
 956 039f 11       		.byte	17
 957 03a0 5F       		.byte	95
 958 03a1 01       		.byte	1
 959 03a2 82       		.byte	-126
 960 03a3 01       		.byte	1
 961 03a4 84       		.byte	-124
 962 03a5 01       		.byte	1
 963 03a6 88       		.byte	-120
 964 03a7 01       		.byte	1
 965 03a8 8D       		.byte	-115
 966 03a9 08       		.byte	8
 967 03aa 8F       		.byte	-113
 968 03ab 01       		.byte	1
 969 03ac 91       		.byte	-111
ARM GAS  C:\Users\marti\AppData\Local\Temp\cc68jJpO.s 			page 18


 970 03ad 02       		.byte	2
 971 03ae 92       		.byte	-110
 972 03af 01       		.byte	1
 973 03b0 93       		.byte	-109
 974 03b1 04       		.byte	4
 975 03b2 99       		.byte	-103
 976 03b3 07       		.byte	7
 977 03b4 9E       		.byte	-98
 978 03b5 01       		.byte	1
 979 03b6 A5       		.byte	-91
 980 03b7 07       		.byte	7
 981 03b8 B0       		.byte	-80
 982 03b9 01       		.byte	1
 983 03ba B1       		.byte	-79
 984 03bb 03       		.byte	3
 985 03bc B7       		.byte	-73
 986 03bd 0C       		.byte	12
 987 03be B9       		.byte	-71
 988 03bf 82       		.byte	-126
 989 03c0 BA       		.byte	-70
 990 03c1 08       		.byte	8
 991 03c2 BE       		.byte	-66
 992 03c3 01       		.byte	1
 993 03c4 BF       		.byte	-65
 994 03c5 01       		.byte	1
 995 03c6 C0       		.byte	-64
 996 03c7 01       		.byte	1
 997 03c8 C5       		.byte	-59
 998 03c9 40       		.byte	64
 999 03ca C9       		.byte	-55
 1000 03cb FF       		.byte	-1
 1001 03cc CA       		.byte	-54
 1002 03cd 07       		.byte	7
 1003 03ce CB       		.byte	-53
 1004 03cf FF       		.byte	-1
 1005 03d0 CC       		.byte	-52
 1006 03d1 40       		.byte	64
 1007 03d2 CD       		.byte	-51
 1008 03d3 20       		.byte	32
 1009 03d4 CE       		.byte	-50
 1010 03d5 F0       		.byte	-16
 1011 03d6 CF       		.byte	-49
 1012 03d7 05       		.byte	5
 1013 03d8 D0       		.byte	-48
 1014 03d9 08       		.byte	8
 1015 03da D6       		.byte	-42
 1016 03db 08       		.byte	8
 1017 03dc D8       		.byte	-40
 1018 03dd 04       		.byte	4
 1019 03de D9       		.byte	-39
 1020 03df 04       		.byte	4
 1021 03e0 DA       		.byte	-38
 1022 03e1 04       		.byte	4
 1023 03e2 DB       		.byte	-37
 1024 03e3 04       		.byte	4
 1025 03e4 DC       		.byte	-36
 1026 03e5 11       		.byte	17
ARM GAS  C:\Users\marti\AppData\Local\Temp\cc68jJpO.s 			page 19


 1027 03e6 DD       		.byte	-35
 1028 03e7 01       		.byte	1
 1029 03e8 DF       		.byte	-33
 1030 03e9 01       		.byte	1
 1031 03ea E0       		.byte	-32
 1032 03eb 40       		.byte	64
 1033 03ec E1       		.byte	-31
 1034 03ed A8       		.byte	-88
 1035 03ee E2       		.byte	-30
 1036 03ef 40       		.byte	64
 1037 03f0 E3       		.byte	-29
 1038 03f1 20       		.byte	32
 1039 03f2 00       		.byte	0
 1040 03f3 0A       		.byte	10
 1041 03f4 06       		.byte	6
 1042 03f5 48       		.byte	72
 1043 03f6 07       		.byte	7
 1044 03f7 20       		.byte	32
 1045 03f8 09       		.byte	9
 1046 03f9 40       		.byte	64
 1047 03fa 0A       		.byte	10
 1048 03fb 51       		.byte	81
 1049 03fc 0E       		.byte	14
 1050 03fd 02       		.byte	2
 1051 03fe 0F       		.byte	15
 1052 03ff 80       		.byte	-128
 1053 0400 11       		.byte	17
 1054 0401 14       		.byte	20
 1055 0402 12       		.byte	18
 1056 0403 80       		.byte	-128
 1057 0404 19       		.byte	25
 1058 0405 10       		.byte	16
 1059 0406 1A       		.byte	26
 1060 0407 51       		.byte	81
 1061 0408 1C       		.byte	28
 1062 0409 40       		.byte	64
 1063 040a 1D       		.byte	29
 1064 040b 04       		.byte	4
 1065 040c 21       		.byte	33
 1066 040d 80       		.byte	-128
 1067 040e 22       		.byte	34
 1068 040f 10       		.byte	16
 1069 0410 27       		.byte	39
 1070 0411 41       		.byte	65
 1071 0412 28       		.byte	40
 1072 0413 11       		.byte	17
 1073 0414 29       		.byte	41
 1074 0415 01       		.byte	1
 1075 0416 2A       		.byte	42
 1076 0417 21       		.byte	33
 1077 0418 2E       		.byte	46
 1078 0419 08       		.byte	8
 1079 041a 2F       		.byte	47
 1080 041b 20       		.byte	32
 1081 041c 32       		.byte	50
 1082 041d 50       		.byte	80
 1083 041e 33       		.byte	51
ARM GAS  C:\Users\marti\AppData\Local\Temp\cc68jJpO.s 			page 20


 1084 041f 01       		.byte	1
 1085 0420 34       		.byte	52
 1086 0421 11       		.byte	17
 1087 0422 36       		.byte	54
 1088 0423 03       		.byte	3
 1089 0424 37       		.byte	55
 1090 0425 20       		.byte	32
 1091 0426 3A       		.byte	58
 1092 0427 04       		.byte	4
 1093 0428 3F       		.byte	63
 1094 0429 80       		.byte	-128
 1095 042a 47       		.byte	71
 1096 042b 40       		.byte	64
 1097 042c 4E       		.byte	78
 1098 042d 40       		.byte	64
 1099 042e 57       		.byte	87
 1100 042f 40       		.byte	64
 1101 0430 59       		.byte	89
 1102 0431 01       		.byte	1
 1103 0432 5D       		.byte	93
 1104 0433 01       		.byte	1
 1105 0434 5E       		.byte	94
 1106 0435 A0       		.byte	-96
 1107 0436 5F       		.byte	95
 1108 0437 04       		.byte	4
 1109 0438 60       		.byte	96
 1110 0439 10       		.byte	16
 1111 043a 61       		.byte	97
 1112 043b 80       		.byte	-128
 1113 043c 62       		.byte	98
 1114 043d 20       		.byte	32
 1115 043e 64       		.byte	100
 1116 043f 02       		.byte	2
 1117 0440 65       		.byte	101
 1118 0441 20       		.byte	32
 1119 0442 67       		.byte	103
 1120 0443 A8       		.byte	-88
 1121 0444 80       		.byte	-128
 1122 0445 12       		.byte	18
 1123 0446 88       		.byte	-120
 1124 0447 04       		.byte	4
 1125 0448 91       		.byte	-111
 1126 0449 15       		.byte	21
 1127 044a 93       		.byte	-109
 1128 044b 04       		.byte	4
 1129 044c 94       		.byte	-108
 1130 044d 40       		.byte	64
 1131 044e 96       		.byte	-106
 1132 044f F0       		.byte	-16
 1133 0450 97       		.byte	-105
 1134 0451 A8       		.byte	-88
 1135 0452 9A       		.byte	-102
 1136 0453 65       		.byte	101
 1137 0454 9B       		.byte	-101
 1138 0455 20       		.byte	32
 1139 0456 9D       		.byte	-99
 1140 0457 34       		.byte	52
ARM GAS  C:\Users\marti\AppData\Local\Temp\cc68jJpO.s 			page 21


 1141 0458 9F       		.byte	-97
 1142 0459 01       		.byte	1
 1143 045a A0       		.byte	-96
 1144 045b 01       		.byte	1
 1145 045c A2       		.byte	-94
 1146 045d F2       		.byte	-14
 1147 045e A3       		.byte	-93
 1148 045f 20       		.byte	32
 1149 0460 A4       		.byte	-92
 1150 0461 04       		.byte	4
 1151 0462 A5       		.byte	-91
 1152 0463 40       		.byte	64
 1153 0464 A7       		.byte	-89
 1154 0465 40       		.byte	64
 1155 0466 C0       		.byte	-64
 1156 0467 7C       		.byte	124
 1157 0468 C2       		.byte	-62
 1158 0469 9C       		.byte	-100
 1159 046a C4       		.byte	-60
 1160 046b 0E       		.byte	14
 1161 046c CA       		.byte	-54
 1162 046d 4F       		.byte	79
 1163 046e CC       		.byte	-52
 1164 046f AD       		.byte	-83
 1165 0470 CE       		.byte	-50
 1166 0471 12       		.byte	18
 1167 0472 D0       		.byte	-48
 1168 0473 10       		.byte	16
 1169 0474 D6       		.byte	-42
 1170 0475 F1       		.byte	-15
 1171 0476 D8       		.byte	-40
 1172 0477 FE       		.byte	-2
 1173 0478 32       		.byte	50
 1174 0479 40       		.byte	64
 1175 047a CC       		.byte	-52
 1176 047b 10       		.byte	16
 1177 047c 96       		.byte	-106
 1178 047d 80       		.byte	-128
 1179 047e 96       		.byte	-106
 1180 047f 80       		.byte	-128
 1181 0480 96       		.byte	-106
 1182 0481 80       		.byte	-128
 1183 0482 04       		.byte	4
 1184 0483 40       		.byte	64
 1185 0484 0B       		.byte	11
 1186 0485 80       		.byte	-128
 1187 0486 0D       		.byte	13
 1188 0487 01       		.byte	1
 1189 0488 5E       		.byte	94
 1190 0489 01       		.byte	1
 1191 048a 85       		.byte	-123
 1192 048b 01       		.byte	1
 1193 048c 87       		.byte	-121
 1194 048d 40       		.byte	64
 1195 048e 8C       		.byte	-116
 1196 048f 40       		.byte	64
 1197 0490 C0       		.byte	-64
ARM GAS  C:\Users\marti\AppData\Local\Temp\cc68jJpO.s 			page 22


 1198 0491 01       		.byte	1
 1199 0492 C2       		.byte	-62
 1200 0493 0C       		.byte	12
 1201 0494 D6       		.byte	-42
 1202 0495 01       		.byte	1
 1203 0496 E2       		.byte	-30
 1204 0497 02       		.byte	2
 1205 0498 96       		.byte	-106
 1206 0499 01       		.byte	1
 1207 049a 84       		.byte	-124
 1208 049b 04       		.byte	4
 1209 049c 86       		.byte	-122
 1210 049d 01       		.byte	1
 1211 049e 96       		.byte	-106
 1212 049f 01       		.byte	1
 1213 04a0 82       		.byte	-126
 1214 04a1 40       		.byte	64
 1215 04a2 96       		.byte	-106
 1216 04a3 80       		.byte	-128
 1217 04a4 E6       		.byte	-26
 1218 04a5 80       		.byte	-128
 1219 04a6 A0       		.byte	-96
 1220 04a7 04       		.byte	4
 1221 04a8 10       		.byte	16
 1222 04a9 10       		.byte	16
 1223 04aa 74       		.byte	116
 1224 04ab 04       		.byte	4
 1225 04ac 88       		.byte	-120
 1226 04ad 10       		.byte	16
 1227 04ae A0       		.byte	-96
 1228 04af 04       		.byte	4
 1229 04b0 C4       		.byte	-60
 1230 04b1 08       		.byte	8
 1231 04b2 DE       		.byte	-34
 1232 04b3 04       		.byte	4
 1233 04b4 E2       		.byte	-30
 1234 04b5 04       		.byte	4
 1235 04b6 00       		.byte	0
 1236 04b7 03       		.byte	3
 1237 04b8 0C       		.byte	12
 1238 04b9 03       		.byte	3
 1239 04ba 10       		.byte	16
 1240 04bb 03       		.byte	3
 1241 04bc 1C       		.byte	28
 1242 04bd 03       		.byte	3
 1243 04be 00       		.byte	0
 1244 04bf 03       		.byte	3
 1245 04c0 80       		.byte	-128
 1246 04c1 80       		.byte	-128
 1247 04c2 00       		.byte	0
 1248 04c3 00       		.byte	0
 1249 04c4 40       		.byte	64
 1250 04c5 00       		.byte	0
 1251 04c6 00       		.byte	0
 1252 04c7 00       		.byte	0
 1253 04c8 43       		.byte	67
 1254 04c9 00       		.byte	0
ARM GAS  C:\Users\marti\AppData\Local\Temp\cc68jJpO.s 			page 23


 1255 04ca 0C       		.byte	12
 1256 04cb 2C       		.byte	44
 1257 04cc 01       		.byte	1
 1258 04cd 10       		.byte	16
 1259 04ce 20       		.byte	32
 1260 04cf 26       		.byte	38
 1261 04d0 00       		.byte	0
 1262 04d1 00       		.byte	0
 1263 04d2 00       		.byte	0
 1264 04d3 00       		.byte	0
 1265 04d4 00       		.byte	0
 1266 04d5 00       		.byte	0
 1267 04d6 43       		.byte	67
 1268 04d7 12       		.byte	18
 1269 04d8 02       		.byte	2
 1270 04d9 2C       		.byte	44
 1271 04da 20       		.byte	32
 1272 04db 12       		.byte	18
 1273 04dc 03       		.byte	3
 1274 04dd 00       		.byte	0
 1275 04de 10       		.byte	16
 1276 04df 00       		.byte	0
 1277 04e0 4C       		.byte	76
 1278 04e1 00       		.byte	0
 1279 04e2 03       		.byte	3
 1280 04e3 01       		.byte	1
 1281 04e4 4F       		.byte	79
 1282 04e5 00       		.byte	0
 1283 04e6 00       		.byte	0
 1284 04e7 04       		.byte	4
 1285 04e8 08       		.byte	8
 1286 04e9 01       		.byte	1
 1287 04ea 00       		.byte	0
 1288 04eb 00       		.byte	0
 1289 04ec 04       		.byte	4
 1290 04ed 01       		.byte	1
 1291 04ee 00       		.byte	0
 1292 04ef 00       		.byte	0
 1293 04f0 0C       		.byte	12
 1294 04f1 10       		.byte	16
 1295 04f2 00       		.byte	0
 1296 04f3 2A       		.byte	42
 1297 04f4 0F       		.byte	15
 1298 04f5 00       		.byte	0
 1299 04f6 40       		.byte	64
 1300 04f7 01       		.byte	1
 1301 04f8 0F       		.byte	15
 1302 04f9 36       		.byte	54
 1303 04fa 4C       		.byte	76
 1304 04fb 0E       		.byte	14
 1305 04fc 30       		.byte	48
 1306 04fd 00       		.byte	0
 1307 04fe 00       		.byte	0
 1308 04ff 01       		.byte	1
 1309 0500 00       		.byte	0
 1310 0501 80       		.byte	-128
 1311 0502 02       		.byte	2
ARM GAS  C:\Users\marti\AppData\Local\Temp\cc68jJpO.s 			page 24


 1312 0503 0A       		.byte	10
 1313 0504 00       		.byte	0
 1314 0505 00       		.byte	0
 1315 0506 10       		.byte	16
 1316 0507 00       		.byte	0
 1317 0508 45       		.byte	69
 1318 0509 06       		.byte	6
 1319 050a 03       		.byte	3
 1320 050b 00       		.byte	0
 1321 050c 02       		.byte	2
 1322 050d 00       		.byte	0
 1323 050e 0E       		.byte	14
 1324 050f 0C       		.byte	12
 1325 0510 14       		.byte	20
 1326 0511 FF       		.byte	-1
 1327 0512 FF       		.byte	-1
 1328 0513 FF       		.byte	-1
 1329 0514 62       		.byte	98
 1330 0515 A0       		.byte	-96
 1331 0516 F0       		.byte	-16
 1332 0517 41       		.byte	65
 1333 0518 0C       		.byte	12
 1334 0519 00       		.byte	0
 1335 051a 00       		.byte	0
 1336 051b 00       		.byte	0
 1337 051c 18       		.byte	24
 1338 051d 00       		.byte	0
 1339 051e 04       		.byte	4
 1340 051f 00       		.byte	0
 1341 0520 04       		.byte	4
 1342 0521 04       		.byte	4
 1343 0522 04       		.byte	4
 1344 0523 04       		.byte	4
 1345 0524 11       		.byte	17
 1346 0525 11       		.byte	17
 1347 0526 00       		.byte	0
 1348 0527 01       		.byte	1
 1349 0528 00       		.byte	0
 1350 0529 00       		.byte	0
 1351 052a 00       		.byte	0
 1352 052b 00       		.byte	0
 1353 052c 00       		.byte	0
 1354 052d 00       		.byte	0
 1355 052e 40       		.byte	64
 1356 052f 02       		.byte	2
 1357 0530 00       		.byte	0
 1358 0531 10       		.byte	16
 1359 0532 30       		.byte	48
 1360 0533 10       		.byte	16
 1361 0534 00       		.byte	0
 1362 0535 10       		.byte	16
 1363 0536 10       		.byte	16
 1364 0537 12       		.byte	18
 1365 0538 00       		.byte	0
 1366 0539 00       		.byte	0
 1367 053a 00       		.byte	0
 1368 053b 00       		.byte	0
ARM GAS  C:\Users\marti\AppData\Local\Temp\cc68jJpO.s 			page 25


 1369 053c 00       		.byte	0
 1370 053d 00       		.byte	0
 1371 053e 00       		.byte	0
 1372 053f 00       		.byte	0
 1373 0540 00       		.byte	0
 1374 0541 00       		.byte	0
 1375 0542 00       		.byte	0
 1376 0543 00       		.byte	0
 1377 0544 00       		.byte	0
 1378 0545 00       		.byte	0
 1379 0546 00       		.byte	0
 1380 0547 00       		.byte	0
 1381 0548 00       		.byte	0
 1382 0549 80       		.byte	-128
 1383 054a 80       		.byte	-128
 1384 054b 00       		.byte	0
 1385 054c 00       		.byte	0
 1386 054d 00       		.byte	0
 1387 054e 00       		.byte	0
 1388 054f 00       		.byte	0
 1389 0550 80       		.byte	-128
 1390 0551 00       		.byte	0
 1391 0552 40       		.byte	64
 1392 0553 80       		.byte	-128
 1393 0554 80       		.byte	-128
 1394 0555 00       		.byte	0
 1395 0556 80       		.byte	-128
 1396 0557 00       		.byte	0
 1397 0558 00       		.byte	0
 1398 0559 00       		.byte	0
 1399 055a 00       		.byte	0
 1400 055b 00       		.byte	0
 1401 055c 00       		.byte	0
 1402 055d 0B       		.byte	11
 1403 055e 0B       		.byte	11
 1404 055f 00       		.byte	0
 1405 0560 00       		.byte	0
 1406 0561 00       		.byte	0
 1407 0562 00       		.byte	0
 1408 0563 00       		.byte	0
 1409 0564 38       		.byte	56
 1410 0565 46       		.byte	70
 1411 0566 46       		.byte	70
 1412 0567 00       		.byte	0
 1413 0568 40       		.byte	64
 1414 0569 00       		.byte	0
 1415 056a 00       		.byte	0
 1416 056b 00       		.byte	0
 1417              		.section	.cywolatch,"a",%progbits
 1418              		.align	2
 1419              		.type	cy_meta_wonvl, %object
 1420              		.size	cy_meta_wonvl, 4
 1421              	cy_meta_wonvl:
 1422 0000 BC       		.byte	-68
 1423 0001 90       		.byte	-112
 1424 0002 AC       		.byte	-84
 1425 0003 AF       		.byte	-81
ARM GAS  C:\Users\marti\AppData\Local\Temp\cc68jJpO.s 			page 26


 1426              		.section	.cycustnvl,"a",%progbits
 1427              		.align	2
 1428              		.type	cy_meta_custnvl, %object
 1429              		.size	cy_meta_custnvl, 4
 1430              	cy_meta_custnvl:
 1431 0000 00       		.byte	0
 1432 0001 00       		.byte	0
 1433 0002 40       		.byte	64
 1434 0003 05       		.byte	5
 1435              		.section	.cymeta,"a",%progbits
 1436              		.align	2
 1437              		.type	cy_metadata, %object
 1438              		.size	cy_metadata, 12
 1439              	cy_metadata:
 1440 0000 00       		.byte	0
 1441 0001 01       		.byte	1
 1442 0002 2E       		.byte	46
 1443 0003 16       		.byte	22
 1444 0004 10       		.byte	16
 1445 0005 69       		.byte	105
 1446 0006 00       		.byte	0
 1447 0007 01       		.byte	1
 1448 0008 00       		.byte	0
 1449 0009 00       		.byte	0
 1450 000a 00       		.byte	0
 1451 000b 00       		.byte	0
 1452              		.section	.cyflashprotect,"a",%progbits
 1453              		.align	2
 1454              		.type	cy_meta_flashprotect, %object
 1455              		.size	cy_meta_flashprotect, 256
 1456              	cy_meta_flashprotect:
 1457 0000 00000000 		.space	256
 1457      00000000 
 1457      00000000 
 1457      00000000 
 1457      00000000 
 1458              		.text
 1459              	.Letext0:
 1460              		.file 1 "c:\\program files (x86)\\cypress\\psoc creator\\4.2\\psoc creator\\import\\gnu\\arm\\5.4.
 1461              		.file 2 "c:\\program files (x86)\\cypress\\psoc creator\\4.2\\psoc creator\\import\\gnu\\arm\\5.4.
 1462              		.file 3 "Generated_Source\\PSoC5\\cymetadata.c"
 1463              		.section	.debug_info,"",%progbits
 1464              	.Ldebug_info0:
 1465 0000 32010000 		.4byte	0x132
 1466 0004 0400     		.2byte	0x4
 1467 0006 00000000 		.4byte	.Ldebug_abbrev0
 1468 000a 04       		.byte	0x4
 1469 000b 01       		.uleb128 0x1
 1470 000c 53000000 		.4byte	.LASF17
 1471 0010 0C       		.byte	0xc
 1472 0011 AD010000 		.4byte	.LASF18
 1473 0015 0A000000 		.4byte	.LASF19
 1474 0019 00000000 		.4byte	.Ldebug_line0
 1475 001d 02       		.uleb128 0x2
 1476 001e 01       		.byte	0x1
 1477 001f 06       		.byte	0x6
 1478 0020 A1010000 		.4byte	.LASF0
ARM GAS  C:\Users\marti\AppData\Local\Temp\cc68jJpO.s 			page 27


 1479 0024 03       		.uleb128 0x3
 1480 0025 00000000 		.4byte	.LASF9
 1481 0029 01       		.byte	0x1
 1482 002a 1D       		.byte	0x1d
 1483 002b 2F000000 		.4byte	0x2f
 1484 002f 02       		.uleb128 0x2
 1485 0030 01       		.byte	0x1
 1486 0031 08       		.byte	0x8
 1487 0032 45000000 		.4byte	.LASF1
 1488 0036 02       		.uleb128 0x2
 1489 0037 02       		.byte	0x2
 1490 0038 05       		.byte	0x5
 1491 0039 8E010000 		.4byte	.LASF2
 1492 003d 02       		.uleb128 0x2
 1493 003e 02       		.byte	0x2
 1494 003f 07       		.byte	0x7
 1495 0040 F3000000 		.4byte	.LASF3
 1496 0044 02       		.uleb128 0x2
 1497 0045 04       		.byte	0x4
 1498 0046 05       		.byte	0x5
 1499 0047 98010000 		.4byte	.LASF4
 1500 004b 02       		.uleb128 0x2
 1501 004c 04       		.byte	0x4
 1502 004d 07       		.byte	0x7
 1503 004e E1000000 		.4byte	.LASF5
 1504 0052 02       		.uleb128 0x2
 1505 0053 08       		.byte	0x8
 1506 0054 05       		.byte	0x5
 1507 0055 80010000 		.4byte	.LASF6
 1508 0059 02       		.uleb128 0x2
 1509 005a 08       		.byte	0x8
 1510 005b 07       		.byte	0x7
 1511 005c 35010000 		.4byte	.LASF7
 1512 0060 04       		.uleb128 0x4
 1513 0061 04       		.byte	0x4
 1514 0062 05       		.byte	0x5
 1515 0063 696E7400 		.ascii	"int\000"
 1516 0067 02       		.uleb128 0x2
 1517 0068 04       		.byte	0x4
 1518 0069 07       		.byte	0x7
 1519 006a 28010000 		.4byte	.LASF8
 1520 006e 03       		.uleb128 0x3
 1521 006f 4C010000 		.4byte	.LASF10
 1522 0073 02       		.byte	0x2
 1523 0074 18       		.byte	0x18
 1524 0075 24000000 		.4byte	0x24
 1525 0079 05       		.uleb128 0x5
 1526 007a 91000000 		.4byte	0x91
 1527 007e 8A000000 		.4byte	0x8a
 1528 0082 06       		.uleb128 0x6
 1529 0083 8A000000 		.4byte	0x8a
 1530 0087 6B05     		.2byte	0x56b
 1531 0089 00       		.byte	0
 1532 008a 02       		.uleb128 0x2
 1533 008b 04       		.byte	0x4
 1534 008c 07       		.byte	0x7
 1535 008d 77010000 		.4byte	.LASF11
ARM GAS  C:\Users\marti\AppData\Local\Temp\cc68jJpO.s 			page 28


 1536 0091 07       		.uleb128 0x7
 1537 0092 6E000000 		.4byte	0x6e
 1538 0096 08       		.uleb128 0x8
 1539 0097 16010000 		.4byte	.LASF12
 1540 009b 03       		.byte	0x3
 1541 009c 1F       		.byte	0x1f
 1542 009d A7000000 		.4byte	0xa7
 1543 00a1 05       		.uleb128 0x5
 1544 00a2 03       		.byte	0x3
 1545 00a3 00000000 		.4byte	cy_meta_configecc
 1546 00a7 07       		.uleb128 0x7
 1547 00a8 79000000 		.4byte	0x79
 1548 00ac 05       		.uleb128 0x5
 1549 00ad 91000000 		.4byte	0x91
 1550 00b1 BC000000 		.4byte	0xbc
 1551 00b5 09       		.uleb128 0x9
 1552 00b6 8A000000 		.4byte	0x8a
 1553 00ba 03       		.byte	0x3
 1554 00bb 00       		.byte	0
 1555 00bc 08       		.uleb128 0x8
 1556 00bd 06010000 		.4byte	.LASF13
 1557 00c1 03       		.byte	0x3
 1558 00c2 DA       		.byte	0xda
 1559 00c3 CD000000 		.4byte	0xcd
 1560 00c7 05       		.uleb128 0x5
 1561 00c8 03       		.byte	0x3
 1562 00c9 00000000 		.4byte	cy_meta_custnvl
 1563 00cd 07       		.uleb128 0x7
 1564 00ce AC000000 		.4byte	0xac
 1565 00d2 08       		.uleb128 0x8
 1566 00d3 69010000 		.4byte	.LASF14
 1567 00d7 03       		.byte	0x3
 1568 00d8 E8       		.byte	0xe8
 1569 00d9 E3000000 		.4byte	0xe3
 1570 00dd 05       		.uleb128 0x5
 1571 00de 03       		.byte	0x3
 1572 00df 00000000 		.4byte	cy_meta_wonvl
 1573 00e3 07       		.uleb128 0x7
 1574 00e4 AC000000 		.4byte	0xac
 1575 00e8 05       		.uleb128 0x5
 1576 00e9 91000000 		.4byte	0x91
 1577 00ed F8000000 		.4byte	0xf8
 1578 00f1 09       		.uleb128 0x9
 1579 00f2 8A000000 		.4byte	0x8a
 1580 00f6 FF       		.byte	0xff
 1581 00f7 00       		.byte	0
 1582 00f8 08       		.uleb128 0x8
 1583 00f9 54010000 		.4byte	.LASF15
 1584 00fd 03       		.byte	0x3
 1585 00fe F6       		.byte	0xf6
 1586 00ff 09010000 		.4byte	0x109
 1587 0103 05       		.uleb128 0x5
 1588 0104 03       		.byte	0x3
 1589 0105 00000000 		.4byte	cy_meta_flashprotect
 1590 0109 07       		.uleb128 0x7
 1591 010a E8000000 		.4byte	0xe8
 1592 010e 05       		.uleb128 0x5
ARM GAS  C:\Users\marti\AppData\Local\Temp\cc68jJpO.s 			page 29


 1593 010f 91000000 		.4byte	0x91
 1594 0113 1E010000 		.4byte	0x11e
 1595 0117 09       		.uleb128 0x9
 1596 0118 8A000000 		.4byte	0x8a
 1597 011c 0B       		.byte	0xb
 1598 011d 00       		.byte	0
 1599 011e 0A       		.uleb128 0xa
 1600 011f 39000000 		.4byte	.LASF16
 1601 0123 03       		.byte	0x3
 1602 0124 2301     		.2byte	0x123
 1603 0126 30010000 		.4byte	0x130
 1604 012a 05       		.uleb128 0x5
 1605 012b 03       		.byte	0x3
 1606 012c 00000000 		.4byte	cy_metadata
 1607 0130 07       		.uleb128 0x7
 1608 0131 0E010000 		.4byte	0x10e
 1609 0135 00       		.byte	0
 1610              		.section	.debug_abbrev,"",%progbits
 1611              	.Ldebug_abbrev0:
 1612 0000 01       		.uleb128 0x1
 1613 0001 11       		.uleb128 0x11
 1614 0002 01       		.byte	0x1
 1615 0003 25       		.uleb128 0x25
 1616 0004 0E       		.uleb128 0xe
 1617 0005 13       		.uleb128 0x13
 1618 0006 0B       		.uleb128 0xb
 1619 0007 03       		.uleb128 0x3
 1620 0008 0E       		.uleb128 0xe
 1621 0009 1B       		.uleb128 0x1b
 1622 000a 0E       		.uleb128 0xe
 1623 000b 10       		.uleb128 0x10
 1624 000c 17       		.uleb128 0x17
 1625 000d 00       		.byte	0
 1626 000e 00       		.byte	0
 1627 000f 02       		.uleb128 0x2
 1628 0010 24       		.uleb128 0x24
 1629 0011 00       		.byte	0
 1630 0012 0B       		.uleb128 0xb
 1631 0013 0B       		.uleb128 0xb
 1632 0014 3E       		.uleb128 0x3e
 1633 0015 0B       		.uleb128 0xb
 1634 0016 03       		.uleb128 0x3
 1635 0017 0E       		.uleb128 0xe
 1636 0018 00       		.byte	0
 1637 0019 00       		.byte	0
 1638 001a 03       		.uleb128 0x3
 1639 001b 16       		.uleb128 0x16
 1640 001c 00       		.byte	0
 1641 001d 03       		.uleb128 0x3
 1642 001e 0E       		.uleb128 0xe
 1643 001f 3A       		.uleb128 0x3a
 1644 0020 0B       		.uleb128 0xb
 1645 0021 3B       		.uleb128 0x3b
 1646 0022 0B       		.uleb128 0xb
 1647 0023 49       		.uleb128 0x49
 1648 0024 13       		.uleb128 0x13
 1649 0025 00       		.byte	0
ARM GAS  C:\Users\marti\AppData\Local\Temp\cc68jJpO.s 			page 30


 1650 0026 00       		.byte	0
 1651 0027 04       		.uleb128 0x4
 1652 0028 24       		.uleb128 0x24
 1653 0029 00       		.byte	0
 1654 002a 0B       		.uleb128 0xb
 1655 002b 0B       		.uleb128 0xb
 1656 002c 3E       		.uleb128 0x3e
 1657 002d 0B       		.uleb128 0xb
 1658 002e 03       		.uleb128 0x3
 1659 002f 08       		.uleb128 0x8
 1660 0030 00       		.byte	0
 1661 0031 00       		.byte	0
 1662 0032 05       		.uleb128 0x5
 1663 0033 01       		.uleb128 0x1
 1664 0034 01       		.byte	0x1
 1665 0035 49       		.uleb128 0x49
 1666 0036 13       		.uleb128 0x13
 1667 0037 01       		.uleb128 0x1
 1668 0038 13       		.uleb128 0x13
 1669 0039 00       		.byte	0
 1670 003a 00       		.byte	0
 1671 003b 06       		.uleb128 0x6
 1672 003c 21       		.uleb128 0x21
 1673 003d 00       		.byte	0
 1674 003e 49       		.uleb128 0x49
 1675 003f 13       		.uleb128 0x13
 1676 0040 2F       		.uleb128 0x2f
 1677 0041 05       		.uleb128 0x5
 1678 0042 00       		.byte	0
 1679 0043 00       		.byte	0
 1680 0044 07       		.uleb128 0x7
 1681 0045 26       		.uleb128 0x26
 1682 0046 00       		.byte	0
 1683 0047 49       		.uleb128 0x49
 1684 0048 13       		.uleb128 0x13
 1685 0049 00       		.byte	0
 1686 004a 00       		.byte	0
 1687 004b 08       		.uleb128 0x8
 1688 004c 34       		.uleb128 0x34
 1689 004d 00       		.byte	0
 1690 004e 03       		.uleb128 0x3
 1691 004f 0E       		.uleb128 0xe
 1692 0050 3A       		.uleb128 0x3a
 1693 0051 0B       		.uleb128 0xb
 1694 0052 3B       		.uleb128 0x3b
 1695 0053 0B       		.uleb128 0xb
 1696 0054 49       		.uleb128 0x49
 1697 0055 13       		.uleb128 0x13
 1698 0056 3F       		.uleb128 0x3f
 1699 0057 19       		.uleb128 0x19
 1700 0058 02       		.uleb128 0x2
 1701 0059 18       		.uleb128 0x18
 1702 005a 00       		.byte	0
 1703 005b 00       		.byte	0
 1704 005c 09       		.uleb128 0x9
 1705 005d 21       		.uleb128 0x21
 1706 005e 00       		.byte	0
ARM GAS  C:\Users\marti\AppData\Local\Temp\cc68jJpO.s 			page 31


 1707 005f 49       		.uleb128 0x49
 1708 0060 13       		.uleb128 0x13
 1709 0061 2F       		.uleb128 0x2f
 1710 0062 0B       		.uleb128 0xb
 1711 0063 00       		.byte	0
 1712 0064 00       		.byte	0
 1713 0065 0A       		.uleb128 0xa
 1714 0066 34       		.uleb128 0x34
 1715 0067 00       		.byte	0
 1716 0068 03       		.uleb128 0x3
 1717 0069 0E       		.uleb128 0xe
 1718 006a 3A       		.uleb128 0x3a
 1719 006b 0B       		.uleb128 0xb
 1720 006c 3B       		.uleb128 0x3b
 1721 006d 05       		.uleb128 0x5
 1722 006e 49       		.uleb128 0x49
 1723 006f 13       		.uleb128 0x13
 1724 0070 3F       		.uleb128 0x3f
 1725 0071 19       		.uleb128 0x19
 1726 0072 02       		.uleb128 0x2
 1727 0073 18       		.uleb128 0x18
 1728 0074 00       		.byte	0
 1729 0075 00       		.byte	0
 1730 0076 00       		.byte	0
 1731              		.section	.debug_aranges,"",%progbits
 1732 0000 14000000 		.4byte	0x14
 1733 0004 0200     		.2byte	0x2
 1734 0006 00000000 		.4byte	.Ldebug_info0
 1735 000a 04       		.byte	0x4
 1736 000b 00       		.byte	0
 1737 000c 0000     		.2byte	0
 1738 000e 0000     		.2byte	0
 1739 0010 00000000 		.4byte	0
 1740 0014 00000000 		.4byte	0
 1741              		.section	.debug_line,"",%progbits
 1742              	.Ldebug_line0:
 1743 0000 3D010000 		.section	.debug_str,"MS",%progbits,1
 1743      02003701 
 1743      00000201 
 1743      FB0E0D00 
 1743      01010101 
 1744              	.LASF9:
 1745 0000 5F5F7569 		.ascii	"__uint8_t\000"
 1745      6E74385F 
 1745      7400
 1746              	.LASF19:
 1747 000a 433A5C33 		.ascii	"C:\\3. semester\\GFV\\SPI - Slave\\SPI_Slave.cydsn\000"
 1747      2E207365 
 1747      6D657374 
 1747      65725C47 
 1747      46565C53 
 1748              	.LASF16:
 1749 0039 63795F6D 		.ascii	"cy_metadata\000"
 1749      65746164 
 1749      61746100 
 1750              	.LASF1:
 1751 0045 756E7369 		.ascii	"unsigned char\000"
ARM GAS  C:\Users\marti\AppData\Local\Temp\cc68jJpO.s 			page 32


 1751      676E6564 
 1751      20636861 
 1751      7200
 1752              	.LASF17:
 1753 0053 474E5520 		.ascii	"GNU C11 5.4.1 20160609 (release) [ARM/embedded-5-br"
 1753      43313120 
 1753      352E342E 
 1753      31203230 
 1753      31363036 
 1754 0086 616E6368 		.ascii	"anch revision 237715] -mcpu=cortex-m3 -mthumb -g -O"
 1754      20726576 
 1754      6973696F 
 1754      6E203233 
 1754      37373135 
 1755 00b9 67202D66 		.ascii	"g -ffunction-sections -ffat-lto-objects\000"
 1755      66756E63 
 1755      74696F6E 
 1755      2D736563 
 1755      74696F6E 
 1756              	.LASF5:
 1757 00e1 6C6F6E67 		.ascii	"long unsigned int\000"
 1757      20756E73 
 1757      69676E65 
 1757      6420696E 
 1757      7400
 1758              	.LASF3:
 1759 00f3 73686F72 		.ascii	"short unsigned int\000"
 1759      7420756E 
 1759      7369676E 
 1759      65642069 
 1759      6E7400
 1760              	.LASF13:
 1761 0106 63795F6D 		.ascii	"cy_meta_custnvl\000"
 1761      6574615F 
 1761      63757374 
 1761      6E766C00 
 1762              	.LASF12:
 1763 0116 63795F6D 		.ascii	"cy_meta_configecc\000"
 1763      6574615F 
 1763      636F6E66 
 1763      69676563 
 1763      6300
 1764              	.LASF8:
 1765 0128 756E7369 		.ascii	"unsigned int\000"
 1765      676E6564 
 1765      20696E74 
 1765      00
 1766              	.LASF7:
 1767 0135 6C6F6E67 		.ascii	"long long unsigned int\000"
 1767      206C6F6E 
 1767      6720756E 
 1767      7369676E 
 1767      65642069 
 1768              	.LASF10:
 1769 014c 75696E74 		.ascii	"uint8_t\000"
 1769      385F7400 
 1770              	.LASF15:
ARM GAS  C:\Users\marti\AppData\Local\Temp\cc68jJpO.s 			page 33


 1771 0154 63795F6D 		.ascii	"cy_meta_flashprotect\000"
 1771      6574615F 
 1771      666C6173 
 1771      6870726F 
 1771      74656374 
 1772              	.LASF14:
 1773 0169 63795F6D 		.ascii	"cy_meta_wonvl\000"
 1773      6574615F 
 1773      776F6E76 
 1773      6C00
 1774              	.LASF11:
 1775 0177 73697A65 		.ascii	"sizetype\000"
 1775      74797065 
 1775      00
 1776              	.LASF6:
 1777 0180 6C6F6E67 		.ascii	"long long int\000"
 1777      206C6F6E 
 1777      6720696E 
 1777      7400
 1778              	.LASF2:
 1779 018e 73686F72 		.ascii	"short int\000"
 1779      7420696E 
 1779      7400
 1780              	.LASF4:
 1781 0198 6C6F6E67 		.ascii	"long int\000"
 1781      20696E74 
 1781      00
 1782              	.LASF0:
 1783 01a1 7369676E 		.ascii	"signed char\000"
 1783      65642063 
 1783      68617200 
 1784              	.LASF18:
 1785 01ad 47656E65 		.ascii	"Generated_Source\\PSoC5\\cymetadata.c\000"
 1785      72617465 
 1785      645F536F 
 1785      75726365 
 1785      5C50536F 
 1786              		.ident	"GCC: (GNU Tools for ARM Embedded Processors) 5.4.1 20160609 (release) [ARM/embedded-5-bran
