ARM GAS  C:\Users\marti\AppData\Local\Temp\cce3RDJr.s 			page 1


   1              		.syntax unified
   2              		.cpu cortex-m3
   3              		.fpu softvfp
   4              		.eabi_attribute 20, 1
   5              		.eabi_attribute 21, 1
   6              		.eabi_attribute 23, 3
   7              		.eabi_attribute 24, 1
   8              		.eabi_attribute 25, 1
   9              		.eabi_attribute 26, 1
  10              		.eabi_attribute 30, 1
  11              		.eabi_attribute 34, 1
  12              		.eabi_attribute 18, 4
  13              		.thumb
  14              		.syntax unified
  15              		.file	"main.c"
  16              		.text
  17              	.Ltext0:
  18              		.cfi_sections	.debug_frame
  19              		.section	.text.ISR_UART_rx_handler,"ax",%progbits
  20              		.align	2
  21              		.global	ISR_UART_rx_handler
  22              		.thumb
  23              		.thumb_func
  24              		.type	ISR_UART_rx_handler, %function
  25              	ISR_UART_rx_handler:
  26              	.LFB64:
  27              		.file 1 "main.c"
   1:main.c        **** /* ========================================
   2:main.c        ****  *
   3:main.c        ****  * Copyright YOUR COMPANY, THE YEAR
   4:main.c        ****  * All Rights Reserved
   5:main.c        ****  * UNPUBLISHED, LICENSED SOFTWARE.
   6:main.c        ****  *
   7:main.c        ****  * CONFIDENTIAL AND PROPRIETARY INFORMATION
   8:main.c        ****  * WHICH IS THE PROPERTY OF your company.
   9:main.c        ****  *
  10:main.c        ****  * ========================================
  11:main.c        **** */
  12:main.c        **** #include "project.h"
  13:main.c        **** 
  14:main.c        **** CY_ISR_PROTO(ISR_UART_rx_handler);
  15:main.c        **** void handleByteReceived(uint8_t byteReceived);
  16:main.c        **** 
  17:main.c        **** int main(void)
  18:main.c        **** {
  19:main.c        ****     CyGlobalIntEnable; /* Enable global interrupts. */
  20:main.c        **** 
  21:main.c        ****     /* Place your initialization/startup code here (e.g. MyInst_Start()) */
  22:main.c        ****     isr_uart_rx_StartEx(ISR_UART_rx_handler); //UART interrupt initialiseres
  23:main.c        ****     UART_1_Start(); //UART initialiseres
  24:main.c        ****     
  25:main.c        ****     
  26:main.c        ****     
  27:main.c        ****  
  28:main.c        **** 
  29:main.c        ****     //static uint8 mTxBuffer[8];
  30:main.c        ****     
ARM GAS  C:\Users\marti\AppData\Local\Temp\cce3RDJr.s 			page 2


  31:main.c        ****     CyGlobalIntEnable;
  32:main.c        ****     
  33:main.c        ****     for(;;)
  34:main.c        ****     {
  35:main.c        ****         SPIS_Start(); //SPI kommunikation startes
  36:main.c        ****         
  37:main.c        ****         
  38:main.c        ****         
  39:main.c        ****         while(!SPIS_ReadTxStatus());
  40:main.c        ****         
  41:main.c        ****         if(Pin_LN1_Read()) {
  42:main.c        ****             SPIS_WriteTxData('1');   //Hvis der ikke er trykket på Switch sendes '1'  
  43:main.c        ****         } else {
  44:main.c        ****             SPIS_WriteTxData('0');  //Hvis der er trykket på Switch sendes '0'
  45:main.c        ****         }
  46:main.c        ****            
  47:main.c        ****         
  48:main.c        ****         while(!SPIS_ReadRxStatus()); //der tjekkes, om der er klar til at modtage
  49:main.c        ****         uint8 data = SPIS_ReadRxData(); //Char modtages og gemmes i data
  50:main.c        ****         if(data=='1') {
  51:main.c        ****         Pin_EN_Write(1); //hvis modtaget er '1' så tændes LED
  52:main.c        ****         } else {
  53:main.c        ****         Pin_EN_Write(0); // hvis modtaget er andet, så slukkes LED
  54:main.c        ****         }
  55:main.c        ****         UART_1_PutChar(data); //sendes ud, hvis man ville sætte slaven til UART
  56:main.c        ****         UART_1_PutString("\r\n"); //sendes ud, hvis man ville sætte slaven til UART
  57:main.c        ****         }
  58:main.c        ****         SPIS_ClearRxBuffer();
  59:main.c        ****         
  60:main.c        ****         /* Place your application code here. */
  61:main.c        ****         
  62:main.c        ****     
  63:main.c        ****     SPIS_Stop(); //SPI kommunikation sluttes
  64:main.c        ****     CyDelay(1000);
  65:main.c        **** }
  66:main.c        **** 
  67:main.c        **** CY_ISR(ISR_UART_rx_handler)
  68:main.c        **** {
  28              		.loc 1 68 0
  29              		.cfi_startproc
  30              		@ args = 0, pretend = 0, frame = 0
  31              		@ frame_needed = 0, uses_anonymous_args = 0
  32 0000 10B5     		push	{r4, lr}
  33              		.cfi_def_cfa_offset 8
  34              		.cfi_offset 4, -8
  35              		.cfi_offset 14, -4
  69:main.c        ****     uint8_t bytesToRead = UART_1_GetRxBufferSize();
  36              		.loc 1 69 0
  37 0002 FFF7FEFF 		bl	UART_1_GetRxBufferSize
  38              	.LVL0:
  39 0006 0446     		mov	r4, r0
  40              	.LVL1:
  70:main.c        ****     while (bytesToRead > 0)
  41              		.loc 1 70 0
  42 0008 05E0     		b	.L2
  43              	.L3:
  44              	.LBB2:
ARM GAS  C:\Users\marti\AppData\Local\Temp\cce3RDJr.s 			page 3


  71:main.c        ****     {
  72:main.c        ****         uint8_t byteReceived = UART_1_ReadRxData();
  45              		.loc 1 72 0
  46 000a FFF7FEFF 		bl	UART_1_ReadRxData
  47              	.LVL2:
  73:main.c        ****         UART_1_WriteTxData(byteReceived); // echo back
  48              		.loc 1 73 0
  49 000e FFF7FEFF 		bl	UART_1_WriteTxData
  50              	.LVL3:
  74:main.c        ****         
  75:main.c        ****         handleByteReceived(byteReceived);
  76:main.c        ****         
  77:main.c        ****         bytesToRead--;
  51              		.loc 1 77 0
  52 0012 013C     		subs	r4, r4, #1
  53              	.LVL4:
  54 0014 E4B2     		uxtb	r4, r4
  55              	.LVL5:
  56              	.L2:
  57              	.LBE2:
  70:main.c        ****     {
  58              		.loc 1 70 0
  59 0016 002C     		cmp	r4, #0
  60 0018 F7D1     		bne	.L3
  78:main.c        ****     }
  79:main.c        **** }
  61              		.loc 1 79 0
  62 001a 10BD     		pop	{r4, pc}
  63              		.cfi_endproc
  64              	.LFE64:
  65              		.size	ISR_UART_rx_handler, .-ISR_UART_rx_handler
  66              		.section	.text.main,"ax",%progbits
  67              		.align	2
  68              		.global	main
  69              		.thumb
  70              		.thumb_func
  71              		.type	main, %function
  72              	main:
  73              	.LFB63:
  18:main.c        ****     CyGlobalIntEnable; /* Enable global interrupts. */
  74              		.loc 1 18 0
  75              		.cfi_startproc
  76              		@ args = 0, pretend = 0, frame = 0
  77              		@ frame_needed = 0, uses_anonymous_args = 0
  78 0000 10B5     		push	{r4, lr}
  79              		.cfi_def_cfa_offset 8
  80              		.cfi_offset 4, -8
  81              		.cfi_offset 14, -4
  19:main.c        **** 
  82              		.loc 1 19 0
  83              		.syntax unified
  84              	@ 19 "main.c" 1
  85 0002 62B6     		CPSIE   i
  86              	@ 0 "" 2
  22:main.c        ****     UART_1_Start(); //UART initialiseres
  87              		.loc 1 22 0
  88              		.thumb
ARM GAS  C:\Users\marti\AppData\Local\Temp\cce3RDJr.s 			page 4


  89              		.syntax unified
  90 0004 1648     		ldr	r0, .L14
  91 0006 FFF7FEFF 		bl	isr_uart_rx_StartEx
  92              	.LVL6:
  23:main.c        ****     
  93              		.loc 1 23 0
  94 000a FFF7FEFF 		bl	UART_1_Start
  95              	.LVL7:
  31:main.c        ****     
  96              		.loc 1 31 0
  97              		.syntax unified
  98              	@ 31 "main.c" 1
  99 000e 62B6     		CPSIE   i
 100              	@ 0 "" 2
 101              		.thumb
 102              		.syntax unified
 103              	.L12:
 104              	.LBB3:
  35:main.c        ****         
 105              		.loc 1 35 0
 106 0010 FFF7FEFF 		bl	SPIS_Start
 107              	.LVL8:
 108              	.L6:
  39:main.c        ****         
 109              		.loc 1 39 0 discriminator 1
 110 0014 FFF7FEFF 		bl	SPIS_ReadTxStatus
 111              	.LVL9:
 112 0018 0028     		cmp	r0, #0
 113 001a FBD0     		beq	.L6
  41:main.c        ****             SPIS_WriteTxData('1');   //Hvis der ikke er trykket på Switch sendes '1'  
 114              		.loc 1 41 0
 115 001c FFF7FEFF 		bl	Pin_LN1_Read
 116              	.LVL10:
 117 0020 18B1     		cbz	r0, .L7
  42:main.c        ****         } else {
 118              		.loc 1 42 0
 119 0022 3120     		movs	r0, #49
 120 0024 FFF7FEFF 		bl	SPIS_WriteTxData
 121              	.LVL11:
 122 0028 02E0     		b	.L9
 123              	.L7:
  44:main.c        ****         }
 124              		.loc 1 44 0
 125 002a 3020     		movs	r0, #48
 126 002c FFF7FEFF 		bl	SPIS_WriteTxData
 127              	.LVL12:
 128              	.L9:
  48:main.c        ****         uint8 data = SPIS_ReadRxData(); //Char modtages og gemmes i data
 129              		.loc 1 48 0 discriminator 1
 130 0030 FFF7FEFF 		bl	SPIS_ReadRxStatus
 131              	.LVL13:
 132 0034 0028     		cmp	r0, #0
 133 0036 FBD0     		beq	.L9
  49:main.c        ****         if(data=='1') {
 134              		.loc 1 49 0
 135 0038 FFF7FEFF 		bl	SPIS_ReadRxData
 136              	.LVL14:
ARM GAS  C:\Users\marti\AppData\Local\Temp\cce3RDJr.s 			page 5


 137 003c 0446     		mov	r4, r0
 138              	.LVL15:
  50:main.c        ****         Pin_EN_Write(1); //hvis modtaget er '1' så tændes LED
 139              		.loc 1 50 0
 140 003e 3128     		cmp	r0, #49
 141 0040 03D1     		bne	.L10
  51:main.c        ****         } else {
 142              		.loc 1 51 0
 143 0042 0120     		movs	r0, #1
 144              	.LVL16:
 145 0044 FFF7FEFF 		bl	Pin_EN_Write
 146              	.LVL17:
 147 0048 02E0     		b	.L11
 148              	.LVL18:
 149              	.L10:
  53:main.c        ****         }
 150              		.loc 1 53 0
 151 004a 0020     		movs	r0, #0
 152              	.LVL19:
 153 004c FFF7FEFF 		bl	Pin_EN_Write
 154              	.LVL20:
 155              	.L11:
  55:main.c        ****         UART_1_PutString("\r\n"); //sendes ud, hvis man ville sætte slaven til UART
 156              		.loc 1 55 0
 157 0050 2046     		mov	r0, r4
 158 0052 FFF7FEFF 		bl	UART_1_PutChar
 159              	.LVL21:
  56:main.c        ****         }
 160              		.loc 1 56 0
 161 0056 0348     		ldr	r0, .L14+4
 162 0058 FFF7FEFF 		bl	UART_1_PutString
 163              	.LVL22:
 164              	.LBE3:
  57:main.c        ****         SPIS_ClearRxBuffer();
 165              		.loc 1 57 0
 166 005c D8E7     		b	.L12
 167              	.L15:
 168 005e 00BF     		.align	2
 169              	.L14:
 170 0060 00000000 		.word	ISR_UART_rx_handler
 171 0064 00000000 		.word	.LC0
 172              		.cfi_endproc
 173              	.LFE63:
 174              		.size	main, .-main
 175              		.section	.text.handleByteReceived,"ax",%progbits
 176              		.align	2
 177              		.global	handleByteReceived
 178              		.thumb
 179              		.thumb_func
 180              		.type	handleByteReceived, %function
 181              	handleByteReceived:
 182              	.LFB65:
  80:main.c        **** 
  81:main.c        **** void handleByteReceived(uint8_t byteReceived)
  82:main.c        **** {
 183              		.loc 1 82 0
 184              		.cfi_startproc
ARM GAS  C:\Users\marti\AppData\Local\Temp\cce3RDJr.s 			page 6


 185              		@ args = 0, pretend = 0, frame = 0
 186              		@ frame_needed = 0, uses_anonymous_args = 0
 187              		@ link register save eliminated.
 188              	.LVL23:
 189 0000 7047     		bx	lr
 190              		.cfi_endproc
 191              	.LFE65:
 192              		.size	handleByteReceived, .-handleByteReceived
 193 0002 00BF     		.section	.rodata.str1.4,"aMS",%progbits,1
 194              		.align	2
 195              	.LC0:
 196 0000 0D0A00   		.ascii	"\015\012\000"
 197              		.text
 198              	.Letext0:
 199              		.file 2 "c:\\program files (x86)\\cypress\\psoc creator\\4.2\\psoc creator\\import\\gnu\\arm\\5.4.
 200              		.file 3 "c:\\program files (x86)\\cypress\\psoc creator\\4.2\\psoc creator\\import\\gnu\\arm\\5.4.
 201              		.file 4 "Generated_Source\\PSoC5/cytypes.h"
 202              		.file 5 "Generated_Source\\PSoC5/UART_1.h"
 203              		.file 6 "Generated_Source\\PSoC5/SPIS.h"
 204              		.file 7 "Generated_Source\\PSoC5/Pin_LN1.h"
 205              		.file 8 "Generated_Source\\PSoC5/Pin_EN.h"
 206              		.file 9 "Generated_Source\\PSoC5/isr_uart_rx.h"
 207              		.file 10 "Generated_Source\\PSoC5/core_cm3.h"
 208              		.section	.debug_info,"",%progbits
 209              	.Ldebug_info0:
 210 0000 E7020000 		.4byte	0x2e7
 211 0004 0400     		.2byte	0x4
 212 0006 00000000 		.4byte	.Ldebug_abbrev0
 213 000a 04       		.byte	0x4
 214 000b 01       		.uleb128 0x1
 215 000c DA000000 		.4byte	.LASF38
 216 0010 0C       		.byte	0xc
 217 0011 7C020000 		.4byte	.LASF39
 218 0015 51000000 		.4byte	.LASF40
 219 0019 00000000 		.4byte	.Ldebug_ranges0+0
 220 001d 00000000 		.4byte	0
 221 0021 00000000 		.4byte	.Ldebug_line0
 222 0025 02       		.uleb128 0x2
 223 0026 01       		.byte	0x1
 224 0027 06       		.byte	0x6
 225 0028 AD020000 		.4byte	.LASF0
 226 002c 03       		.uleb128 0x3
 227 002d 21000000 		.4byte	.LASF4
 228 0031 02       		.byte	0x2
 229 0032 1D       		.byte	0x1d
 230 0033 37000000 		.4byte	0x37
 231 0037 02       		.uleb128 0x2
 232 0038 01       		.byte	0x1
 233 0039 08       		.byte	0x8
 234 003a CC000000 		.4byte	.LASF1
 235 003e 02       		.uleb128 0x2
 236 003f 02       		.byte	0x2
 237 0040 05       		.byte	0x5
 238 0041 88020000 		.4byte	.LASF2
 239 0045 02       		.uleb128 0x2
 240 0046 02       		.byte	0x2
 241 0047 07       		.byte	0x7
ARM GAS  C:\Users\marti\AppData\Local\Temp\cce3RDJr.s 			page 7


 242 0048 80000000 		.4byte	.LASF3
 243 004c 03       		.uleb128 0x3
 244 004d 36000000 		.4byte	.LASF5
 245 0051 02       		.byte	0x2
 246 0052 3F       		.byte	0x3f
 247 0053 57000000 		.4byte	0x57
 248 0057 02       		.uleb128 0x2
 249 0058 04       		.byte	0x4
 250 0059 05       		.byte	0x5
 251 005a 98020000 		.4byte	.LASF6
 252 005e 02       		.uleb128 0x2
 253 005f 04       		.byte	0x4
 254 0060 07       		.byte	0x7
 255 0061 7C010000 		.4byte	.LASF7
 256 0065 02       		.uleb128 0x2
 257 0066 08       		.byte	0x8
 258 0067 05       		.byte	0x5
 259 0068 5C020000 		.4byte	.LASF8
 260 006c 02       		.uleb128 0x2
 261 006d 08       		.byte	0x8
 262 006e 07       		.byte	0x7
 263 006f 15020000 		.4byte	.LASF9
 264 0073 04       		.uleb128 0x4
 265 0074 04       		.byte	0x4
 266 0075 05       		.byte	0x5
 267 0076 696E7400 		.ascii	"int\000"
 268 007a 02       		.uleb128 0x2
 269 007b 04       		.byte	0x4
 270 007c 07       		.byte	0x7
 271 007d 08020000 		.4byte	.LASF10
 272 0081 03       		.uleb128 0x3
 273 0082 2C020000 		.4byte	.LASF11
 274 0086 03       		.byte	0x3
 275 0087 18       		.byte	0x18
 276 0088 2C000000 		.4byte	0x2c
 277 008c 03       		.uleb128 0x3
 278 008d 4B020000 		.4byte	.LASF12
 279 0091 03       		.byte	0x3
 280 0092 2C       		.byte	0x2c
 281 0093 4C000000 		.4byte	0x4c
 282 0097 05       		.uleb128 0x5
 283 0098 92020000 		.4byte	.LASF13
 284 009c 04       		.byte	0x4
 285 009d 9201     		.2byte	0x192
 286 009f 37000000 		.4byte	0x37
 287 00a3 02       		.uleb128 0x2
 288 00a4 04       		.byte	0x4
 289 00a5 04       		.byte	0x4
 290 00a6 C1000000 		.4byte	.LASF14
 291 00aa 02       		.uleb128 0x2
 292 00ab 08       		.byte	0x8
 293 00ac 04       		.byte	0x4
 294 00ad D3010000 		.4byte	.LASF15
 295 00b1 02       		.uleb128 0x2
 296 00b2 01       		.byte	0x1
 297 00b3 08       		.byte	0x8
 298 00b4 83020000 		.4byte	.LASF16
ARM GAS  C:\Users\marti\AppData\Local\Temp\cce3RDJr.s 			page 8


 299 00b8 02       		.uleb128 0x2
 300 00b9 08       		.byte	0x8
 301 00ba 04       		.byte	0x4
 302 00bb A1020000 		.4byte	.LASF17
 303 00bf 02       		.uleb128 0x2
 304 00c0 04       		.byte	0x4
 305 00c1 07       		.byte	0x7
 306 00c2 53020000 		.4byte	.LASF18
 307 00c6 06       		.uleb128 0x6
 308 00c7 68010000 		.4byte	.LASF22
 309 00cb 01       		.byte	0x1
 310 00cc 43       		.byte	0x43
 311 00cd 00000000 		.4byte	.LFB64
 312 00d1 1C000000 		.4byte	.LFE64-.LFB64
 313 00d5 01       		.uleb128 0x1
 314 00d6 9C       		.byte	0x9c
 315 00d7 23010000 		.4byte	0x123
 316 00db 07       		.uleb128 0x7
 317 00dc A3000000 		.4byte	.LASF19
 318 00e0 01       		.byte	0x1
 319 00e1 45       		.byte	0x45
 320 00e2 81000000 		.4byte	0x81
 321 00e6 00000000 		.4byte	.LLST0
 322 00ea 08       		.uleb128 0x8
 323 00eb 0A000000 		.4byte	.LBB2
 324 00ef 0C000000 		.4byte	.LBE2-.LBB2
 325 00f3 19010000 		.4byte	0x119
 326 00f7 07       		.uleb128 0x7
 327 00f8 CA020000 		.4byte	.LASF20
 328 00fc 01       		.byte	0x1
 329 00fd 48       		.byte	0x48
 330 00fe 81000000 		.4byte	0x81
 331 0102 1E000000 		.4byte	.LLST1
 332 0106 09       		.uleb128 0x9
 333 0107 0E000000 		.4byte	.LVL2
 334 010b 50020000 		.4byte	0x250
 335 010f 09       		.uleb128 0x9
 336 0110 12000000 		.4byte	.LVL3
 337 0114 5B020000 		.4byte	0x25b
 338 0118 00       		.byte	0
 339 0119 09       		.uleb128 0x9
 340 011a 06000000 		.4byte	.LVL0
 341 011e 66020000 		.4byte	0x266
 342 0122 00       		.byte	0
 343 0123 0A       		.uleb128 0xa
 344 0124 DA010000 		.4byte	.LASF41
 345 0128 01       		.byte	0x1
 346 0129 11       		.byte	0x11
 347 012a 73000000 		.4byte	0x73
 348 012e 00000000 		.4byte	.LFB63
 349 0132 68000000 		.4byte	.LFE63-.LFB63
 350 0136 01       		.uleb128 0x1
 351 0137 9C       		.byte	0x9c
 352 0138 1C020000 		.4byte	0x21c
 353 013c 08       		.uleb128 0x8
 354 013d 10000000 		.4byte	.LBB3
 355 0141 4C000000 		.4byte	.LBE3-.LBB3
ARM GAS  C:\Users\marti\AppData\Local\Temp\cce3RDJr.s 			page 9


 356 0145 FB010000 		.4byte	0x1fb
 357 0149 07       		.uleb128 0x7
 358 014a C7000000 		.4byte	.LASF21
 359 014e 01       		.byte	0x1
 360 014f 31       		.byte	0x31
 361 0150 97000000 		.4byte	0x97
 362 0154 31000000 		.4byte	.LLST2
 363 0158 09       		.uleb128 0x9
 364 0159 14000000 		.4byte	.LVL8
 365 015d 71020000 		.4byte	0x271
 366 0161 09       		.uleb128 0x9
 367 0162 18000000 		.4byte	.LVL9
 368 0166 7C020000 		.4byte	0x27c
 369 016a 09       		.uleb128 0x9
 370 016b 20000000 		.4byte	.LVL10
 371 016f 87020000 		.4byte	0x287
 372 0173 0B       		.uleb128 0xb
 373 0174 28000000 		.4byte	.LVL11
 374 0178 92020000 		.4byte	0x292
 375 017c 87010000 		.4byte	0x187
 376 0180 0C       		.uleb128 0xc
 377 0181 01       		.uleb128 0x1
 378 0182 50       		.byte	0x50
 379 0183 02       		.uleb128 0x2
 380 0184 08       		.byte	0x8
 381 0185 31       		.byte	0x31
 382 0186 00       		.byte	0
 383 0187 0B       		.uleb128 0xb
 384 0188 30000000 		.4byte	.LVL12
 385 018c 92020000 		.4byte	0x292
 386 0190 9B010000 		.4byte	0x19b
 387 0194 0C       		.uleb128 0xc
 388 0195 01       		.uleb128 0x1
 389 0196 50       		.byte	0x50
 390 0197 02       		.uleb128 0x2
 391 0198 08       		.byte	0x8
 392 0199 30       		.byte	0x30
 393 019a 00       		.byte	0
 394 019b 09       		.uleb128 0x9
 395 019c 34000000 		.4byte	.LVL13
 396 01a0 9D020000 		.4byte	0x29d
 397 01a4 09       		.uleb128 0x9
 398 01a5 3C000000 		.4byte	.LVL14
 399 01a9 A8020000 		.4byte	0x2a8
 400 01ad 0B       		.uleb128 0xb
 401 01ae 48000000 		.4byte	.LVL17
 402 01b2 B3020000 		.4byte	0x2b3
 403 01b6 C0010000 		.4byte	0x1c0
 404 01ba 0C       		.uleb128 0xc
 405 01bb 01       		.uleb128 0x1
 406 01bc 50       		.byte	0x50
 407 01bd 01       		.uleb128 0x1
 408 01be 31       		.byte	0x31
 409 01bf 00       		.byte	0
 410 01c0 0B       		.uleb128 0xb
 411 01c1 50000000 		.4byte	.LVL20
 412 01c5 B3020000 		.4byte	0x2b3
ARM GAS  C:\Users\marti\AppData\Local\Temp\cce3RDJr.s 			page 10


 413 01c9 D3010000 		.4byte	0x1d3
 414 01cd 0C       		.uleb128 0xc
 415 01ce 01       		.uleb128 0x1
 416 01cf 50       		.byte	0x50
 417 01d0 01       		.uleb128 0x1
 418 01d1 30       		.byte	0x30
 419 01d2 00       		.byte	0
 420 01d3 0B       		.uleb128 0xb
 421 01d4 56000000 		.4byte	.LVL21
 422 01d8 BE020000 		.4byte	0x2be
 423 01dc E7010000 		.4byte	0x1e7
 424 01e0 0C       		.uleb128 0xc
 425 01e1 01       		.uleb128 0x1
 426 01e2 50       		.byte	0x50
 427 01e3 02       		.uleb128 0x2
 428 01e4 74       		.byte	0x74
 429 01e5 00       		.sleb128 0
 430 01e6 00       		.byte	0
 431 01e7 0D       		.uleb128 0xd
 432 01e8 5C000000 		.4byte	.LVL22
 433 01ec C9020000 		.4byte	0x2c9
 434 01f0 0C       		.uleb128 0xc
 435 01f1 01       		.uleb128 0x1
 436 01f2 50       		.byte	0x50
 437 01f3 05       		.uleb128 0x5
 438 01f4 03       		.byte	0x3
 439 01f5 00000000 		.4byte	.LC0
 440 01f9 00       		.byte	0
 441 01fa 00       		.byte	0
 442 01fb 0B       		.uleb128 0xb
 443 01fc 0A000000 		.4byte	.LVL6
 444 0200 D4020000 		.4byte	0x2d4
 445 0204 12020000 		.4byte	0x212
 446 0208 0C       		.uleb128 0xc
 447 0209 01       		.uleb128 0x1
 448 020a 50       		.byte	0x50
 449 020b 05       		.uleb128 0x5
 450 020c 03       		.byte	0x3
 451 020d 00000000 		.4byte	ISR_UART_rx_handler
 452 0211 00       		.byte	0
 453 0212 09       		.uleb128 0x9
 454 0213 0E000000 		.4byte	.LVL7
 455 0217 DF020000 		.4byte	0x2df
 456 021b 00       		.byte	0
 457 021c 06       		.uleb128 0x6
 458 021d A0010000 		.4byte	.LASF23
 459 0221 01       		.byte	0x1
 460 0222 51       		.byte	0x51
 461 0223 00000000 		.4byte	.LFB65
 462 0227 02000000 		.4byte	.LFE65-.LFB65
 463 022b 01       		.uleb128 0x1
 464 022c 9C       		.byte	0x9c
 465 022d 3F020000 		.4byte	0x23f
 466 0231 0E       		.uleb128 0xe
 467 0232 CA020000 		.4byte	.LASF20
 468 0236 01       		.byte	0x1
 469 0237 51       		.byte	0x51
ARM GAS  C:\Users\marti\AppData\Local\Temp\cce3RDJr.s 			page 11


 470 0238 81000000 		.4byte	0x81
 471 023c 01       		.uleb128 0x1
 472 023d 50       		.byte	0x50
 473 023e 00       		.byte	0
 474 023f 0F       		.uleb128 0xf
 475 0240 B3010000 		.4byte	.LASF42
 476 0244 0A       		.byte	0xa
 477 0245 9606     		.2byte	0x696
 478 0247 4B020000 		.4byte	0x24b
 479 024b 10       		.uleb128 0x10
 480 024c 8C000000 		.4byte	0x8c
 481 0250 11       		.uleb128 0x11
 482 0251 8E010000 		.4byte	.LASF24
 483 0255 8E010000 		.4byte	.LASF24
 484 0259 05       		.byte	0x5
 485 025a 6F       		.byte	0x6f
 486 025b 11       		.uleb128 0x11
 487 025c C0010000 		.4byte	.LASF25
 488 0260 C0010000 		.4byte	.LASF25
 489 0264 05       		.byte	0x5
 490 0265 88       		.byte	0x88
 491 0266 11       		.uleb128 0x11
 492 0267 34020000 		.4byte	.LASF26
 493 026b 34020000 		.4byte	.LASF26
 494 026f 05       		.byte	0x5
 495 0270 73       		.byte	0x73
 496 0271 11       		.uleb128 0x11
 497 0272 2B000000 		.4byte	.LASF27
 498 0276 2B000000 		.4byte	.LASF27
 499 027a 06       		.byte	0x6
 500 027b 46       		.byte	0x46
 501 027c 11       		.uleb128 0x11
 502 027d AF000000 		.4byte	.LASF28
 503 0281 AF000000 		.4byte	.LASF28
 504 0285 06       		.byte	0x6
 505 0286 4E       		.byte	0x4e
 506 0287 11       		.uleb128 0x11
 507 0288 DF010000 		.4byte	.LASF29
 508 028c DF010000 		.4byte	.LASF29
 509 0290 07       		.byte	0x7
 510 0291 29       		.byte	0x29
 511 0292 11       		.uleb128 0x11
 512 0293 40000000 		.4byte	.LASF30
 513 0297 40000000 		.4byte	.LASF30
 514 029b 06       		.byte	0x6
 515 029c 50       		.byte	0x50
 516 029d 11       		.uleb128 0x11
 517 029e 6A020000 		.4byte	.LASF31
 518 02a2 6A020000 		.4byte	.LASF31
 519 02a6 06       		.byte	0x6
 520 02a7 4F       		.byte	0x4f
 521 02a8 11       		.uleb128 0x11
 522 02a9 93000000 		.4byte	.LASF32
 523 02ad 93000000 		.4byte	.LASF32
 524 02b1 06       		.byte	0x6
 525 02b2 57       		.byte	0x57
 526 02b3 11       		.uleb128 0x11
ARM GAS  C:\Users\marti\AppData\Local\Temp\cce3RDJr.s 			page 12


 527 02b4 EC010000 		.4byte	.LASF33
 528 02b8 EC010000 		.4byte	.LASF33
 529 02bc 08       		.byte	0x8
 530 02bd 26       		.byte	0x26
 531 02be 11       		.uleb128 0x11
 532 02bf F9010000 		.4byte	.LASF34
 533 02c3 F9010000 		.4byte	.LASF34
 534 02c7 05       		.byte	0x5
 535 02c8 8A       		.byte	0x8a
 536 02c9 11       		.uleb128 0x11
 537 02ca B9020000 		.4byte	.LASF35
 538 02ce B9020000 		.4byte	.LASF35
 539 02d2 05       		.byte	0x5
 540 02d3 8B       		.byte	0x8b
 541 02d4 11       		.uleb128 0x11
 542 02d5 00000000 		.4byte	.LASF36
 543 02d9 00000000 		.4byte	.LASF36
 544 02dd 09       		.byte	0x9
 545 02de 18       		.byte	0x18
 546 02df 11       		.uleb128 0x11
 547 02e0 14000000 		.4byte	.LASF37
 548 02e4 14000000 		.4byte	.LASF37
 549 02e8 05       		.byte	0x5
 550 02e9 54       		.byte	0x54
 551 02ea 00       		.byte	0
 552              		.section	.debug_abbrev,"",%progbits
 553              	.Ldebug_abbrev0:
 554 0000 01       		.uleb128 0x1
 555 0001 11       		.uleb128 0x11
 556 0002 01       		.byte	0x1
 557 0003 25       		.uleb128 0x25
 558 0004 0E       		.uleb128 0xe
 559 0005 13       		.uleb128 0x13
 560 0006 0B       		.uleb128 0xb
 561 0007 03       		.uleb128 0x3
 562 0008 0E       		.uleb128 0xe
 563 0009 1B       		.uleb128 0x1b
 564 000a 0E       		.uleb128 0xe
 565 000b 55       		.uleb128 0x55
 566 000c 17       		.uleb128 0x17
 567 000d 11       		.uleb128 0x11
 568 000e 01       		.uleb128 0x1
 569 000f 10       		.uleb128 0x10
 570 0010 17       		.uleb128 0x17
 571 0011 00       		.byte	0
 572 0012 00       		.byte	0
 573 0013 02       		.uleb128 0x2
 574 0014 24       		.uleb128 0x24
 575 0015 00       		.byte	0
 576 0016 0B       		.uleb128 0xb
 577 0017 0B       		.uleb128 0xb
 578 0018 3E       		.uleb128 0x3e
 579 0019 0B       		.uleb128 0xb
 580 001a 03       		.uleb128 0x3
 581 001b 0E       		.uleb128 0xe
 582 001c 00       		.byte	0
 583 001d 00       		.byte	0
ARM GAS  C:\Users\marti\AppData\Local\Temp\cce3RDJr.s 			page 13


 584 001e 03       		.uleb128 0x3
 585 001f 16       		.uleb128 0x16
 586 0020 00       		.byte	0
 587 0021 03       		.uleb128 0x3
 588 0022 0E       		.uleb128 0xe
 589 0023 3A       		.uleb128 0x3a
 590 0024 0B       		.uleb128 0xb
 591 0025 3B       		.uleb128 0x3b
 592 0026 0B       		.uleb128 0xb
 593 0027 49       		.uleb128 0x49
 594 0028 13       		.uleb128 0x13
 595 0029 00       		.byte	0
 596 002a 00       		.byte	0
 597 002b 04       		.uleb128 0x4
 598 002c 24       		.uleb128 0x24
 599 002d 00       		.byte	0
 600 002e 0B       		.uleb128 0xb
 601 002f 0B       		.uleb128 0xb
 602 0030 3E       		.uleb128 0x3e
 603 0031 0B       		.uleb128 0xb
 604 0032 03       		.uleb128 0x3
 605 0033 08       		.uleb128 0x8
 606 0034 00       		.byte	0
 607 0035 00       		.byte	0
 608 0036 05       		.uleb128 0x5
 609 0037 16       		.uleb128 0x16
 610 0038 00       		.byte	0
 611 0039 03       		.uleb128 0x3
 612 003a 0E       		.uleb128 0xe
 613 003b 3A       		.uleb128 0x3a
 614 003c 0B       		.uleb128 0xb
 615 003d 3B       		.uleb128 0x3b
 616 003e 05       		.uleb128 0x5
 617 003f 49       		.uleb128 0x49
 618 0040 13       		.uleb128 0x13
 619 0041 00       		.byte	0
 620 0042 00       		.byte	0
 621 0043 06       		.uleb128 0x6
 622 0044 2E       		.uleb128 0x2e
 623 0045 01       		.byte	0x1
 624 0046 3F       		.uleb128 0x3f
 625 0047 19       		.uleb128 0x19
 626 0048 03       		.uleb128 0x3
 627 0049 0E       		.uleb128 0xe
 628 004a 3A       		.uleb128 0x3a
 629 004b 0B       		.uleb128 0xb
 630 004c 3B       		.uleb128 0x3b
 631 004d 0B       		.uleb128 0xb
 632 004e 27       		.uleb128 0x27
 633 004f 19       		.uleb128 0x19
 634 0050 11       		.uleb128 0x11
 635 0051 01       		.uleb128 0x1
 636 0052 12       		.uleb128 0x12
 637 0053 06       		.uleb128 0x6
 638 0054 40       		.uleb128 0x40
 639 0055 18       		.uleb128 0x18
 640 0056 9742     		.uleb128 0x2117
ARM GAS  C:\Users\marti\AppData\Local\Temp\cce3RDJr.s 			page 14


 641 0058 19       		.uleb128 0x19
 642 0059 01       		.uleb128 0x1
 643 005a 13       		.uleb128 0x13
 644 005b 00       		.byte	0
 645 005c 00       		.byte	0
 646 005d 07       		.uleb128 0x7
 647 005e 34       		.uleb128 0x34
 648 005f 00       		.byte	0
 649 0060 03       		.uleb128 0x3
 650 0061 0E       		.uleb128 0xe
 651 0062 3A       		.uleb128 0x3a
 652 0063 0B       		.uleb128 0xb
 653 0064 3B       		.uleb128 0x3b
 654 0065 0B       		.uleb128 0xb
 655 0066 49       		.uleb128 0x49
 656 0067 13       		.uleb128 0x13
 657 0068 02       		.uleb128 0x2
 658 0069 17       		.uleb128 0x17
 659 006a 00       		.byte	0
 660 006b 00       		.byte	0
 661 006c 08       		.uleb128 0x8
 662 006d 0B       		.uleb128 0xb
 663 006e 01       		.byte	0x1
 664 006f 11       		.uleb128 0x11
 665 0070 01       		.uleb128 0x1
 666 0071 12       		.uleb128 0x12
 667 0072 06       		.uleb128 0x6
 668 0073 01       		.uleb128 0x1
 669 0074 13       		.uleb128 0x13
 670 0075 00       		.byte	0
 671 0076 00       		.byte	0
 672 0077 09       		.uleb128 0x9
 673 0078 898201   		.uleb128 0x4109
 674 007b 00       		.byte	0
 675 007c 11       		.uleb128 0x11
 676 007d 01       		.uleb128 0x1
 677 007e 31       		.uleb128 0x31
 678 007f 13       		.uleb128 0x13
 679 0080 00       		.byte	0
 680 0081 00       		.byte	0
 681 0082 0A       		.uleb128 0xa
 682 0083 2E       		.uleb128 0x2e
 683 0084 01       		.byte	0x1
 684 0085 3F       		.uleb128 0x3f
 685 0086 19       		.uleb128 0x19
 686 0087 03       		.uleb128 0x3
 687 0088 0E       		.uleb128 0xe
 688 0089 3A       		.uleb128 0x3a
 689 008a 0B       		.uleb128 0xb
 690 008b 3B       		.uleb128 0x3b
 691 008c 0B       		.uleb128 0xb
 692 008d 27       		.uleb128 0x27
 693 008e 19       		.uleb128 0x19
 694 008f 49       		.uleb128 0x49
 695 0090 13       		.uleb128 0x13
 696 0091 8701     		.uleb128 0x87
 697 0093 19       		.uleb128 0x19
ARM GAS  C:\Users\marti\AppData\Local\Temp\cce3RDJr.s 			page 15


 698 0094 11       		.uleb128 0x11
 699 0095 01       		.uleb128 0x1
 700 0096 12       		.uleb128 0x12
 701 0097 06       		.uleb128 0x6
 702 0098 40       		.uleb128 0x40
 703 0099 18       		.uleb128 0x18
 704 009a 9742     		.uleb128 0x2117
 705 009c 19       		.uleb128 0x19
 706 009d 01       		.uleb128 0x1
 707 009e 13       		.uleb128 0x13
 708 009f 00       		.byte	0
 709 00a0 00       		.byte	0
 710 00a1 0B       		.uleb128 0xb
 711 00a2 898201   		.uleb128 0x4109
 712 00a5 01       		.byte	0x1
 713 00a6 11       		.uleb128 0x11
 714 00a7 01       		.uleb128 0x1
 715 00a8 31       		.uleb128 0x31
 716 00a9 13       		.uleb128 0x13
 717 00aa 01       		.uleb128 0x1
 718 00ab 13       		.uleb128 0x13
 719 00ac 00       		.byte	0
 720 00ad 00       		.byte	0
 721 00ae 0C       		.uleb128 0xc
 722 00af 8A8201   		.uleb128 0x410a
 723 00b2 00       		.byte	0
 724 00b3 02       		.uleb128 0x2
 725 00b4 18       		.uleb128 0x18
 726 00b5 9142     		.uleb128 0x2111
 727 00b7 18       		.uleb128 0x18
 728 00b8 00       		.byte	0
 729 00b9 00       		.byte	0
 730 00ba 0D       		.uleb128 0xd
 731 00bb 898201   		.uleb128 0x4109
 732 00be 01       		.byte	0x1
 733 00bf 11       		.uleb128 0x11
 734 00c0 01       		.uleb128 0x1
 735 00c1 31       		.uleb128 0x31
 736 00c2 13       		.uleb128 0x13
 737 00c3 00       		.byte	0
 738 00c4 00       		.byte	0
 739 00c5 0E       		.uleb128 0xe
 740 00c6 05       		.uleb128 0x5
 741 00c7 00       		.byte	0
 742 00c8 03       		.uleb128 0x3
 743 00c9 0E       		.uleb128 0xe
 744 00ca 3A       		.uleb128 0x3a
 745 00cb 0B       		.uleb128 0xb
 746 00cc 3B       		.uleb128 0x3b
 747 00cd 0B       		.uleb128 0xb
 748 00ce 49       		.uleb128 0x49
 749 00cf 13       		.uleb128 0x13
 750 00d0 02       		.uleb128 0x2
 751 00d1 18       		.uleb128 0x18
 752 00d2 00       		.byte	0
 753 00d3 00       		.byte	0
 754 00d4 0F       		.uleb128 0xf
ARM GAS  C:\Users\marti\AppData\Local\Temp\cce3RDJr.s 			page 16


 755 00d5 34       		.uleb128 0x34
 756 00d6 00       		.byte	0
 757 00d7 03       		.uleb128 0x3
 758 00d8 0E       		.uleb128 0xe
 759 00d9 3A       		.uleb128 0x3a
 760 00da 0B       		.uleb128 0xb
 761 00db 3B       		.uleb128 0x3b
 762 00dc 05       		.uleb128 0x5
 763 00dd 49       		.uleb128 0x49
 764 00de 13       		.uleb128 0x13
 765 00df 3F       		.uleb128 0x3f
 766 00e0 19       		.uleb128 0x19
 767 00e1 3C       		.uleb128 0x3c
 768 00e2 19       		.uleb128 0x19
 769 00e3 00       		.byte	0
 770 00e4 00       		.byte	0
 771 00e5 10       		.uleb128 0x10
 772 00e6 35       		.uleb128 0x35
 773 00e7 00       		.byte	0
 774 00e8 49       		.uleb128 0x49
 775 00e9 13       		.uleb128 0x13
 776 00ea 00       		.byte	0
 777 00eb 00       		.byte	0
 778 00ec 11       		.uleb128 0x11
 779 00ed 2E       		.uleb128 0x2e
 780 00ee 00       		.byte	0
 781 00ef 3F       		.uleb128 0x3f
 782 00f0 19       		.uleb128 0x19
 783 00f1 3C       		.uleb128 0x3c
 784 00f2 19       		.uleb128 0x19
 785 00f3 6E       		.uleb128 0x6e
 786 00f4 0E       		.uleb128 0xe
 787 00f5 03       		.uleb128 0x3
 788 00f6 0E       		.uleb128 0xe
 789 00f7 3A       		.uleb128 0x3a
 790 00f8 0B       		.uleb128 0xb
 791 00f9 3B       		.uleb128 0x3b
 792 00fa 0B       		.uleb128 0xb
 793 00fb 00       		.byte	0
 794 00fc 00       		.byte	0
 795 00fd 00       		.byte	0
 796              		.section	.debug_loc,"",%progbits
 797              	.Ldebug_loc0:
 798              	.LLST0:
 799 0000 08000000 		.4byte	.LVL1
 800 0004 14000000 		.4byte	.LVL4
 801 0008 0100     		.2byte	0x1
 802 000a 54       		.byte	0x54
 803 000b 16000000 		.4byte	.LVL5
 804 000f 1C000000 		.4byte	.LFE64
 805 0013 0100     		.2byte	0x1
 806 0015 54       		.byte	0x54
 807 0016 00000000 		.4byte	0
 808 001a 00000000 		.4byte	0
 809              	.LLST1:
 810 001e 0E000000 		.4byte	.LVL2
 811 0022 11000000 		.4byte	.LVL3-1
ARM GAS  C:\Users\marti\AppData\Local\Temp\cce3RDJr.s 			page 17


 812 0026 0100     		.2byte	0x1
 813 0028 50       		.byte	0x50
 814 0029 00000000 		.4byte	0
 815 002d 00000000 		.4byte	0
 816              	.LLST2:
 817 0031 3E000000 		.4byte	.LVL15
 818 0035 44000000 		.4byte	.LVL16
 819 0039 0100     		.2byte	0x1
 820 003b 50       		.byte	0x50
 821 003c 4A000000 		.4byte	.LVL18
 822 0040 4C000000 		.4byte	.LVL19
 823 0044 0100     		.2byte	0x1
 824 0046 50       		.byte	0x50
 825 0047 00000000 		.4byte	0
 826 004b 00000000 		.4byte	0
 827              		.section	.debug_aranges,"",%progbits
 828 0000 2C000000 		.4byte	0x2c
 829 0004 0200     		.2byte	0x2
 830 0006 00000000 		.4byte	.Ldebug_info0
 831 000a 04       		.byte	0x4
 832 000b 00       		.byte	0
 833 000c 0000     		.2byte	0
 834 000e 0000     		.2byte	0
 835 0010 00000000 		.4byte	.LFB64
 836 0014 1C000000 		.4byte	.LFE64-.LFB64
 837 0018 00000000 		.4byte	.LFB63
 838 001c 68000000 		.4byte	.LFE63-.LFB63
 839 0020 00000000 		.4byte	.LFB65
 840 0024 02000000 		.4byte	.LFE65-.LFB65
 841 0028 00000000 		.4byte	0
 842 002c 00000000 		.4byte	0
 843              		.section	.debug_ranges,"",%progbits
 844              	.Ldebug_ranges0:
 845 0000 00000000 		.4byte	.LFB64
 846 0004 1C000000 		.4byte	.LFE64
 847 0008 00000000 		.4byte	.LFB63
 848 000c 68000000 		.4byte	.LFE63
 849 0010 00000000 		.4byte	.LFB65
 850 0014 02000000 		.4byte	.LFE65
 851 0018 00000000 		.4byte	0
 852 001c 00000000 		.4byte	0
 853              		.section	.debug_line,"",%progbits
 854              	.Ldebug_line0:
 855 0000 E5010000 		.section	.debug_str,"MS",%progbits,1
 855      02008C01 
 855      00000201 
 855      FB0E0D00 
 855      01010101 
 856              	.LASF36:
 857 0000 6973725F 		.ascii	"isr_uart_rx_StartEx\000"
 857      75617274 
 857      5F72785F 
 857      53746172 
 857      74457800 
 858              	.LASF37:
 859 0014 55415254 		.ascii	"UART_1_Start\000"
 859      5F315F53 
ARM GAS  C:\Users\marti\AppData\Local\Temp\cce3RDJr.s 			page 18


 859      74617274 
 859      00
 860              	.LASF4:
 861 0021 5F5F7569 		.ascii	"__uint8_t\000"
 861      6E74385F 
 861      7400
 862              	.LASF27:
 863 002b 53504953 		.ascii	"SPIS_Start\000"
 863      5F537461 
 863      727400
 864              	.LASF5:
 865 0036 5F5F696E 		.ascii	"__int32_t\000"
 865      7433325F 
 865      7400
 866              	.LASF30:
 867 0040 53504953 		.ascii	"SPIS_WriteTxData\000"
 867      5F577269 
 867      74655478 
 867      44617461 
 867      00
 868              	.LASF40:
 869 0051 433A5C33 		.ascii	"C:\\3. semester\\GFV\\SPI - Slave\\SPI_Slave.cydsn\000"
 869      2E207365 
 869      6D657374 
 869      65725C47 
 869      46565C53 
 870              	.LASF3:
 871 0080 73686F72 		.ascii	"short unsigned int\000"
 871      7420756E 
 871      7369676E 
 871      65642069 
 871      6E7400
 872              	.LASF32:
 873 0093 53504953 		.ascii	"SPIS_ReadRxData\000"
 873      5F526561 
 873      64527844 
 873      61746100 
 874              	.LASF19:
 875 00a3 62797465 		.ascii	"bytesToRead\000"
 875      73546F52 
 875      65616400 
 876              	.LASF28:
 877 00af 53504953 		.ascii	"SPIS_ReadTxStatus\000"
 877      5F526561 
 877      64547853 
 877      74617475 
 877      7300
 878              	.LASF14:
 879 00c1 666C6F61 		.ascii	"float\000"
 879      7400
 880              	.LASF21:
 881 00c7 64617461 		.ascii	"data\000"
 881      00
 882              	.LASF1:
 883 00cc 756E7369 		.ascii	"unsigned char\000"
 883      676E6564 
 883      20636861 
ARM GAS  C:\Users\marti\AppData\Local\Temp\cce3RDJr.s 			page 19


 883      7200
 884              	.LASF38:
 885 00da 474E5520 		.ascii	"GNU C11 5.4.1 20160609 (release) [ARM/embedded-5-br"
 885      43313120 
 885      352E342E 
 885      31203230 
 885      31363036 
 886 010d 616E6368 		.ascii	"anch revision 237715] -mcpu=cortex-m3 -mthumb -g -O"
 886      20726576 
 886      6973696F 
 886      6E203233 
 886      37373135 
 887 0140 67202D66 		.ascii	"g -ffunction-sections -ffat-lto-objects\000"
 887      66756E63 
 887      74696F6E 
 887      2D736563 
 887      74696F6E 
 888              	.LASF22:
 889 0168 4953525F 		.ascii	"ISR_UART_rx_handler\000"
 889      55415254 
 889      5F72785F 
 889      68616E64 
 889      6C657200 
 890              	.LASF7:
 891 017c 6C6F6E67 		.ascii	"long unsigned int\000"
 891      20756E73 
 891      69676E65 
 891      6420696E 
 891      7400
 892              	.LASF24:
 893 018e 55415254 		.ascii	"UART_1_ReadRxData\000"
 893      5F315F52 
 893      65616452 
 893      78446174 
 893      6100
 894              	.LASF23:
 895 01a0 68616E64 		.ascii	"handleByteReceived\000"
 895      6C654279 
 895      74655265 
 895      63656976 
 895      656400
 896              	.LASF42:
 897 01b3 49544D5F 		.ascii	"ITM_RxBuffer\000"
 897      52784275 
 897      66666572 
 897      00
 898              	.LASF25:
 899 01c0 55415254 		.ascii	"UART_1_WriteTxData\000"
 899      5F315F57 
 899      72697465 
 899      54784461 
 899      746100
 900              	.LASF15:
 901 01d3 646F7562 		.ascii	"double\000"
 901      6C6500
 902              	.LASF41:
 903 01da 6D61696E 		.ascii	"main\000"
ARM GAS  C:\Users\marti\AppData\Local\Temp\cce3RDJr.s 			page 20


 903      00
 904              	.LASF29:
 905 01df 50696E5F 		.ascii	"Pin_LN1_Read\000"
 905      4C4E315F 
 905      52656164 
 905      00
 906              	.LASF33:
 907 01ec 50696E5F 		.ascii	"Pin_EN_Write\000"
 907      454E5F57 
 907      72697465 
 907      00
 908              	.LASF34:
 909 01f9 55415254 		.ascii	"UART_1_PutChar\000"
 909      5F315F50 
 909      75744368 
 909      617200
 910              	.LASF10:
 911 0208 756E7369 		.ascii	"unsigned int\000"
 911      676E6564 
 911      20696E74 
 911      00
 912              	.LASF9:
 913 0215 6C6F6E67 		.ascii	"long long unsigned int\000"
 913      206C6F6E 
 913      6720756E 
 913      7369676E 
 913      65642069 
 914              	.LASF11:
 915 022c 75696E74 		.ascii	"uint8_t\000"
 915      385F7400 
 916              	.LASF26:
 917 0234 55415254 		.ascii	"UART_1_GetRxBufferSize\000"
 917      5F315F47 
 917      65745278 
 917      42756666 
 917      65725369 
 918              	.LASF12:
 919 024b 696E7433 		.ascii	"int32_t\000"
 919      325F7400 
 920              	.LASF18:
 921 0253 73697A65 		.ascii	"sizetype\000"
 921      74797065 
 921      00
 922              	.LASF8:
 923 025c 6C6F6E67 		.ascii	"long long int\000"
 923      206C6F6E 
 923      6720696E 
 923      7400
 924              	.LASF31:
 925 026a 53504953 		.ascii	"SPIS_ReadRxStatus\000"
 925      5F526561 
 925      64527853 
 925      74617475 
 925      7300
 926              	.LASF39:
 927 027c 6D61696E 		.ascii	"main.c\000"
 927      2E6300
ARM GAS  C:\Users\marti\AppData\Local\Temp\cce3RDJr.s 			page 21


 928              	.LASF16:
 929 0283 63686172 		.ascii	"char\000"
 929      00
 930              	.LASF2:
 931 0288 73686F72 		.ascii	"short int\000"
 931      7420696E 
 931      7400
 932              	.LASF13:
 933 0292 75696E74 		.ascii	"uint8\000"
 933      3800
 934              	.LASF6:
 935 0298 6C6F6E67 		.ascii	"long int\000"
 935      20696E74 
 935      00
 936              	.LASF17:
 937 02a1 6C6F6E67 		.ascii	"long double\000"
 937      20646F75 
 937      626C6500 
 938              	.LASF0:
 939 02ad 7369676E 		.ascii	"signed char\000"
 939      65642063 
 939      68617200 
 940              	.LASF35:
 941 02b9 55415254 		.ascii	"UART_1_PutString\000"
 941      5F315F50 
 941      75745374 
 941      72696E67 
 941      00
 942              	.LASF20:
 943 02ca 62797465 		.ascii	"byteReceived\000"
 943      52656365 
 943      69766564 
 943      00
 944              		.ident	"GCC: (GNU Tools for ARM Embedded Processors) 5.4.1 20160609 (release) [ARM/embedded-5-bran
