ARM GAS  C:\Users\marti\AppData\Local\Temp\cclG7o08.s 			page 1


   1              		.syntax unified
   2              		.cpu cortex-m3
   3              		.fpu softvfp
   4              		.eabi_attribute 20, 1
   5              		.eabi_attribute 21, 1
   6              		.eabi_attribute 23, 3
   7              		.eabi_attribute 24, 1
   8              		.eabi_attribute 25, 1
   9              		.eabi_attribute 26, 1
  10              		.eabi_attribute 30, 1
  11              		.eabi_attribute 34, 1
  12              		.eabi_attribute 18, 4
  13              		.thumb
  14              		.syntax unified
  15              		.file	"cymetadata.c"
  16              		.text
  17              	.Ltext0:
  18              		.cfi_sections	.debug_frame
  19              		.global	cy_metadata
  20              		.global	cy_meta_flashprotect
  21              		.global	cy_meta_wonvl
  22              		.global	cy_meta_custnvl
  23              		.global	cy_meta_configecc
  24              		.section	.cyconfigecc,"a",%progbits
  25              		.align	2
  26              		.type	cy_meta_configecc, %object
  27              		.size	cy_meta_configecc, 1236
  28              	cy_meta_configecc:
  29 0000 02       		.byte	2
  30 0001 52       		.byte	82
  31 0002 00       		.byte	0
  32 0003 40       		.byte	64
  33 0004 01       		.byte	1
  34 0005 64       		.byte	100
  35 0006 00       		.byte	0
  36 0007 40       		.byte	64
  37 0008 03       		.byte	3
  38 0009 65       		.byte	101
  39 000a 00       		.byte	0
  40 000b 40       		.byte	64
  41 000c 01       		.byte	1
  42 000d 03       		.byte	3
  43 000e 01       		.byte	1
  44 000f 40       		.byte	64
  45 0010 02       		.byte	2
  46 0011 05       		.byte	5
  47 0012 01       		.byte	1
  48 0013 40       		.byte	64
  49 0014 46       		.byte	70
  50 0015 08       		.byte	8
  51 0016 01       		.byte	1
  52 0017 40       		.byte	64
  53 0018 32       		.byte	50
  54 0019 09       		.byte	9
  55 001a 01       		.byte	1
  56 001b 40       		.byte	64
  57 001c 02       		.byte	2
ARM GAS  C:\Users\marti\AppData\Local\Temp\cclG7o08.s 			page 2


  58 001d 0B       		.byte	11
  59 001e 01       		.byte	1
  60 001f 40       		.byte	64
  61 0020 01       		.byte	1
  62 0021 0D       		.byte	13
  63 0022 01       		.byte	1
  64 0023 40       		.byte	64
  65 0024 02       		.byte	2
  66 0025 15       		.byte	21
  67 0026 01       		.byte	1
  68 0027 40       		.byte	64
  69 0028 01       		.byte	1
  70 0029 17       		.byte	23
  71 002a 01       		.byte	1
  72 002b 40       		.byte	64
  73 002c 5E       		.byte	94
  74 002d 18       		.byte	24
  75 002e 01       		.byte	1
  76 002f 40       		.byte	64
  77 0030 4B       		.byte	75
  78 0031 19       		.byte	25
  79 0032 01       		.byte	1
  80 0033 40       		.byte	64
  81 0034 54       		.byte	84
  82 0035 1A       		.byte	26
  83 0036 01       		.byte	1
  84 0037 40       		.byte	64
  85 0038 4D       		.byte	77
  86 0039 1B       		.byte	27
  87 003a 01       		.byte	1
  88 003b 40       		.byte	64
  89 003c 02       		.byte	2
  90 003d 40       		.byte	64
  91 003e 01       		.byte	1
  92 003f 40       		.byte	64
  93 0040 09       		.byte	9
  94 0041 41       		.byte	65
  95 0042 01       		.byte	1
  96 0043 40       		.byte	64
  97 0044 06       		.byte	6
  98 0045 42       		.byte	66
  99 0046 01       		.byte	1
 100 0047 40       		.byte	64
 101 0048 03       		.byte	3
 102 0049 43       		.byte	67
 103 004a 01       		.byte	1
 104 004b 40       		.byte	64
 105 004c 03       		.byte	3
 106 004d 45       		.byte	69
 107 004e 01       		.byte	1
 108 004f 40       		.byte	64
 109 0050 08       		.byte	8
 110 0051 46       		.byte	70
 111 0052 01       		.byte	1
 112 0053 40       		.byte	64
 113 0054 04       		.byte	4
 114 0055 47       		.byte	71
ARM GAS  C:\Users\marti\AppData\Local\Temp\cclG7o08.s 			page 3


 115 0056 01       		.byte	1
 116 0057 40       		.byte	64
 117 0058 05       		.byte	5
 118 0059 48       		.byte	72
 119 005a 01       		.byte	1
 120 005b 40       		.byte	64
 121 005c 05       		.byte	5
 122 005d 49       		.byte	73
 123 005e 01       		.byte	1
 124 005f 40       		.byte	64
 125 0060 0D       		.byte	13
 126 0061 4C       		.byte	76
 127 0062 01       		.byte	1
 128 0063 40       		.byte	64
 129 0064 09       		.byte	9
 130 0065 4D       		.byte	77
 131 0066 01       		.byte	1
 132 0067 40       		.byte	64
 133 0068 04       		.byte	4
 134 0069 50       		.byte	80
 135 006a 01       		.byte	1
 136 006b 40       		.byte	64
 137 006c 02       		.byte	2
 138 006d 51       		.byte	81
 139 006e 01       		.byte	1
 140 006f 40       		.byte	64
 141 0070 01       		.byte	1
 142 0071 02       		.byte	2
 143 0072 04       		.byte	4
 144 0073 03       		.byte	3
 145 0074 89       		.byte	-119
 146 0075 72       		.byte	114
 147 0076 88       		.byte	-120
 148 0077 0F       		.byte	15
 149 0078 8A       		.byte	-118
 150 0079 0D       		.byte	13
 151 007a 8B       		.byte	-117
 152 007b 38       		.byte	56
 153 007c E6       		.byte	-26
 154 007d 01       		.byte	1
 155 007e E8       		.byte	-24
 156 007f 80       		.byte	-128
 157 0080 EC       		.byte	-20
 158 0081 10       		.byte	16
 159 0082 01       		.byte	1
 160 0083 60       		.byte	96
 161 0084 03       		.byte	3
 162 0085 80       		.byte	-128
 163 0086 09       		.byte	9
 164 0087 68       		.byte	104
 165 0088 0B       		.byte	11
 166 0089 95       		.byte	-107
 167 008a 11       		.byte	17
 168 008b 56       		.byte	86
 169 008c 13       		.byte	19
 170 008d 89       		.byte	-119
 171 008e 15       		.byte	21
ARM GAS  C:\Users\marti\AppData\Local\Temp\cclG7o08.s 			page 4


 172 008f 68       		.byte	104
 173 0090 17       		.byte	23
 174 0091 93       		.byte	-109
 175 0092 1B       		.byte	27
 176 0093 16       		.byte	22
 177 0094 2B       		.byte	43
 178 0095 02       		.byte	2
 179 0096 2F       		.byte	47
 180 0097 A9       		.byte	-87
 181 0098 33       		.byte	51
 182 0099 07       		.byte	7
 183 009a 35       		.byte	53
 184 009b E4       		.byte	-28
 185 009c 37       		.byte	55
 186 009d 1B       		.byte	27
 187 009e 3B       		.byte	59
 188 009f A8       		.byte	-88
 189 00a0 40       		.byte	64
 190 00a1 25       		.byte	37
 191 00a2 41       		.byte	65
 192 00a3 06       		.byte	6
 193 00a4 45       		.byte	69
 194 00a5 E0       		.byte	-32
 195 00a6 46       		.byte	70
 196 00a7 B0       		.byte	-80
 197 00a8 47       		.byte	71
 198 00a9 C0       		.byte	-64
 199 00aa 48       		.byte	72
 200 00ab 2A       		.byte	42
 201 00ac 49       		.byte	73
 202 00ad FF       		.byte	-1
 203 00ae 4A       		.byte	74
 204 00af FF       		.byte	-1
 205 00b0 4B       		.byte	75
 206 00b1 FF       		.byte	-1
 207 00b2 4E       		.byte	78
 208 00b3 F0       		.byte	-16
 209 00b4 4F       		.byte	79
 210 00b5 44       		.byte	68
 211 00b6 50       		.byte	80
 212 00b7 0C       		.byte	12
 213 00b8 59       		.byte	89
 214 00b9 04       		.byte	4
 215 00ba 5A       		.byte	90
 216 00bb 04       		.byte	4
 217 00bc 5F       		.byte	95
 218 00bd 01       		.byte	1
 219 00be 66       		.byte	102
 220 00bf C0       		.byte	-64
 221 00c0 6A       		.byte	106
 222 00c1 40       		.byte	64
 223 00c2 6B       		.byte	107
 224 00c3 02       		.byte	2
 225 00c4 83       		.byte	-125
 226 00c5 04       		.byte	4
 227 00c6 84       		.byte	-124
 228 00c7 03       		.byte	3
ARM GAS  C:\Users\marti\AppData\Local\Temp\cclG7o08.s 			page 5


 229 00c8 85       		.byte	-123
 230 00c9 18       		.byte	24
 231 00ca 86       		.byte	-122
 232 00cb 0C       		.byte	12
 233 00cc 89       		.byte	-119
 234 00cd 08       		.byte	8
 235 00ce 8C       		.byte	-116
 236 00cf 0D       		.byte	13
 237 00d0 8D       		.byte	-115
 238 00d1 3C       		.byte	60
 239 00d2 8E       		.byte	-114
 240 00d3 02       		.byte	2
 241 00d4 8F       		.byte	-113
 242 00d5 02       		.byte	2
 243 00d6 92       		.byte	-110
 244 00d7 02       		.byte	2
 245 00d8 94       		.byte	-108
 246 00d9 0C       		.byte	12
 247 00da 95       		.byte	-107
 248 00db 3F       		.byte	63
 249 00dc 98       		.byte	-104
 250 00dd 0F       		.byte	15
 251 00de 99       		.byte	-103
 252 00df 04       		.byte	4
 253 00e0 9C       		.byte	-100
 254 00e1 0D       		.byte	13
 255 00e2 9D       		.byte	-99
 256 00e3 10       		.byte	16
 257 00e4 9E       		.byte	-98
 258 00e5 02       		.byte	2
 259 00e6 A0       		.byte	-96
 260 00e7 08       		.byte	8
 261 00e8 A1       		.byte	-95
 262 00e9 1C       		.byte	28
 263 00ea A3       		.byte	-93
 264 00eb 21       		.byte	33
 265 00ec A4       		.byte	-92
 266 00ed 04       		.byte	4
 267 00ee A9       		.byte	-87
 268 00ef 27       		.byte	39
 269 00f0 AB       		.byte	-85
 270 00f1 18       		.byte	24
 271 00f2 AF       		.byte	-81
 272 00f3 23       		.byte	35
 273 00f4 B0       		.byte	-80
 274 00f5 01       		.byte	1
 275 00f6 B1       		.byte	-79
 276 00f7 1F       		.byte	31
 277 00f8 B6       		.byte	-74
 278 00f9 0E       		.byte	14
 279 00fa B7       		.byte	-73
 280 00fb 38       		.byte	56
 281 00fc BA       		.byte	-70
 282 00fd A0       		.byte	-96
 283 00fe BB       		.byte	-69
 284 00ff 02       		.byte	2
 285 0100 BE       		.byte	-66
ARM GAS  C:\Users\marti\AppData\Local\Temp\cclG7o08.s 			page 6


 286 0101 01       		.byte	1
 287 0102 D6       		.byte	-42
 288 0103 02       		.byte	2
 289 0104 D7       		.byte	-41
 290 0105 13       		.byte	19
 291 0106 D8       		.byte	-40
 292 0107 04       		.byte	4
 293 0108 D9       		.byte	-39
 294 0109 04       		.byte	4
 295 010a DB       		.byte	-37
 296 010b 04       		.byte	4
 297 010c DF       		.byte	-33
 298 010d 01       		.byte	1
 299 010e 00       		.byte	0
 300 010f 48       		.byte	72
 301 0110 08       		.byte	8
 302 0111 01       		.byte	1
 303 0112 09       		.byte	9
 304 0113 08       		.byte	8
 305 0114 0A       		.byte	10
 306 0115 05       		.byte	5
 307 0116 10       		.byte	16
 308 0117 80       		.byte	-128
 309 0118 13       		.byte	19
 310 0119 08       		.byte	8
 311 011a 19       		.byte	25
 312 011b 01       		.byte	1
 313 011c 1A       		.byte	26
 314 011d 0D       		.byte	13
 315 011e 1B       		.byte	27
 316 011f 80       		.byte	-128
 317 0120 20       		.byte	32
 318 0121 40       		.byte	64
 319 0122 21       		.byte	33
 320 0123 80       		.byte	-128
 321 0124 25       		.byte	37
 322 0125 14       		.byte	20
 323 0126 26       		.byte	38
 324 0127 88       		.byte	-120
 325 0128 27       		.byte	39
 326 0129 01       		.byte	1
 327 012a 28       		.byte	40
 328 012b 01       		.byte	1
 329 012c 29       		.byte	41
 330 012d 10       		.byte	16
 331 012e 2B       		.byte	43
 332 012f 82       		.byte	-126
 333 0130 2D       		.byte	45
 334 0131 40       		.byte	64
 335 0132 2F       		.byte	47
 336 0133 08       		.byte	8
 337 0134 30       		.byte	48
 338 0135 80       		.byte	-128
 339 0136 32       		.byte	50
 340 0137 14       		.byte	20
 341 0138 36       		.byte	54
 342 0139 18       		.byte	24
ARM GAS  C:\Users\marti\AppData\Local\Temp\cclG7o08.s 			page 7


 343 013a 37       		.byte	55
 344 013b 01       		.byte	1
 345 013c 38       		.byte	56
 346 013d 68       		.byte	104
 347 013e 39       		.byte	57
 348 013f 02       		.byte	2
 349 0140 3D       		.byte	61
 350 0141 20       		.byte	32
 351 0142 3F       		.byte	63
 352 0143 02       		.byte	2
 353 0144 45       		.byte	69
 354 0145 10       		.byte	16
 355 0146 4C       		.byte	76
 356 0147 40       		.byte	64
 357 0148 4D       		.byte	77
 358 0149 40       		.byte	64
 359 014a 4E       		.byte	78
 360 014b 08       		.byte	8
 361 014c 4F       		.byte	79
 362 014d 81       		.byte	-127
 363 014e 56       		.byte	86
 364 014f 20       		.byte	32
 365 0150 57       		.byte	87
 366 0151 01       		.byte	1
 367 0152 59       		.byte	89
 368 0153 01       		.byte	1
 369 0154 68       		.byte	104
 370 0155 08       		.byte	8
 371 0156 69       		.byte	105
 372 0157 04       		.byte	4
 373 0158 6A       		.byte	106
 374 0159 80       		.byte	-128
 375 015a 70       		.byte	112
 376 015b 94       		.byte	-108
 377 015c 71       		.byte	113
 378 015d 08       		.byte	8
 379 015e 73       		.byte	115
 380 015f 08       		.byte	8
 381 0160 C0       		.byte	-64
 382 0161 05       		.byte	5
 383 0162 C2       		.byte	-62
 384 0163 0F       		.byte	15
 385 0164 C4       		.byte	-60
 386 0165 0C       		.byte	12
 387 0166 CA       		.byte	-54
 388 0167 3D       		.byte	61
 389 0168 CC       		.byte	-52
 390 0169 EE       		.byte	-18
 391 016a CE       		.byte	-50
 392 016b AF       		.byte	-81
 393 016c D0       		.byte	-48
 394 016d 20       		.byte	32
 395 016e D2       		.byte	-46
 396 016f 30       		.byte	48
 397 0170 D6       		.byte	-42
 398 0171 01       		.byte	1
 399 0172 E8       		.byte	-24
ARM GAS  C:\Users\marti\AppData\Local\Temp\cclG7o08.s 			page 8


 400 0173 80       		.byte	-128
 401 0174 EC       		.byte	-20
 402 0175 10       		.byte	16
 403 0176 E6       		.byte	-26
 404 0177 01       		.byte	1
 405 0178 E6       		.byte	-26
 406 0179 02       		.byte	2
 407 017a EA       		.byte	-22
 408 017b 01       		.byte	1
 409 017c E6       		.byte	-26
 410 017d 08       		.byte	8
 411 017e 05       		.byte	5
 412 017f 07       		.byte	7
 413 0180 08       		.byte	8
 414 0181 02       		.byte	2
 415 0182 09       		.byte	9
 416 0183 07       		.byte	7
 417 0184 0C       		.byte	12
 418 0185 01       		.byte	1
 419 0186 0D       		.byte	13
 420 0187 08       		.byte	8
 421 0188 0F       		.byte	15
 422 0189 01       		.byte	1
 423 018a 12       		.byte	18
 424 018b 02       		.byte	2
 425 018c 14       		.byte	20
 426 018d 02       		.byte	2
 427 018e 1D       		.byte	29
 428 018f 02       		.byte	2
 429 0190 1E       		.byte	30
 430 0191 02       		.byte	2
 431 0192 1F       		.byte	31
 432 0193 04       		.byte	4
 433 0194 22       		.byte	34
 434 0195 02       		.byte	2
 435 0196 30       		.byte	48
 436 0197 02       		.byte	2
 437 0198 33       		.byte	51
 438 0199 03       		.byte	3
 439 019a 34       		.byte	52
 440 019b 01       		.byte	1
 441 019c 35       		.byte	53
 442 019d 0C       		.byte	12
 443 019e 39       		.byte	57
 444 019f 28       		.byte	40
 445 01a0 3E       		.byte	62
 446 01a1 11       		.byte	17
 447 01a2 3F       		.byte	63
 448 01a3 04       		.byte	4
 449 01a4 40       		.byte	64
 450 01a5 02       		.byte	2
 451 01a6 47       		.byte	71
 452 01a7 04       		.byte	4
 453 01a8 49       		.byte	73
 454 01a9 FF       		.byte	-1
 455 01aa 4A       		.byte	74
 456 01ab 07       		.byte	7
ARM GAS  C:\Users\marti\AppData\Local\Temp\cclG7o08.s 			page 9


 457 01ac 4B       		.byte	75
 458 01ad FF       		.byte	-1
 459 01ae 4C       		.byte	76
 460 01af 40       		.byte	64
 461 01b0 4D       		.byte	77
 462 01b1 20       		.byte	32
 463 01b2 4E       		.byte	78
 464 01b3 F0       		.byte	-16
 465 01b4 4F       		.byte	79
 466 01b5 05       		.byte	5
 467 01b6 50       		.byte	80
 468 01b7 08       		.byte	8
 469 01b8 54       		.byte	84
 470 01b9 01       		.byte	1
 471 01ba 58       		.byte	88
 472 01bb 04       		.byte	4
 473 01bc 59       		.byte	89
 474 01bd 04       		.byte	4
 475 01be 5A       		.byte	90
 476 01bf 04       		.byte	4
 477 01c0 5B       		.byte	91
 478 01c1 04       		.byte	4
 479 01c2 5F       		.byte	95
 480 01c3 01       		.byte	1
 481 01c4 60       		.byte	96
 482 01c5 40       		.byte	64
 483 01c6 61       		.byte	97
 484 01c7 A8       		.byte	-88
 485 01c8 62       		.byte	98
 486 01c9 40       		.byte	64
 487 01ca 63       		.byte	99
 488 01cb 20       		.byte	32
 489 01cc 84       		.byte	-124
 490 01cd 08       		.byte	8
 491 01ce 85       		.byte	-123
 492 01cf 18       		.byte	24
 493 01d0 89       		.byte	-119
 494 01d1 08       		.byte	8
 495 01d2 8D       		.byte	-115
 496 01d3 18       		.byte	24
 497 01d4 8F       		.byte	-113
 498 01d5 66       		.byte	102
 499 01d6 91       		.byte	-111
 500 01d7 7E       		.byte	126
 501 01d8 92       		.byte	-110
 502 01d9 02       		.byte	2
 503 01da 95       		.byte	-107
 504 01db 44       		.byte	68
 505 01dc 99       		.byte	-103
 506 01dd 22       		.byte	34
 507 01de 9B       		.byte	-101
 508 01df 01       		.byte	1
 509 01e0 9D       		.byte	-99
 510 01e1 10       		.byte	16
 511 01e2 A1       		.byte	-95
 512 01e3 1E       		.byte	30
 513 01e4 A3       		.byte	-93
ARM GAS  C:\Users\marti\AppData\Local\Temp\cclG7o08.s 			page 10


 514 01e5 60       		.byte	96
 515 01e6 A5       		.byte	-91
 516 01e7 66       		.byte	102
 517 01e8 A6       		.byte	-90
 518 01e9 0E       		.byte	14
 519 01ea A9       		.byte	-87
 520 01eb 66       		.byte	102
 521 01ec AB       		.byte	-85
 522 01ed 18       		.byte	24
 523 01ee AE       		.byte	-82
 524 01ef 01       		.byte	1
 525 01f0 AF       		.byte	-81
 526 01f1 66       		.byte	102
 527 01f2 B0       		.byte	-80
 528 01f3 01       		.byte	1
 529 01f4 B1       		.byte	-79
 530 01f5 01       		.byte	1
 531 01f6 B2       		.byte	-78
 532 01f7 08       		.byte	8
 533 01f8 B4       		.byte	-76
 534 01f9 04       		.byte	4
 535 01fa B5       		.byte	-75
 536 01fb 1E       		.byte	30
 537 01fc B6       		.byte	-74
 538 01fd 02       		.byte	2
 539 01fe B7       		.byte	-73
 540 01ff 60       		.byte	96
 541 0200 BB       		.byte	-69
 542 0201 20       		.byte	32
 543 0202 C0       		.byte	-64
 544 0203 40       		.byte	64
 545 0204 C1       		.byte	-63
 546 0205 05       		.byte	5
 547 0206 C5       		.byte	-59
 548 0207 D0       		.byte	-48
 549 0208 C6       		.byte	-58
 550 0209 12       		.byte	18
 551 020a C8       		.byte	-56
 552 020b 0E       		.byte	14
 553 020c C9       		.byte	-55
 554 020d FF       		.byte	-1
 555 020e CA       		.byte	-54
 556 020f FF       		.byte	-1
 557 0210 CB       		.byte	-53
 558 0211 FF       		.byte	-1
 559 0212 CD       		.byte	-51
 560 0213 A0       		.byte	-96
 561 0214 CF       		.byte	-49
 562 0215 04       		.byte	4
 563 0216 D0       		.byte	-48
 564 0217 18       		.byte	24
 565 0218 D2       		.byte	-46
 566 0219 80       		.byte	-128
 567 021a D8       		.byte	-40
 568 021b 04       		.byte	4
 569 021c D9       		.byte	-39
 570 021d 04       		.byte	4
ARM GAS  C:\Users\marti\AppData\Local\Temp\cclG7o08.s 			page 11


 571 021e DA       		.byte	-38
 572 021f 04       		.byte	4
 573 0220 DB       		.byte	-37
 574 0221 04       		.byte	4
 575 0222 DC       		.byte	-36
 576 0223 01       		.byte	1
 577 0224 DD       		.byte	-35
 578 0225 11       		.byte	17
 579 0226 DF       		.byte	-33
 580 0227 01       		.byte	1
 581 0228 E0       		.byte	-32
 582 0229 40       		.byte	64
 583 022a E2       		.byte	-30
 584 022b C0       		.byte	-64
 585 022c E4       		.byte	-28
 586 022d 40       		.byte	64
 587 022e E5       		.byte	-27
 588 022f 40       		.byte	64
 589 0230 E6       		.byte	-26
 590 0231 C0       		.byte	-64
 591 0232 E8       		.byte	-24
 592 0233 C0       		.byte	-64
 593 0234 EA       		.byte	-22
 594 0235 C0       		.byte	-64
 595 0236 EC       		.byte	-20
 596 0237 C0       		.byte	-64
 597 0238 EE       		.byte	-18
 598 0239 C0       		.byte	-64
 599 023a 00       		.byte	0
 600 023b 04       		.byte	4
 601 023c 04       		.byte	4
 602 023d 80       		.byte	-128
 603 023e 06       		.byte	6
 604 023f 08       		.byte	8
 605 0240 0A       		.byte	10
 606 0241 40       		.byte	64
 607 0242 0D       		.byte	13
 608 0243 44       		.byte	68
 609 0244 0F       		.byte	15
 610 0245 92       		.byte	-110
 611 0246 10       		.byte	16
 612 0247 20       		.byte	32
 613 0248 13       		.byte	19
 614 0249 40       		.byte	64
 615 024a 14       		.byte	20
 616 024b 80       		.byte	-128
 617 024c 18       		.byte	24
 618 024d 04       		.byte	4
 619 024e 19       		.byte	25
 620 024f 86       		.byte	-122
 621 0250 1A       		.byte	26
 622 0251 40       		.byte	64
 623 0252 1E       		.byte	30
 624 0253 88       		.byte	-120
 625 0254 20       		.byte	32
 626 0255 08       		.byte	8
 627 0256 21       		.byte	33
ARM GAS  C:\Users\marti\AppData\Local\Temp\cclG7o08.s 			page 12


 628 0257 01       		.byte	1
 629 0258 23       		.byte	35
 630 0259 02       		.byte	2
 631 025a 25       		.byte	37
 632 025b 20       		.byte	32
 633 025c 26       		.byte	38
 634 025d 10       		.byte	16
 635 025e 27       		.byte	39
 636 025f 10       		.byte	16
 637 0260 28       		.byte	40
 638 0261 10       		.byte	16
 639 0262 29       		.byte	41
 640 0263 10       		.byte	16
 641 0264 2B       		.byte	43
 642 0265 82       		.byte	-126
 643 0266 30       		.byte	48
 644 0267 80       		.byte	-128
 645 0268 31       		.byte	49
 646 0269 08       		.byte	8
 647 026a 32       		.byte	50
 648 026b 10       		.byte	16
 649 026c 33       		.byte	51
 650 026d 01       		.byte	1
 651 026e 34       		.byte	52
 652 026f 80       		.byte	-128
 653 0270 36       		.byte	54
 654 0271 80       		.byte	-128
 655 0272 38       		.byte	56
 656 0273 68       		.byte	104
 657 0274 3D       		.byte	61
 658 0275 28       		.byte	40
 659 0276 3E       		.byte	62
 660 0277 08       		.byte	8
 661 0278 3F       		.byte	63
 662 0279 90       		.byte	-112
 663 027a 42       		.byte	66
 664 027b 40       		.byte	64
 665 027c 47       		.byte	71
 666 027d 10       		.byte	16
 667 027e 48       		.byte	72
 668 027f 04       		.byte	4
 669 0280 49       		.byte	73
 670 0281 11       		.byte	17
 671 0282 4B       		.byte	75
 672 0283 80       		.byte	-128
 673 0284 50       		.byte	80
 674 0285 20       		.byte	32
 675 0286 52       		.byte	82
 676 0287 40       		.byte	64
 677 0288 53       		.byte	83
 678 0289 40       		.byte	64
 679 028a 56       		.byte	86
 680 028b 04       		.byte	4
 681 028c 57       		.byte	87
 682 028d 48       		.byte	72
 683 028e 5E       		.byte	94
 684 028f 98       		.byte	-104
ARM GAS  C:\Users\marti\AppData\Local\Temp\cclG7o08.s 			page 13


 685 0290 5F       		.byte	95
 686 0291 01       		.byte	1
 687 0292 73       		.byte	115
 688 0293 40       		.byte	64
 689 0294 85       		.byte	-123
 690 0295 80       		.byte	-128
 691 0296 8D       		.byte	-115
 692 0297 44       		.byte	68
 693 0298 8E       		.byte	-114
 694 0299 10       		.byte	16
 695 029a 8F       		.byte	-113
 696 029b 40       		.byte	64
 697 029c 90       		.byte	-112
 698 029d E8       		.byte	-24
 699 029e 91       		.byte	-111
 700 029f 04       		.byte	4
 701 02a0 92       		.byte	-110
 702 02a1 85       		.byte	-123
 703 02a2 93       		.byte	-109
 704 02a3 01       		.byte	1
 705 02a4 95       		.byte	-107
 706 02a5 02       		.byte	2
 707 02a6 96       		.byte	-106
 708 02a7 20       		.byte	32
 709 02a8 9A       		.byte	-102
 710 02a9 20       		.byte	32
 711 02aa 9D       		.byte	-99
 712 02ab 10       		.byte	16
 713 02ac A0       		.byte	-96
 714 02ad 88       		.byte	-120
 715 02ae A1       		.byte	-95
 716 02af 94       		.byte	-108
 717 02b0 A2       		.byte	-94
 718 02b1 80       		.byte	-128
 719 02b2 A3       		.byte	-93
 720 02b3 81       		.byte	-127
 721 02b4 A4       		.byte	-92
 722 02b5 04       		.byte	4
 723 02b6 A6       		.byte	-90
 724 02b7 10       		.byte	16
 725 02b8 A7       		.byte	-89
 726 02b9 4A       		.byte	74
 727 02ba C0       		.byte	-64
 728 02bb C4       		.byte	-60
 729 02bc C2       		.byte	-62
 730 02bd B8       		.byte	-72
 731 02be C4       		.byte	-60
 732 02bf 15       		.byte	21
 733 02c0 CA       		.byte	-54
 734 02c1 0F       		.byte	15
 735 02c2 CC       		.byte	-52
 736 02c3 1F       		.byte	31
 737 02c4 CE       		.byte	-50
 738 02c5 7E       		.byte	126
 739 02c6 D0       		.byte	-48
 740 02c7 21       		.byte	33
 741 02c8 D2       		.byte	-46
ARM GAS  C:\Users\marti\AppData\Local\Temp\cclG7o08.s 			page 14


 742 02c9 08       		.byte	8
 743 02ca D6       		.byte	-42
 744 02cb F0       		.byte	-16
 745 02cc E0       		.byte	-32
 746 02cd 08       		.byte	8
 747 02ce E6       		.byte	-26
 748 02cf 08       		.byte	8
 749 02d0 01       		.byte	1
 750 02d1 41       		.byte	65
 751 02d2 02       		.byte	2
 752 02d3 08       		.byte	8
 753 02d4 03       		.byte	3
 754 02d5 2A       		.byte	42
 755 02d6 04       		.byte	4
 756 02d7 01       		.byte	1
 757 02d8 05       		.byte	5
 758 02d9 E3       		.byte	-29
 759 02da 08       		.byte	8
 760 02db 01       		.byte	1
 761 02dc 0E       		.byte	14
 762 02dd 01       		.byte	1
 763 02de 0F       		.byte	15
 764 02df 10       		.byte	16
 765 02e0 10       		.byte	16
 766 02e1 04       		.byte	4
 767 02e2 15       		.byte	21
 768 02e3 82       		.byte	-126
 769 02e4 16       		.byte	22
 770 02e5 02       		.byte	2
 771 02e6 17       		.byte	23
 772 02e7 29       		.byte	41
 773 02e8 19       		.byte	25
 774 02e9 20       		.byte	32
 775 02ea 1A       		.byte	26
 776 02eb 02       		.byte	2
 777 02ec 1B       		.byte	27
 778 02ed C4       		.byte	-60
 779 02ee 1E       		.byte	30
 780 02ef 01       		.byte	1
 781 02f0 1F       		.byte	31
 782 02f1 10       		.byte	16
 783 02f2 22       		.byte	34
 784 02f3 08       		.byte	8
 785 02f4 24       		.byte	36
 786 02f5 04       		.byte	4
 787 02f6 28       		.byte	40
 788 02f7 04       		.byte	4
 789 02f8 29       		.byte	41
 790 02f9 E3       		.byte	-29
 791 02fa 30       		.byte	48
 792 02fb 04       		.byte	4
 793 02fc 31       		.byte	49
 794 02fd 10       		.byte	16
 795 02fe 32       		.byte	50
 796 02ff 01       		.byte	1
 797 0300 33       		.byte	51
 798 0301 03       		.byte	3
ARM GAS  C:\Users\marti\AppData\Local\Temp\cclG7o08.s 			page 15


 799 0302 34       		.byte	52
 800 0303 02       		.byte	2
 801 0304 35       		.byte	53
 802 0305 E0       		.byte	-32
 803 0306 36       		.byte	54
 804 0307 08       		.byte	8
 805 0308 37       		.byte	55
 806 0309 0C       		.byte	12
 807 030a 38       		.byte	56
 808 030b 08       		.byte	8
 809 030c 3E       		.byte	62
 810 030d 50       		.byte	80
 811 030e 3F       		.byte	63
 812 030f 41       		.byte	65
 813 0310 40       		.byte	64
 814 0311 64       		.byte	100
 815 0312 41       		.byte	65
 816 0313 02       		.byte	2
 817 0314 42       		.byte	66
 818 0315 03       		.byte	3
 819 0316 44       		.byte	68
 820 0317 01       		.byte	1
 821 0318 45       		.byte	69
 822 0319 0E       		.byte	14
 823 031a 46       		.byte	70
 824 031b 0C       		.byte	12
 825 031c 48       		.byte	72
 826 031d 05       		.byte	5
 827 031e 49       		.byte	73
 828 031f FF       		.byte	-1
 829 0320 4A       		.byte	74
 830 0321 FF       		.byte	-1
 831 0322 4B       		.byte	75
 832 0323 FF       		.byte	-1
 833 0324 4C       		.byte	76
 834 0325 62       		.byte	98
 835 0326 4D       		.byte	77
 836 0327 A0       		.byte	-96
 837 0328 4E       		.byte	78
 838 0329 F0       		.byte	-16
 839 032a 4F       		.byte	79
 840 032b 41       		.byte	65
 841 032c 50       		.byte	80
 842 032d 0C       		.byte	12
 843 032e 54       		.byte	84
 844 032f 05       		.byte	5
 845 0330 58       		.byte	88
 846 0331 04       		.byte	4
 847 0332 59       		.byte	89
 848 0333 04       		.byte	4
 849 0334 5A       		.byte	90
 850 0335 04       		.byte	4
 851 0336 5B       		.byte	91
 852 0337 04       		.byte	4
 853 0338 5D       		.byte	93
 854 0339 10       		.byte	16
 855 033a 5F       		.byte	95
ARM GAS  C:\Users\marti\AppData\Local\Temp\cclG7o08.s 			page 16


 856 033b 01       		.byte	1
 857 033c 66       		.byte	102
 858 033d 40       		.byte	64
 859 033e 67       		.byte	103
 860 033f 02       		.byte	2
 861 0340 69       		.byte	105
 862 0341 10       		.byte	16
 863 0342 6A       		.byte	106
 864 0343 30       		.byte	48
 865 0344 6B       		.byte	107
 866 0345 10       		.byte	16
 867 0346 6D       		.byte	109
 868 0347 10       		.byte	16
 869 0348 6E       		.byte	110
 870 0349 10       		.byte	16
 871 034a 6F       		.byte	111
 872 034b 12       		.byte	18
 873 034c 84       		.byte	-124
 874 034d 14       		.byte	20
 875 034e 88       		.byte	-120
 876 034f 0C       		.byte	12
 877 0350 8A       		.byte	-118
 878 0351 11       		.byte	17
 879 0352 92       		.byte	-110
 880 0353 03       		.byte	3
 881 0354 98       		.byte	-104
 882 0355 09       		.byte	9
 883 0356 9A       		.byte	-102
 884 0357 10       		.byte	16
 885 0358 A0       		.byte	-96
 886 0359 1C       		.byte	28
 887 035a A1       		.byte	-95
 888 035b 01       		.byte	1
 889 035c A2       		.byte	-94
 890 035d 02       		.byte	2
 891 035e A4       		.byte	-92
 892 035f 10       		.byte	16
 893 0360 A6       		.byte	-90
 894 0361 0C       		.byte	12
 895 0362 A8       		.byte	-88
 896 0363 10       		.byte	16
 897 0364 B0       		.byte	-80
 898 0365 1F       		.byte	31
 899 0366 B1       		.byte	-79
 900 0367 01       		.byte	1
 901 0368 B6       		.byte	-74
 902 0369 1F       		.byte	31
 903 036a BF       		.byte	-65
 904 036b 01       		.byte	1
 905 036c D4       		.byte	-44
 906 036d 18       		.byte	24
 907 036e D6       		.byte	-42
 908 036f 04       		.byte	4
 909 0370 D8       		.byte	-40
 910 0371 04       		.byte	4
 911 0372 D9       		.byte	-39
 912 0373 04       		.byte	4
ARM GAS  C:\Users\marti\AppData\Local\Temp\cclG7o08.s 			page 17


 913 0374 DB       		.byte	-37
 914 0375 04       		.byte	4
 915 0376 DF       		.byte	-33
 916 0377 01       		.byte	1
 917 0378 00       		.byte	0
 918 0379 44       		.byte	68
 919 037a 01       		.byte	1
 920 037b 02       		.byte	2
 921 037c 02       		.byte	2
 922 037d 08       		.byte	8
 923 037e 06       		.byte	6
 924 037f 28       		.byte	40
 925 0380 0A       		.byte	10
 926 0381 91       		.byte	-111
 927 0382 0B       		.byte	11
 928 0383 08       		.byte	8
 929 0384 0D       		.byte	13
 930 0385 20       		.byte	32
 931 0386 0E       		.byte	14
 932 0387 80       		.byte	-128
 933 0388 10       		.byte	16
 934 0389 0C       		.byte	12
 935 038a 11       		.byte	17
 936 038b 04       		.byte	4
 937 038c 12       		.byte	18
 938 038d 40       		.byte	64
 939 038e 14       		.byte	20
 940 038f 80       		.byte	-128
 941 0390 15       		.byte	21
 942 0391 08       		.byte	8
 943 0392 16       		.byte	22
 944 0393 04       		.byte	4
 945 0394 19       		.byte	25
 946 0395 20       		.byte	32
 947 0396 1A       		.byte	26
 948 0397 50       		.byte	80
 949 0398 1B       		.byte	27
 950 0399 42       		.byte	66
 951 039a 1E       		.byte	30
 952 039b 80       		.byte	-128
 953 039c 1F       		.byte	31
 954 039d 80       		.byte	-128
 955 039e 20       		.byte	32
 956 039f 01       		.byte	1
 957 03a0 21       		.byte	33
 958 03a1 08       		.byte	8
 959 03a2 22       		.byte	34
 960 03a3 21       		.byte	33
 961 03a4 25       		.byte	37
 962 03a5 01       		.byte	1
 963 03a6 28       		.byte	40
 964 03a7 04       		.byte	4
 965 03a8 2F       		.byte	47
 966 03a9 80       		.byte	-128
 967 03aa 30       		.byte	48
 968 03ab 10       		.byte	16
 969 03ac 31       		.byte	49
ARM GAS  C:\Users\marti\AppData\Local\Temp\cclG7o08.s 			page 18


 970 03ad 88       		.byte	-120
 971 03ae 32       		.byte	50
 972 03af 20       		.byte	32
 973 03b0 38       		.byte	56
 974 03b1 82       		.byte	-126
 975 03b2 39       		.byte	57
 976 03b3 04       		.byte	4
 977 03b4 40       		.byte	64
 978 03b5 05       		.byte	5
 979 03b6 42       		.byte	66
 980 03b7 44       		.byte	68
 981 03b8 43       		.byte	67
 982 03b9 08       		.byte	8
 983 03ba 48       		.byte	72
 984 03bb 04       		.byte	4
 985 03bc 4A       		.byte	74
 986 03bd 08       		.byte	8
 987 03be 4B       		.byte	75
 988 03bf 08       		.byte	8
 989 03c0 4D       		.byte	77
 990 03c1 80       		.byte	-128
 991 03c2 4E       		.byte	78
 992 03c3 01       		.byte	1
 993 03c4 50       		.byte	80
 994 03c5 40       		.byte	64
 995 03c6 59       		.byte	89
 996 03c7 01       		.byte	1
 997 03c8 5B       		.byte	91
 998 03c9 48       		.byte	72
 999 03ca 5F       		.byte	95
 1000 03cb 02       		.byte	2
 1001 03cc 65       		.byte	101
 1002 03cd A0       		.byte	-96
 1003 03ce 67       		.byte	103
 1004 03cf 40       		.byte	64
 1005 03d0 81       		.byte	-127
 1006 03d1 80       		.byte	-128
 1007 03d2 83       		.byte	-125
 1008 03d3 08       		.byte	8
 1009 03d4 87       		.byte	-121
 1010 03d5 40       		.byte	64
 1011 03d6 8C       		.byte	-116
 1012 03d7 01       		.byte	1
 1013 03d8 8D       		.byte	-115
 1014 03d9 01       		.byte	1
 1015 03da 8E       		.byte	-114
 1016 03db 10       		.byte	16
 1017 03dc 8F       		.byte	-113
 1018 03dd 48       		.byte	72
 1019 03de 90       		.byte	-112
 1020 03df 40       		.byte	64
 1021 03e0 91       		.byte	-111
 1022 03e1 0C       		.byte	12
 1023 03e2 92       		.byte	-110
 1024 03e3 85       		.byte	-123
 1025 03e4 96       		.byte	-106
 1026 03e5 20       		.byte	32
ARM GAS  C:\Users\marti\AppData\Local\Temp\cclG7o08.s 			page 19


 1027 03e6 98       		.byte	-104
 1028 03e7 80       		.byte	-128
 1029 03e8 99       		.byte	-103
 1030 03e9 03       		.byte	3
 1031 03ea 9A       		.byte	-102
 1032 03eb 6C       		.byte	108
 1033 03ec 9B       		.byte	-101
 1034 03ed 42       		.byte	66
 1035 03ee 9C       		.byte	-100
 1036 03ef 10       		.byte	16
 1037 03f0 A0       		.byte	-96
 1038 03f1 0C       		.byte	12
 1039 03f2 A1       		.byte	-95
 1040 03f3 A0       		.byte	-96
 1041 03f4 A5       		.byte	-91
 1042 03f5 08       		.byte	8
 1043 03f6 A7       		.byte	-89
 1044 03f7 02       		.byte	2
 1045 03f8 B2       		.byte	-78
 1046 03f9 04       		.byte	4
 1047 03fa B3       		.byte	-77
 1048 03fb 01       		.byte	1
 1049 03fc C0       		.byte	-64
 1050 03fd 6F       		.byte	111
 1051 03fe C2       		.byte	-62
 1052 03ff 5F       		.byte	95
 1053 0400 C4       		.byte	-60
 1054 0401 7E       		.byte	126
 1055 0402 CA       		.byte	-54
 1056 0403 84       		.byte	-124
 1057 0404 CC       		.byte	-52
 1058 0405 0E       		.byte	14
 1059 0406 CE       		.byte	-50
 1060 0407 0B       		.byte	11
 1061 0408 D0       		.byte	-48
 1062 0409 0F       		.byte	15
 1063 040a D2       		.byte	-46
 1064 040b 04       		.byte	4
 1065 040c D6       		.byte	-42
 1066 040d 8B       		.byte	-117
 1067 040e D8       		.byte	-40
 1068 040f B0       		.byte	-80
 1069 0410 EA       		.byte	-22
 1070 0411 01       		.byte	1
 1071 0412 32       		.byte	50
 1072 0413 20       		.byte	32
 1073 0414 CC       		.byte	-52
 1074 0415 10       		.byte	16
 1075 0416 01       		.byte	1
 1076 0417 02       		.byte	2
 1077 0418 04       		.byte	4
 1078 0419 01       		.byte	1
 1079 041a 53       		.byte	83
 1080 041b 80       		.byte	-128
 1081 041c 5B       		.byte	91
 1082 041d 40       		.byte	64
 1083 041e 83       		.byte	-125
ARM GAS  C:\Users\marti\AppData\Local\Temp\cclG7o08.s 			page 20


 1084 041f 40       		.byte	64
 1085 0420 A6       		.byte	-90
 1086 0421 20       		.byte	32
 1087 0422 C0       		.byte	-64
 1088 0423 30       		.byte	48
 1089 0424 D4       		.byte	-44
 1090 0425 A0       		.byte	-96
 1091 0426 E6       		.byte	-26
 1092 0427 80       		.byte	-128
 1093 0428 3E       		.byte	62
 1094 0429 10       		.byte	16
 1095 042a A6       		.byte	-90
 1096 042b 20       		.byte	32
 1097 042c A7       		.byte	-89
 1098 042d 80       		.byte	-128
 1099 042e B1       		.byte	-79
 1100 042f 02       		.byte	2
 1101 0430 B4       		.byte	-76
 1102 0431 01       		.byte	1
 1103 0432 CE       		.byte	-50
 1104 0433 20       		.byte	32
 1105 0434 96       		.byte	-106
 1106 0435 10       		.byte	16
 1107 0436 A6       		.byte	-90
 1108 0437 20       		.byte	32
 1109 0438 A7       		.byte	-89
 1110 0439 80       		.byte	-128
 1111 043a 50       		.byte	80
 1112 043b 80       		.byte	-128
 1113 043c 80       		.byte	-128
 1114 043d 80       		.byte	-128
 1115 043e D4       		.byte	-44
 1116 043f 04       		.byte	4
 1117 0440 98       		.byte	-104
 1118 0441 20       		.byte	32
 1119 0442 9C       		.byte	-100
 1120 0443 80       		.byte	-128
 1121 0444 A1       		.byte	-95
 1122 0445 10       		.byte	16
 1123 0446 A4       		.byte	-92
 1124 0447 80       		.byte	-128
 1125 0448 B0       		.byte	-80
 1126 0449 20       		.byte	32
 1127 044a B5       		.byte	-75
 1128 044b 10       		.byte	16
 1129 044c E8       		.byte	-24
 1130 044d 01       		.byte	1
 1131 044e EC       		.byte	-20
 1132 044f 08       		.byte	8
 1133 0450 98       		.byte	-104
 1134 0451 20       		.byte	32
 1135 0452 9C       		.byte	-100
 1136 0453 80       		.byte	-128
 1137 0454 A1       		.byte	-95
 1138 0455 10       		.byte	16
 1139 0456 A4       		.byte	-92
 1140 0457 80       		.byte	-128
ARM GAS  C:\Users\marti\AppData\Local\Temp\cclG7o08.s 			page 21


 1141 0458 87       		.byte	-121
 1142 0459 80       		.byte	-128
 1143 045a 96       		.byte	-106
 1144 045b 10       		.byte	16
 1145 045c A6       		.byte	-90
 1146 045d 20       		.byte	32
 1147 045e A7       		.byte	-89
 1148 045f 80       		.byte	-128
 1149 0460 E6       		.byte	-26
 1150 0461 10       		.byte	16
 1151 0462 86       		.byte	-122
 1152 0463 20       		.byte	32
 1153 0464 A6       		.byte	-90
 1154 0465 20       		.byte	32
 1155 0466 AA       		.byte	-86
 1156 0467 10       		.byte	16
 1157 0468 E6       		.byte	-26
 1158 0469 40       		.byte	64
 1159 046a EA       		.byte	-22
 1160 046b 80       		.byte	-128
 1161 046c 12       		.byte	18
 1162 046d 80       		.byte	-128
 1163 046e 13       		.byte	19
 1164 046f 20       		.byte	32
 1165 0470 14       		.byte	20
 1166 0471 80       		.byte	-128
 1167 0472 78       		.byte	120
 1168 0473 20       		.byte	32
 1169 0474 7D       		.byte	125
 1170 0475 20       		.byte	32
 1171 0476 84       		.byte	-124
 1172 0477 80       		.byte	-128
 1173 0478 86       		.byte	-122
 1174 0479 80       		.byte	-128
 1175 047a 98       		.byte	-104
 1176 047b 20       		.byte	32
 1177 047c 9C       		.byte	-100
 1178 047d 80       		.byte	-128
 1179 047e A1       		.byte	-95
 1180 047f 10       		.byte	16
 1181 0480 A4       		.byte	-92
 1182 0481 80       		.byte	-128
 1183 0482 C4       		.byte	-60
 1184 0483 0E       		.byte	14
 1185 0484 DE       		.byte	-34
 1186 0485 03       		.byte	3
 1187 0486 12       		.byte	18
 1188 0487 80       		.byte	-128
 1189 0488 75       		.byte	117
 1190 0489 04       		.byte	4
 1191 048a 8D       		.byte	-115
 1192 048b 04       		.byte	4
 1193 048c 8E       		.byte	-114
 1194 048d 80       		.byte	-128
 1195 048e AB       		.byte	-85
 1196 048f 20       		.byte	32
 1197 0490 C4       		.byte	-60
ARM GAS  C:\Users\marti\AppData\Local\Temp\cclG7o08.s 			page 22


 1198 0491 08       		.byte	8
 1199 0492 DE       		.byte	-34
 1200 0493 04       		.byte	4
 1201 0494 E0       		.byte	-32
 1202 0495 08       		.byte	8
 1203 0496 E2       		.byte	-30
 1204 0497 02       		.byte	2
 1205 0498 00       		.byte	0
 1206 0499 01       		.byte	1
 1207 049a 0C       		.byte	12
 1208 049b 01       		.byte	1
 1209 049c 10       		.byte	16
 1210 049d 03       		.byte	3
 1211 049e 1C       		.byte	28
 1212 049f 03       		.byte	3
 1213 04a0 00       		.byte	0
 1214 04a1 03       		.byte	3
 1215 04a2 03       		.byte	3
 1216 04a3 C0       		.byte	-64
 1217 04a4 80       		.byte	-128
 1218 04a5 80       		.byte	-128
 1219 04a6 00       		.byte	0
 1220 04a7 00       		.byte	0
 1221 04a8 40       		.byte	64
 1222 04a9 00       		.byte	0
 1223 04aa 00       		.byte	0
 1224 04ab 00       		.byte	0
 1225 04ac 03       		.byte	3
 1226 04ad 00       		.byte	0
 1227 04ae 00       		.byte	0
 1228 04af 00       		.byte	0
 1229 04b0 03       		.byte	3
 1230 04b1 00       		.byte	0
 1231 04b2 03       		.byte	3
 1232 04b3 00       		.byte	0
 1233 04b4 00       		.byte	0
 1234 04b5 00       		.byte	0
 1235 04b6 00       		.byte	0
 1236 04b7 00       		.byte	0
 1237 04b8 80       		.byte	-128
 1238 04b9 00       		.byte	0
 1239 04ba 40       		.byte	64
 1240 04bb 80       		.byte	-128
 1241 04bc 80       		.byte	-128
 1242 04bd 00       		.byte	0
 1243 04be 80       		.byte	-128
 1244 04bf 00       		.byte	0
 1245 04c0 00       		.byte	0
 1246 04c1 00       		.byte	0
 1247 04c2 00       		.byte	0
 1248 04c3 00       		.byte	0
 1249 04c4 00       		.byte	0
 1250 04c5 0B       		.byte	11
 1251 04c6 0B       		.byte	11
 1252 04c7 00       		.byte	0
 1253 04c8 00       		.byte	0
 1254 04c9 00       		.byte	0
ARM GAS  C:\Users\marti\AppData\Local\Temp\cclG7o08.s 			page 23


 1255 04ca 00       		.byte	0
 1256 04cb 00       		.byte	0
 1257 04cc 00       		.byte	0
 1258 04cd 02       		.byte	2
 1259 04ce 02       		.byte	2
 1260 04cf 00       		.byte	0
 1261 04d0 02       		.byte	2
 1262 04d1 00       		.byte	0
 1263 04d2 00       		.byte	0
 1264 04d3 00       		.byte	0
 1265              		.section	.cywolatch,"a",%progbits
 1266              		.align	2
 1267              		.type	cy_meta_wonvl, %object
 1268              		.size	cy_meta_wonvl, 4
 1269              	cy_meta_wonvl:
 1270 0000 BC       		.byte	-68
 1271 0001 90       		.byte	-112
 1272 0002 AC       		.byte	-84
 1273 0003 AF       		.byte	-81
 1274              		.section	.cycustnvl,"a",%progbits
 1275              		.align	2
 1276              		.type	cy_meta_custnvl, %object
 1277              		.size	cy_meta_custnvl, 4
 1278              	cy_meta_custnvl:
 1279 0000 00       		.byte	0
 1280 0001 00       		.byte	0
 1281 0002 40       		.byte	64
 1282 0003 05       		.byte	5
 1283              		.section	.cymeta,"a",%progbits
 1284              		.align	2
 1285              		.type	cy_metadata, %object
 1286              		.size	cy_metadata, 12
 1287              	cy_metadata:
 1288 0000 00       		.byte	0
 1289 0001 01       		.byte	1
 1290 0002 2E       		.byte	46
 1291 0003 16       		.byte	22
 1292 0004 10       		.byte	16
 1293 0005 69       		.byte	105
 1294 0006 00       		.byte	0
 1295 0007 01       		.byte	1
 1296 0008 00       		.byte	0
 1297 0009 00       		.byte	0
 1298 000a 00       		.byte	0
 1299 000b 00       		.byte	0
 1300              		.section	.cyflashprotect,"a",%progbits
 1301              		.align	2
 1302              		.type	cy_meta_flashprotect, %object
 1303              		.size	cy_meta_flashprotect, 256
 1304              	cy_meta_flashprotect:
 1305 0000 00000000 		.space	256
 1305      00000000 
 1305      00000000 
 1305      00000000 
 1305      00000000 
 1306              		.text
 1307              	.Letext0:
ARM GAS  C:\Users\marti\AppData\Local\Temp\cclG7o08.s 			page 24


 1308              		.file 1 "c:\\program files (x86)\\cypress\\psoc creator\\4.2\\psoc creator\\import\\gnu\\arm\\5.4.
 1309              		.file 2 "c:\\program files (x86)\\cypress\\psoc creator\\4.2\\psoc creator\\import\\gnu\\arm\\5.4.
 1310              		.file 3 "Generated_Source\\PSoC5\\cymetadata.c"
 1311              		.section	.debug_info,"",%progbits
 1312              	.Ldebug_info0:
 1313 0000 32010000 		.4byte	0x132
 1314 0004 0400     		.2byte	0x4
 1315 0006 00000000 		.4byte	.Ldebug_abbrev0
 1316 000a 04       		.byte	0x4
 1317 000b 01       		.uleb128 0x1
 1318 000c 24000000 		.4byte	.LASF17
 1319 0010 0C       		.byte	0xc
 1320 0011 BF010000 		.4byte	.LASF18
 1321 0015 D7000000 		.4byte	.LASF19
 1322 0019 00000000 		.4byte	.Ldebug_line0
 1323 001d 02       		.uleb128 0x2
 1324 001e 01       		.byte	0x1
 1325 001f 06       		.byte	0x6
 1326 0020 B3010000 		.4byte	.LASF0
 1327 0024 03       		.uleb128 0x3
 1328 0025 00000000 		.4byte	.LASF9
 1329 0029 01       		.byte	0x1
 1330 002a 1D       		.byte	0x1d
 1331 002b 2F000000 		.4byte	0x2f
 1332 002f 02       		.uleb128 0x2
 1333 0030 01       		.byte	0x1
 1334 0031 08       		.byte	0x8
 1335 0032 16000000 		.4byte	.LASF1
 1336 0036 02       		.uleb128 0x2
 1337 0037 02       		.byte	0x2
 1338 0038 05       		.byte	0x5
 1339 0039 A0010000 		.4byte	.LASF2
 1340 003d 02       		.uleb128 0x2
 1341 003e 02       		.byte	0x2
 1342 003f 07       		.byte	0x7
 1343 0040 C4000000 		.4byte	.LASF3
 1344 0044 02       		.uleb128 0x2
 1345 0045 04       		.byte	0x4
 1346 0046 05       		.byte	0x5
 1347 0047 AA010000 		.4byte	.LASF4
 1348 004b 02       		.uleb128 0x2
 1349 004c 04       		.byte	0x4
 1350 004d 07       		.byte	0x7
 1351 004e B2000000 		.4byte	.LASF5
 1352 0052 02       		.uleb128 0x2
 1353 0053 08       		.byte	0x8
 1354 0054 05       		.byte	0x5
 1355 0055 92010000 		.4byte	.LASF6
 1356 0059 02       		.uleb128 0x2
 1357 005a 08       		.byte	0x8
 1358 005b 07       		.byte	0x7
 1359 005c 47010000 		.4byte	.LASF7
 1360 0060 04       		.uleb128 0x4
 1361 0061 04       		.byte	0x4
 1362 0062 05       		.byte	0x5
 1363 0063 696E7400 		.ascii	"int\000"
 1364 0067 02       		.uleb128 0x2
ARM GAS  C:\Users\marti\AppData\Local\Temp\cclG7o08.s 			page 25


 1365 0068 04       		.byte	0x4
 1366 0069 07       		.byte	0x7
 1367 006a 3A010000 		.4byte	.LASF8
 1368 006e 03       		.uleb128 0x3
 1369 006f 5E010000 		.4byte	.LASF10
 1370 0073 02       		.byte	0x2
 1371 0074 18       		.byte	0x18
 1372 0075 24000000 		.4byte	0x24
 1373 0079 05       		.uleb128 0x5
 1374 007a 91000000 		.4byte	0x91
 1375 007e 8A000000 		.4byte	0x8a
 1376 0082 06       		.uleb128 0x6
 1377 0083 8A000000 		.4byte	0x8a
 1378 0087 D304     		.2byte	0x4d3
 1379 0089 00       		.byte	0
 1380 008a 02       		.uleb128 0x2
 1381 008b 04       		.byte	0x4
 1382 008c 07       		.byte	0x7
 1383 008d 89010000 		.4byte	.LASF11
 1384 0091 07       		.uleb128 0x7
 1385 0092 6E000000 		.4byte	0x6e
 1386 0096 08       		.uleb128 0x8
 1387 0097 28010000 		.4byte	.LASF12
 1388 009b 03       		.byte	0x3
 1389 009c 1F       		.byte	0x1f
 1390 009d A7000000 		.4byte	0xa7
 1391 00a1 05       		.uleb128 0x5
 1392 00a2 03       		.byte	0x3
 1393 00a3 00000000 		.4byte	cy_meta_configecc
 1394 00a7 07       		.uleb128 0x7
 1395 00a8 79000000 		.4byte	0x79
 1396 00ac 05       		.uleb128 0x5
 1397 00ad 91000000 		.4byte	0x91
 1398 00b1 BC000000 		.4byte	0xbc
 1399 00b5 09       		.uleb128 0x9
 1400 00b6 8A000000 		.4byte	0x8a
 1401 00ba 03       		.byte	0x3
 1402 00bb 00       		.byte	0
 1403 00bc 08       		.uleb128 0x8
 1404 00bd 18010000 		.4byte	.LASF13
 1405 00c1 03       		.byte	0x3
 1406 00c2 C7       		.byte	0xc7
 1407 00c3 CD000000 		.4byte	0xcd
 1408 00c7 05       		.uleb128 0x5
 1409 00c8 03       		.byte	0x3
 1410 00c9 00000000 		.4byte	cy_meta_custnvl
 1411 00cd 07       		.uleb128 0x7
 1412 00ce AC000000 		.4byte	0xac
 1413 00d2 08       		.uleb128 0x8
 1414 00d3 7B010000 		.4byte	.LASF14
 1415 00d7 03       		.byte	0x3
 1416 00d8 D5       		.byte	0xd5
 1417 00d9 E3000000 		.4byte	0xe3
 1418 00dd 05       		.uleb128 0x5
 1419 00de 03       		.byte	0x3
 1420 00df 00000000 		.4byte	cy_meta_wonvl
 1421 00e3 07       		.uleb128 0x7
ARM GAS  C:\Users\marti\AppData\Local\Temp\cclG7o08.s 			page 26


 1422 00e4 AC000000 		.4byte	0xac
 1423 00e8 05       		.uleb128 0x5
 1424 00e9 91000000 		.4byte	0x91
 1425 00ed F8000000 		.4byte	0xf8
 1426 00f1 09       		.uleb128 0x9
 1427 00f2 8A000000 		.4byte	0x8a
 1428 00f6 FF       		.byte	0xff
 1429 00f7 00       		.byte	0
 1430 00f8 08       		.uleb128 0x8
 1431 00f9 66010000 		.4byte	.LASF15
 1432 00fd 03       		.byte	0x3
 1433 00fe E3       		.byte	0xe3
 1434 00ff 09010000 		.4byte	0x109
 1435 0103 05       		.uleb128 0x5
 1436 0104 03       		.byte	0x3
 1437 0105 00000000 		.4byte	cy_meta_flashprotect
 1438 0109 07       		.uleb128 0x7
 1439 010a E8000000 		.4byte	0xe8
 1440 010e 05       		.uleb128 0x5
 1441 010f 91000000 		.4byte	0x91
 1442 0113 1E010000 		.4byte	0x11e
 1443 0117 09       		.uleb128 0x9
 1444 0118 8A000000 		.4byte	0x8a
 1445 011c 0B       		.byte	0xb
 1446 011d 00       		.byte	0
 1447 011e 0A       		.uleb128 0xa
 1448 011f 0A000000 		.4byte	.LASF16
 1449 0123 03       		.byte	0x3
 1450 0124 1001     		.2byte	0x110
 1451 0126 30010000 		.4byte	0x130
 1452 012a 05       		.uleb128 0x5
 1453 012b 03       		.byte	0x3
 1454 012c 00000000 		.4byte	cy_metadata
 1455 0130 07       		.uleb128 0x7
 1456 0131 0E010000 		.4byte	0x10e
 1457 0135 00       		.byte	0
 1458              		.section	.debug_abbrev,"",%progbits
 1459              	.Ldebug_abbrev0:
 1460 0000 01       		.uleb128 0x1
 1461 0001 11       		.uleb128 0x11
 1462 0002 01       		.byte	0x1
 1463 0003 25       		.uleb128 0x25
 1464 0004 0E       		.uleb128 0xe
 1465 0005 13       		.uleb128 0x13
 1466 0006 0B       		.uleb128 0xb
 1467 0007 03       		.uleb128 0x3
 1468 0008 0E       		.uleb128 0xe
 1469 0009 1B       		.uleb128 0x1b
 1470 000a 0E       		.uleb128 0xe
 1471 000b 10       		.uleb128 0x10
 1472 000c 17       		.uleb128 0x17
 1473 000d 00       		.byte	0
 1474 000e 00       		.byte	0
 1475 000f 02       		.uleb128 0x2
 1476 0010 24       		.uleb128 0x24
 1477 0011 00       		.byte	0
 1478 0012 0B       		.uleb128 0xb
ARM GAS  C:\Users\marti\AppData\Local\Temp\cclG7o08.s 			page 27


 1479 0013 0B       		.uleb128 0xb
 1480 0014 3E       		.uleb128 0x3e
 1481 0015 0B       		.uleb128 0xb
 1482 0016 03       		.uleb128 0x3
 1483 0017 0E       		.uleb128 0xe
 1484 0018 00       		.byte	0
 1485 0019 00       		.byte	0
 1486 001a 03       		.uleb128 0x3
 1487 001b 16       		.uleb128 0x16
 1488 001c 00       		.byte	0
 1489 001d 03       		.uleb128 0x3
 1490 001e 0E       		.uleb128 0xe
 1491 001f 3A       		.uleb128 0x3a
 1492 0020 0B       		.uleb128 0xb
 1493 0021 3B       		.uleb128 0x3b
 1494 0022 0B       		.uleb128 0xb
 1495 0023 49       		.uleb128 0x49
 1496 0024 13       		.uleb128 0x13
 1497 0025 00       		.byte	0
 1498 0026 00       		.byte	0
 1499 0027 04       		.uleb128 0x4
 1500 0028 24       		.uleb128 0x24
 1501 0029 00       		.byte	0
 1502 002a 0B       		.uleb128 0xb
 1503 002b 0B       		.uleb128 0xb
 1504 002c 3E       		.uleb128 0x3e
 1505 002d 0B       		.uleb128 0xb
 1506 002e 03       		.uleb128 0x3
 1507 002f 08       		.uleb128 0x8
 1508 0030 00       		.byte	0
 1509 0031 00       		.byte	0
 1510 0032 05       		.uleb128 0x5
 1511 0033 01       		.uleb128 0x1
 1512 0034 01       		.byte	0x1
 1513 0035 49       		.uleb128 0x49
 1514 0036 13       		.uleb128 0x13
 1515 0037 01       		.uleb128 0x1
 1516 0038 13       		.uleb128 0x13
 1517 0039 00       		.byte	0
 1518 003a 00       		.byte	0
 1519 003b 06       		.uleb128 0x6
 1520 003c 21       		.uleb128 0x21
 1521 003d 00       		.byte	0
 1522 003e 49       		.uleb128 0x49
 1523 003f 13       		.uleb128 0x13
 1524 0040 2F       		.uleb128 0x2f
 1525 0041 05       		.uleb128 0x5
 1526 0042 00       		.byte	0
 1527 0043 00       		.byte	0
 1528 0044 07       		.uleb128 0x7
 1529 0045 26       		.uleb128 0x26
 1530 0046 00       		.byte	0
 1531 0047 49       		.uleb128 0x49
 1532 0048 13       		.uleb128 0x13
 1533 0049 00       		.byte	0
 1534 004a 00       		.byte	0
 1535 004b 08       		.uleb128 0x8
ARM GAS  C:\Users\marti\AppData\Local\Temp\cclG7o08.s 			page 28


 1536 004c 34       		.uleb128 0x34
 1537 004d 00       		.byte	0
 1538 004e 03       		.uleb128 0x3
 1539 004f 0E       		.uleb128 0xe
 1540 0050 3A       		.uleb128 0x3a
 1541 0051 0B       		.uleb128 0xb
 1542 0052 3B       		.uleb128 0x3b
 1543 0053 0B       		.uleb128 0xb
 1544 0054 49       		.uleb128 0x49
 1545 0055 13       		.uleb128 0x13
 1546 0056 3F       		.uleb128 0x3f
 1547 0057 19       		.uleb128 0x19
 1548 0058 02       		.uleb128 0x2
 1549 0059 18       		.uleb128 0x18
 1550 005a 00       		.byte	0
 1551 005b 00       		.byte	0
 1552 005c 09       		.uleb128 0x9
 1553 005d 21       		.uleb128 0x21
 1554 005e 00       		.byte	0
 1555 005f 49       		.uleb128 0x49
 1556 0060 13       		.uleb128 0x13
 1557 0061 2F       		.uleb128 0x2f
 1558 0062 0B       		.uleb128 0xb
 1559 0063 00       		.byte	0
 1560 0064 00       		.byte	0
 1561 0065 0A       		.uleb128 0xa
 1562 0066 34       		.uleb128 0x34
 1563 0067 00       		.byte	0
 1564 0068 03       		.uleb128 0x3
 1565 0069 0E       		.uleb128 0xe
 1566 006a 3A       		.uleb128 0x3a
 1567 006b 0B       		.uleb128 0xb
 1568 006c 3B       		.uleb128 0x3b
 1569 006d 05       		.uleb128 0x5
 1570 006e 49       		.uleb128 0x49
 1571 006f 13       		.uleb128 0x13
 1572 0070 3F       		.uleb128 0x3f
 1573 0071 19       		.uleb128 0x19
 1574 0072 02       		.uleb128 0x2
 1575 0073 18       		.uleb128 0x18
 1576 0074 00       		.byte	0
 1577 0075 00       		.byte	0
 1578 0076 00       		.byte	0
 1579              		.section	.debug_aranges,"",%progbits
 1580 0000 14000000 		.4byte	0x14
 1581 0004 0200     		.2byte	0x2
 1582 0006 00000000 		.4byte	.Ldebug_info0
 1583 000a 04       		.byte	0x4
 1584 000b 00       		.byte	0
 1585 000c 0000     		.2byte	0
 1586 000e 0000     		.2byte	0
 1587 0010 00000000 		.4byte	0
 1588 0014 00000000 		.4byte	0
 1589              		.section	.debug_line,"",%progbits
 1590              	.Ldebug_line0:
 1591 0000 3D010000 		.section	.debug_str,"MS",%progbits,1
 1591      02003701 
ARM GAS  C:\Users\marti\AppData\Local\Temp\cclG7o08.s 			page 29


 1591      00000201 
 1591      FB0E0D00 
 1591      01010101 
 1592              	.LASF9:
 1593 0000 5F5F7569 		.ascii	"__uint8_t\000"
 1593      6E74385F 
 1593      7400
 1594              	.LASF16:
 1595 000a 63795F6D 		.ascii	"cy_metadata\000"
 1595      65746164 
 1595      61746100 
 1596              	.LASF1:
 1597 0016 756E7369 		.ascii	"unsigned char\000"
 1597      676E6564 
 1597      20636861 
 1597      7200
 1598              	.LASF17:
 1599 0024 474E5520 		.ascii	"GNU C11 5.4.1 20160609 (release) [ARM/embedded-5-br"
 1599      43313120 
 1599      352E342E 
 1599      31203230 
 1599      31363036 
 1600 0057 616E6368 		.ascii	"anch revision 237715] -mcpu=cortex-m3 -mthumb -g -O"
 1600      20726576 
 1600      6973696F 
 1600      6E203233 
 1600      37373135 
 1601 008a 67202D66 		.ascii	"g -ffunction-sections -ffat-lto-objects\000"
 1601      66756E63 
 1601      74696F6E 
 1601      2D736563 
 1601      74696F6E 
 1602              	.LASF5:
 1603 00b2 6C6F6E67 		.ascii	"long unsigned int\000"
 1603      20756E73 
 1603      69676E65 
 1603      6420696E 
 1603      7400
 1604              	.LASF3:
 1605 00c4 73686F72 		.ascii	"short unsigned int\000"
 1605      7420756E 
 1605      7369676E 
 1605      65642069 
 1605      6E7400
 1606              	.LASF19:
 1607 00d7 433A5C33 		.ascii	"C:\\3. semester\\GFV\\temperaturregulator\\Temperat"
 1607      2E207365 
 1607      6D657374 
 1607      65725C47 
 1607      46565C74 
 1608 0106 7572652D 		.ascii	"ure-Control.cydsn\000"
 1608      436F6E74 
 1608      726F6C2E 
 1608      63796473 
 1608      6E00
 1609              	.LASF13:
 1610 0118 63795F6D 		.ascii	"cy_meta_custnvl\000"
ARM GAS  C:\Users\marti\AppData\Local\Temp\cclG7o08.s 			page 30


 1610      6574615F 
 1610      63757374 
 1610      6E766C00 
 1611              	.LASF12:
 1612 0128 63795F6D 		.ascii	"cy_meta_configecc\000"
 1612      6574615F 
 1612      636F6E66 
 1612      69676563 
 1612      6300
 1613              	.LASF8:
 1614 013a 756E7369 		.ascii	"unsigned int\000"
 1614      676E6564 
 1614      20696E74 
 1614      00
 1615              	.LASF7:
 1616 0147 6C6F6E67 		.ascii	"long long unsigned int\000"
 1616      206C6F6E 
 1616      6720756E 
 1616      7369676E 
 1616      65642069 
 1617              	.LASF10:
 1618 015e 75696E74 		.ascii	"uint8_t\000"
 1618      385F7400 
 1619              	.LASF15:
 1620 0166 63795F6D 		.ascii	"cy_meta_flashprotect\000"
 1620      6574615F 
 1620      666C6173 
 1620      6870726F 
 1620      74656374 
 1621              	.LASF14:
 1622 017b 63795F6D 		.ascii	"cy_meta_wonvl\000"
 1622      6574615F 
 1622      776F6E76 
 1622      6C00
 1623              	.LASF11:
 1624 0189 73697A65 		.ascii	"sizetype\000"
 1624      74797065 
 1624      00
 1625              	.LASF6:
 1626 0192 6C6F6E67 		.ascii	"long long int\000"
 1626      206C6F6E 
 1626      6720696E 
 1626      7400
 1627              	.LASF2:
 1628 01a0 73686F72 		.ascii	"short int\000"
 1628      7420696E 
 1628      7400
 1629              	.LASF4:
 1630 01aa 6C6F6E67 		.ascii	"long int\000"
 1630      20696E74 
 1630      00
 1631              	.LASF0:
 1632 01b3 7369676E 		.ascii	"signed char\000"
 1632      65642063 
 1632      68617200 
 1633              	.LASF18:
 1634 01bf 47656E65 		.ascii	"Generated_Source\\PSoC5\\cymetadata.c\000"
ARM GAS  C:\Users\marti\AppData\Local\Temp\cclG7o08.s 			page 31


 1634      72617465 
 1634      645F536F 
 1634      75726365 
 1634      5C50536F 
 1635              		.ident	"GCC: (GNU Tools for ARM Embedded Processors) 5.4.1 20160609 (release) [ARM/embedded-5-bran
