ARM GAS  C:\Users\marti\AppData\Local\Temp\ccWLeFZI.s 			page 1


   1              		.syntax unified
   2              		.cpu cortex-m3
   3              		.fpu softvfp
   4              		.eabi_attribute 20, 1
   5              		.eabi_attribute 21, 1
   6              		.eabi_attribute 23, 3
   7              		.eabi_attribute 24, 1
   8              		.eabi_attribute 25, 1
   9              		.eabi_attribute 26, 1
  10              		.eabi_attribute 30, 1
  11              		.eabi_attribute 34, 1
  12              		.eabi_attribute 18, 4
  13              		.thumb
  14              		.syntax unified
  15              		.file	"main.c"
  16              		.text
  17              	.Ltext0:
  18              		.cfi_sections	.debug_frame
  19              		.global	__aeabi_i2f
  20              		.global	__aeabi_fadd
  21              		.global	__aeabi_f2d
  22              		.global	__aeabi_f2iz
  23              		.global	__aeabi_fsub
  24              		.global	__aeabi_f2uiz
  25              		.section	.text.main,"ax",%progbits
  26              		.align	2
  27              		.global	main
  28              		.thumb
  29              		.thumb_func
  30              		.type	main, %function
  31              	main:
  32              	.LFB64:
  33              		.file 1 "main.c"
   1:main.c        **** /* ========================================
   2:main.c        ****  *
   3:main.c        ****  * Copyright YOUR COMPANY, THE YEAR
   4:main.c        ****  * All Rights Reserved
   5:main.c        ****  * UNPUBLISHED, LICENSED SOFTWARE.
   6:main.c        ****  *
   7:main.c        ****  * CONFIDENTIAL AND PROPRIETARY INFORMATION
   8:main.c        ****  * WHICH IS THE PROPERTY OF your company.
   9:main.c        ****  *
  10:main.c        ****  * ========================================
  11:main.c        **** */
  12:main.c        **** #include <stdio.h>
  13:main.c        **** #include "project.h"
  14:main.c        **** #include "PIDControl.h"
  15:main.c        **** 
  16:main.c        **** static char outputBuffer[256];
  17:main.c        **** static float setPoint = 30; // degrees celcius
  18:main.c        **** 
  19:main.c        **** #define SAMPLES_PER_SECOND 3
  20:main.c        **** static uint16_t sampleWaitTimeInMilliseconds = 1000 / SAMPLES_PER_SECOND;
  21:main.c        **** 
  22:main.c        **** void handleByteReceived(uint8_t byteReceived);
  23:main.c        **** CY_ISR_PROTO(ISR_UART_rx_handler);
  24:main.c        **** 
ARM GAS  C:\Users\marti\AppData\Local\Temp\ccWLeFZI.s 			page 2


  25:main.c        **** int main(void)
  26:main.c        **** {
  34              		.loc 1 26 0
  35              		.cfi_startproc
  36              		@ args = 0, pretend = 0, frame = 16
  37              		@ frame_needed = 0, uses_anonymous_args = 0
  38 0000 2DE9F041 		push	{r4, r5, r6, r7, r8, lr}
  39              		.cfi_def_cfa_offset 24
  40              		.cfi_offset 4, -24
  41              		.cfi_offset 5, -20
  42              		.cfi_offset 6, -16
  43              		.cfi_offset 7, -12
  44              		.cfi_offset 8, -8
  45              		.cfi_offset 14, -4
  46 0004 98B0     		sub	sp, sp, #96
  47              		.cfi_def_cfa_offset 120
  27:main.c        ****     CyGlobalIntEnable; /* Enable global interrupts. */
  48              		.loc 1 27 0
  49              		.syntax unified
  50              	@ 27 "main.c" 1
  51 0006 62B6     		CPSIE   i
  52              	@ 0 "" 2
  28:main.c        **** 
  29:main.c        ****     isr_uart_rx_StartEx(ISR_UART_rx_handler); //UART interrupt initialiseres
  53              		.loc 1 29 0
  54              		.thumb
  55              		.syntax unified
  56 0008 534C     		ldr	r4, .L7+8
  57 000a 2046     		mov	r0, r4
  58 000c FFF7FEFF 		bl	isr_uart_rx_StartEx
  59              	.LVL0:
  30:main.c        ****     UART_1_Start(); //UART initialiseres
  60              		.loc 1 30 0
  61 0010 FFF7FEFF 		bl	UART_1_Start
  62              	.LVL1:
  31:main.c        ****     PWM_1_Start(); //PWM initialiseres
  63              		.loc 1 31 0
  64 0014 FFF7FEFF 		bl	PWM_1_Start
  65              	.LVL2:
  32:main.c        ****     
  33:main.c        ****     I2C_Start();
  66              		.loc 1 33 0
  67 0018 FFF7FEFF 		bl	I2C_Start
  68              	.LVL3:
  34:main.c        ****     isr_uart_rx_StartEx(ISR_UART_rx_handler); //UART interrupt initialiseres
  69              		.loc 1 34 0
  70 001c 2046     		mov	r0, r4
  71 001e FFF7FEFF 		bl	isr_uart_rx_StartEx
  72              	.LVL4:
  35:main.c        ****     uint8 slaveAddress, status, b1, b2 = 0;
  36:main.c        ****     slaveAddress=0x48;
  37:main.c        ****     float b3 = 0;
  38:main.c        ****     char8 b4;
  39:main.c        ****     
  40:main.c        ****     /* Place your initialization/startup code here (e.g. MyInst_Start()) */
  41:main.c        **** 
  42:main.c        ****     float Kp = 10.0f;
ARM GAS  C:\Users\marti\AppData\Local\Temp\ccWLeFZI.s 			page 3


  43:main.c        ****     float Ki = 5.0f/30.0f;
  44:main.c        ****     float Kd = 0.0f;
  45:main.c        ****     float integralMax = 3000;
  46:main.c        ****     float integralMin = -3000;
  47:main.c        ****     
  48:main.c        ****     
  49:main.c        ****     float temp = 0;
  50:main.c        ****     float controlSignal = 0;
  51:main.c        **** 
  52:main.c        ****     float dt = ((float)sampleWaitTimeInMilliseconds) / 1000; // dt is measured in seconds
  53:main.c        ****     
  54:main.c        ****     PIDControl_init(Kp, Ki, Kd, integralMax, integralMin, dt);
  73              		.loc 1 54 0
  74 0022 0024     		movs	r4, #0
  75 0024 4D4B     		ldr	r3, .L7+12
  76 0026 0193     		str	r3, [sp, #4]	@ float
  77 0028 4D4B     		ldr	r3, .L7+16
  78 002a 0093     		str	r3, [sp]	@ float
  79 002c 4D4B     		ldr	r3, .L7+20
  80 002e 2246     		mov	r2, r4
  81 0030 4D49     		ldr	r1, .L7+24
  82 0032 4E48     		ldr	r0, .L7+28
  83 0034 FFF7FEFF 		bl	PIDControl_init
  84              	.LVL5:
  55:main.c        ****     PIDControl_changeSetPoint(setPoint);
  85              		.loc 1 55 0
  86 0038 4D4B     		ldr	r3, .L7+32
  87 003a 1868     		ldr	r0, [r3]	@ float
  88 003c FFF7FEFF 		bl	PIDControl_changeSetPoint
  89              	.LVL6:
  90              	.L4:
  91              	.LBB2:
  56:main.c        **** 
  57:main.c        **** //    UART_1_PutString("Temperature control application started\r\n");
  58:main.c        **** 
  59:main.c        ****     for(;;)
  60:main.c        ****     {
  61:main.c        ****         /* Place your application code here. */
  62:main.c        ****         status = I2C_MasterSendStart(slaveAddress, 1);
  92              		.loc 1 62 0
  93 0040 0121     		movs	r1, #1
  94 0042 4820     		movs	r0, #72
  95 0044 FFF7FEFF 		bl	I2C_MasterSendStart
  96              	.LVL7:
  63:main.c        ****         if (status == I2C_MSTR_NO_ERROR) // hvis status når adressen, går den ind i dette loop.
  97              		.loc 1 63 0
  98 0048 E0B9     		cbnz	r0, .L2
  64:main.c        ****         {
  65:main.c        ****             b1 = I2C_MasterReadByte(I2C_ACK_DATA); //starter clock, vi vil gerne modtage data.
  99              		.loc 1 65 0
 100 004a 0120     		movs	r0, #1
 101              	.LVL8:
 102 004c FFF7FEFF 		bl	I2C_MasterReadByte
 103              	.LVL9:
 104 0050 0446     		mov	r4, r0
 105              	.LVL10:
  66:main.c        ****             b2 = I2C_MasterReadByte(I2C_NAK_DATA); // stopper clock, vi vil ikke modtage mere data.
ARM GAS  C:\Users\marti\AppData\Local\Temp\ccWLeFZI.s 			page 4


 106              		.loc 1 66 0
 107 0052 0020     		movs	r0, #0
 108 0054 FFF7FEFF 		bl	I2C_MasterReadByte
 109              	.LVL11:
  67:main.c        ****             
  68:main.c        ****             //b6 = binTwosComplementToSignedDecimal((char8)&b3, 9)/2;
  69:main.c        ****             if (b2 == 128) //hvis den er 7bit lang, så skal der tillægges en halv grad.
 110              		.loc 1 69 0
 111 0058 8028     		cmp	r0, #128
 112 005a 02D1     		bne	.L5
  70:main.c        ****             b3 = 0.5;
 113              		.loc 1 70 0
 114 005c 4FF07C55 		mov	r5, #1056964608
 115 0060 00E0     		b	.L3
 116              	.L5:
  71:main.c        ****             else // ellers er det heltals grader.
  72:main.c        ****             b3 = 0.0;
 117              		.loc 1 72 0
 118 0062 0025     		movs	r5, #0
 119              	.L3:
 120              	.LVL12:
  73:main.c        ****             b3 += b1;
 121              		.loc 1 73 0
 122 0064 2046     		mov	r0, r4
 123              	.LVL13:
 124 0066 FFF7FEFF 		bl	__aeabi_i2f
 125              	.LVL14:
 126 006a 2946     		mov	r1, r5
 127 006c FFF7FEFF 		bl	__aeabi_fadd
 128              	.LVL15:
 129 0070 0446     		mov	r4, r0
 130              	.LVL16:
  74:main.c        ****             sprintf(&b4, "%.1f", b3); //formatere bitstrengen til b4, som senere skrives ud.
 131              		.loc 1 74 0
 132 0072 FFF7FEFF 		bl	__aeabi_f2d
 133              	.LVL17:
 134 0076 0246     		mov	r2, r0
 135 0078 0B46     		mov	r3, r1
 136 007a 3E49     		ldr	r1, .L7+36
 137 007c 0DF15F00 		add	r0, sp, #95
 138 0080 FFF7FEFF 		bl	sprintf
 139              	.LVL18:
 140              	.L2:
  75:main.c        ****         }
  76:main.c        ****         
  77:main.c        ****         I2C_MasterSendStop(); // Når der kaldes masterstart, skal masterstop også kaldes.
 141              		.loc 1 77 0
 142 0084 FFF7FEFF 		bl	I2C_MasterSendStop
 143              	.LVL19:
  78:main.c        ****         I2C_MasterClearReadBuf(); // Sletter data i buffers
 144              		.loc 1 78 0
 145 0088 FFF7FEFF 		bl	I2C_MasterClearReadBuf
 146              	.LVL20:
  79:main.c        ****         I2C_MasterClearWriteBuf();
 147              		.loc 1 79 0
 148 008c FFF7FEFF 		bl	I2C_MasterClearWriteBuf
 149              	.LVL21:
ARM GAS  C:\Users\marti\AppData\Local\Temp\ccWLeFZI.s 			page 5


  80:main.c        ****         //UART_1_PutString("Temperaturen er: ");
  81:main.c        ****         
  82:main.c        ****         sprintf(&b4,"%d",(int)b3);
 150              		.loc 1 82 0
 151 0090 2046     		mov	r0, r4
 152 0092 FFF7FEFF 		bl	__aeabi_f2iz
 153              	.LVL22:
 154 0096 0246     		mov	r2, r0
 155 0098 3749     		ldr	r1, .L7+40
 156 009a 0DF15F00 		add	r0, sp, #95
 157 009e FFF7FEFF 		bl	sprintf
 158              	.LVL23:
  83:main.c        ****         //UART_1_PutString(&b4);
  84:main.c        ****         //UART_1_PutString(" grader celcius \r\n");
  85:main.c        ****         //UART_1_PutString("\r\n");
  86:main.c        ****         
  87:main.c        ****         temp = b3;
  88:main.c        ****         
  89:main.c        ****         float error = setPoint - temp;
 159              		.loc 1 89 0
 160 00a2 334E     		ldr	r6, .L7+32
 161 00a4 2146     		mov	r1, r4
 162 00a6 3068     		ldr	r0, [r6]	@ float
 163 00a8 FFF7FEFF 		bl	__aeabi_fsub
 164              	.LVL24:
 165 00ac 0746     		mov	r7, r0
 166              	.LVL25:
  90:main.c        ****         float proportionalPart = 0;
 167              		.loc 1 90 0
 168 00ae 0022     		movs	r2, #0
 169 00b0 1492     		str	r2, [sp, #80]	@ float
  91:main.c        ****         float integralPart = 0;
 170              		.loc 1 91 0
 171 00b2 1592     		str	r2, [sp, #84]	@ float
  92:main.c        ****         float derivativePart = 0;
 172              		.loc 1 92 0
 173 00b4 18AB     		add	r3, sp, #96
 174 00b6 43F8082D 		str	r2, [r3, #-8]!	@ float
  93:main.c        ****         
  94:main.c        ****         controlSignal = PIDControl_doStep(temp, &proportionalPart, &integralPart, &derivativePart);
 175              		.loc 1 94 0
 176 00ba 15AA     		add	r2, sp, #84
 177 00bc 14A9     		add	r1, sp, #80
 178 00be 2046     		mov	r0, r4
 179              	.LVL26:
 180 00c0 FFF7FEFF 		bl	PIDControl_doStep
 181              	.LVL27:
 182 00c4 8046     		mov	r8, r0
 183              	.LVL28:
  95:main.c        ****         PWM_1_WriteCompare(controlSignal);
 184              		.loc 1 95 0
 185 00c6 FFF7FEFF 		bl	__aeabi_f2uiz
 186              	.LVL29:
 187 00ca C0B2     		uxtb	r0, r0
 188 00cc FFF7FEFF 		bl	PWM_1_WriteCompare
 189              	.LVL30:
  96:main.c        ****         snprintf(outputBuffer, sizeof(outputBuffer), "%f, %f, %f, %f, %f, %f, %f, %f, %f, %f \r\n",
ARM GAS  C:\Users\marti\AppData\Local\Temp\ccWLeFZI.s 			page 6


 190              		.loc 1 96 0
 191 00d0 2A4D     		ldr	r5, .L7+44
 192 00d2 1698     		ldr	r0, [sp, #88]	@ float
 193 00d4 FFF7FEFF 		bl	__aeabi_f2d
 194              	.LVL31:
 195 00d8 CDE91201 		strd	r0, [sp, #72]
 196 00dc 1598     		ldr	r0, [sp, #84]	@ float
 197 00de FFF7FEFF 		bl	__aeabi_f2d
 198              	.LVL32:
 199 00e2 CDE91001 		strd	r0, [sp, #64]
 200 00e6 1498     		ldr	r0, [sp, #80]	@ float
 201 00e8 FFF7FEFF 		bl	__aeabi_f2d
 202              	.LVL33:
 203 00ec CDE90E01 		strd	r0, [sp, #56]
 204 00f0 0022     		movs	r2, #0
 205 00f2 0023     		movs	r3, #0
 206 00f4 CDE90C23 		strd	r2, [sp, #48]
 207 00f8 15A3     		adr	r3, .L7
 208 00fa D3E90023 		ldrd	r2, [r3]
 209 00fe CDE90A23 		strd	r2, [sp, #40]
 210 0102 0022     		movs	r2, #0
 211 0104 1E4B     		ldr	r3, .L7+48
 212 0106 CDE90823 		strd	r2, [sp, #32]
 213 010a 4046     		mov	r0, r8
 214 010c FFF7FEFF 		bl	__aeabi_f2d
 215              	.LVL34:
 216 0110 CDE90601 		strd	r0, [sp, #24]
 217 0114 3846     		mov	r0, r7
 218 0116 FFF7FEFF 		bl	__aeabi_f2d
 219              	.LVL35:
 220 011a CDE90401 		strd	r0, [sp, #16]
 221 011e 2046     		mov	r0, r4
 222 0120 FFF7FEFF 		bl	__aeabi_f2d
 223              	.LVL36:
 224 0124 CDE90201 		strd	r0, [sp, #8]
 225 0128 3068     		ldr	r0, [r6]	@ float
 226 012a FFF7FEFF 		bl	__aeabi_f2d
 227              	.LVL37:
 228 012e CDE90001 		strd	r0, [sp]
 229 0132 144A     		ldr	r2, .L7+52
 230 0134 4FF48071 		mov	r1, #256
 231 0138 2846     		mov	r0, r5
 232 013a FFF7FEFF 		bl	snprintf
 233              	.LVL38:
  97:main.c        ****                                                       setPoint, temp, error, controlSignal, Kp, Ki,
  98:main.c        ****                                                       proportionalPart, integralPart, derivativePar
  99:main.c        ****         UART_1_PutString(outputBuffer);
 234              		.loc 1 99 0
 235 013e 2846     		mov	r0, r5
 236 0140 FFF7FEFF 		bl	UART_1_PutString
 237              	.LVL39:
 100:main.c        **** 
 101:main.c        ****         CyDelay(sampleWaitTimeInMilliseconds);
 238              		.loc 1 101 0
 239 0144 40F24D10 		movw	r0, #333
 240 0148 FFF7FEFF 		bl	CyDelay
 241              	.LVL40:
ARM GAS  C:\Users\marti\AppData\Local\Temp\ccWLeFZI.s 			page 7


 242              	.LBE2:
 102:main.c        ****         
 103:main.c        ****     }
 243              		.loc 1 103 0
 244 014c 78E7     		b	.L4
 245              	.L8:
 246 014e 00BF     		.align	3
 247              	.L7:
 248 0150 00000060 		.word	1610612736
 249 0154 5555C53F 		.word	1069897045
 250 0158 00000000 		.word	ISR_UART_rx_handler
 251 015c FA7EAA3E 		.word	1051361018
 252 0160 00803BC5 		.word	-985956352
 253 0164 00803B45 		.word	1161527296
 254 0168 ABAA2A3E 		.word	1042983595
 255 016c 00002041 		.word	1092616192
 256 0170 00000000 		.word	.LANCHOR0
 257 0174 00000000 		.word	.LC0
 258 0178 08000000 		.word	.LC1
 259 017c 00000000 		.word	.LANCHOR1
 260 0180 00002440 		.word	1076101120
 261 0184 0C000000 		.word	.LC2
 262              		.cfi_endproc
 263              	.LFE64:
 264              		.size	main, .-main
 265              		.section	.text.handleByteReceived,"ax",%progbits
 266              		.align	2
 267              		.global	handleByteReceived
 268              		.thumb
 269              		.thumb_func
 270              		.type	handleByteReceived, %function
 271              	handleByteReceived:
 272              	.LFB65:
 104:main.c        **** }
 105:main.c        **** 
 106:main.c        **** void handleByteReceived(uint8_t byteReceived)
 107:main.c        **** {
 273              		.loc 1 107 0
 274              		.cfi_startproc
 275              		@ args = 0, pretend = 0, frame = 0
 276              		@ frame_needed = 0, uses_anonymous_args = 0
 277              	.LVL41:
 278 0000 08B5     		push	{r3, lr}
 279              		.cfi_def_cfa_offset 8
 280              		.cfi_offset 3, -8
 281              		.cfi_offset 14, -4
 282              	.LVL42:
 108:main.c        ****     int number=0;
 109:main.c        ****     if(byteReceived>='0' && byteReceived<='9') {
 283              		.loc 1 109 0
 284 0002 A0F13003 		sub	r3, r0, #48
 285 0006 DBB2     		uxtb	r3, r3
 286 0008 092B     		cmp	r3, #9
 287 000a 05D8     		bhi	.L11
 110:main.c        ****     number = (byteReceived-48)*10;
 288              		.loc 1 110 0
 289 000c A0F13003 		sub	r3, r0, #48
ARM GAS  C:\Users\marti\AppData\Local\Temp\ccWLeFZI.s 			page 8


 290 0010 03EB8303 		add	r3, r3, r3, lsl #2
 291 0014 5800     		lsls	r0, r3, #1
 292              	.LVL43:
 293 0016 00E0     		b	.L10
 294              	.LVL44:
 295              	.L11:
 108:main.c        ****     int number=0;
 296              		.loc 1 108 0
 297 0018 0020     		movs	r0, #0
 298              	.LVL45:
 299              	.L10:
 111:main.c        ****     }
 112:main.c        ****     setPoint = number;
 300              		.loc 1 112 0
 301 001a FFF7FEFF 		bl	__aeabi_i2f
 302              	.LVL46:
 303 001e 024B     		ldr	r3, .L13
 304 0020 1860     		str	r0, [r3]	@ float
 113:main.c        ****     PIDControl_changeSetPoint(number);
 305              		.loc 1 113 0
 306 0022 FFF7FEFF 		bl	PIDControl_changeSetPoint
 307              	.LVL47:
 308 0026 08BD     		pop	{r3, pc}
 309              	.L14:
 310              		.align	2
 311              	.L13:
 312 0028 00000000 		.word	.LANCHOR0
 313              		.cfi_endproc
 314              	.LFE65:
 315              		.size	handleByteReceived, .-handleByteReceived
 316              		.section	.text.ISR_UART_rx_handler,"ax",%progbits
 317              		.align	2
 318              		.global	ISR_UART_rx_handler
 319              		.thumb
 320              		.thumb_func
 321              		.type	ISR_UART_rx_handler, %function
 322              	ISR_UART_rx_handler:
 323              	.LFB66:
 114:main.c        ****     //UART_1_PutString("Speed: ");
 115:main.c        ****     //UART_1_PutChar(number);
 116:main.c        ****     //UART_1_PutString(" \r\n");
 117:main.c        **** }
 118:main.c        **** 
 119:main.c        **** CY_ISR(ISR_UART_rx_handler)
 120:main.c        **** {
 324              		.loc 1 120 0
 325              		.cfi_startproc
 326              		@ args = 0, pretend = 0, frame = 0
 327              		@ frame_needed = 0, uses_anonymous_args = 0
 328 0000 10B5     		push	{r4, lr}
 329              		.cfi_def_cfa_offset 8
 330              		.cfi_offset 4, -8
 331              		.cfi_offset 14, -4
 121:main.c        ****     uint8_t bytesToRead = UART_1_GetRxBufferSize();
 332              		.loc 1 121 0
 333 0002 FFF7FEFF 		bl	UART_1_GetRxBufferSize
 334              	.LVL48:
ARM GAS  C:\Users\marti\AppData\Local\Temp\ccWLeFZI.s 			page 9


 335 0006 0446     		mov	r4, r0
 336              	.LVL49:
 122:main.c        ****     while (bytesToRead > 0)
 337              		.loc 1 122 0
 338 0008 05E0     		b	.L16
 339              	.L17:
 340              	.LBB3:
 123:main.c        ****     {
 124:main.c        ****         uint8_t byteReceived = UART_1_ReadRxData();
 341              		.loc 1 124 0
 342 000a FFF7FEFF 		bl	UART_1_ReadRxData
 343              	.LVL50:
 125:main.c        ****         //UART_1_WriteTxData(byteReceived); // echo back
 126:main.c        ****         
 127:main.c        ****         handleByteReceived(byteReceived);
 344              		.loc 1 127 0
 345 000e FFF7FEFF 		bl	handleByteReceived
 346              	.LVL51:
 128:main.c        ****         bytesToRead--;
 347              		.loc 1 128 0
 348 0012 013C     		subs	r4, r4, #1
 349              	.LVL52:
 350 0014 E4B2     		uxtb	r4, r4
 351              	.LVL53:
 352              	.L16:
 353              	.LBE3:
 122:main.c        ****     {
 354              		.loc 1 122 0
 355 0016 002C     		cmp	r4, #0
 356 0018 F7D1     		bne	.L17
 129:main.c        ****     }
 130:main.c        **** }
 357              		.loc 1 130 0
 358 001a 10BD     		pop	{r4, pc}
 359              		.cfi_endproc
 360              	.LFE66:
 361              		.size	ISR_UART_rx_handler, .-ISR_UART_rx_handler
 362              		.data
 363              		.align	2
 364              		.set	.LANCHOR0,. + 0
 365              		.type	setPoint, %object
 366              		.size	setPoint, 4
 367              	setPoint:
 368 0000 0000F041 		.word	1106247680
 369              		.section	.rodata.str1.4,"aMS",%progbits,1
 370              		.align	2
 371              	.LC0:
 372 0000 252E3166 		.ascii	"%.1f\000"
 372      00
 373 0005 000000   		.space	3
 374              	.LC1:
 375 0008 256400   		.ascii	"%d\000"
 376 000b 00       		.space	1
 377              	.LC2:
 378 000c 25662C20 		.ascii	"%f, %f, %f, %f, %f, %f, %f, %f, %f, %f \015\012\000"
 378      25662C20 
 378      25662C20 
ARM GAS  C:\Users\marti\AppData\Local\Temp\ccWLeFZI.s 			page 10


 378      25662C20 
 378      25662C20 
 379              		.bss
 380              		.align	2
 381              		.set	.LANCHOR1,. + 0
 382              		.type	outputBuffer, %object
 383              		.size	outputBuffer, 256
 384              	outputBuffer:
 385 0000 00000000 		.space	256
 385      00000000 
 385      00000000 
 385      00000000 
 385      00000000 
 386              		.text
 387              	.Letext0:
 388              		.file 2 "c:\\program files (x86)\\cypress\\psoc creator\\4.2\\psoc creator\\import\\gnu\\arm\\5.4.
 389              		.file 3 "c:\\program files (x86)\\cypress\\psoc creator\\4.2\\psoc creator\\import\\gnu\\arm\\5.4.
 390              		.file 4 "Generated_Source\\PSoC5/cytypes.h"
 391              		.file 5 "Generated_Source\\PSoC5/I2C.h"
 392              		.file 6 "c:\\program files (x86)\\cypress\\psoc creator\\4.2\\psoc creator\\import\\gnu\\arm\\5.4.
 393              		.file 7 "PIDControl.h"
 394              		.file 8 "Generated_Source\\PSoC5/PWM_1.h"
 395              		.file 9 "Generated_Source\\PSoC5/UART_1.h"
 396              		.file 10 "Generated_Source\\PSoC5/CyLib.h"
 397              		.file 11 "Generated_Source\\PSoC5/isr_uart_rx.h"
 398              		.file 12 "Generated_Source\\PSoC5/core_cm3.h"
 399              		.section	.debug_info,"",%progbits
 400              	.Ldebug_info0:
 401 0000 50050000 		.4byte	0x550
 402 0004 0400     		.2byte	0x4
 403 0006 00000000 		.4byte	.Ldebug_abbrev0
 404 000a 04       		.byte	0x4
 405 000b 01       		.uleb128 0x1
 406 000c 52030000 		.4byte	.LASF59
 407 0010 0C       		.byte	0xc
 408 0011 C5020000 		.4byte	.LASF60
 409 0015 CE000000 		.4byte	.LASF61
 410 0019 00000000 		.4byte	.Ldebug_ranges0+0
 411 001d 00000000 		.4byte	0
 412 0021 00000000 		.4byte	.Ldebug_line0
 413 0025 02       		.uleb128 0x2
 414 0026 04       		.byte	0x4
 415 0027 04       		.byte	0x4
 416 0028 C8000000 		.4byte	.LASF0
 417 002c 02       		.uleb128 0x2
 418 002d 08       		.byte	0x8
 419 002e 04       		.byte	0x4
 420 002f 01030000 		.4byte	.LASF1
 421 0033 02       		.uleb128 0x2
 422 0034 01       		.byte	0x1
 423 0035 06       		.byte	0x6
 424 0036 D4010000 		.4byte	.LASF2
 425 003a 03       		.uleb128 0x3
 426 003b 38010000 		.4byte	.LASF5
 427 003f 02       		.byte	0x2
 428 0040 1D       		.byte	0x1d
 429 0041 45000000 		.4byte	0x45
ARM GAS  C:\Users\marti\AppData\Local\Temp\ccWLeFZI.s 			page 11


 430 0045 02       		.uleb128 0x2
 431 0046 01       		.byte	0x1
 432 0047 08       		.byte	0x8
 433 0048 99010000 		.4byte	.LASF3
 434 004c 02       		.uleb128 0x2
 435 004d 02       		.byte	0x2
 436 004e 05       		.byte	0x5
 437 004f 52000000 		.4byte	.LASF4
 438 0053 03       		.uleb128 0x3
 439 0054 90000000 		.4byte	.LASF6
 440 0058 02       		.byte	0x2
 441 0059 2B       		.byte	0x2b
 442 005a 5E000000 		.4byte	0x5e
 443 005e 02       		.uleb128 0x2
 444 005f 02       		.byte	0x2
 445 0060 07       		.byte	0x7
 446 0061 4A020000 		.4byte	.LASF7
 447 0065 03       		.uleb128 0x3
 448 0066 19030000 		.4byte	.LASF8
 449 006a 02       		.byte	0x2
 450 006b 3F       		.byte	0x3f
 451 006c 70000000 		.4byte	0x70
 452 0070 02       		.uleb128 0x2
 453 0071 04       		.byte	0x4
 454 0072 05       		.byte	0x5
 455 0073 2F010000 		.4byte	.LASF9
 456 0077 02       		.uleb128 0x2
 457 0078 04       		.byte	0x4
 458 0079 07       		.byte	0x7
 459 007a CC020000 		.4byte	.LASF10
 460 007e 02       		.uleb128 0x2
 461 007f 08       		.byte	0x8
 462 0080 05       		.byte	0x5
 463 0081 0F010000 		.4byte	.LASF11
 464 0085 02       		.uleb128 0x2
 465 0086 08       		.byte	0x8
 466 0087 07       		.byte	0x7
 467 0088 F1010000 		.4byte	.LASF12
 468 008c 04       		.uleb128 0x4
 469 008d 04       		.byte	0x4
 470 008e 05       		.byte	0x5
 471 008f 696E7400 		.ascii	"int\000"
 472 0093 02       		.uleb128 0x2
 473 0094 04       		.byte	0x4
 474 0095 07       		.byte	0x7
 475 0096 20020000 		.4byte	.LASF13
 476 009a 02       		.uleb128 0x2
 477 009b 08       		.byte	0x8
 478 009c 04       		.byte	0x4
 479 009d 8D010000 		.4byte	.LASF14
 480 00a1 02       		.uleb128 0x2
 481 00a2 04       		.byte	0x4
 482 00a3 07       		.byte	0x7
 483 00a4 5C000000 		.4byte	.LASF15
 484 00a8 02       		.uleb128 0x2
 485 00a9 01       		.byte	0x1
 486 00aa 08       		.byte	0x8
ARM GAS  C:\Users\marti\AppData\Local\Temp\ccWLeFZI.s 			page 12


 487 00ab 2A010000 		.4byte	.LASF16
 488 00af 03       		.uleb128 0x3
 489 00b0 30030000 		.4byte	.LASF17
 490 00b4 03       		.byte	0x3
 491 00b5 18       		.byte	0x18
 492 00b6 3A000000 		.4byte	0x3a
 493 00ba 03       		.uleb128 0x3
 494 00bb 2D020000 		.4byte	.LASF18
 495 00bf 03       		.byte	0x3
 496 00c0 24       		.byte	0x24
 497 00c1 53000000 		.4byte	0x53
 498 00c5 03       		.uleb128 0x3
 499 00c6 95020000 		.4byte	.LASF19
 500 00ca 03       		.byte	0x3
 501 00cb 2C       		.byte	0x2c
 502 00cc 65000000 		.4byte	0x65
 503 00d0 05       		.uleb128 0x5
 504 00d1 B5000000 		.4byte	.LASF20
 505 00d5 04       		.byte	0x4
 506 00d6 9201     		.2byte	0x192
 507 00d8 45000000 		.4byte	0x45
 508 00dc 05       		.uleb128 0x5
 509 00dd 85000000 		.4byte	.LASF21
 510 00e1 04       		.byte	0x4
 511 00e2 A301     		.2byte	0x1a3
 512 00e4 A8000000 		.4byte	0xa8
 513 00e8 06       		.uleb128 0x6
 514 00e9 8B000000 		.4byte	.LASF62
 515 00ed 01       		.byte	0x1
 516 00ee 19       		.byte	0x19
 517 00ef 8C000000 		.4byte	0x8c
 518 00f3 00000000 		.4byte	.LFB64
 519 00f7 88010000 		.4byte	.LFE64-.LFB64
 520 00fb 01       		.uleb128 0x1
 521 00fc 9C       		.byte	0x9c
 522 00fd 93030000 		.4byte	0x393
 523 0101 07       		.uleb128 0x7
 524 0102 1D010000 		.4byte	.LASF22
 525 0106 01       		.byte	0x1
 526 0107 23       		.byte	0x23
 527 0108 D0000000 		.4byte	0xd0
 528 010c 48       		.byte	0x48
 529 010d 08       		.uleb128 0x8
 530 010e 5D020000 		.4byte	.LASF23
 531 0112 01       		.byte	0x1
 532 0113 23       		.byte	0x23
 533 0114 D0000000 		.4byte	0xd0
 534 0118 00000000 		.4byte	.LLST0
 535 011c 09       		.uleb128 0x9
 536 011d 623100   		.ascii	"b1\000"
 537 0120 01       		.byte	0x1
 538 0121 23       		.byte	0x23
 539 0122 D0000000 		.4byte	0xd0
 540 0126 13000000 		.4byte	.LLST1
 541 012a 09       		.uleb128 0x9
 542 012b 623200   		.ascii	"b2\000"
 543 012e 01       		.byte	0x1
ARM GAS  C:\Users\marti\AppData\Local\Temp\ccWLeFZI.s 			page 13


 544 012f 23       		.byte	0x23
 545 0130 D0000000 		.4byte	0xd0
 546 0134 26000000 		.4byte	.LLST2
 547 0138 09       		.uleb128 0x9
 548 0139 623300   		.ascii	"b3\000"
 549 013c 01       		.byte	0x1
 550 013d 25       		.byte	0x25
 551 013e 25000000 		.4byte	0x25
 552 0142 45000000 		.4byte	.LLST3
 553 0146 0A       		.uleb128 0xa
 554 0147 623400   		.ascii	"b4\000"
 555 014a 01       		.byte	0x1
 556 014b 26       		.byte	0x26
 557 014c DC000000 		.4byte	0xdc
 558 0150 02       		.uleb128 0x2
 559 0151 91       		.byte	0x91
 560 0152 67       		.sleb128 -25
 561 0153 0B       		.uleb128 0xb
 562 0154 4B7000   		.ascii	"Kp\000"
 563 0157 01       		.byte	0x1
 564 0158 2A       		.byte	0x2a
 565 0159 25000000 		.4byte	0x25
 566 015d 04       		.byte	0x4
 567 015e 00002041 		.4byte	0x41200000
 568 0162 0B       		.uleb128 0xb
 569 0163 4B6900   		.ascii	"Ki\000"
 570 0166 01       		.byte	0x1
 571 0167 2B       		.byte	0x2b
 572 0168 25000000 		.4byte	0x25
 573 016c 04       		.byte	0x4
 574 016d ABAA2A3E 		.4byte	0x3e2aaaab
 575 0171 0B       		.uleb128 0xb
 576 0172 4B6400   		.ascii	"Kd\000"
 577 0175 01       		.byte	0x1
 578 0176 2C       		.byte	0x2c
 579 0177 25000000 		.4byte	0x25
 580 017b 04       		.byte	0x4
 581 017c 00000000 		.4byte	0
 582 0180 0C       		.uleb128 0xc
 583 0181 65000000 		.4byte	.LASF24
 584 0185 01       		.byte	0x1
 585 0186 2D       		.byte	0x2d
 586 0187 25000000 		.4byte	0x25
 587 018b 04       		.byte	0x4
 588 018c 00803B45 		.4byte	0x453b8000
 589 0190 0C       		.uleb128 0xc
 590 0191 A9000000 		.4byte	.LASF25
 591 0195 01       		.byte	0x1
 592 0196 2E       		.byte	0x2e
 593 0197 25000000 		.4byte	0x25
 594 019b 04       		.byte	0x4
 595 019c 00803BC5 		.4byte	0xc53b8000
 596 01a0 08       		.uleb128 0x8
 597 01a1 4D000000 		.4byte	.LASF26
 598 01a5 01       		.byte	0x1
 599 01a6 31       		.byte	0x31
 600 01a7 25000000 		.4byte	0x25
ARM GAS  C:\Users\marti\AppData\Local\Temp\ccWLeFZI.s 			page 14


 601 01ab 89000000 		.4byte	.LLST4
 602 01af 08       		.uleb128 0x8
 603 01b0 9B000000 		.4byte	.LASF27
 604 01b4 01       		.byte	0x1
 605 01b5 32       		.byte	0x32
 606 01b6 25000000 		.4byte	0x25
 607 01ba AC000000 		.4byte	.LLST5
 608 01be 0B       		.uleb128 0xb
 609 01bf 647400   		.ascii	"dt\000"
 610 01c2 01       		.byte	0x1
 611 01c3 34       		.byte	0x34
 612 01c4 25000000 		.4byte	0x25
 613 01c8 04       		.byte	0x4
 614 01c9 FA7EAA3E 		.4byte	0x3eaa7efa
 615 01cd 0D       		.uleb128 0xd
 616 01ce 40000000 		.4byte	.LBB2
 617 01d2 0C010000 		.4byte	.LBE2-.LBB2
 618 01d6 31030000 		.4byte	0x331
 619 01da 08       		.uleb128 0x8
 620 01db 38030000 		.4byte	.LASF28
 621 01df 01       		.byte	0x1
 622 01e0 59       		.byte	0x59
 623 01e1 25000000 		.4byte	0x25
 624 01e5 DA000000 		.4byte	.LLST6
 625 01e9 0E       		.uleb128 0xe
 626 01ea E0010000 		.4byte	.LASF29
 627 01ee 01       		.byte	0x1
 628 01ef 5A       		.byte	0x5a
 629 01f0 25000000 		.4byte	0x25
 630 01f4 02       		.uleb128 0x2
 631 01f5 91       		.byte	0x91
 632 01f6 58       		.sleb128 -40
 633 01f7 0E       		.uleb128 0xe
 634 01f8 23030000 		.4byte	.LASF30
 635 01fc 01       		.byte	0x1
 636 01fd 5B       		.byte	0x5b
 637 01fe 25000000 		.4byte	0x25
 638 0202 02       		.uleb128 0x2
 639 0203 91       		.byte	0x91
 640 0204 5C       		.sleb128 -36
 641 0205 0E       		.uleb128 0xe
 642 0206 7E010000 		.4byte	.LASF31
 643 020a 01       		.byte	0x1
 644 020b 5C       		.byte	0x5c
 645 020c 25000000 		.4byte	0x25
 646 0210 02       		.uleb128 0x2
 647 0211 91       		.byte	0x91
 648 0212 60       		.sleb128 -32
 649 0213 0F       		.uleb128 0xf
 650 0214 48000000 		.4byte	.LVL7
 651 0218 82040000 		.4byte	0x482
 652 021c 2C020000 		.4byte	0x22c
 653 0220 10       		.uleb128 0x10
 654 0221 01       		.uleb128 0x1
 655 0222 50       		.byte	0x50
 656 0223 02       		.uleb128 0x2
 657 0224 08       		.byte	0x8
ARM GAS  C:\Users\marti\AppData\Local\Temp\ccWLeFZI.s 			page 15


 658 0225 48       		.byte	0x48
 659 0226 10       		.uleb128 0x10
 660 0227 01       		.uleb128 0x1
 661 0228 51       		.byte	0x51
 662 0229 01       		.uleb128 0x1
 663 022a 31       		.byte	0x31
 664 022b 00       		.byte	0
 665 022c 0F       		.uleb128 0xf
 666 022d 50000000 		.4byte	.LVL9
 667 0231 8D040000 		.4byte	0x48d
 668 0235 3F020000 		.4byte	0x23f
 669 0239 10       		.uleb128 0x10
 670 023a 01       		.uleb128 0x1
 671 023b 50       		.byte	0x50
 672 023c 01       		.uleb128 0x1
 673 023d 31       		.byte	0x31
 674 023e 00       		.byte	0
 675 023f 0F       		.uleb128 0xf
 676 0240 58000000 		.4byte	.LVL11
 677 0244 8D040000 		.4byte	0x48d
 678 0248 52020000 		.4byte	0x252
 679 024c 10       		.uleb128 0x10
 680 024d 01       		.uleb128 0x1
 681 024e 50       		.byte	0x50
 682 024f 01       		.uleb128 0x1
 683 0250 30       		.byte	0x30
 684 0251 00       		.byte	0
 685 0252 0F       		.uleb128 0xf
 686 0253 84000000 		.4byte	.LVL18
 687 0257 98040000 		.4byte	0x498
 688 025b 6F020000 		.4byte	0x26f
 689 025f 10       		.uleb128 0x10
 690 0260 01       		.uleb128 0x1
 691 0261 50       		.byte	0x50
 692 0262 02       		.uleb128 0x2
 693 0263 91       		.byte	0x91
 694 0264 67       		.sleb128 -25
 695 0265 10       		.uleb128 0x10
 696 0266 01       		.uleb128 0x1
 697 0267 51       		.byte	0x51
 698 0268 05       		.uleb128 0x5
 699 0269 03       		.byte	0x3
 700 026a 00000000 		.4byte	.LC0
 701 026e 00       		.byte	0
 702 026f 11       		.uleb128 0x11
 703 0270 88000000 		.4byte	.LVL19
 704 0274 A3040000 		.4byte	0x4a3
 705 0278 11       		.uleb128 0x11
 706 0279 8C000000 		.4byte	.LVL20
 707 027d AE040000 		.4byte	0x4ae
 708 0281 11       		.uleb128 0x11
 709 0282 90000000 		.4byte	.LVL21
 710 0286 B9040000 		.4byte	0x4b9
 711 028a 0F       		.uleb128 0xf
 712 028b A2000000 		.4byte	.LVL23
 713 028f 98040000 		.4byte	0x498
 714 0293 A7020000 		.4byte	0x2a7
ARM GAS  C:\Users\marti\AppData\Local\Temp\ccWLeFZI.s 			page 16


 715 0297 10       		.uleb128 0x10
 716 0298 01       		.uleb128 0x1
 717 0299 50       		.byte	0x50
 718 029a 02       		.uleb128 0x2
 719 029b 91       		.byte	0x91
 720 029c 67       		.sleb128 -25
 721 029d 10       		.uleb128 0x10
 722 029e 01       		.uleb128 0x1
 723 029f 51       		.byte	0x51
 724 02a0 05       		.uleb128 0x5
 725 02a1 03       		.byte	0x3
 726 02a2 08000000 		.4byte	.LC1
 727 02a6 00       		.byte	0
 728 02a7 0F       		.uleb128 0xf
 729 02a8 C4000000 		.4byte	.LVL27
 730 02ac C4040000 		.4byte	0x4c4
 731 02b0 CE020000 		.4byte	0x2ce
 732 02b4 10       		.uleb128 0x10
 733 02b5 01       		.uleb128 0x1
 734 02b6 50       		.byte	0x50
 735 02b7 03       		.uleb128 0x3
 736 02b8 F5       		.byte	0xf5
 737 02b9 04       		.uleb128 0x4
 738 02ba 25       		.uleb128 0x25
 739 02bb 10       		.uleb128 0x10
 740 02bc 01       		.uleb128 0x1
 741 02bd 51       		.byte	0x51
 742 02be 02       		.uleb128 0x2
 743 02bf 91       		.byte	0x91
 744 02c0 58       		.sleb128 -40
 745 02c1 10       		.uleb128 0x10
 746 02c2 01       		.uleb128 0x1
 747 02c3 52       		.byte	0x52
 748 02c4 02       		.uleb128 0x2
 749 02c5 91       		.byte	0x91
 750 02c6 5C       		.sleb128 -36
 751 02c7 10       		.uleb128 0x10
 752 02c8 01       		.uleb128 0x1
 753 02c9 53       		.byte	0x53
 754 02ca 02       		.uleb128 0x2
 755 02cb 91       		.byte	0x91
 756 02cc 60       		.sleb128 -32
 757 02cd 00       		.byte	0
 758 02ce 11       		.uleb128 0x11
 759 02cf D0000000 		.4byte	.LVL30
 760 02d3 CF040000 		.4byte	0x4cf
 761 02d7 0F       		.uleb128 0xf
 762 02d8 3E010000 		.4byte	.LVL38
 763 02dc DA040000 		.4byte	0x4da
 764 02e0 0B030000 		.4byte	0x30b
 765 02e4 10       		.uleb128 0x10
 766 02e5 01       		.uleb128 0x1
 767 02e6 50       		.byte	0x50
 768 02e7 02       		.uleb128 0x2
 769 02e8 75       		.byte	0x75
 770 02e9 00       		.sleb128 0
 771 02ea 10       		.uleb128 0x10
ARM GAS  C:\Users\marti\AppData\Local\Temp\ccWLeFZI.s 			page 17


 772 02eb 01       		.uleb128 0x1
 773 02ec 51       		.byte	0x51
 774 02ed 03       		.uleb128 0x3
 775 02ee 0A       		.byte	0xa
 776 02ef 0001     		.2byte	0x100
 777 02f1 10       		.uleb128 0x10
 778 02f2 01       		.uleb128 0x1
 779 02f3 52       		.byte	0x52
 780 02f4 05       		.uleb128 0x5
 781 02f5 03       		.byte	0x3
 782 02f6 0C000000 		.4byte	.LC2
 783 02fa 10       		.uleb128 0x10
 784 02fb 02       		.uleb128 0x2
 785 02fc 7D       		.byte	0x7d
 786 02fd 28       		.sleb128 40
 787 02fe 0B       		.uleb128 0xb
 788 02ff F4       		.byte	0xf4
 789 0300 2C       		.uleb128 0x2c
 790 0301 08       		.byte	0x8
 791 0302 00000060 		.4byte	0x60000000
 792 0306 5555C53F 		.4byte	0x3fc55555
 793 030a 00       		.byte	0
 794 030b 0F       		.uleb128 0xf
 795 030c 44010000 		.4byte	.LVL39
 796 0310 E5040000 		.4byte	0x4e5
 797 0314 1F030000 		.4byte	0x31f
 798 0318 10       		.uleb128 0x10
 799 0319 01       		.uleb128 0x1
 800 031a 50       		.byte	0x50
 801 031b 02       		.uleb128 0x2
 802 031c 75       		.byte	0x75
 803 031d 00       		.sleb128 0
 804 031e 00       		.byte	0
 805 031f 12       		.uleb128 0x12
 806 0320 4C010000 		.4byte	.LVL40
 807 0324 F0040000 		.4byte	0x4f0
 808 0328 10       		.uleb128 0x10
 809 0329 01       		.uleb128 0x1
 810 032a 50       		.byte	0x50
 811 032b 03       		.uleb128 0x3
 812 032c 0A       		.byte	0xa
 813 032d 4D01     		.2byte	0x14d
 814 032f 00       		.byte	0
 815 0330 00       		.byte	0
 816 0331 0F       		.uleb128 0xf
 817 0332 10000000 		.4byte	.LVL0
 818 0336 FB040000 		.4byte	0x4fb
 819 033a 45030000 		.4byte	0x345
 820 033e 10       		.uleb128 0x10
 821 033f 01       		.uleb128 0x1
 822 0340 50       		.byte	0x50
 823 0341 02       		.uleb128 0x2
 824 0342 74       		.byte	0x74
 825 0343 00       		.sleb128 0
 826 0344 00       		.byte	0
 827 0345 11       		.uleb128 0x11
 828 0346 14000000 		.4byte	.LVL1
ARM GAS  C:\Users\marti\AppData\Local\Temp\ccWLeFZI.s 			page 18


 829 034a 06050000 		.4byte	0x506
 830 034e 11       		.uleb128 0x11
 831 034f 18000000 		.4byte	.LVL2
 832 0353 11050000 		.4byte	0x511
 833 0357 11       		.uleb128 0x11
 834 0358 1C000000 		.4byte	.LVL3
 835 035c 1C050000 		.4byte	0x51c
 836 0360 0F       		.uleb128 0xf
 837 0361 22000000 		.4byte	.LVL4
 838 0365 FB040000 		.4byte	0x4fb
 839 0369 74030000 		.4byte	0x374
 840 036d 10       		.uleb128 0x10
 841 036e 01       		.uleb128 0x1
 842 036f 50       		.byte	0x50
 843 0370 02       		.uleb128 0x2
 844 0371 74       		.byte	0x74
 845 0372 00       		.sleb128 0
 846 0373 00       		.byte	0
 847 0374 0F       		.uleb128 0xf
 848 0375 38000000 		.4byte	.LVL5
 849 0379 27050000 		.4byte	0x527
 850 037d 89030000 		.4byte	0x389
 851 0381 10       		.uleb128 0x10
 852 0382 01       		.uleb128 0x1
 853 0383 52       		.byte	0x52
 854 0384 03       		.uleb128 0x3
 855 0385 F5       		.byte	0xf5
 856 0386 04       		.uleb128 0x4
 857 0387 25       		.uleb128 0x25
 858 0388 00       		.byte	0
 859 0389 11       		.uleb128 0x11
 860 038a 40000000 		.4byte	.LVL6
 861 038e 32050000 		.4byte	0x532
 862 0392 00       		.byte	0
 863 0393 13       		.uleb128 0x13
 864 0394 42010000 		.4byte	.LASF33
 865 0398 01       		.byte	0x1
 866 0399 6A       		.byte	0x6a
 867 039a 00000000 		.4byte	.LFB65
 868 039e 2C000000 		.4byte	.LFE65-.LFB65
 869 03a2 01       		.uleb128 0x1
 870 03a3 9C       		.byte	0x9c
 871 03a4 D0030000 		.4byte	0x3d0
 872 03a8 14       		.uleb128 0x14
 873 03a9 BB000000 		.4byte	.LASF36
 874 03ad 01       		.byte	0x1
 875 03ae 6A       		.byte	0x6a
 876 03af AF000000 		.4byte	0xaf
 877 03b3 F8000000 		.4byte	.LLST7
 878 03b7 08       		.uleb128 0x8
 879 03b8 3E030000 		.4byte	.LASF32
 880 03bc 01       		.byte	0x1
 881 03bd 6C       		.byte	0x6c
 882 03be 8C000000 		.4byte	0x8c
 883 03c2 32010000 		.4byte	.LLST8
 884 03c6 11       		.uleb128 0x11
 885 03c7 26000000 		.4byte	.LVL47
ARM GAS  C:\Users\marti\AppData\Local\Temp\ccWLeFZI.s 			page 19


 886 03cb 32050000 		.4byte	0x532
 887 03cf 00       		.byte	0
 888 03d0 15       		.uleb128 0x15
 889 03d1 39000000 		.4byte	.LASF34
 890 03d5 01       		.byte	0x1
 891 03d6 77       		.byte	0x77
 892 03d7 00000000 		.4byte	.LFB66
 893 03db 1C000000 		.4byte	.LFE66-.LFB66
 894 03df 01       		.uleb128 0x1
 895 03e0 9C       		.byte	0x9c
 896 03e1 2D040000 		.4byte	0x42d
 897 03e5 08       		.uleb128 0x8
 898 03e6 DE020000 		.4byte	.LASF35
 899 03ea 01       		.byte	0x1
 900 03eb 79       		.byte	0x79
 901 03ec AF000000 		.4byte	0xaf
 902 03f0 68010000 		.4byte	.LLST9
 903 03f4 0D       		.uleb128 0xd
 904 03f5 0A000000 		.4byte	.LBB3
 905 03f9 0C000000 		.4byte	.LBE3-.LBB3
 906 03fd 23040000 		.4byte	0x423
 907 0401 08       		.uleb128 0x8
 908 0402 BB000000 		.4byte	.LASF36
 909 0406 01       		.byte	0x1
 910 0407 7C       		.byte	0x7c
 911 0408 AF000000 		.4byte	0xaf
 912 040c 86010000 		.4byte	.LLST10
 913 0410 11       		.uleb128 0x11
 914 0411 0E000000 		.4byte	.LVL50
 915 0415 3D050000 		.4byte	0x53d
 916 0419 11       		.uleb128 0x11
 917 041a 12000000 		.4byte	.LVL51
 918 041e 93030000 		.4byte	0x393
 919 0422 00       		.byte	0
 920 0423 11       		.uleb128 0x11
 921 0424 06000000 		.4byte	.LVL48
 922 0428 48050000 		.4byte	0x548
 923 042c 00       		.byte	0
 924 042d 16       		.uleb128 0x16
 925 042e A8000000 		.4byte	0xa8
 926 0432 3D040000 		.4byte	0x43d
 927 0436 17       		.uleb128 0x17
 928 0437 A1000000 		.4byte	0xa1
 929 043b FF       		.byte	0xff
 930 043c 00       		.byte	0
 931 043d 0E       		.uleb128 0xe
 932 043e 9D020000 		.4byte	.LASF37
 933 0442 01       		.byte	0x1
 934 0443 10       		.byte	0x10
 935 0444 2D040000 		.4byte	0x42d
 936 0448 05       		.uleb128 0x5
 937 0449 03       		.byte	0x3
 938 044a 00000000 		.4byte	outputBuffer
 939 044e 0E       		.uleb128 0xe
 940 044f BC020000 		.4byte	.LASF38
 941 0453 01       		.byte	0x1
 942 0454 11       		.byte	0x11
ARM GAS  C:\Users\marti\AppData\Local\Temp\ccWLeFZI.s 			page 20


 943 0455 25000000 		.4byte	0x25
 944 0459 05       		.uleb128 0x5
 945 045a 03       		.byte	0x3
 946 045b 00000000 		.4byte	setPoint
 947 045f 18       		.uleb128 0x18
 948 0460 00000000 		.4byte	.LASF39
 949 0464 01       		.byte	0x1
 950 0465 14       		.byte	0x14
 951 0466 6C040000 		.4byte	0x46c
 952 046a 4D01     		.2byte	0x14d
 953 046c 19       		.uleb128 0x19
 954 046d BA000000 		.4byte	0xba
 955 0471 1A       		.uleb128 0x1a
 956 0472 45030000 		.4byte	.LASF63
 957 0476 0C       		.byte	0xc
 958 0477 9606     		.2byte	0x696
 959 0479 7D040000 		.4byte	0x47d
 960 047d 1B       		.uleb128 0x1b
 961 047e C5000000 		.4byte	0xc5
 962 0482 1C       		.uleb128 0x1c
 963 0483 36020000 		.4byte	.LASF40
 964 0487 36020000 		.4byte	.LASF40
 965 048b 05       		.byte	0x5
 966 048c B1       		.byte	0xb1
 967 048d 1C       		.uleb128 0x1c
 968 048e C1010000 		.4byte	.LASF41
 969 0492 C1010000 		.4byte	.LASF41
 970 0496 05       		.byte	0x5
 971 0497 B7       		.byte	0xb7
 972 0498 1C       		.uleb128 0x1c
 973 0499 A7010000 		.4byte	.LASF42
 974 049d A7010000 		.4byte	.LASF42
 975 04a1 06       		.byte	0x6
 976 04a2 E7       		.byte	0xe7
 977 04a3 1C       		.uleb128 0x1c
 978 04a4 F2030000 		.4byte	.LASF43
 979 04a8 F2030000 		.4byte	.LASF43
 980 04ac 05       		.byte	0x5
 981 04ad B5       		.byte	0xb5
 982 04ae 1C       		.uleb128 0x1c
 983 04af 64020000 		.4byte	.LASF44
 984 04b3 64020000 		.4byte	.LASF44
 985 04b7 05       		.byte	0x5
 986 04b8 AD       		.byte	0xad
 987 04b9 1C       		.uleb128 0x1c
 988 04ba 08020000 		.4byte	.LASF45
 989 04be 08020000 		.4byte	.LASF45
 990 04c2 05       		.byte	0x5
 991 04c3 AE       		.byte	0xae
 992 04c4 1C       		.uleb128 0x1c
 993 04c5 AF010000 		.4byte	.LASF46
 994 04c9 AF010000 		.4byte	.LASF46
 995 04cd 07       		.byte	0x7
 996 04ce 2B       		.byte	0x2b
 997 04cf 1C       		.uleb128 0x1c
 998 04d0 6B010000 		.4byte	.LASF47
 999 04d4 6B010000 		.4byte	.LASF47
ARM GAS  C:\Users\marti\AppData\Local\Temp\ccWLeFZI.s 			page 21


 1000 04d8 08       		.byte	0x8
 1001 04d9 C3       		.byte	0xc3
 1002 04da 1C       		.uleb128 0x1c
 1003 04db 62010000 		.4byte	.LASF48
 1004 04df 62010000 		.4byte	.LASF48
 1005 04e3 06       		.byte	0x6
 1006 04e4 FD       		.byte	0xfd
 1007 04e5 1C       		.uleb128 0x1c
 1008 04e6 08030000 		.4byte	.LASF49
 1009 04ea 08030000 		.4byte	.LASF49
 1010 04ee 09       		.byte	0x9
 1011 04ef 8B       		.byte	0x8b
 1012 04f0 1C       		.uleb128 0x1c
 1013 04f1 E0030000 		.4byte	.LASF50
 1014 04f5 E0030000 		.4byte	.LASF50
 1015 04f9 0A       		.byte	0xa
 1016 04fa 76       		.byte	0x76
 1017 04fb 1C       		.uleb128 0x1c
 1018 04fc 71000000 		.4byte	.LASF51
 1019 0500 71000000 		.4byte	.LASF51
 1020 0504 0B       		.byte	0xb
 1021 0505 18       		.byte	0x18
 1022 0506 1C       		.uleb128 0x1c
 1023 0507 55010000 		.4byte	.LASF52
 1024 050b 55010000 		.4byte	.LASF52
 1025 050f 09       		.byte	0x9
 1026 0510 54       		.byte	0x54
 1027 0511 1C       		.uleb128 0x1c
 1028 0512 1D000000 		.4byte	.LASF53
 1029 0516 1D000000 		.4byte	.LASF53
 1030 051a 08       		.byte	0x8
 1031 051b 92       		.byte	0x92
 1032 051c 1C       		.uleb128 0x1c
 1033 051d E8030000 		.4byte	.LASF54
 1034 0521 E8030000 		.4byte	.LASF54
 1035 0525 05       		.byte	0x5
 1036 0526 93       		.byte	0x93
 1037 0527 1C       		.uleb128 0x1c
 1038 0528 29000000 		.4byte	.LASF55
 1039 052c 29000000 		.4byte	.LASF55
 1040 0530 07       		.byte	0x7
 1041 0531 19       		.byte	0x19
 1042 0532 1C       		.uleb128 0x1c
 1043 0533 7B020000 		.4byte	.LASF56
 1044 0537 7B020000 		.4byte	.LASF56
 1045 053b 07       		.byte	0x7
 1046 053c 1F       		.byte	0x1f
 1047 053d 1C       		.uleb128 0x1c
 1048 053e AA020000 		.4byte	.LASF57
 1049 0542 AA020000 		.4byte	.LASF57
 1050 0546 09       		.byte	0x9
 1051 0547 6F       		.byte	0x6f
 1052 0548 1C       		.uleb128 0x1c
 1053 0549 EA020000 		.4byte	.LASF58
 1054 054d EA020000 		.4byte	.LASF58
 1055 0551 09       		.byte	0x9
 1056 0552 73       		.byte	0x73
ARM GAS  C:\Users\marti\AppData\Local\Temp\ccWLeFZI.s 			page 22


 1057 0553 00       		.byte	0
 1058              		.section	.debug_abbrev,"",%progbits
 1059              	.Ldebug_abbrev0:
 1060 0000 01       		.uleb128 0x1
 1061 0001 11       		.uleb128 0x11
 1062 0002 01       		.byte	0x1
 1063 0003 25       		.uleb128 0x25
 1064 0004 0E       		.uleb128 0xe
 1065 0005 13       		.uleb128 0x13
 1066 0006 0B       		.uleb128 0xb
 1067 0007 03       		.uleb128 0x3
 1068 0008 0E       		.uleb128 0xe
 1069 0009 1B       		.uleb128 0x1b
 1070 000a 0E       		.uleb128 0xe
 1071 000b 55       		.uleb128 0x55
 1072 000c 17       		.uleb128 0x17
 1073 000d 11       		.uleb128 0x11
 1074 000e 01       		.uleb128 0x1
 1075 000f 10       		.uleb128 0x10
 1076 0010 17       		.uleb128 0x17
 1077 0011 00       		.byte	0
 1078 0012 00       		.byte	0
 1079 0013 02       		.uleb128 0x2
 1080 0014 24       		.uleb128 0x24
 1081 0015 00       		.byte	0
 1082 0016 0B       		.uleb128 0xb
 1083 0017 0B       		.uleb128 0xb
 1084 0018 3E       		.uleb128 0x3e
 1085 0019 0B       		.uleb128 0xb
 1086 001a 03       		.uleb128 0x3
 1087 001b 0E       		.uleb128 0xe
 1088 001c 00       		.byte	0
 1089 001d 00       		.byte	0
 1090 001e 03       		.uleb128 0x3
 1091 001f 16       		.uleb128 0x16
 1092 0020 00       		.byte	0
 1093 0021 03       		.uleb128 0x3
 1094 0022 0E       		.uleb128 0xe
 1095 0023 3A       		.uleb128 0x3a
 1096 0024 0B       		.uleb128 0xb
 1097 0025 3B       		.uleb128 0x3b
 1098 0026 0B       		.uleb128 0xb
 1099 0027 49       		.uleb128 0x49
 1100 0028 13       		.uleb128 0x13
 1101 0029 00       		.byte	0
 1102 002a 00       		.byte	0
 1103 002b 04       		.uleb128 0x4
 1104 002c 24       		.uleb128 0x24
 1105 002d 00       		.byte	0
 1106 002e 0B       		.uleb128 0xb
 1107 002f 0B       		.uleb128 0xb
 1108 0030 3E       		.uleb128 0x3e
 1109 0031 0B       		.uleb128 0xb
 1110 0032 03       		.uleb128 0x3
 1111 0033 08       		.uleb128 0x8
 1112 0034 00       		.byte	0
 1113 0035 00       		.byte	0
ARM GAS  C:\Users\marti\AppData\Local\Temp\ccWLeFZI.s 			page 23


 1114 0036 05       		.uleb128 0x5
 1115 0037 16       		.uleb128 0x16
 1116 0038 00       		.byte	0
 1117 0039 03       		.uleb128 0x3
 1118 003a 0E       		.uleb128 0xe
 1119 003b 3A       		.uleb128 0x3a
 1120 003c 0B       		.uleb128 0xb
 1121 003d 3B       		.uleb128 0x3b
 1122 003e 05       		.uleb128 0x5
 1123 003f 49       		.uleb128 0x49
 1124 0040 13       		.uleb128 0x13
 1125 0041 00       		.byte	0
 1126 0042 00       		.byte	0
 1127 0043 06       		.uleb128 0x6
 1128 0044 2E       		.uleb128 0x2e
 1129 0045 01       		.byte	0x1
 1130 0046 3F       		.uleb128 0x3f
 1131 0047 19       		.uleb128 0x19
 1132 0048 03       		.uleb128 0x3
 1133 0049 0E       		.uleb128 0xe
 1134 004a 3A       		.uleb128 0x3a
 1135 004b 0B       		.uleb128 0xb
 1136 004c 3B       		.uleb128 0x3b
 1137 004d 0B       		.uleb128 0xb
 1138 004e 27       		.uleb128 0x27
 1139 004f 19       		.uleb128 0x19
 1140 0050 49       		.uleb128 0x49
 1141 0051 13       		.uleb128 0x13
 1142 0052 8701     		.uleb128 0x87
 1143 0054 19       		.uleb128 0x19
 1144 0055 11       		.uleb128 0x11
 1145 0056 01       		.uleb128 0x1
 1146 0057 12       		.uleb128 0x12
 1147 0058 06       		.uleb128 0x6
 1148 0059 40       		.uleb128 0x40
 1149 005a 18       		.uleb128 0x18
 1150 005b 9642     		.uleb128 0x2116
 1151 005d 19       		.uleb128 0x19
 1152 005e 01       		.uleb128 0x1
 1153 005f 13       		.uleb128 0x13
 1154 0060 00       		.byte	0
 1155 0061 00       		.byte	0
 1156 0062 07       		.uleb128 0x7
 1157 0063 34       		.uleb128 0x34
 1158 0064 00       		.byte	0
 1159 0065 03       		.uleb128 0x3
 1160 0066 0E       		.uleb128 0xe
 1161 0067 3A       		.uleb128 0x3a
 1162 0068 0B       		.uleb128 0xb
 1163 0069 3B       		.uleb128 0x3b
 1164 006a 0B       		.uleb128 0xb
 1165 006b 49       		.uleb128 0x49
 1166 006c 13       		.uleb128 0x13
 1167 006d 1C       		.uleb128 0x1c
 1168 006e 0B       		.uleb128 0xb
 1169 006f 00       		.byte	0
 1170 0070 00       		.byte	0
ARM GAS  C:\Users\marti\AppData\Local\Temp\ccWLeFZI.s 			page 24


 1171 0071 08       		.uleb128 0x8
 1172 0072 34       		.uleb128 0x34
 1173 0073 00       		.byte	0
 1174 0074 03       		.uleb128 0x3
 1175 0075 0E       		.uleb128 0xe
 1176 0076 3A       		.uleb128 0x3a
 1177 0077 0B       		.uleb128 0xb
 1178 0078 3B       		.uleb128 0x3b
 1179 0079 0B       		.uleb128 0xb
 1180 007a 49       		.uleb128 0x49
 1181 007b 13       		.uleb128 0x13
 1182 007c 02       		.uleb128 0x2
 1183 007d 17       		.uleb128 0x17
 1184 007e 00       		.byte	0
 1185 007f 00       		.byte	0
 1186 0080 09       		.uleb128 0x9
 1187 0081 34       		.uleb128 0x34
 1188 0082 00       		.byte	0
 1189 0083 03       		.uleb128 0x3
 1190 0084 08       		.uleb128 0x8
 1191 0085 3A       		.uleb128 0x3a
 1192 0086 0B       		.uleb128 0xb
 1193 0087 3B       		.uleb128 0x3b
 1194 0088 0B       		.uleb128 0xb
 1195 0089 49       		.uleb128 0x49
 1196 008a 13       		.uleb128 0x13
 1197 008b 02       		.uleb128 0x2
 1198 008c 17       		.uleb128 0x17
 1199 008d 00       		.byte	0
 1200 008e 00       		.byte	0
 1201 008f 0A       		.uleb128 0xa
 1202 0090 34       		.uleb128 0x34
 1203 0091 00       		.byte	0
 1204 0092 03       		.uleb128 0x3
 1205 0093 08       		.uleb128 0x8
 1206 0094 3A       		.uleb128 0x3a
 1207 0095 0B       		.uleb128 0xb
 1208 0096 3B       		.uleb128 0x3b
 1209 0097 0B       		.uleb128 0xb
 1210 0098 49       		.uleb128 0x49
 1211 0099 13       		.uleb128 0x13
 1212 009a 02       		.uleb128 0x2
 1213 009b 18       		.uleb128 0x18
 1214 009c 00       		.byte	0
 1215 009d 00       		.byte	0
 1216 009e 0B       		.uleb128 0xb
 1217 009f 34       		.uleb128 0x34
 1218 00a0 00       		.byte	0
 1219 00a1 03       		.uleb128 0x3
 1220 00a2 08       		.uleb128 0x8
 1221 00a3 3A       		.uleb128 0x3a
 1222 00a4 0B       		.uleb128 0xb
 1223 00a5 3B       		.uleb128 0x3b
 1224 00a6 0B       		.uleb128 0xb
 1225 00a7 49       		.uleb128 0x49
 1226 00a8 13       		.uleb128 0x13
 1227 00a9 1C       		.uleb128 0x1c
ARM GAS  C:\Users\marti\AppData\Local\Temp\ccWLeFZI.s 			page 25


 1228 00aa 0A       		.uleb128 0xa
 1229 00ab 00       		.byte	0
 1230 00ac 00       		.byte	0
 1231 00ad 0C       		.uleb128 0xc
 1232 00ae 34       		.uleb128 0x34
 1233 00af 00       		.byte	0
 1234 00b0 03       		.uleb128 0x3
 1235 00b1 0E       		.uleb128 0xe
 1236 00b2 3A       		.uleb128 0x3a
 1237 00b3 0B       		.uleb128 0xb
 1238 00b4 3B       		.uleb128 0x3b
 1239 00b5 0B       		.uleb128 0xb
 1240 00b6 49       		.uleb128 0x49
 1241 00b7 13       		.uleb128 0x13
 1242 00b8 1C       		.uleb128 0x1c
 1243 00b9 0A       		.uleb128 0xa
 1244 00ba 00       		.byte	0
 1245 00bb 00       		.byte	0
 1246 00bc 0D       		.uleb128 0xd
 1247 00bd 0B       		.uleb128 0xb
 1248 00be 01       		.byte	0x1
 1249 00bf 11       		.uleb128 0x11
 1250 00c0 01       		.uleb128 0x1
 1251 00c1 12       		.uleb128 0x12
 1252 00c2 06       		.uleb128 0x6
 1253 00c3 01       		.uleb128 0x1
 1254 00c4 13       		.uleb128 0x13
 1255 00c5 00       		.byte	0
 1256 00c6 00       		.byte	0
 1257 00c7 0E       		.uleb128 0xe
 1258 00c8 34       		.uleb128 0x34
 1259 00c9 00       		.byte	0
 1260 00ca 03       		.uleb128 0x3
 1261 00cb 0E       		.uleb128 0xe
 1262 00cc 3A       		.uleb128 0x3a
 1263 00cd 0B       		.uleb128 0xb
 1264 00ce 3B       		.uleb128 0x3b
 1265 00cf 0B       		.uleb128 0xb
 1266 00d0 49       		.uleb128 0x49
 1267 00d1 13       		.uleb128 0x13
 1268 00d2 02       		.uleb128 0x2
 1269 00d3 18       		.uleb128 0x18
 1270 00d4 00       		.byte	0
 1271 00d5 00       		.byte	0
 1272 00d6 0F       		.uleb128 0xf
 1273 00d7 898201   		.uleb128 0x4109
 1274 00da 01       		.byte	0x1
 1275 00db 11       		.uleb128 0x11
 1276 00dc 01       		.uleb128 0x1
 1277 00dd 31       		.uleb128 0x31
 1278 00de 13       		.uleb128 0x13
 1279 00df 01       		.uleb128 0x1
 1280 00e0 13       		.uleb128 0x13
 1281 00e1 00       		.byte	0
 1282 00e2 00       		.byte	0
 1283 00e3 10       		.uleb128 0x10
 1284 00e4 8A8201   		.uleb128 0x410a
ARM GAS  C:\Users\marti\AppData\Local\Temp\ccWLeFZI.s 			page 26


 1285 00e7 00       		.byte	0
 1286 00e8 02       		.uleb128 0x2
 1287 00e9 18       		.uleb128 0x18
 1288 00ea 9142     		.uleb128 0x2111
 1289 00ec 18       		.uleb128 0x18
 1290 00ed 00       		.byte	0
 1291 00ee 00       		.byte	0
 1292 00ef 11       		.uleb128 0x11
 1293 00f0 898201   		.uleb128 0x4109
 1294 00f3 00       		.byte	0
 1295 00f4 11       		.uleb128 0x11
 1296 00f5 01       		.uleb128 0x1
 1297 00f6 31       		.uleb128 0x31
 1298 00f7 13       		.uleb128 0x13
 1299 00f8 00       		.byte	0
 1300 00f9 00       		.byte	0
 1301 00fa 12       		.uleb128 0x12
 1302 00fb 898201   		.uleb128 0x4109
 1303 00fe 01       		.byte	0x1
 1304 00ff 11       		.uleb128 0x11
 1305 0100 01       		.uleb128 0x1
 1306 0101 31       		.uleb128 0x31
 1307 0102 13       		.uleb128 0x13
 1308 0103 00       		.byte	0
 1309 0104 00       		.byte	0
 1310 0105 13       		.uleb128 0x13
 1311 0106 2E       		.uleb128 0x2e
 1312 0107 01       		.byte	0x1
 1313 0108 3F       		.uleb128 0x3f
 1314 0109 19       		.uleb128 0x19
 1315 010a 03       		.uleb128 0x3
 1316 010b 0E       		.uleb128 0xe
 1317 010c 3A       		.uleb128 0x3a
 1318 010d 0B       		.uleb128 0xb
 1319 010e 3B       		.uleb128 0x3b
 1320 010f 0B       		.uleb128 0xb
 1321 0110 27       		.uleb128 0x27
 1322 0111 19       		.uleb128 0x19
 1323 0112 11       		.uleb128 0x11
 1324 0113 01       		.uleb128 0x1
 1325 0114 12       		.uleb128 0x12
 1326 0115 06       		.uleb128 0x6
 1327 0116 40       		.uleb128 0x40
 1328 0117 18       		.uleb128 0x18
 1329 0118 9642     		.uleb128 0x2116
 1330 011a 19       		.uleb128 0x19
 1331 011b 01       		.uleb128 0x1
 1332 011c 13       		.uleb128 0x13
 1333 011d 00       		.byte	0
 1334 011e 00       		.byte	0
 1335 011f 14       		.uleb128 0x14
 1336 0120 05       		.uleb128 0x5
 1337 0121 00       		.byte	0
 1338 0122 03       		.uleb128 0x3
 1339 0123 0E       		.uleb128 0xe
 1340 0124 3A       		.uleb128 0x3a
 1341 0125 0B       		.uleb128 0xb
ARM GAS  C:\Users\marti\AppData\Local\Temp\ccWLeFZI.s 			page 27


 1342 0126 3B       		.uleb128 0x3b
 1343 0127 0B       		.uleb128 0xb
 1344 0128 49       		.uleb128 0x49
 1345 0129 13       		.uleb128 0x13
 1346 012a 02       		.uleb128 0x2
 1347 012b 17       		.uleb128 0x17
 1348 012c 00       		.byte	0
 1349 012d 00       		.byte	0
 1350 012e 15       		.uleb128 0x15
 1351 012f 2E       		.uleb128 0x2e
 1352 0130 01       		.byte	0x1
 1353 0131 3F       		.uleb128 0x3f
 1354 0132 19       		.uleb128 0x19
 1355 0133 03       		.uleb128 0x3
 1356 0134 0E       		.uleb128 0xe
 1357 0135 3A       		.uleb128 0x3a
 1358 0136 0B       		.uleb128 0xb
 1359 0137 3B       		.uleb128 0x3b
 1360 0138 0B       		.uleb128 0xb
 1361 0139 27       		.uleb128 0x27
 1362 013a 19       		.uleb128 0x19
 1363 013b 11       		.uleb128 0x11
 1364 013c 01       		.uleb128 0x1
 1365 013d 12       		.uleb128 0x12
 1366 013e 06       		.uleb128 0x6
 1367 013f 40       		.uleb128 0x40
 1368 0140 18       		.uleb128 0x18
 1369 0141 9742     		.uleb128 0x2117
 1370 0143 19       		.uleb128 0x19
 1371 0144 01       		.uleb128 0x1
 1372 0145 13       		.uleb128 0x13
 1373 0146 00       		.byte	0
 1374 0147 00       		.byte	0
 1375 0148 16       		.uleb128 0x16
 1376 0149 01       		.uleb128 0x1
 1377 014a 01       		.byte	0x1
 1378 014b 49       		.uleb128 0x49
 1379 014c 13       		.uleb128 0x13
 1380 014d 01       		.uleb128 0x1
 1381 014e 13       		.uleb128 0x13
 1382 014f 00       		.byte	0
 1383 0150 00       		.byte	0
 1384 0151 17       		.uleb128 0x17
 1385 0152 21       		.uleb128 0x21
 1386 0153 00       		.byte	0
 1387 0154 49       		.uleb128 0x49
 1388 0155 13       		.uleb128 0x13
 1389 0156 2F       		.uleb128 0x2f
 1390 0157 0B       		.uleb128 0xb
 1391 0158 00       		.byte	0
 1392 0159 00       		.byte	0
 1393 015a 18       		.uleb128 0x18
 1394 015b 34       		.uleb128 0x34
 1395 015c 00       		.byte	0
 1396 015d 03       		.uleb128 0x3
 1397 015e 0E       		.uleb128 0xe
 1398 015f 3A       		.uleb128 0x3a
ARM GAS  C:\Users\marti\AppData\Local\Temp\ccWLeFZI.s 			page 28


 1399 0160 0B       		.uleb128 0xb
 1400 0161 3B       		.uleb128 0x3b
 1401 0162 0B       		.uleb128 0xb
 1402 0163 49       		.uleb128 0x49
 1403 0164 13       		.uleb128 0x13
 1404 0165 1C       		.uleb128 0x1c
 1405 0166 05       		.uleb128 0x5
 1406 0167 00       		.byte	0
 1407 0168 00       		.byte	0
 1408 0169 19       		.uleb128 0x19
 1409 016a 26       		.uleb128 0x26
 1410 016b 00       		.byte	0
 1411 016c 49       		.uleb128 0x49
 1412 016d 13       		.uleb128 0x13
 1413 016e 00       		.byte	0
 1414 016f 00       		.byte	0
 1415 0170 1A       		.uleb128 0x1a
 1416 0171 34       		.uleb128 0x34
 1417 0172 00       		.byte	0
 1418 0173 03       		.uleb128 0x3
 1419 0174 0E       		.uleb128 0xe
 1420 0175 3A       		.uleb128 0x3a
 1421 0176 0B       		.uleb128 0xb
 1422 0177 3B       		.uleb128 0x3b
 1423 0178 05       		.uleb128 0x5
 1424 0179 49       		.uleb128 0x49
 1425 017a 13       		.uleb128 0x13
 1426 017b 3F       		.uleb128 0x3f
 1427 017c 19       		.uleb128 0x19
 1428 017d 3C       		.uleb128 0x3c
 1429 017e 19       		.uleb128 0x19
 1430 017f 00       		.byte	0
 1431 0180 00       		.byte	0
 1432 0181 1B       		.uleb128 0x1b
 1433 0182 35       		.uleb128 0x35
 1434 0183 00       		.byte	0
 1435 0184 49       		.uleb128 0x49
 1436 0185 13       		.uleb128 0x13
 1437 0186 00       		.byte	0
 1438 0187 00       		.byte	0
 1439 0188 1C       		.uleb128 0x1c
 1440 0189 2E       		.uleb128 0x2e
 1441 018a 00       		.byte	0
 1442 018b 3F       		.uleb128 0x3f
 1443 018c 19       		.uleb128 0x19
 1444 018d 3C       		.uleb128 0x3c
 1445 018e 19       		.uleb128 0x19
 1446 018f 6E       		.uleb128 0x6e
 1447 0190 0E       		.uleb128 0xe
 1448 0191 03       		.uleb128 0x3
 1449 0192 0E       		.uleb128 0xe
 1450 0193 3A       		.uleb128 0x3a
 1451 0194 0B       		.uleb128 0xb
 1452 0195 3B       		.uleb128 0x3b
 1453 0196 0B       		.uleb128 0xb
 1454 0197 00       		.byte	0
 1455 0198 00       		.byte	0
ARM GAS  C:\Users\marti\AppData\Local\Temp\ccWLeFZI.s 			page 29


 1456 0199 00       		.byte	0
 1457              		.section	.debug_loc,"",%progbits
 1458              	.Ldebug_loc0:
 1459              	.LLST0:
 1460 0000 48000000 		.4byte	.LVL7
 1461 0004 4C000000 		.4byte	.LVL8
 1462 0008 0100     		.2byte	0x1
 1463 000a 50       		.byte	0x50
 1464 000b 00000000 		.4byte	0
 1465 000f 00000000 		.4byte	0
 1466              	.LLST1:
 1467 0013 52000000 		.4byte	.LVL10
 1468 0017 72000000 		.4byte	.LVL16
 1469 001b 0100     		.2byte	0x1
 1470 001d 54       		.byte	0x54
 1471 001e 00000000 		.4byte	0
 1472 0022 00000000 		.4byte	0
 1473              	.LLST2:
 1474 0026 22000000 		.4byte	.LVL4
 1475 002a 40000000 		.4byte	.LVL6
 1476 002e 0200     		.2byte	0x2
 1477 0030 30       		.byte	0x30
 1478 0031 9F       		.byte	0x9f
 1479 0032 58000000 		.4byte	.LVL11
 1480 0036 66000000 		.4byte	.LVL13
 1481 003a 0100     		.2byte	0x1
 1482 003c 50       		.byte	0x50
 1483 003d 00000000 		.4byte	0
 1484 0041 00000000 		.4byte	0
 1485              	.LLST3:
 1486 0045 22000000 		.4byte	.LVL4
 1487 0049 40000000 		.4byte	.LVL6
 1488 004d 0600     		.2byte	0x6
 1489 004f 9E       		.byte	0x9e
 1490 0050 04       		.uleb128 0x4
 1491 0051 00000000 		.4byte	0
 1492 0055 40000000 		.4byte	.LVL6
 1493 0059 52000000 		.4byte	.LVL10
 1494 005d 0100     		.2byte	0x1
 1495 005f 54       		.byte	0x54
 1496 0060 64000000 		.4byte	.LVL12
 1497 0064 72000000 		.4byte	.LVL16
 1498 0068 0100     		.2byte	0x1
 1499 006a 55       		.byte	0x55
 1500 006b 72000000 		.4byte	.LVL16
 1501 006f 75000000 		.4byte	.LVL17-1
 1502 0073 0100     		.2byte	0x1
 1503 0075 50       		.byte	0x50
 1504 0076 75000000 		.4byte	.LVL17-1
 1505 007a 88010000 		.4byte	.LFE64
 1506 007e 0100     		.2byte	0x1
 1507 0080 54       		.byte	0x54
 1508 0081 00000000 		.4byte	0
 1509 0085 00000000 		.4byte	0
 1510              	.LLST4:
 1511 0089 22000000 		.4byte	.LVL4
 1512 008d 40000000 		.4byte	.LVL6
ARM GAS  C:\Users\marti\AppData\Local\Temp\ccWLeFZI.s 			page 30


 1513 0091 0600     		.2byte	0x6
 1514 0093 9E       		.byte	0x9e
 1515 0094 04       		.uleb128 0x4
 1516 0095 00000000 		.4byte	0
 1517 0099 A2000000 		.4byte	.LVL23
 1518 009d 88010000 		.4byte	.LFE64
 1519 00a1 0100     		.2byte	0x1
 1520 00a3 54       		.byte	0x54
 1521 00a4 00000000 		.4byte	0
 1522 00a8 00000000 		.4byte	0
 1523              	.LLST5:
 1524 00ac 22000000 		.4byte	.LVL4
 1525 00b0 40000000 		.4byte	.LVL6
 1526 00b4 0600     		.2byte	0x6
 1527 00b6 9E       		.byte	0x9e
 1528 00b7 04       		.uleb128 0x4
 1529 00b8 00000000 		.4byte	0
 1530 00bc C6000000 		.4byte	.LVL28
 1531 00c0 C9000000 		.4byte	.LVL29-1
 1532 00c4 0100     		.2byte	0x1
 1533 00c6 50       		.byte	0x50
 1534 00c7 C9000000 		.4byte	.LVL29-1
 1535 00cb 88010000 		.4byte	.LFE64
 1536 00cf 0100     		.2byte	0x1
 1537 00d1 58       		.byte	0x58
 1538 00d2 00000000 		.4byte	0
 1539 00d6 00000000 		.4byte	0
 1540              	.LLST6:
 1541 00da AE000000 		.4byte	.LVL25
 1542 00de C0000000 		.4byte	.LVL26
 1543 00e2 0100     		.2byte	0x1
 1544 00e4 50       		.byte	0x50
 1545 00e5 C0000000 		.4byte	.LVL26
 1546 00e9 88010000 		.4byte	.LFE64
 1547 00ed 0100     		.2byte	0x1
 1548 00ef 57       		.byte	0x57
 1549 00f0 00000000 		.4byte	0
 1550 00f4 00000000 		.4byte	0
 1551              	.LLST7:
 1552 00f8 00000000 		.4byte	.LVL41
 1553 00fc 16000000 		.4byte	.LVL43
 1554 0100 0100     		.2byte	0x1
 1555 0102 50       		.byte	0x50
 1556 0103 16000000 		.4byte	.LVL43
 1557 0107 18000000 		.4byte	.LVL44
 1558 010b 0400     		.2byte	0x4
 1559 010d F3       		.byte	0xf3
 1560 010e 01       		.uleb128 0x1
 1561 010f 50       		.byte	0x50
 1562 0110 9F       		.byte	0x9f
 1563 0111 18000000 		.4byte	.LVL44
 1564 0115 1A000000 		.4byte	.LVL45
 1565 0119 0100     		.2byte	0x1
 1566 011b 50       		.byte	0x50
 1567 011c 1A000000 		.4byte	.LVL45
 1568 0120 2C000000 		.4byte	.LFE65
 1569 0124 0400     		.2byte	0x4
ARM GAS  C:\Users\marti\AppData\Local\Temp\ccWLeFZI.s 			page 31


 1570 0126 F3       		.byte	0xf3
 1571 0127 01       		.uleb128 0x1
 1572 0128 50       		.byte	0x50
 1573 0129 9F       		.byte	0x9f
 1574 012a 00000000 		.4byte	0
 1575 012e 00000000 		.4byte	0
 1576              	.LLST8:
 1577 0132 02000000 		.4byte	.LVL42
 1578 0136 16000000 		.4byte	.LVL43
 1579 013a 0200     		.2byte	0x2
 1580 013c 30       		.byte	0x30
 1581 013d 9F       		.byte	0x9f
 1582 013e 16000000 		.4byte	.LVL43
 1583 0142 18000000 		.4byte	.LVL44
 1584 0146 0100     		.2byte	0x1
 1585 0148 50       		.byte	0x50
 1586 0149 18000000 		.4byte	.LVL44
 1587 014d 1A000000 		.4byte	.LVL45
 1588 0151 0200     		.2byte	0x2
 1589 0153 30       		.byte	0x30
 1590 0154 9F       		.byte	0x9f
 1591 0155 1A000000 		.4byte	.LVL45
 1592 0159 1D000000 		.4byte	.LVL46-1
 1593 015d 0100     		.2byte	0x1
 1594 015f 50       		.byte	0x50
 1595 0160 00000000 		.4byte	0
 1596 0164 00000000 		.4byte	0
 1597              	.LLST9:
 1598 0168 08000000 		.4byte	.LVL49
 1599 016c 14000000 		.4byte	.LVL52
 1600 0170 0100     		.2byte	0x1
 1601 0172 54       		.byte	0x54
 1602 0173 16000000 		.4byte	.LVL53
 1603 0177 1C000000 		.4byte	.LFE66
 1604 017b 0100     		.2byte	0x1
 1605 017d 54       		.byte	0x54
 1606 017e 00000000 		.4byte	0
 1607 0182 00000000 		.4byte	0
 1608              	.LLST10:
 1609 0186 0E000000 		.4byte	.LVL50
 1610 018a 11000000 		.4byte	.LVL51-1
 1611 018e 0100     		.2byte	0x1
 1612 0190 50       		.byte	0x50
 1613 0191 00000000 		.4byte	0
 1614 0195 00000000 		.4byte	0
 1615              		.section	.debug_aranges,"",%progbits
 1616 0000 2C000000 		.4byte	0x2c
 1617 0004 0200     		.2byte	0x2
 1618 0006 00000000 		.4byte	.Ldebug_info0
 1619 000a 04       		.byte	0x4
 1620 000b 00       		.byte	0
 1621 000c 0000     		.2byte	0
 1622 000e 0000     		.2byte	0
 1623 0010 00000000 		.4byte	.LFB64
 1624 0014 88010000 		.4byte	.LFE64-.LFB64
 1625 0018 00000000 		.4byte	.LFB65
 1626 001c 2C000000 		.4byte	.LFE65-.LFB65
ARM GAS  C:\Users\marti\AppData\Local\Temp\ccWLeFZI.s 			page 32


 1627 0020 00000000 		.4byte	.LFB66
 1628 0024 1C000000 		.4byte	.LFE66-.LFB66
 1629 0028 00000000 		.4byte	0
 1630 002c 00000000 		.4byte	0
 1631              		.section	.debug_ranges,"",%progbits
 1632              	.Ldebug_ranges0:
 1633 0000 00000000 		.4byte	.LFB64
 1634 0004 88010000 		.4byte	.LFE64
 1635 0008 00000000 		.4byte	.LFB65
 1636 000c 2C000000 		.4byte	.LFE65
 1637 0010 00000000 		.4byte	.LFB66
 1638 0014 1C000000 		.4byte	.LFE66
 1639 0018 00000000 		.4byte	0
 1640 001c 00000000 		.4byte	0
 1641              		.section	.debug_line,"",%progbits
 1642              	.Ldebug_line0:
 1643 0000 71020000 		.section	.debug_str,"MS",%progbits,1
 1643      02000B02 
 1643      00000201 
 1643      FB0E0D00 
 1643      01010101 
 1644              	.LASF39:
 1645 0000 73616D70 		.ascii	"sampleWaitTimeInMilliseconds\000"
 1645      6C655761 
 1645      69745469 
 1645      6D65496E 
 1645      4D696C6C 
 1646              	.LASF53:
 1647 001d 50574D5F 		.ascii	"PWM_1_Start\000"
 1647      315F5374 
 1647      61727400 
 1648              	.LASF55:
 1649 0029 50494443 		.ascii	"PIDControl_init\000"
 1649      6F6E7472 
 1649      6F6C5F69 
 1649      6E697400 
 1650              	.LASF34:
 1651 0039 4953525F 		.ascii	"ISR_UART_rx_handler\000"
 1651      55415254 
 1651      5F72785F 
 1651      68616E64 
 1651      6C657200 
 1652              	.LASF26:
 1653 004d 74656D70 		.ascii	"temp\000"
 1653      00
 1654              	.LASF4:
 1655 0052 73686F72 		.ascii	"short int\000"
 1655      7420696E 
 1655      7400
 1656              	.LASF15:
 1657 005c 73697A65 		.ascii	"sizetype\000"
 1657      74797065 
 1657      00
 1658              	.LASF24:
 1659 0065 696E7465 		.ascii	"integralMax\000"
 1659      6772616C 
 1659      4D617800 
ARM GAS  C:\Users\marti\AppData\Local\Temp\ccWLeFZI.s 			page 33


 1660              	.LASF51:
 1661 0071 6973725F 		.ascii	"isr_uart_rx_StartEx\000"
 1661      75617274 
 1661      5F72785F 
 1661      53746172 
 1661      74457800 
 1662              	.LASF21:
 1663 0085 63686172 		.ascii	"char8\000"
 1663      3800
 1664              	.LASF62:
 1665 008b 6D61696E 		.ascii	"main\000"
 1665      00
 1666              	.LASF6:
 1667 0090 5F5F7569 		.ascii	"__uint16_t\000"
 1667      6E743136 
 1667      5F7400
 1668              	.LASF27:
 1669 009b 636F6E74 		.ascii	"controlSignal\000"
 1669      726F6C53 
 1669      69676E61 
 1669      6C00
 1670              	.LASF25:
 1671 00a9 696E7465 		.ascii	"integralMin\000"
 1671      6772616C 
 1671      4D696E00 
 1672              	.LASF20:
 1673 00b5 75696E74 		.ascii	"uint8\000"
 1673      3800
 1674              	.LASF36:
 1675 00bb 62797465 		.ascii	"byteReceived\000"
 1675      52656365 
 1675      69766564 
 1675      00
 1676              	.LASF0:
 1677 00c8 666C6F61 		.ascii	"float\000"
 1677      7400
 1678              	.LASF61:
 1679 00ce 433A5C33 		.ascii	"C:\\3. semester\\GFV\\temperaturregulator\\Temperat"
 1679      2E207365 
 1679      6D657374 
 1679      65725C47 
 1679      46565C74 
 1680 00fd 7572652D 		.ascii	"ure-Control.cydsn\000"
 1680      436F6E74 
 1680      726F6C2E 
 1680      63796473 
 1680      6E00
 1681              	.LASF11:
 1682 010f 6C6F6E67 		.ascii	"long long int\000"
 1682      206C6F6E 
 1682      6720696E 
 1682      7400
 1683              	.LASF22:
 1684 011d 736C6176 		.ascii	"slaveAddress\000"
 1684      65416464 
 1684      72657373 
 1684      00
ARM GAS  C:\Users\marti\AppData\Local\Temp\ccWLeFZI.s 			page 34


 1685              	.LASF16:
 1686 012a 63686172 		.ascii	"char\000"
 1686      00
 1687              	.LASF9:
 1688 012f 6C6F6E67 		.ascii	"long int\000"
 1688      20696E74 
 1688      00
 1689              	.LASF5:
 1690 0138 5F5F7569 		.ascii	"__uint8_t\000"
 1690      6E74385F 
 1690      7400
 1691              	.LASF33:
 1692 0142 68616E64 		.ascii	"handleByteReceived\000"
 1692      6C654279 
 1692      74655265 
 1692      63656976 
 1692      656400
 1693              	.LASF52:
 1694 0155 55415254 		.ascii	"UART_1_Start\000"
 1694      5F315F53 
 1694      74617274 
 1694      00
 1695              	.LASF48:
 1696 0162 736E7072 		.ascii	"snprintf\000"
 1696      696E7466 
 1696      00
 1697              	.LASF47:
 1698 016b 50574D5F 		.ascii	"PWM_1_WriteCompare\000"
 1698      315F5772 
 1698      69746543 
 1698      6F6D7061 
 1698      726500
 1699              	.LASF31:
 1700 017e 64657269 		.ascii	"derivativePart\000"
 1700      76617469 
 1700      76655061 
 1700      727400
 1701              	.LASF14:
 1702 018d 6C6F6E67 		.ascii	"long double\000"
 1702      20646F75 
 1702      626C6500 
 1703              	.LASF3:
 1704 0199 756E7369 		.ascii	"unsigned char\000"
 1704      676E6564 
 1704      20636861 
 1704      7200
 1705              	.LASF42:
 1706 01a7 73707269 		.ascii	"sprintf\000"
 1706      6E746600 
 1707              	.LASF46:
 1708 01af 50494443 		.ascii	"PIDControl_doStep\000"
 1708      6F6E7472 
 1708      6F6C5F64 
 1708      6F537465 
 1708      7000
 1709              	.LASF41:
 1710 01c1 4932435F 		.ascii	"I2C_MasterReadByte\000"
ARM GAS  C:\Users\marti\AppData\Local\Temp\ccWLeFZI.s 			page 35


 1710      4D617374 
 1710      65725265 
 1710      61644279 
 1710      746500
 1711              	.LASF2:
 1712 01d4 7369676E 		.ascii	"signed char\000"
 1712      65642063 
 1712      68617200 
 1713              	.LASF29:
 1714 01e0 70726F70 		.ascii	"proportionalPart\000"
 1714      6F727469 
 1714      6F6E616C 
 1714      50617274 
 1714      00
 1715              	.LASF12:
 1716 01f1 6C6F6E67 		.ascii	"long long unsigned int\000"
 1716      206C6F6E 
 1716      6720756E 
 1716      7369676E 
 1716      65642069 
 1717              	.LASF45:
 1718 0208 4932435F 		.ascii	"I2C_MasterClearWriteBuf\000"
 1718      4D617374 
 1718      6572436C 
 1718      65617257 
 1718      72697465 
 1719              	.LASF13:
 1720 0220 756E7369 		.ascii	"unsigned int\000"
 1720      676E6564 
 1720      20696E74 
 1720      00
 1721              	.LASF18:
 1722 022d 75696E74 		.ascii	"uint16_t\000"
 1722      31365F74 
 1722      00
 1723              	.LASF40:
 1724 0236 4932435F 		.ascii	"I2C_MasterSendStart\000"
 1724      4D617374 
 1724      65725365 
 1724      6E645374 
 1724      61727400 
 1725              	.LASF7:
 1726 024a 73686F72 		.ascii	"short unsigned int\000"
 1726      7420756E 
 1726      7369676E 
 1726      65642069 
 1726      6E7400
 1727              	.LASF23:
 1728 025d 73746174 		.ascii	"status\000"
 1728      757300
 1729              	.LASF44:
 1730 0264 4932435F 		.ascii	"I2C_MasterClearReadBuf\000"
 1730      4D617374 
 1730      6572436C 
 1730      65617252 
 1730      65616442 
 1731              	.LASF56:
ARM GAS  C:\Users\marti\AppData\Local\Temp\ccWLeFZI.s 			page 36


 1732 027b 50494443 		.ascii	"PIDControl_changeSetPoint\000"
 1732      6F6E7472 
 1732      6F6C5F63 
 1732      68616E67 
 1732      65536574 
 1733              	.LASF19:
 1734 0295 696E7433 		.ascii	"int32_t\000"
 1734      325F7400 
 1735              	.LASF37:
 1736 029d 6F757470 		.ascii	"outputBuffer\000"
 1736      75744275 
 1736      66666572 
 1736      00
 1737              	.LASF57:
 1738 02aa 55415254 		.ascii	"UART_1_ReadRxData\000"
 1738      5F315F52 
 1738      65616452 
 1738      78446174 
 1738      6100
 1739              	.LASF38:
 1740 02bc 73657450 		.ascii	"setPoint\000"
 1740      6F696E74 
 1740      00
 1741              	.LASF60:
 1742 02c5 6D61696E 		.ascii	"main.c\000"
 1742      2E6300
 1743              	.LASF10:
 1744 02cc 6C6F6E67 		.ascii	"long unsigned int\000"
 1744      20756E73 
 1744      69676E65 
 1744      6420696E 
 1744      7400
 1745              	.LASF35:
 1746 02de 62797465 		.ascii	"bytesToRead\000"
 1746      73546F52 
 1746      65616400 
 1747              	.LASF58:
 1748 02ea 55415254 		.ascii	"UART_1_GetRxBufferSize\000"
 1748      5F315F47 
 1748      65745278 
 1748      42756666 
 1748      65725369 
 1749              	.LASF1:
 1750 0301 646F7562 		.ascii	"double\000"
 1750      6C6500
 1751              	.LASF49:
 1752 0308 55415254 		.ascii	"UART_1_PutString\000"
 1752      5F315F50 
 1752      75745374 
 1752      72696E67 
 1752      00
 1753              	.LASF8:
 1754 0319 5F5F696E 		.ascii	"__int32_t\000"
 1754      7433325F 
 1754      7400
 1755              	.LASF30:
 1756 0323 696E7465 		.ascii	"integralPart\000"
ARM GAS  C:\Users\marti\AppData\Local\Temp\ccWLeFZI.s 			page 37


 1756      6772616C 
 1756      50617274 
 1756      00
 1757              	.LASF17:
 1758 0330 75696E74 		.ascii	"uint8_t\000"
 1758      385F7400 
 1759              	.LASF28:
 1760 0338 6572726F 		.ascii	"error\000"
 1760      7200
 1761              	.LASF32:
 1762 033e 6E756D62 		.ascii	"number\000"
 1762      657200
 1763              	.LASF63:
 1764 0345 49544D5F 		.ascii	"ITM_RxBuffer\000"
 1764      52784275 
 1764      66666572 
 1764      00
 1765              	.LASF59:
 1766 0352 474E5520 		.ascii	"GNU C11 5.4.1 20160609 (release) [ARM/embedded-5-br"
 1766      43313120 
 1766      352E342E 
 1766      31203230 
 1766      31363036 
 1767 0385 616E6368 		.ascii	"anch revision 237715] -mcpu=cortex-m3 -mthumb -g -O"
 1767      20726576 
 1767      6973696F 
 1767      6E203233 
 1767      37373135 
 1768 03b8 67202D66 		.ascii	"g -ffunction-sections -ffat-lto-objects\000"
 1768      66756E63 
 1768      74696F6E 
 1768      2D736563 
 1768      74696F6E 
 1769              	.LASF50:
 1770 03e0 43794465 		.ascii	"CyDelay\000"
 1770      6C617900 
 1771              	.LASF54:
 1772 03e8 4932435F 		.ascii	"I2C_Start\000"
 1772      53746172 
 1772      7400
 1773              	.LASF43:
 1774 03f2 4932435F 		.ascii	"I2C_MasterSendStop\000"
 1774      4D617374 
 1774      65725365 
 1774      6E645374 
 1774      6F7000
 1775              		.ident	"GCC: (GNU Tools for ARM Embedded Processors) 5.4.1 20160609 (release) [ARM/embedded-5-bran
