ARM GAS  C:\Users\marti\AppData\Local\Temp\ccRcXqPK.s 			page 1


   1              		.syntax unified
   2              		.cpu cortex-m3
   3              		.fpu softvfp
   4              		.eabi_attribute 20, 1
   5              		.eabi_attribute 21, 1
   6              		.eabi_attribute 23, 3
   7              		.eabi_attribute 24, 1
   8              		.eabi_attribute 25, 1
   9              		.eabi_attribute 26, 1
  10              		.eabi_attribute 30, 1
  11              		.eabi_attribute 34, 1
  12              		.eabi_attribute 18, 4
  13              		.thumb
  14              		.syntax unified
  15              		.file	"PIDControl.c"
  16              		.text
  17              	.Ltext0:
  18              		.cfi_sections	.debug_frame
  19              		.section	.text.PIDControl_init,"ax",%progbits
  20              		.align	2
  21              		.global	PIDControl_init
  22              		.thumb
  23              		.thumb_func
  24              		.type	PIDControl_init, %function
  25              	PIDControl_init:
  26              	.LFB0:
  27              		.file 1 "PIDControl.c"
   1:PIDControl.c  **** /* ========================================
   2:PIDControl.c  ****  *
   3:PIDControl.c  ****  * Copyright YOUR COMPANY, THE YEAR
   4:PIDControl.c  ****  * All Rights Reserved
   5:PIDControl.c  ****  * UNPUBLISHED, LICENSED SOFTWARE.
   6:PIDControl.c  ****  *
   7:PIDControl.c  ****  * CONFIDENTIAL AND PROPRIETARY INFORMATION
   8:PIDControl.c  ****  * WHICH IS THE PROPERTY OF your company.
   9:PIDControl.c  ****  *
  10:PIDControl.c  ****  * ========================================
  11:PIDControl.c  **** */
  12:PIDControl.c  **** #include "PIDControl.h"
  13:PIDControl.c  **** 
  14:PIDControl.c  **** static float Kp = 0;
  15:PIDControl.c  **** static float Ki = 0;
  16:PIDControl.c  **** static float Kd = 0;
  17:PIDControl.c  **** static float dt = 0;
  18:PIDControl.c  **** static float integralMax = 0;
  19:PIDControl.c  **** static float integralMin = 0;
  20:PIDControl.c  **** static float setPoint = 0;
  21:PIDControl.c  **** static float integral = 0;
  22:PIDControl.c  **** static float previousError = 0;
  23:PIDControl.c  **** 
  24:PIDControl.c  **** void PIDControl_init(float _Kp, float _Ki, float _Kd, float _integralMax, float _integralMin, float
  25:PIDControl.c  **** {
  28              		.loc 1 25 0
  29              		.cfi_startproc
  30              		@ args = 8, pretend = 0, frame = 0
  31              		@ frame_needed = 0, uses_anonymous_args = 0
  32              		@ link register save eliminated.
ARM GAS  C:\Users\marti\AppData\Local\Temp\ccRcXqPK.s 			page 2


  33              	.LVL0:
  34 0000 10B4     		push	{r4}
  35              		.cfi_def_cfa_offset 4
  36              		.cfi_offset 4, -4
  26:PIDControl.c  ****     Kp = _Kp;
  37              		.loc 1 26 0
  38 0002 054C     		ldr	r4, .L3
  39 0004 2060     		str	r0, [r4]	@ float
  27:PIDControl.c  ****     Ki = _Ki;
  40              		.loc 1 27 0
  41 0006 6160     		str	r1, [r4, #4]	@ float
  28:PIDControl.c  ****     Kd = _Kd;
  42              		.loc 1 28 0
  43 0008 A260     		str	r2, [r4, #8]	@ float
  29:PIDControl.c  ****     integralMax = _integralMax;
  44              		.loc 1 29 0
  45 000a E360     		str	r3, [r4, #12]	@ float
  30:PIDControl.c  ****     integralMin = _integralMin;
  46              		.loc 1 30 0
  47 000c 019B     		ldr	r3, [sp, #4]	@ float
  48              	.LVL1:
  49 000e 2361     		str	r3, [r4, #16]	@ float
  31:PIDControl.c  ****     dt = _dt;
  50              		.loc 1 31 0
  51 0010 029B     		ldr	r3, [sp, #8]	@ float
  52 0012 6361     		str	r3, [r4, #20]	@ float
  32:PIDControl.c  **** }
  53              		.loc 1 32 0
  54 0014 10BC     		pop	{r4}
  55              		.cfi_restore 4
  56              		.cfi_def_cfa_offset 0
  57              	.LVL2:
  58 0016 7047     		bx	lr
  59              	.L4:
  60              		.align	2
  61              	.L3:
  62 0018 00000000 		.word	.LANCHOR0
  63              		.cfi_endproc
  64              	.LFE0:
  65              		.size	PIDControl_init, .-PIDControl_init
  66              		.section	.text.PIDControl_changeSetPoint,"ax",%progbits
  67              		.align	2
  68              		.global	PIDControl_changeSetPoint
  69              		.thumb
  70              		.thumb_func
  71              		.type	PIDControl_changeSetPoint, %function
  72              	PIDControl_changeSetPoint:
  73              	.LFB1:
  33:PIDControl.c  **** 
  34:PIDControl.c  **** void PIDControl_changeSetPoint(float _setPoint)
  35:PIDControl.c  **** {
  74              		.loc 1 35 0
  75              		.cfi_startproc
  76              		@ args = 0, pretend = 0, frame = 0
  77              		@ frame_needed = 0, uses_anonymous_args = 0
  78              		@ link register save eliminated.
  79              	.LVL3:
ARM GAS  C:\Users\marti\AppData\Local\Temp\ccRcXqPK.s 			page 3


  36:PIDControl.c  ****     setPoint = _setPoint;
  80              		.loc 1 36 0
  81 0000 014B     		ldr	r3, .L6
  82 0002 9861     		str	r0, [r3, #24]	@ float
  83 0004 7047     		bx	lr
  84              	.L7:
  85 0006 00BF     		.align	2
  86              	.L6:
  87 0008 00000000 		.word	.LANCHOR0
  88              		.cfi_endproc
  89              	.LFE1:
  90              		.size	PIDControl_changeSetPoint, .-PIDControl_changeSetPoint
  91              		.global	__aeabi_fsub
  92              		.global	__aeabi_fmul
  93              		.global	__aeabi_fadd
  94              		.global	__aeabi_fcmpgt
  95              		.global	__aeabi_fcmplt
  96              		.global	__aeabi_fdiv
  97              		.section	.text.PIDControl_doStep,"ax",%progbits
  98              		.align	2
  99              		.global	PIDControl_doStep
 100              		.thumb
 101              		.thumb_func
 102              		.type	PIDControl_doStep, %function
 103              	PIDControl_doStep:
 104              	.LFB2:
  37:PIDControl.c  **** }
  38:PIDControl.c  **** 
  39:PIDControl.c  **** float PIDControl_doStep(float systemOutput, float* proportionalPart, float* integralPart, float* de
  40:PIDControl.c  **** {
 105              		.loc 1 40 0
 106              		.cfi_startproc
 107              		@ args = 0, pretend = 0, frame = 8
 108              		@ frame_needed = 0, uses_anonymous_args = 0
 109              	.LVL4:
 110 0000 2DE9F04F 		push	{r4, r5, r6, r7, r8, r9, r10, fp, lr}
 111              		.cfi_def_cfa_offset 36
 112              		.cfi_offset 4, -36
 113              		.cfi_offset 5, -32
 114              		.cfi_offset 6, -28
 115              		.cfi_offset 7, -24
 116              		.cfi_offset 8, -20
 117              		.cfi_offset 9, -16
 118              		.cfi_offset 10, -12
 119              		.cfi_offset 11, -8
 120              		.cfi_offset 14, -4
 121 0004 83B0     		sub	sp, sp, #12
 122              		.cfi_def_cfa_offset 48
 123 0006 8B46     		mov	fp, r1
 124 0008 9246     		mov	r10, r2
 125 000a 0093     		str	r3, [sp]
 126              	.LVL5:
  41:PIDControl.c  ****     float output = 0;
  42:PIDControl.c  ****     float proportional = 0;
  43:PIDControl.c  ****     float derivative = 0;
  44:PIDControl.c  ****     float currentError = 0;
  45:PIDControl.c  ****     
ARM GAS  C:\Users\marti\AppData\Local\Temp\ccRcXqPK.s 			page 4


  46:PIDControl.c  ****     // calculate current error
  47:PIDControl.c  ****     currentError = setPoint - systemOutput;
 127              		.loc 1 47 0
 128 000c 2A4C     		ldr	r4, .L20
 129 000e 0146     		mov	r1, r0
 130              	.LVL6:
 131 0010 A069     		ldr	r0, [r4, #24]	@ float
 132              	.LVL7:
 133 0012 FFF7FEFF 		bl	__aeabi_fsub
 134              	.LVL8:
 135 0016 0546     		mov	r5, r0
 136              	.LVL9:
  48:PIDControl.c  ****     
  49:PIDControl.c  ****     // calculate proportional part
  50:PIDControl.c  ****     proportional = currentError;
  51:PIDControl.c  ****     
  52:PIDControl.c  ****     // calculate integral part
  53:PIDControl.c  ****     integral = integral + (currentError * dt);
 137              		.loc 1 53 0
 138 0018 6669     		ldr	r6, [r4, #20]	@ float
 139 001a 3146     		mov	r1, r6
 140 001c FFF7FEFF 		bl	__aeabi_fmul
 141              	.LVL10:
 142 0020 E169     		ldr	r1, [r4, #28]	@ float
 143 0022 FFF7FEFF 		bl	__aeabi_fadd
 144              	.LVL11:
 145 0026 E061     		str	r0, [r4, #28]	@ float
  54:PIDControl.c  ****     
  55:PIDControl.c  ****     // limit the integral
  56:PIDControl.c  ****     if (integral > integralMax) integral = integralMax;
 146              		.loc 1 56 0
 147 0028 E468     		ldr	r4, [r4, #12]	@ float
 148 002a 2146     		mov	r1, r4
 149 002c FFF7FEFF 		bl	__aeabi_fcmpgt
 150              	.LVL12:
 151 0030 08B1     		cbz	r0, .L9
 152              		.loc 1 56 0 is_stmt 0 discriminator 1
 153 0032 214B     		ldr	r3, .L20
 154 0034 DC61     		str	r4, [r3, #28]	@ float
 155              	.L9:
  57:PIDControl.c  ****     if (integral < integralMin) integral = integralMin;
 156              		.loc 1 57 0 is_stmt 1
 157 0036 204B     		ldr	r3, .L20
 158 0038 1C69     		ldr	r4, [r3, #16]	@ float
 159 003a 2146     		mov	r1, r4
 160 003c D869     		ldr	r0, [r3, #28]	@ float
 161 003e FFF7FEFF 		bl	__aeabi_fcmplt
 162              	.LVL13:
 163 0042 08B1     		cbz	r0, .L11
 164              		.loc 1 57 0 is_stmt 0 discriminator 1
 165 0044 1C4B     		ldr	r3, .L20
 166 0046 DC61     		str	r4, [r3, #28]	@ float
 167              	.L11:
  58:PIDControl.c  ****     
  59:PIDControl.c  ****     // calculate derivative part
  60:PIDControl.c  ****     derivative = (currentError - previousError) / dt;
 168              		.loc 1 60 0 is_stmt 1
ARM GAS  C:\Users\marti\AppData\Local\Temp\ccRcXqPK.s 			page 5


 169 0048 1B4C     		ldr	r4, .L20
 170 004a 216A     		ldr	r1, [r4, #32]	@ float
 171 004c 2846     		mov	r0, r5
 172 004e FFF7FEFF 		bl	__aeabi_fsub
 173              	.LVL14:
 174 0052 3146     		mov	r1, r6
 175 0054 FFF7FEFF 		bl	__aeabi_fdiv
 176              	.LVL15:
 177 0058 0646     		mov	r6, r0
 178              	.LVL16:
  61:PIDControl.c  ****     
  62:PIDControl.c  ****     output = proportional * Kp + integral * Ki + derivative * Kd;
 179              		.loc 1 62 0
 180 005a 2168     		ldr	r1, [r4]	@ float
 181 005c 2846     		mov	r0, r5
 182              	.LVL17:
 183 005e FFF7FEFF 		bl	__aeabi_fmul
 184              	.LVL18:
 185 0062 8146     		mov	r9, r0
 186 0064 6168     		ldr	r1, [r4, #4]	@ float
 187 0066 E069     		ldr	r0, [r4, #28]	@ float
 188 0068 FFF7FEFF 		bl	__aeabi_fmul
 189              	.LVL19:
 190 006c 8046     		mov	r8, r0
 191 006e 0146     		mov	r1, r0
 192 0070 4846     		mov	r0, r9
 193 0072 FFF7FEFF 		bl	__aeabi_fadd
 194              	.LVL20:
 195 0076 0190     		str	r0, [sp, #4]	@ float
 196 0078 A168     		ldr	r1, [r4, #8]	@ float
 197 007a 3046     		mov	r0, r6
 198 007c FFF7FEFF 		bl	__aeabi_fmul
 199              	.LVL21:
 200 0080 0746     		mov	r7, r0
 201 0082 0146     		mov	r1, r0
 202 0084 0198     		ldr	r0, [sp, #4]	@ float
 203 0086 FFF7FEFF 		bl	__aeabi_fadd
 204              	.LVL22:
 205 008a 0646     		mov	r6, r0
 206              	.LVL23:
  63:PIDControl.c  ****     *proportionalPart = proportional * Kp;
 207              		.loc 1 63 0
 208 008c CBF80090 		str	r9, [fp]	@ float
  64:PIDControl.c  ****     *integralPart = integral * Ki;
 209              		.loc 1 64 0
 210 0090 CAF80080 		str	r8, [r10]	@ float
  65:PIDControl.c  ****     *derivativePart = derivative * Kd;
 211              		.loc 1 65 0
 212 0094 009B     		ldr	r3, [sp]
 213 0096 1F60     		str	r7, [r3]	@ float
  66:PIDControl.c  ****     
  67:PIDControl.c  ****     previousError = currentError;
 214              		.loc 1 67 0
 215 0098 2562     		str	r5, [r4, #32]	@ float
  68:PIDControl.c  ****     if(output>100) output = 100;
 216              		.loc 1 68 0
 217 009a 0849     		ldr	r1, .L20+4
ARM GAS  C:\Users\marti\AppData\Local\Temp\ccRcXqPK.s 			page 6


 218 009c FFF7FEFF 		bl	__aeabi_fcmpgt
 219              	.LVL24:
 220 00a0 00B1     		cbz	r0, .L13
 221 00a2 064E     		ldr	r6, .L20+4
 222              	.LVL25:
 223              	.L13:
  69:PIDControl.c  ****     if(output<0) output = 0;
 224              		.loc 1 69 0
 225 00a4 0021     		movs	r1, #0
 226 00a6 3046     		mov	r0, r6
 227 00a8 FFF7FEFF 		bl	__aeabi_fcmplt
 228              	.LVL26:
 229 00ac 00B1     		cbz	r0, .L14
 230 00ae 0026     		movs	r6, #0
 231              	.LVL27:
 232              	.L14:
  70:PIDControl.c  ****     return output;
  71:PIDControl.c  **** }
 233              		.loc 1 71 0
 234 00b0 3046     		mov	r0, r6
 235 00b2 03B0     		add	sp, sp, #12
 236              		.cfi_def_cfa_offset 36
 237              	.LVL28:
 238              		@ sp needed
 239 00b4 BDE8F08F 		pop	{r4, r5, r6, r7, r8, r9, r10, fp, pc}
 240              	.LVL29:
 241              	.L21:
 242              		.align	2
 243              	.L20:
 244 00b8 00000000 		.word	.LANCHOR0
 245 00bc 0000C842 		.word	1120403456
 246              		.cfi_endproc
 247              	.LFE2:
 248              		.size	PIDControl_doStep, .-PIDControl_doStep
 249              		.bss
 250              		.align	2
 251              		.set	.LANCHOR0,. + 0
 252              		.type	Kp, %object
 253              		.size	Kp, 4
 254              	Kp:
 255 0000 00000000 		.space	4
 256              		.type	Ki, %object
 257              		.size	Ki, 4
 258              	Ki:
 259 0004 00000000 		.space	4
 260              		.type	Kd, %object
 261              		.size	Kd, 4
 262              	Kd:
 263 0008 00000000 		.space	4
 264              		.type	integralMax, %object
 265              		.size	integralMax, 4
 266              	integralMax:
 267 000c 00000000 		.space	4
 268              		.type	integralMin, %object
 269              		.size	integralMin, 4
 270              	integralMin:
 271 0010 00000000 		.space	4
ARM GAS  C:\Users\marti\AppData\Local\Temp\ccRcXqPK.s 			page 7


 272              		.type	dt, %object
 273              		.size	dt, 4
 274              	dt:
 275 0014 00000000 		.space	4
 276              		.type	setPoint, %object
 277              		.size	setPoint, 4
 278              	setPoint:
 279 0018 00000000 		.space	4
 280              		.type	integral, %object
 281              		.size	integral, 4
 282              	integral:
 283 001c 00000000 		.space	4
 284              		.type	previousError, %object
 285              		.size	previousError, 4
 286              	previousError:
 287 0020 00000000 		.space	4
 288              		.text
 289              	.Letext0:
 290              		.section	.debug_info,"",%progbits
 291              	.Ldebug_info0:
 292 0000 E3010000 		.4byte	0x1e3
 293 0004 0400     		.2byte	0x4
 294 0006 00000000 		.4byte	.Ldebug_abbrev0
 295 000a 04       		.byte	0x4
 296 000b 01       		.uleb128 0x1
 297 000c 93000000 		.4byte	.LASF18
 298 0010 0C       		.byte	0xc
 299 0011 C6010000 		.4byte	.LASF19
 300 0015 28000000 		.4byte	.LASF20
 301 0019 00000000 		.4byte	.Ldebug_ranges0+0
 302 001d 00000000 		.4byte	0
 303 0021 00000000 		.4byte	.Ldebug_line0
 304 0025 02       		.uleb128 0x2
 305 0026 04       		.byte	0x4
 306 0027 04       		.byte	0x4
 307 0028 C0010000 		.4byte	.LASF21
 308 002c 03       		.uleb128 0x3
 309 002d 69000000 		.4byte	.LASF2
 310 0031 01       		.byte	0x1
 311 0032 18       		.byte	0x18
 312 0033 00000000 		.4byte	.LFB0
 313 0037 1C000000 		.4byte	.LFE0-.LFB0
 314 003b 01       		.uleb128 0x1
 315 003c 9C       		.byte	0x9c
 316 003d 96000000 		.4byte	0x96
 317 0041 04       		.uleb128 0x4
 318 0042 5F4B7000 		.ascii	"_Kp\000"
 319 0046 01       		.byte	0x1
 320 0047 18       		.byte	0x18
 321 0048 25000000 		.4byte	0x25
 322 004c 01       		.uleb128 0x1
 323 004d 50       		.byte	0x50
 324 004e 04       		.uleb128 0x4
 325 004f 5F4B6900 		.ascii	"_Ki\000"
 326 0053 01       		.byte	0x1
 327 0054 18       		.byte	0x18
 328 0055 25000000 		.4byte	0x25
ARM GAS  C:\Users\marti\AppData\Local\Temp\ccRcXqPK.s 			page 8


 329 0059 01       		.uleb128 0x1
 330 005a 51       		.byte	0x51
 331 005b 04       		.uleb128 0x4
 332 005c 5F4B6400 		.ascii	"_Kd\000"
 333 0060 01       		.byte	0x1
 334 0061 18       		.byte	0x18
 335 0062 25000000 		.4byte	0x25
 336 0066 01       		.uleb128 0x1
 337 0067 52       		.byte	0x52
 338 0068 05       		.uleb128 0x5
 339 0069 37010000 		.4byte	.LASF0
 340 006d 01       		.byte	0x1
 341 006e 18       		.byte	0x18
 342 006f 25000000 		.4byte	0x25
 343 0073 00000000 		.4byte	.LLST0
 344 0077 05       		.uleb128 0x5
 345 0078 00000000 		.4byte	.LASF1
 346 007c 01       		.byte	0x1
 347 007d 18       		.byte	0x18
 348 007e 25000000 		.4byte	0x25
 349 0082 22000000 		.4byte	.LLST1
 350 0086 06       		.uleb128 0x6
 351 0087 5F647400 		.ascii	"_dt\000"
 352 008b 01       		.byte	0x1
 353 008c 18       		.byte	0x18
 354 008d 25000000 		.4byte	0x25
 355 0091 42000000 		.4byte	.LLST2
 356 0095 00       		.byte	0
 357 0096 03       		.uleb128 0x3
 358 0097 79000000 		.4byte	.LASF3
 359 009b 01       		.byte	0x1
 360 009c 22       		.byte	0x22
 361 009d 00000000 		.4byte	.LFB1
 362 00a1 0C000000 		.4byte	.LFE1-.LFB1
 363 00a5 01       		.uleb128 0x1
 364 00a6 9C       		.byte	0x9c
 365 00a7 B9000000 		.4byte	0xb9
 366 00ab 07       		.uleb128 0x7
 367 00ac 21010000 		.4byte	.LASF4
 368 00b0 01       		.byte	0x1
 369 00b1 22       		.byte	0x22
 370 00b2 25000000 		.4byte	0x25
 371 00b6 01       		.uleb128 0x1
 372 00b7 50       		.byte	0x50
 373 00b8 00       		.byte	0
 374 00b9 08       		.uleb128 0x8
 375 00ba 7C010000 		.4byte	.LASF22
 376 00be 01       		.byte	0x1
 377 00bf 27       		.byte	0x27
 378 00c0 25000000 		.4byte	0x25
 379 00c4 00000000 		.4byte	.LFB2
 380 00c8 C0000000 		.4byte	.LFE2-.LFB2
 381 00cc 01       		.uleb128 0x1
 382 00cd 9C       		.byte	0x9c
 383 00ce 4B010000 		.4byte	0x14b
 384 00d2 05       		.uleb128 0x5
 385 00d3 D3010000 		.4byte	.LASF5
ARM GAS  C:\Users\marti\AppData\Local\Temp\ccRcXqPK.s 			page 9


 386 00d7 01       		.byte	0x1
 387 00d8 27       		.byte	0x27
 388 00d9 25000000 		.4byte	0x25
 389 00dd 62000000 		.4byte	.LLST3
 390 00e1 05       		.uleb128 0x5
 391 00e2 6B010000 		.4byte	.LASF6
 392 00e6 01       		.byte	0x1
 393 00e7 27       		.byte	0x27
 394 00e8 4B010000 		.4byte	0x14b
 395 00ec 90000000 		.4byte	.LLST4
 396 00f0 05       		.uleb128 0x5
 397 00f1 5E010000 		.4byte	.LASF7
 398 00f5 01       		.byte	0x1
 399 00f6 27       		.byte	0x27
 400 00f7 4B010000 		.4byte	0x14b
 401 00fb BC000000 		.4byte	.LLST5
 402 00ff 05       		.uleb128 0x5
 403 0100 A8010000 		.4byte	.LASF8
 404 0104 01       		.byte	0x1
 405 0105 27       		.byte	0x27
 406 0106 4B010000 		.4byte	0x14b
 407 010a E8000000 		.4byte	.LLST6
 408 010e 09       		.uleb128 0x9
 409 010f 0D000000 		.4byte	.LASF9
 410 0113 01       		.byte	0x1
 411 0114 29       		.byte	0x29
 412 0115 25000000 		.4byte	0x25
 413 0119 1F010000 		.4byte	.LLST7
 414 011d 09       		.uleb128 0x9
 415 011e 44010000 		.4byte	.LASF10
 416 0122 01       		.byte	0x1
 417 0123 2A       		.byte	0x2a
 418 0124 25000000 		.4byte	0x25
 419 0128 58010000 		.4byte	.LLST8
 420 012c 09       		.uleb128 0x9
 421 012d 14000000 		.4byte	.LASF11
 422 0131 01       		.byte	0x1
 423 0132 2B       		.byte	0x2b
 424 0133 25000000 		.4byte	0x25
 425 0137 86010000 		.4byte	.LLST9
 426 013b 09       		.uleb128 0x9
 427 013c 51010000 		.4byte	.LASF12
 428 0140 01       		.byte	0x1
 429 0141 2C       		.byte	0x2c
 430 0142 25000000 		.4byte	0x25
 431 0146 58010000 		.4byte	.LLST8
 432 014a 00       		.byte	0
 433 014b 0A       		.uleb128 0xa
 434 014c 04       		.byte	0x4
 435 014d 25000000 		.4byte	0x25
 436 0151 0B       		.uleb128 0xb
 437 0152 4B7000   		.ascii	"Kp\000"
 438 0155 01       		.byte	0x1
 439 0156 0E       		.byte	0xe
 440 0157 25000000 		.4byte	0x25
 441 015b 05       		.uleb128 0x5
 442 015c 03       		.byte	0x3
ARM GAS  C:\Users\marti\AppData\Local\Temp\ccRcXqPK.s 			page 10


 443 015d 00000000 		.4byte	Kp
 444 0161 0B       		.uleb128 0xb
 445 0162 4B6900   		.ascii	"Ki\000"
 446 0165 01       		.byte	0x1
 447 0166 0F       		.byte	0xf
 448 0167 25000000 		.4byte	0x25
 449 016b 05       		.uleb128 0x5
 450 016c 03       		.byte	0x3
 451 016d 04000000 		.4byte	Ki
 452 0171 0B       		.uleb128 0xb
 453 0172 4B6400   		.ascii	"Kd\000"
 454 0175 01       		.byte	0x1
 455 0176 10       		.byte	0x10
 456 0177 25000000 		.4byte	0x25
 457 017b 05       		.uleb128 0x5
 458 017c 03       		.byte	0x3
 459 017d 08000000 		.4byte	Kd
 460 0181 0B       		.uleb128 0xb
 461 0182 647400   		.ascii	"dt\000"
 462 0185 01       		.byte	0x1
 463 0186 11       		.byte	0x11
 464 0187 25000000 		.4byte	0x25
 465 018b 05       		.uleb128 0x5
 466 018c 03       		.byte	0x3
 467 018d 14000000 		.4byte	dt
 468 0191 0C       		.uleb128 0xc
 469 0192 9C010000 		.4byte	.LASF13
 470 0196 01       		.byte	0x1
 471 0197 12       		.byte	0x12
 472 0198 25000000 		.4byte	0x25
 473 019c 05       		.uleb128 0x5
 474 019d 03       		.byte	0x3
 475 019e 0C000000 		.4byte	integralMax
 476 01a2 0C       		.uleb128 0xc
 477 01a3 2B010000 		.4byte	.LASF14
 478 01a7 01       		.byte	0x1
 479 01a8 13       		.byte	0x13
 480 01a9 25000000 		.4byte	0x25
 481 01ad 05       		.uleb128 0x5
 482 01ae 03       		.byte	0x3
 483 01af 10000000 		.4byte	integralMin
 484 01b3 0C       		.uleb128 0xc
 485 01b4 B7010000 		.4byte	.LASF15
 486 01b8 01       		.byte	0x1
 487 01b9 14       		.byte	0x14
 488 01ba 25000000 		.4byte	0x25
 489 01be 05       		.uleb128 0x5
 490 01bf 03       		.byte	0x3
 491 01c0 18000000 		.4byte	setPoint
 492 01c4 0C       		.uleb128 0xc
 493 01c5 1F000000 		.4byte	.LASF16
 494 01c9 01       		.byte	0x1
 495 01ca 15       		.byte	0x15
 496 01cb 25000000 		.4byte	0x25
 497 01cf 05       		.uleb128 0x5
 498 01d0 03       		.byte	0x3
 499 01d1 1C000000 		.4byte	integral
ARM GAS  C:\Users\marti\AppData\Local\Temp\ccRcXqPK.s 			page 11


 500 01d5 0C       		.uleb128 0xc
 501 01d6 8E010000 		.4byte	.LASF17
 502 01da 01       		.byte	0x1
 503 01db 16       		.byte	0x16
 504 01dc 25000000 		.4byte	0x25
 505 01e0 05       		.uleb128 0x5
 506 01e1 03       		.byte	0x3
 507 01e2 20000000 		.4byte	previousError
 508 01e6 00       		.byte	0
 509              		.section	.debug_abbrev,"",%progbits
 510              	.Ldebug_abbrev0:
 511 0000 01       		.uleb128 0x1
 512 0001 11       		.uleb128 0x11
 513 0002 01       		.byte	0x1
 514 0003 25       		.uleb128 0x25
 515 0004 0E       		.uleb128 0xe
 516 0005 13       		.uleb128 0x13
 517 0006 0B       		.uleb128 0xb
 518 0007 03       		.uleb128 0x3
 519 0008 0E       		.uleb128 0xe
 520 0009 1B       		.uleb128 0x1b
 521 000a 0E       		.uleb128 0xe
 522 000b 55       		.uleb128 0x55
 523 000c 17       		.uleb128 0x17
 524 000d 11       		.uleb128 0x11
 525 000e 01       		.uleb128 0x1
 526 000f 10       		.uleb128 0x10
 527 0010 17       		.uleb128 0x17
 528 0011 00       		.byte	0
 529 0012 00       		.byte	0
 530 0013 02       		.uleb128 0x2
 531 0014 24       		.uleb128 0x24
 532 0015 00       		.byte	0
 533 0016 0B       		.uleb128 0xb
 534 0017 0B       		.uleb128 0xb
 535 0018 3E       		.uleb128 0x3e
 536 0019 0B       		.uleb128 0xb
 537 001a 03       		.uleb128 0x3
 538 001b 0E       		.uleb128 0xe
 539 001c 00       		.byte	0
 540 001d 00       		.byte	0
 541 001e 03       		.uleb128 0x3
 542 001f 2E       		.uleb128 0x2e
 543 0020 01       		.byte	0x1
 544 0021 3F       		.uleb128 0x3f
 545 0022 19       		.uleb128 0x19
 546 0023 03       		.uleb128 0x3
 547 0024 0E       		.uleb128 0xe
 548 0025 3A       		.uleb128 0x3a
 549 0026 0B       		.uleb128 0xb
 550 0027 3B       		.uleb128 0x3b
 551 0028 0B       		.uleb128 0xb
 552 0029 27       		.uleb128 0x27
 553 002a 19       		.uleb128 0x19
 554 002b 11       		.uleb128 0x11
 555 002c 01       		.uleb128 0x1
 556 002d 12       		.uleb128 0x12
ARM GAS  C:\Users\marti\AppData\Local\Temp\ccRcXqPK.s 			page 12


 557 002e 06       		.uleb128 0x6
 558 002f 40       		.uleb128 0x40
 559 0030 18       		.uleb128 0x18
 560 0031 9742     		.uleb128 0x2117
 561 0033 19       		.uleb128 0x19
 562 0034 01       		.uleb128 0x1
 563 0035 13       		.uleb128 0x13
 564 0036 00       		.byte	0
 565 0037 00       		.byte	0
 566 0038 04       		.uleb128 0x4
 567 0039 05       		.uleb128 0x5
 568 003a 00       		.byte	0
 569 003b 03       		.uleb128 0x3
 570 003c 08       		.uleb128 0x8
 571 003d 3A       		.uleb128 0x3a
 572 003e 0B       		.uleb128 0xb
 573 003f 3B       		.uleb128 0x3b
 574 0040 0B       		.uleb128 0xb
 575 0041 49       		.uleb128 0x49
 576 0042 13       		.uleb128 0x13
 577 0043 02       		.uleb128 0x2
 578 0044 18       		.uleb128 0x18
 579 0045 00       		.byte	0
 580 0046 00       		.byte	0
 581 0047 05       		.uleb128 0x5
 582 0048 05       		.uleb128 0x5
 583 0049 00       		.byte	0
 584 004a 03       		.uleb128 0x3
 585 004b 0E       		.uleb128 0xe
 586 004c 3A       		.uleb128 0x3a
 587 004d 0B       		.uleb128 0xb
 588 004e 3B       		.uleb128 0x3b
 589 004f 0B       		.uleb128 0xb
 590 0050 49       		.uleb128 0x49
 591 0051 13       		.uleb128 0x13
 592 0052 02       		.uleb128 0x2
 593 0053 17       		.uleb128 0x17
 594 0054 00       		.byte	0
 595 0055 00       		.byte	0
 596 0056 06       		.uleb128 0x6
 597 0057 05       		.uleb128 0x5
 598 0058 00       		.byte	0
 599 0059 03       		.uleb128 0x3
 600 005a 08       		.uleb128 0x8
 601 005b 3A       		.uleb128 0x3a
 602 005c 0B       		.uleb128 0xb
 603 005d 3B       		.uleb128 0x3b
 604 005e 0B       		.uleb128 0xb
 605 005f 49       		.uleb128 0x49
 606 0060 13       		.uleb128 0x13
 607 0061 02       		.uleb128 0x2
 608 0062 17       		.uleb128 0x17
 609 0063 00       		.byte	0
 610 0064 00       		.byte	0
 611 0065 07       		.uleb128 0x7
 612 0066 05       		.uleb128 0x5
 613 0067 00       		.byte	0
ARM GAS  C:\Users\marti\AppData\Local\Temp\ccRcXqPK.s 			page 13


 614 0068 03       		.uleb128 0x3
 615 0069 0E       		.uleb128 0xe
 616 006a 3A       		.uleb128 0x3a
 617 006b 0B       		.uleb128 0xb
 618 006c 3B       		.uleb128 0x3b
 619 006d 0B       		.uleb128 0xb
 620 006e 49       		.uleb128 0x49
 621 006f 13       		.uleb128 0x13
 622 0070 02       		.uleb128 0x2
 623 0071 18       		.uleb128 0x18
 624 0072 00       		.byte	0
 625 0073 00       		.byte	0
 626 0074 08       		.uleb128 0x8
 627 0075 2E       		.uleb128 0x2e
 628 0076 01       		.byte	0x1
 629 0077 3F       		.uleb128 0x3f
 630 0078 19       		.uleb128 0x19
 631 0079 03       		.uleb128 0x3
 632 007a 0E       		.uleb128 0xe
 633 007b 3A       		.uleb128 0x3a
 634 007c 0B       		.uleb128 0xb
 635 007d 3B       		.uleb128 0x3b
 636 007e 0B       		.uleb128 0xb
 637 007f 27       		.uleb128 0x27
 638 0080 19       		.uleb128 0x19
 639 0081 49       		.uleb128 0x49
 640 0082 13       		.uleb128 0x13
 641 0083 11       		.uleb128 0x11
 642 0084 01       		.uleb128 0x1
 643 0085 12       		.uleb128 0x12
 644 0086 06       		.uleb128 0x6
 645 0087 40       		.uleb128 0x40
 646 0088 18       		.uleb128 0x18
 647 0089 9642     		.uleb128 0x2116
 648 008b 19       		.uleb128 0x19
 649 008c 01       		.uleb128 0x1
 650 008d 13       		.uleb128 0x13
 651 008e 00       		.byte	0
 652 008f 00       		.byte	0
 653 0090 09       		.uleb128 0x9
 654 0091 34       		.uleb128 0x34
 655 0092 00       		.byte	0
 656 0093 03       		.uleb128 0x3
 657 0094 0E       		.uleb128 0xe
 658 0095 3A       		.uleb128 0x3a
 659 0096 0B       		.uleb128 0xb
 660 0097 3B       		.uleb128 0x3b
 661 0098 0B       		.uleb128 0xb
 662 0099 49       		.uleb128 0x49
 663 009a 13       		.uleb128 0x13
 664 009b 02       		.uleb128 0x2
 665 009c 17       		.uleb128 0x17
 666 009d 00       		.byte	0
 667 009e 00       		.byte	0
 668 009f 0A       		.uleb128 0xa
 669 00a0 0F       		.uleb128 0xf
 670 00a1 00       		.byte	0
ARM GAS  C:\Users\marti\AppData\Local\Temp\ccRcXqPK.s 			page 14


 671 00a2 0B       		.uleb128 0xb
 672 00a3 0B       		.uleb128 0xb
 673 00a4 49       		.uleb128 0x49
 674 00a5 13       		.uleb128 0x13
 675 00a6 00       		.byte	0
 676 00a7 00       		.byte	0
 677 00a8 0B       		.uleb128 0xb
 678 00a9 34       		.uleb128 0x34
 679 00aa 00       		.byte	0
 680 00ab 03       		.uleb128 0x3
 681 00ac 08       		.uleb128 0x8
 682 00ad 3A       		.uleb128 0x3a
 683 00ae 0B       		.uleb128 0xb
 684 00af 3B       		.uleb128 0x3b
 685 00b0 0B       		.uleb128 0xb
 686 00b1 49       		.uleb128 0x49
 687 00b2 13       		.uleb128 0x13
 688 00b3 02       		.uleb128 0x2
 689 00b4 18       		.uleb128 0x18
 690 00b5 00       		.byte	0
 691 00b6 00       		.byte	0
 692 00b7 0C       		.uleb128 0xc
 693 00b8 34       		.uleb128 0x34
 694 00b9 00       		.byte	0
 695 00ba 03       		.uleb128 0x3
 696 00bb 0E       		.uleb128 0xe
 697 00bc 3A       		.uleb128 0x3a
 698 00bd 0B       		.uleb128 0xb
 699 00be 3B       		.uleb128 0x3b
 700 00bf 0B       		.uleb128 0xb
 701 00c0 49       		.uleb128 0x49
 702 00c1 13       		.uleb128 0x13
 703 00c2 02       		.uleb128 0x2
 704 00c3 18       		.uleb128 0x18
 705 00c4 00       		.byte	0
 706 00c5 00       		.byte	0
 707 00c6 00       		.byte	0
 708              		.section	.debug_loc,"",%progbits
 709              	.Ldebug_loc0:
 710              	.LLST0:
 711 0000 00000000 		.4byte	.LVL0
 712 0004 0E000000 		.4byte	.LVL1
 713 0008 0100     		.2byte	0x1
 714 000a 53       		.byte	0x53
 715 000b 0E000000 		.4byte	.LVL1
 716 000f 1C000000 		.4byte	.LFE0
 717 0013 0500     		.2byte	0x5
 718 0015 03       		.byte	0x3
 719 0016 0C000000 		.4byte	integralMax
 720 001a 00000000 		.4byte	0
 721 001e 00000000 		.4byte	0
 722              	.LLST1:
 723 0022 00000000 		.4byte	.LVL0
 724 0026 16000000 		.4byte	.LVL2
 725 002a 0200     		.2byte	0x2
 726 002c 91       		.byte	0x91
 727 002d 00       		.sleb128 0
ARM GAS  C:\Users\marti\AppData\Local\Temp\ccRcXqPK.s 			page 15


 728 002e 16000000 		.4byte	.LVL2
 729 0032 1C000000 		.4byte	.LFE0
 730 0036 0200     		.2byte	0x2
 731 0038 7D       		.byte	0x7d
 732 0039 00       		.sleb128 0
 733 003a 00000000 		.4byte	0
 734 003e 00000000 		.4byte	0
 735              	.LLST2:
 736 0042 00000000 		.4byte	.LVL0
 737 0046 16000000 		.4byte	.LVL2
 738 004a 0200     		.2byte	0x2
 739 004c 91       		.byte	0x91
 740 004d 04       		.sleb128 4
 741 004e 16000000 		.4byte	.LVL2
 742 0052 1C000000 		.4byte	.LFE0
 743 0056 0200     		.2byte	0x2
 744 0058 7D       		.byte	0x7d
 745 0059 04       		.sleb128 4
 746 005a 00000000 		.4byte	0
 747 005e 00000000 		.4byte	0
 748              	.LLST3:
 749 0062 00000000 		.4byte	.LVL4
 750 0066 12000000 		.4byte	.LVL7
 751 006a 0100     		.2byte	0x1
 752 006c 50       		.byte	0x50
 753 006d 12000000 		.4byte	.LVL7
 754 0071 15000000 		.4byte	.LVL8-1
 755 0075 0100     		.2byte	0x1
 756 0077 51       		.byte	0x51
 757 0078 15000000 		.4byte	.LVL8-1
 758 007c C0000000 		.4byte	.LFE2
 759 0080 0600     		.2byte	0x6
 760 0082 F3       		.byte	0xf3
 761 0083 03       		.uleb128 0x3
 762 0084 F5       		.byte	0xf5
 763 0085 00       		.uleb128 0
 764 0086 25       		.uleb128 0x25
 765 0087 9F       		.byte	0x9f
 766 0088 00000000 		.4byte	0
 767 008c 00000000 		.4byte	0
 768              	.LLST4:
 769 0090 00000000 		.4byte	.LVL4
 770 0094 10000000 		.4byte	.LVL6
 771 0098 0100     		.2byte	0x1
 772 009a 51       		.byte	0x51
 773 009b 10000000 		.4byte	.LVL6
 774 009f B8000000 		.4byte	.LVL29
 775 00a3 0100     		.2byte	0x1
 776 00a5 5B       		.byte	0x5b
 777 00a6 B8000000 		.4byte	.LVL29
 778 00aa C0000000 		.4byte	.LFE2
 779 00ae 0400     		.2byte	0x4
 780 00b0 F3       		.byte	0xf3
 781 00b1 01       		.uleb128 0x1
 782 00b2 51       		.byte	0x51
 783 00b3 9F       		.byte	0x9f
 784 00b4 00000000 		.4byte	0
ARM GAS  C:\Users\marti\AppData\Local\Temp\ccRcXqPK.s 			page 16


 785 00b8 00000000 		.4byte	0
 786              	.LLST5:
 787 00bc 00000000 		.4byte	.LVL4
 788 00c0 15000000 		.4byte	.LVL8-1
 789 00c4 0100     		.2byte	0x1
 790 00c6 52       		.byte	0x52
 791 00c7 15000000 		.4byte	.LVL8-1
 792 00cb B8000000 		.4byte	.LVL29
 793 00cf 0100     		.2byte	0x1
 794 00d1 5A       		.byte	0x5a
 795 00d2 B8000000 		.4byte	.LVL29
 796 00d6 C0000000 		.4byte	.LFE2
 797 00da 0400     		.2byte	0x4
 798 00dc F3       		.byte	0xf3
 799 00dd 01       		.uleb128 0x1
 800 00de 52       		.byte	0x52
 801 00df 9F       		.byte	0x9f
 802 00e0 00000000 		.4byte	0
 803 00e4 00000000 		.4byte	0
 804              	.LLST6:
 805 00e8 00000000 		.4byte	.LVL4
 806 00ec 15000000 		.4byte	.LVL8-1
 807 00f0 0100     		.2byte	0x1
 808 00f2 53       		.byte	0x53
 809 00f3 15000000 		.4byte	.LVL8-1
 810 00f7 B4000000 		.4byte	.LVL28
 811 00fb 0200     		.2byte	0x2
 812 00fd 7D       		.byte	0x7d
 813 00fe 00       		.sleb128 0
 814 00ff B4000000 		.4byte	.LVL28
 815 0103 B8000000 		.4byte	.LVL29
 816 0107 0200     		.2byte	0x2
 817 0109 91       		.byte	0x91
 818 010a 50       		.sleb128 -48
 819 010b B8000000 		.4byte	.LVL29
 820 010f C0000000 		.4byte	.LFE2
 821 0113 0200     		.2byte	0x2
 822 0115 7D       		.byte	0x7d
 823 0116 50       		.sleb128 -48
 824 0117 00000000 		.4byte	0
 825 011b 00000000 		.4byte	0
 826              	.LLST7:
 827 011f 0C000000 		.4byte	.LVL5
 828 0123 8C000000 		.4byte	.LVL23
 829 0127 0600     		.2byte	0x6
 830 0129 9E       		.byte	0x9e
 831 012a 04       		.uleb128 0x4
 832 012b 00000000 		.4byte	0
 833 012f 8C000000 		.4byte	.LVL23
 834 0133 9F000000 		.4byte	.LVL24-1
 835 0137 0100     		.2byte	0x1
 836 0139 50       		.byte	0x50
 837 013a 9F000000 		.4byte	.LVL24-1
 838 013e B8000000 		.4byte	.LVL29
 839 0142 0100     		.2byte	0x1
 840 0144 56       		.byte	0x56
 841 0145 B8000000 		.4byte	.LVL29
ARM GAS  C:\Users\marti\AppData\Local\Temp\ccRcXqPK.s 			page 17


 842 0149 C0000000 		.4byte	.LFE2
 843 014d 0100     		.2byte	0x1
 844 014f 50       		.byte	0x50
 845 0150 00000000 		.4byte	0
 846 0154 00000000 		.4byte	0
 847              	.LLST8:
 848 0158 0C000000 		.4byte	.LVL5
 849 015c 18000000 		.4byte	.LVL9
 850 0160 0600     		.2byte	0x6
 851 0162 9E       		.byte	0x9e
 852 0163 04       		.uleb128 0x4
 853 0164 00000000 		.4byte	0
 854 0168 18000000 		.4byte	.LVL9
 855 016c 1F000000 		.4byte	.LVL10-1
 856 0170 0100     		.2byte	0x1
 857 0172 50       		.byte	0x50
 858 0173 1F000000 		.4byte	.LVL10-1
 859 0177 B8000000 		.4byte	.LVL29
 860 017b 0100     		.2byte	0x1
 861 017d 55       		.byte	0x55
 862 017e 00000000 		.4byte	0
 863 0182 00000000 		.4byte	0
 864              	.LLST9:
 865 0186 0C000000 		.4byte	.LVL5
 866 018a 5A000000 		.4byte	.LVL16
 867 018e 0600     		.2byte	0x6
 868 0190 9E       		.byte	0x9e
 869 0191 04       		.uleb128 0x4
 870 0192 00000000 		.4byte	0
 871 0196 5A000000 		.4byte	.LVL16
 872 019a 5E000000 		.4byte	.LVL17
 873 019e 0100     		.2byte	0x1
 874 01a0 50       		.byte	0x50
 875 01a1 5E000000 		.4byte	.LVL17
 876 01a5 8C000000 		.4byte	.LVL23
 877 01a9 0100     		.2byte	0x1
 878 01ab 56       		.byte	0x56
 879 01ac 00000000 		.4byte	0
 880 01b0 00000000 		.4byte	0
 881              		.section	.debug_aranges,"",%progbits
 882 0000 2C000000 		.4byte	0x2c
 883 0004 0200     		.2byte	0x2
 884 0006 00000000 		.4byte	.Ldebug_info0
 885 000a 04       		.byte	0x4
 886 000b 00       		.byte	0
 887 000c 0000     		.2byte	0
 888 000e 0000     		.2byte	0
 889 0010 00000000 		.4byte	.LFB0
 890 0014 1C000000 		.4byte	.LFE0-.LFB0
 891 0018 00000000 		.4byte	.LFB1
 892 001c 0C000000 		.4byte	.LFE1-.LFB1
 893 0020 00000000 		.4byte	.LFB2
 894 0024 C0000000 		.4byte	.LFE2-.LFB2
 895 0028 00000000 		.4byte	0
 896 002c 00000000 		.4byte	0
 897              		.section	.debug_ranges,"",%progbits
 898              	.Ldebug_ranges0:
ARM GAS  C:\Users\marti\AppData\Local\Temp\ccRcXqPK.s 			page 18


 899 0000 00000000 		.4byte	.LFB0
 900 0004 1C000000 		.4byte	.LFE0
 901 0008 00000000 		.4byte	.LFB1
 902 000c 0C000000 		.4byte	.LFE1
 903 0010 00000000 		.4byte	.LFB2
 904 0014 C0000000 		.4byte	.LFE2
 905 0018 00000000 		.4byte	0
 906 001c 00000000 		.4byte	0
 907              		.section	.debug_line,"",%progbits
 908              	.Ldebug_line0:
 909 0000 7A000000 		.section	.debug_str,"MS",%progbits,1
 909      02002300 
 909      00000201 
 909      FB0E0D00 
 909      01010101 
 910              	.LASF1:
 911 0000 5F696E74 		.ascii	"_integralMin\000"
 911      65677261 
 911      6C4D696E 
 911      00
 912              	.LASF9:
 913 000d 6F757470 		.ascii	"output\000"
 913      757400
 914              	.LASF11:
 915 0014 64657269 		.ascii	"derivative\000"
 915      76617469 
 915      766500
 916              	.LASF16:
 917 001f 696E7465 		.ascii	"integral\000"
 917      6772616C 
 917      00
 918              	.LASF20:
 919 0028 433A5C33 		.ascii	"C:\\3. semester\\GFV\\temperaturregulator\\Temperat"
 919      2E207365 
 919      6D657374 
 919      65725C47 
 919      46565C74 
 920 0057 7572652D 		.ascii	"ure-Control.cydsn\000"
 920      436F6E74 
 920      726F6C2E 
 920      63796473 
 920      6E00
 921              	.LASF2:
 922 0069 50494443 		.ascii	"PIDControl_init\000"
 922      6F6E7472 
 922      6F6C5F69 
 922      6E697400 
 923              	.LASF3:
 924 0079 50494443 		.ascii	"PIDControl_changeSetPoint\000"
 924      6F6E7472 
 924      6F6C5F63 
 924      68616E67 
 924      65536574 
 925              	.LASF18:
 926 0093 474E5520 		.ascii	"GNU C11 5.4.1 20160609 (release) [ARM/embedded-5-br"
 926      43313120 
 926      352E342E 
ARM GAS  C:\Users\marti\AppData\Local\Temp\ccRcXqPK.s 			page 19


 926      31203230 
 926      31363036 
 927 00c6 616E6368 		.ascii	"anch revision 237715] -mcpu=cortex-m3 -mthumb -g -O"
 927      20726576 
 927      6973696F 
 927      6E203233 
 927      37373135 
 928 00f9 67202D66 		.ascii	"g -ffunction-sections -ffat-lto-objects\000"
 928      66756E63 
 928      74696F6E 
 928      2D736563 
 928      74696F6E 
 929              	.LASF4:
 930 0121 5F736574 		.ascii	"_setPoint\000"
 930      506F696E 
 930      7400
 931              	.LASF14:
 932 012b 696E7465 		.ascii	"integralMin\000"
 932      6772616C 
 932      4D696E00 
 933              	.LASF0:
 934 0137 5F696E74 		.ascii	"_integralMax\000"
 934      65677261 
 934      6C4D6178 
 934      00
 935              	.LASF10:
 936 0144 70726F70 		.ascii	"proportional\000"
 936      6F727469 
 936      6F6E616C 
 936      00
 937              	.LASF12:
 938 0151 63757272 		.ascii	"currentError\000"
 938      656E7445 
 938      72726F72 
 938      00
 939              	.LASF7:
 940 015e 696E7465 		.ascii	"integralPart\000"
 940      6772616C 
 940      50617274 
 940      00
 941              	.LASF6:
 942 016b 70726F70 		.ascii	"proportionalPart\000"
 942      6F727469 
 942      6F6E616C 
 942      50617274 
 942      00
 943              	.LASF22:
 944 017c 50494443 		.ascii	"PIDControl_doStep\000"
 944      6F6E7472 
 944      6F6C5F64 
 944      6F537465 
 944      7000
 945              	.LASF17:
 946 018e 70726576 		.ascii	"previousError\000"
 946      696F7573 
 946      4572726F 
 946      7200
ARM GAS  C:\Users\marti\AppData\Local\Temp\ccRcXqPK.s 			page 20


 947              	.LASF13:
 948 019c 696E7465 		.ascii	"integralMax\000"
 948      6772616C 
 948      4D617800 
 949              	.LASF8:
 950 01a8 64657269 		.ascii	"derivativePart\000"
 950      76617469 
 950      76655061 
 950      727400
 951              	.LASF15:
 952 01b7 73657450 		.ascii	"setPoint\000"
 952      6F696E74 
 952      00
 953              	.LASF21:
 954 01c0 666C6F61 		.ascii	"float\000"
 954      7400
 955              	.LASF19:
 956 01c6 50494443 		.ascii	"PIDControl.c\000"
 956      6F6E7472 
 956      6F6C2E63 
 956      00
 957              	.LASF5:
 958 01d3 73797374 		.ascii	"systemOutput\000"
 958      656D4F75 
 958      74707574 
 958      00
 959              		.ident	"GCC: (GNU Tools for ARM Embedded Processors) 5.4.1 20160609 (release) [ARM/embedded-5-bran
