ARM GAS  C:\Users\marti\AppData\Local\Temp\cczBTGEI.s 			page 1


   1              		.syntax unified
   2              		.cpu cortex-m3
   3              		.fpu softvfp
   4              		.eabi_attribute 20, 1
   5              		.eabi_attribute 21, 1
   6              		.eabi_attribute 23, 3
   7              		.eabi_attribute 24, 1
   8              		.eabi_attribute 25, 1
   9              		.eabi_attribute 26, 1
  10              		.eabi_attribute 30, 1
  11              		.eabi_attribute 34, 1
  12              		.eabi_attribute 18, 4
  13              		.thumb
  14              		.syntax unified
  15              		.file	"cymetadata.c"
  16              		.text
  17              	.Ltext0:
  18              		.cfi_sections	.debug_frame
  19              		.global	cy_metadata
  20              		.global	cy_meta_flashprotect
  21              		.global	cy_meta_wonvl
  22              		.global	cy_meta_custnvl
  23              		.global	cy_meta_configecc
  24              		.section	.cyconfigecc,"a",%progbits
  25              		.align	2
  26              		.type	cy_meta_configecc, %object
  27              		.size	cy_meta_configecc, 1444
  28              	cy_meta_configecc:
  29 0000 03       		.byte	3
  30 0001 52       		.byte	82
  31 0002 00       		.byte	0
  32 0003 40       		.byte	64
  33 0004 03       		.byte	3
  34 0005 64       		.byte	100
  35 0006 00       		.byte	0
  36 0007 40       		.byte	64
  37 0008 03       		.byte	3
  38 0009 65       		.byte	101
  39 000a 00       		.byte	0
  40 000b 40       		.byte	64
  41 000c 01       		.byte	1
  42 000d 03       		.byte	3
  43 000e 01       		.byte	1
  44 000f 40       		.byte	64
  45 0010 5A       		.byte	90
  46 0011 08       		.byte	8
  47 0012 01       		.byte	1
  48 0013 40       		.byte	64
  49 0014 3A       		.byte	58
  50 0015 09       		.byte	9
  51 0016 01       		.byte	1
  52 0017 40       		.byte	64
  53 0018 5C       		.byte	92
  54 0019 0A       		.byte	10
  55 001a 01       		.byte	1
  56 001b 40       		.byte	64
  57 001c 32       		.byte	50
ARM GAS  C:\Users\marti\AppData\Local\Temp\cczBTGEI.s 			page 2


  58 001d 0B       		.byte	11
  59 001e 01       		.byte	1
  60 001f 40       		.byte	64
  61 0020 01       		.byte	1
  62 0021 0D       		.byte	13
  63 0022 01       		.byte	1
  64 0023 40       		.byte	64
  65 0024 03       		.byte	3
  66 0025 14       		.byte	20
  67 0026 01       		.byte	1
  68 0027 40       		.byte	64
  69 0028 03       		.byte	3
  70 0029 15       		.byte	21
  71 002a 01       		.byte	1
  72 002b 40       		.byte	64
  73 002c 01       		.byte	1
  74 002d 17       		.byte	23
  75 002e 01       		.byte	1
  76 002f 40       		.byte	64
  77 0030 5F       		.byte	95
  78 0031 18       		.byte	24
  79 0032 01       		.byte	1
  80 0033 40       		.byte	64
  81 0034 4D       		.byte	77
  82 0035 19       		.byte	25
  83 0036 01       		.byte	1
  84 0037 40       		.byte	64
  85 0038 4F       		.byte	79
  86 0039 1A       		.byte	26
  87 003a 01       		.byte	1
  88 003b 40       		.byte	64
  89 003c 3D       		.byte	61
  90 003d 1B       		.byte	27
  91 003e 01       		.byte	1
  92 003f 40       		.byte	64
  93 0040 03       		.byte	3
  94 0041 40       		.byte	64
  95 0042 01       		.byte	1
  96 0043 40       		.byte	64
  97 0044 04       		.byte	4
  98 0045 41       		.byte	65
  99 0046 01       		.byte	1
 100 0047 40       		.byte	64
 101 0048 01       		.byte	1
 102 0049 42       		.byte	66
 103 004a 01       		.byte	1
 104 004b 40       		.byte	64
 105 004c 01       		.byte	1
 106 004d 43       		.byte	67
 107 004e 01       		.byte	1
 108 004f 40       		.byte	64
 109 0050 02       		.byte	2
 110 0051 45       		.byte	69
 111 0052 01       		.byte	1
 112 0053 40       		.byte	64
 113 0054 03       		.byte	3
 114 0055 46       		.byte	70
ARM GAS  C:\Users\marti\AppData\Local\Temp\cczBTGEI.s 			page 3


 115 0056 01       		.byte	1
 116 0057 40       		.byte	64
 117 0058 02       		.byte	2
 118 0059 48       		.byte	72
 119 005a 01       		.byte	1
 120 005b 40       		.byte	64
 121 005c 01       		.byte	1
 122 005d 4C       		.byte	76
 123 005e 01       		.byte	1
 124 005f 40       		.byte	64
 125 0060 08       		.byte	8
 126 0061 4D       		.byte	77
 127 0062 01       		.byte	1
 128 0063 40       		.byte	64
 129 0064 04       		.byte	4
 130 0065 50       		.byte	80
 131 0066 01       		.byte	1
 132 0067 40       		.byte	64
 133 0068 01       		.byte	1
 134 0069 51       		.byte	81
 135 006a 01       		.byte	1
 136 006b 40       		.byte	64
 137 006c 11       		.byte	17
 138 006d 02       		.byte	2
 139 006e 61       		.byte	97
 140 006f 80       		.byte	-128
 141 0070 64       		.byte	100
 142 0071 40       		.byte	64
 143 0072 89       		.byte	-119
 144 0073 72       		.byte	114
 145 0074 8A       		.byte	-118
 146 0075 0D       		.byte	13
 147 0076 8B       		.byte	-117
 148 0077 0F       		.byte	15
 149 0078 88       		.byte	-120
 150 0079 01       		.byte	1
 151 007a 89       		.byte	-119
 152 007b 38       		.byte	56
 153 007c 8B       		.byte	-117
 154 007d 0F       		.byte	15
 155 007e E6       		.byte	-26
 156 007f 02       		.byte	2
 157 0080 02       		.byte	2
 158 0081 01       		.byte	1
 159 0082 04       		.byte	4
 160 0083 06       		.byte	6
 161 0084 0A       		.byte	10
 162 0085 01       		.byte	1
 163 0086 12       		.byte	18
 164 0087 06       		.byte	6
 165 0088 14       		.byte	20
 166 0089 06       		.byte	6
 167 008a 18       		.byte	24
 168 008b 02       		.byte	2
 169 008c 20       		.byte	32
 170 008d 06       		.byte	6
 171 008e 24       		.byte	36
ARM GAS  C:\Users\marti\AppData\Local\Temp\cczBTGEI.s 			page 4


 172 008f 06       		.byte	6
 173 0090 28       		.byte	40
 174 0091 06       		.byte	6
 175 0092 2C       		.byte	44
 176 0093 06       		.byte	6
 177 0094 30       		.byte	48
 178 0095 01       		.byte	1
 179 0096 32       		.byte	50
 180 0097 02       		.byte	2
 181 0098 34       		.byte	52
 182 0099 04       		.byte	4
 183 009a 36       		.byte	54
 184 009b 01       		.byte	1
 185 009c 3E       		.byte	62
 186 009d 01       		.byte	1
 187 009e 40       		.byte	64
 188 009f 46       		.byte	70
 189 00a0 42       		.byte	66
 190 00a1 03       		.byte	3
 191 00a2 49       		.byte	73
 192 00a3 FF       		.byte	-1
 193 00a4 4A       		.byte	74
 194 00a5 FF       		.byte	-1
 195 00a6 4B       		.byte	75
 196 00a7 FF       		.byte	-1
 197 00a8 4F       		.byte	79
 198 00a9 01       		.byte	1
 199 00aa 50       		.byte	80
 200 00ab 18       		.byte	24
 201 00ac 58       		.byte	88
 202 00ad 04       		.byte	4
 203 00ae 5A       		.byte	90
 204 00af 04       		.byte	4
 205 00b0 5C       		.byte	92
 206 00b1 01       		.byte	1
 207 00b2 5D       		.byte	93
 208 00b3 01       		.byte	1
 209 00b4 5F       		.byte	95
 210 00b5 01       		.byte	1
 211 00b6 60       		.byte	96
 212 00b7 40       		.byte	64
 213 00b8 62       		.byte	98
 214 00b9 40       		.byte	64
 215 00ba 64       		.byte	100
 216 00bb 40       		.byte	64
 217 00bc 65       		.byte	101
 218 00bd 40       		.byte	64
 219 00be 66       		.byte	102
 220 00bf 80       		.byte	-128
 221 00c0 68       		.byte	104
 222 00c1 80       		.byte	-128
 223 00c2 6A       		.byte	106
 224 00c3 80       		.byte	-128
 225 00c4 6C       		.byte	108
 226 00c5 80       		.byte	-128
 227 00c6 6E       		.byte	110
 228 00c7 80       		.byte	-128
ARM GAS  C:\Users\marti\AppData\Local\Temp\cczBTGEI.s 			page 5


 229 00c8 80       		.byte	-128
 230 00c9 3F       		.byte	63
 231 00ca 81       		.byte	-127
 232 00cb 02       		.byte	2
 233 00cc 83       		.byte	-125
 234 00cd 01       		.byte	1
 235 00ce 84       		.byte	-124
 236 00cf 01       		.byte	1
 237 00d0 85       		.byte	-123
 238 00d1 07       		.byte	7
 239 00d2 89       		.byte	-119
 240 00d3 07       		.byte	7
 241 00d4 8C       		.byte	-116
 242 00d5 1C       		.byte	28
 243 00d6 8D       		.byte	-115
 244 00d7 04       		.byte	4
 245 00d8 8E       		.byte	-114
 246 00d9 23       		.byte	35
 247 00da 90       		.byte	-112
 248 00db 03       		.byte	3
 249 00dc 94       		.byte	-108
 250 00dd 33       		.byte	51
 251 00de 96       		.byte	-106
 252 00df 0C       		.byte	12
 253 00e0 9A       		.byte	-102
 254 00e1 23       		.byte	35
 255 00e2 9C       		.byte	-100
 256 00e3 1F       		.byte	31
 257 00e4 9E       		.byte	-98
 258 00e5 20       		.byte	32
 259 00e6 A0       		.byte	-96
 260 00e7 08       		.byte	8
 261 00e8 A4       		.byte	-92
 262 00e9 04       		.byte	4
 263 00ea A8       		.byte	-88
 264 00eb 0C       		.byte	12
 265 00ec AC       		.byte	-84
 266 00ed 02       		.byte	2
 267 00ee AD       		.byte	-83
 268 00ef 01       		.byte	1
 269 00f0 AF       		.byte	-81
 270 00f1 02       		.byte	2
 271 00f2 B1       		.byte	-79
 272 00f3 03       		.byte	3
 273 00f4 B2       		.byte	-78
 274 00f5 10       		.byte	16
 275 00f6 B3       		.byte	-77
 276 00f7 04       		.byte	4
 277 00f8 B4       		.byte	-76
 278 00f9 0F       		.byte	15
 279 00fa B6       		.byte	-74
 280 00fb 2C       		.byte	44
 281 00fc BA       		.byte	-70
 282 00fd A2       		.byte	-94
 283 00fe BE       		.byte	-66
 284 00ff 04       		.byte	4
 285 0100 C0       		.byte	-64
ARM GAS  C:\Users\marti\AppData\Local\Temp\cczBTGEI.s 			page 6


 286 0101 16       		.byte	22
 287 0102 C2       		.byte	-62
 288 0103 03       		.byte	3
 289 0104 C9       		.byte	-55
 290 0105 FF       		.byte	-1
 291 0106 CA       		.byte	-54
 292 0107 FF       		.byte	-1
 293 0108 CB       		.byte	-53
 294 0109 FF       		.byte	-1
 295 010a CD       		.byte	-51
 296 010b 83       		.byte	-125
 297 010c CE       		.byte	-50
 298 010d 03       		.byte	3
 299 010e CF       		.byte	-49
 300 010f 01       		.byte	1
 301 0110 D0       		.byte	-48
 302 0111 18       		.byte	24
 303 0112 D6       		.byte	-42
 304 0113 02       		.byte	2
 305 0114 D7       		.byte	-41
 306 0115 11       		.byte	17
 307 0116 D8       		.byte	-40
 308 0117 04       		.byte	4
 309 0118 D9       		.byte	-39
 310 0119 04       		.byte	4
 311 011a DA       		.byte	-38
 312 011b 04       		.byte	4
 313 011c DB       		.byte	-37
 314 011d 04       		.byte	4
 315 011e DD       		.byte	-35
 316 011f 01       		.byte	1
 317 0120 DF       		.byte	-33
 318 0121 01       		.byte	1
 319 0122 E0       		.byte	-32
 320 0123 40       		.byte	64
 321 0124 E2       		.byte	-30
 322 0125 40       		.byte	64
 323 0126 E4       		.byte	-28
 324 0127 40       		.byte	64
 325 0128 E5       		.byte	-27
 326 0129 40       		.byte	64
 327 012a E6       		.byte	-26
 328 012b 80       		.byte	-128
 329 012c E8       		.byte	-24
 330 012d 80       		.byte	-128
 331 012e EA       		.byte	-22
 332 012f 80       		.byte	-128
 333 0130 EC       		.byte	-20
 334 0131 80       		.byte	-128
 335 0132 EE       		.byte	-18
 336 0133 80       		.byte	-128
 337 0134 01       		.byte	1
 338 0135 8A       		.byte	-118
 339 0136 05       		.byte	5
 340 0137 24       		.byte	36
 341 0138 06       		.byte	6
 342 0139 40       		.byte	64
ARM GAS  C:\Users\marti\AppData\Local\Temp\cczBTGEI.s 			page 7


 343 013a 08       		.byte	8
 344 013b 84       		.byte	-124
 345 013c 09       		.byte	9
 346 013d 02       		.byte	2
 347 013e 0A       		.byte	10
 348 013f 09       		.byte	9
 349 0140 0C       		.byte	12
 350 0141 02       		.byte	2
 351 0142 0E       		.byte	14
 352 0143 24       		.byte	36
 353 0144 10       		.byte	16
 354 0145 A8       		.byte	-88
 355 0146 12       		.byte	18
 356 0147 02       		.byte	2
 357 0148 15       		.byte	21
 358 0149 01       		.byte	1
 359 014a 16       		.byte	22
 360 014b 01       		.byte	1
 361 014c 17       		.byte	23
 362 014d 18       		.byte	24
 363 014e 18       		.byte	24
 364 014f 40       		.byte	64
 365 0150 19       		.byte	25
 366 0151 12       		.byte	18
 367 0152 1A       		.byte	26
 368 0153 61       		.byte	97
 369 0154 1D       		.byte	29
 370 0155 88       		.byte	-120
 371 0156 1E       		.byte	30
 372 0157 84       		.byte	-124
 373 0158 21       		.byte	33
 374 0159 05       		.byte	5
 375 015a 22       		.byte	34
 376 015b 07       		.byte	7
 377 015c 28       		.byte	40
 378 015d 0C       		.byte	12
 379 015e 29       		.byte	41
 380 015f 50       		.byte	80
 381 0160 39       		.byte	57
 382 0161 56       		.byte	86
 383 0162 41       		.byte	65
 384 0163 08       		.byte	8
 385 0164 43       		.byte	67
 386 0165 40       		.byte	64
 387 0166 45       		.byte	69
 388 0167 08       		.byte	8
 389 0168 46       		.byte	70
 390 0169 40       		.byte	64
 391 016a 49       		.byte	73
 392 016b 20       		.byte	32
 393 016c 4A       		.byte	74
 394 016d 08       		.byte	8
 395 016e 4E       		.byte	78
 396 016f 08       		.byte	8
 397 0170 5A       		.byte	90
 398 0171 20       		.byte	32
 399 0172 69       		.byte	105
ARM GAS  C:\Users\marti\AppData\Local\Temp\cczBTGEI.s 			page 8


 400 0173 54       		.byte	84
 401 0174 70       		.byte	112
 402 0175 A8       		.byte	-88
 403 0176 90       		.byte	-112
 404 0177 04       		.byte	4
 405 0178 96       		.byte	-106
 406 0179 41       		.byte	65
 407 017a 97       		.byte	-105
 408 017b 20       		.byte	32
 409 017c 9A       		.byte	-102
 410 017d 40       		.byte	64
 411 017e 9B       		.byte	-101
 412 017f 40       		.byte	64
 413 0180 9C       		.byte	-100
 414 0181 04       		.byte	4
 415 0182 9D       		.byte	-99
 416 0183 80       		.byte	-128
 417 0184 9F       		.byte	-97
 418 0185 24       		.byte	36
 419 0186 A1       		.byte	-95
 420 0187 10       		.byte	16
 421 0188 A2       		.byte	-94
 422 0189 08       		.byte	8
 423 018a A3       		.byte	-93
 424 018b 01       		.byte	1
 425 018c A4       		.byte	-92
 426 018d 04       		.byte	4
 427 018e A5       		.byte	-91
 428 018f 89       		.byte	-119
 429 0190 A6       		.byte	-90
 430 0191 61       		.byte	97
 431 0192 A7       		.byte	-89
 432 0193 08       		.byte	8
 433 0194 B5       		.byte	-75
 434 0195 08       		.byte	8
 435 0196 B7       		.byte	-73
 436 0197 80       		.byte	-128
 437 0198 C0       		.byte	-64
 438 0199 7D       		.byte	125
 439 019a C2       		.byte	-62
 440 019b 7F       		.byte	127
 441 019c C4       		.byte	-60
 442 019d FF       		.byte	-1
 443 019e CA       		.byte	-54
 444 019f 08       		.byte	8
 445 01a0 CE       		.byte	-50
 446 01a1 0F       		.byte	15
 447 01a2 D0       		.byte	-48
 448 01a3 CA       		.byte	-54
 449 01a4 D2       		.byte	-46
 450 01a5 24       		.byte	36
 451 01a6 D6       		.byte	-42
 452 01a7 04       		.byte	4
 453 01a8 03       		.byte	3
 454 01a9 01       		.byte	1
 455 01aa 06       		.byte	6
 456 01ab 08       		.byte	8
ARM GAS  C:\Users\marti\AppData\Local\Temp\cczBTGEI.s 			page 9


 457 01ac 0A       		.byte	10
 458 01ad 02       		.byte	2
 459 01ae 0B       		.byte	11
 460 01af 0E       		.byte	14
 461 01b0 0E       		.byte	14
 462 01b1 01       		.byte	1
 463 01b2 10       		.byte	16
 464 01b3 01       		.byte	1
 465 01b4 16       		.byte	22
 466 01b5 08       		.byte	8
 467 01b6 17       		.byte	23
 468 01b7 02       		.byte	2
 469 01b8 19       		.byte	25
 470 01b9 08       		.byte	8
 471 01ba 1A       		.byte	26
 472 01bb 04       		.byte	4
 473 01bc 1E       		.byte	30
 474 01bd 01       		.byte	1
 475 01be 22       		.byte	34
 476 01bf 04       		.byte	4
 477 01c0 26       		.byte	38
 478 01c1 02       		.byte	2
 479 01c2 28       		.byte	40
 480 01c3 01       		.byte	1
 481 01c4 30       		.byte	48
 482 01c5 08       		.byte	8
 483 01c6 31       		.byte	49
 484 01c7 08       		.byte	8
 485 01c8 32       		.byte	50
 486 01c9 01       		.byte	1
 487 01ca 33       		.byte	51
 488 01cb 01       		.byte	1
 489 01cc 34       		.byte	52
 490 01cd 02       		.byte	2
 491 01ce 35       		.byte	53
 492 01cf 04       		.byte	4
 493 01d0 36       		.byte	54
 494 01d1 04       		.byte	4
 495 01d2 37       		.byte	55
 496 01d3 02       		.byte	2
 497 01d4 38       		.byte	56
 498 01d5 08       		.byte	8
 499 01d6 3E       		.byte	62
 500 01d7 51       		.byte	81
 501 01d8 40       		.byte	64
 502 01d9 46       		.byte	70
 503 01da 42       		.byte	66
 504 01db 03       		.byte	3
 505 01dc 45       		.byte	69
 506 01dd EC       		.byte	-20
 507 01de 47       		.byte	71
 508 01df 02       		.byte	2
 509 01e0 48       		.byte	72
 510 01e1 13       		.byte	19
 511 01e2 49       		.byte	73
 512 01e3 FF       		.byte	-1
 513 01e4 4A       		.byte	74
ARM GAS  C:\Users\marti\AppData\Local\Temp\cczBTGEI.s 			page 10


 514 01e5 FF       		.byte	-1
 515 01e6 4B       		.byte	75
 516 01e7 FF       		.byte	-1
 517 01e8 4D       		.byte	77
 518 01e9 83       		.byte	-125
 519 01ea 4E       		.byte	78
 520 01eb 03       		.byte	3
 521 01ec 4F       		.byte	79
 522 01ed 01       		.byte	1
 523 01ee 50       		.byte	80
 524 01ef 18       		.byte	24
 525 01f0 52       		.byte	82
 526 01f1 80       		.byte	-128
 527 01f2 54       		.byte	84
 528 01f3 05       		.byte	5
 529 01f4 58       		.byte	88
 530 01f5 04       		.byte	4
 531 01f6 59       		.byte	89
 532 01f7 04       		.byte	4
 533 01f8 5A       		.byte	90
 534 01f9 04       		.byte	4
 535 01fa 5B       		.byte	91
 536 01fb 04       		.byte	4
 537 01fc 5C       		.byte	92
 538 01fd 20       		.byte	32
 539 01fe 5D       		.byte	93
 540 01ff 21       		.byte	33
 541 0200 5F       		.byte	95
 542 0201 01       		.byte	1
 543 0202 60       		.byte	96
 544 0203 40       		.byte	64
 545 0204 62       		.byte	98
 546 0205 40       		.byte	64
 547 0206 64       		.byte	100
 548 0207 40       		.byte	64
 549 0208 65       		.byte	101
 550 0209 40       		.byte	64
 551 020a 66       		.byte	102
 552 020b 80       		.byte	-128
 553 020c 68       		.byte	104
 554 020d 80       		.byte	-128
 555 020e 6A       		.byte	106
 556 020f 80       		.byte	-128
 557 0210 6C       		.byte	108
 558 0211 80       		.byte	-128
 559 0212 6E       		.byte	110
 560 0213 80       		.byte	-128
 561 0214 83       		.byte	-125
 562 0215 03       		.byte	3
 563 0216 89       		.byte	-119
 564 0217 0C       		.byte	12
 565 0218 8B       		.byte	-117
 566 0219 03       		.byte	3
 567 021a 93       		.byte	-109
 568 021b 0C       		.byte	12
 569 021c 95       		.byte	-107
 570 021d 01       		.byte	1
ARM GAS  C:\Users\marti\AppData\Local\Temp\cczBTGEI.s 			page 11


 571 021e 97       		.byte	-105
 572 021f 0E       		.byte	14
 573 0220 99       		.byte	-103
 574 0221 01       		.byte	1
 575 0222 9B       		.byte	-101
 576 0223 06       		.byte	6
 577 0224 AB       		.byte	-85
 578 0225 08       		.byte	8
 579 0226 B5       		.byte	-75
 580 0227 0F       		.byte	15
 581 0228 BB       		.byte	-69
 582 0229 20       		.byte	32
 583 022a C0       		.byte	-64
 584 022b 60       		.byte	96
 585 022c C1       		.byte	-63
 586 022d 05       		.byte	5
 587 022e C6       		.byte	-58
 588 022f 12       		.byte	18
 589 0230 C7       		.byte	-57
 590 0231 D0       		.byte	-48
 591 0232 C8       		.byte	-56
 592 0233 2C       		.byte	44
 593 0234 C9       		.byte	-55
 594 0235 FF       		.byte	-1
 595 0236 CA       		.byte	-54
 596 0237 FF       		.byte	-1
 597 0238 CB       		.byte	-53
 598 0239 FF       		.byte	-1
 599 023a CD       		.byte	-51
 600 023b A0       		.byte	-96
 601 023c CF       		.byte	-49
 602 023d 04       		.byte	4
 603 023e D0       		.byte	-48
 604 023f 18       		.byte	24
 605 0240 D2       		.byte	-46
 606 0241 80       		.byte	-128
 607 0242 D4       		.byte	-44
 608 0243 03       		.byte	3
 609 0244 D9       		.byte	-39
 610 0245 04       		.byte	4
 611 0246 DA       		.byte	-38
 612 0247 04       		.byte	4
 613 0248 DB       		.byte	-37
 614 0249 04       		.byte	4
 615 024a DD       		.byte	-35
 616 024b 12       		.byte	18
 617 024c DF       		.byte	-33
 618 024d 01       		.byte	1
 619 024e E0       		.byte	-32
 620 024f 40       		.byte	64
 621 0250 E2       		.byte	-30
 622 0251 C0       		.byte	-64
 623 0252 E4       		.byte	-28
 624 0253 40       		.byte	64
 625 0254 E5       		.byte	-27
 626 0255 40       		.byte	64
 627 0256 E6       		.byte	-26
ARM GAS  C:\Users\marti\AppData\Local\Temp\cczBTGEI.s 			page 12


 628 0257 C0       		.byte	-64
 629 0258 E8       		.byte	-24
 630 0259 C0       		.byte	-64
 631 025a EA       		.byte	-22
 632 025b C0       		.byte	-64
 633 025c EC       		.byte	-20
 634 025d C0       		.byte	-64
 635 025e EE       		.byte	-18
 636 025f C0       		.byte	-64
 637 0260 00       		.byte	0
 638 0261 18       		.byte	24
 639 0262 01       		.byte	1
 640 0263 80       		.byte	-128
 641 0264 0A       		.byte	10
 642 0265 49       		.byte	73
 643 0266 0B       		.byte	11
 644 0267 20       		.byte	32
 645 0268 10       		.byte	16
 646 0269 84       		.byte	-124
 647 026a 12       		.byte	18
 648 026b 20       		.byte	32
 649 026c 18       		.byte	24
 650 026d 14       		.byte	20
 651 026e 1B       		.byte	27
 652 026f 81       		.byte	-127
 653 0270 21       		.byte	33
 654 0271 20       		.byte	32
 655 0272 22       		.byte	34
 656 0273 84       		.byte	-124
 657 0274 23       		.byte	35
 658 0275 80       		.byte	-128
 659 0276 25       		.byte	37
 660 0277 10       		.byte	16
 661 0278 2C       		.byte	44
 662 0279 01       		.byte	1
 663 027a 2F       		.byte	47
 664 027b 0A       		.byte	10
 665 027c 31       		.byte	49
 666 027d 20       		.byte	32
 667 027e 32       		.byte	50
 668 027f 04       		.byte	4
 669 0280 36       		.byte	54
 670 0281 01       		.byte	1
 671 0282 37       		.byte	55
 672 0283 24       		.byte	36
 673 0284 38       		.byte	56
 674 0285 02       		.byte	2
 675 0286 3A       		.byte	58
 676 0287 10       		.byte	16
 677 0288 3D       		.byte	61
 678 0289 22       		.byte	34
 679 028a 41       		.byte	65
 680 028b 08       		.byte	8
 681 028c 42       		.byte	66
 682 028d 90       		.byte	-112
 683 028e 4A       		.byte	74
 684 028f 08       		.byte	8
ARM GAS  C:\Users\marti\AppData\Local\Temp\cczBTGEI.s 			page 13


 685 0290 4B       		.byte	75
 686 0291 05       		.byte	5
 687 0292 4E       		.byte	78
 688 0293 04       		.byte	4
 689 0294 4F       		.byte	79
 690 0295 80       		.byte	-128
 691 0296 52       		.byte	82
 692 0297 08       		.byte	8
 693 0298 54       		.byte	84
 694 0299 80       		.byte	-128
 695 029a 56       		.byte	86
 696 029b 10       		.byte	16
 697 029c 57       		.byte	87
 698 029d 42       		.byte	66
 699 029e 58       		.byte	88
 700 029f 01       		.byte	1
 701 02a0 59       		.byte	89
 702 02a1 08       		.byte	8
 703 02a2 5B       		.byte	91
 704 02a3 80       		.byte	-128
 705 02a4 5E       		.byte	94
 706 02a5 90       		.byte	-112
 707 02a6 5F       		.byte	95
 708 02a7 05       		.byte	5
 709 02a8 70       		.byte	112
 710 02a9 01       		.byte	1
 711 02aa 76       		.byte	118
 712 02ab C0       		.byte	-64
 713 02ac 77       		.byte	119
 714 02ad 40       		.byte	64
 715 02ae 8A       		.byte	-118
 716 02af 80       		.byte	-128
 717 02b0 A5       		.byte	-91
 718 02b1 80       		.byte	-128
 719 02b2 C0       		.byte	-64
 720 02b3 07       		.byte	7
 721 02b4 C2       		.byte	-62
 722 02b5 0F       		.byte	15
 723 02b6 C4       		.byte	-60
 724 02b7 0E       		.byte	14
 725 02b8 CA       		.byte	-54
 726 02b9 20       		.byte	32
 727 02ba CC       		.byte	-52
 728 02bb E6       		.byte	-26
 729 02bc CE       		.byte	-50
 730 02bd A5       		.byte	-91
 731 02be D0       		.byte	-48
 732 02bf 03       		.byte	3
 733 02c0 D2       		.byte	-46
 734 02c1 34       		.byte	52
 735 02c2 D6       		.byte	-42
 736 02c3 FB       		.byte	-5
 737 02c4 85       		.byte	-123
 738 02c5 80       		.byte	-128
 739 02c6 BE       		.byte	-66
 740 02c7 40       		.byte	64
 741 02c8 D8       		.byte	-40
ARM GAS  C:\Users\marti\AppData\Local\Temp\cczBTGEI.s 			page 14


 742 02c9 04       		.byte	4
 743 02ca DF       		.byte	-33
 744 02cb 01       		.byte	1
 745 02cc 1E       		.byte	30
 746 02cd 01       		.byte	1
 747 02ce 86       		.byte	-122
 748 02cf 01       		.byte	1
 749 02d0 E0       		.byte	-32
 750 02d1 08       		.byte	8
 751 02d2 E6       		.byte	-26
 752 02d3 20       		.byte	32
 753 02d4 03       		.byte	3
 754 02d5 09       		.byte	9
 755 02d6 04       		.byte	4
 756 02d7 14       		.byte	20
 757 02d8 07       		.byte	7
 758 02d9 02       		.byte	2
 759 02da 08       		.byte	8
 760 02db 0C       		.byte	12
 761 02dc 09       		.byte	9
 762 02dd 16       		.byte	22
 763 02de 0A       		.byte	10
 764 02df 11       		.byte	17
 765 02e0 0B       		.byte	11
 766 02e1 01       		.byte	1
 767 02e2 13       		.byte	19
 768 02e3 06       		.byte	6
 769 02e4 14       		.byte	20
 770 02e5 20       		.byte	32
 771 02e6 15       		.byte	21
 772 02e7 18       		.byte	24
 773 02e8 16       		.byte	22
 774 02e9 03       		.byte	3
 775 02ea 17       		.byte	23
 776 02eb 03       		.byte	3
 777 02ec 18       		.byte	24
 778 02ed 10       		.byte	16
 779 02ee 19       		.byte	25
 780 02ef 18       		.byte	24
 781 02f0 1B       		.byte	27
 782 02f1 05       		.byte	5
 783 02f2 1C       		.byte	28
 784 02f3 09       		.byte	9
 785 02f4 1E       		.byte	30
 786 02f5 10       		.byte	16
 787 02f6 24       		.byte	36
 788 02f7 1C       		.byte	28
 789 02f8 26       		.byte	38
 790 02f9 02       		.byte	2
 791 02fa 28       		.byte	40
 792 02fb 10       		.byte	16
 793 02fc 2A       		.byte	42
 794 02fd 0C       		.byte	12
 795 02fe 32       		.byte	50
 796 02ff 1F       		.byte	31
 797 0300 35       		.byte	53
 798 0301 07       		.byte	7
ARM GAS  C:\Users\marti\AppData\Local\Temp\cczBTGEI.s 			page 15


 799 0302 36       		.byte	54
 800 0303 20       		.byte	32
 801 0304 37       		.byte	55
 802 0305 18       		.byte	24
 803 0306 39       		.byte	57
 804 0307 80       		.byte	-128
 805 0308 3B       		.byte	59
 806 0309 20       		.byte	32
 807 030a 3E       		.byte	62
 808 030b 40       		.byte	64
 809 030c 3F       		.byte	63
 810 030d 40       		.byte	64
 811 030e 40       		.byte	64
 812 030f 01       		.byte	1
 813 0310 47       		.byte	71
 814 0311 04       		.byte	4
 815 0312 49       		.byte	73
 816 0313 FF       		.byte	-1
 817 0314 4A       		.byte	74
 818 0315 07       		.byte	7
 819 0316 4B       		.byte	75
 820 0317 FF       		.byte	-1
 821 0318 4C       		.byte	76
 822 0319 40       		.byte	64
 823 031a 4D       		.byte	77
 824 031b 20       		.byte	32
 825 031c 4E       		.byte	78
 826 031d F0       		.byte	-16
 827 031e 4F       		.byte	79
 828 031f 05       		.byte	5
 829 0320 50       		.byte	80
 830 0321 08       		.byte	8
 831 0322 56       		.byte	86
 832 0323 02       		.byte	2
 833 0324 57       		.byte	87
 834 0325 32       		.byte	50
 835 0326 58       		.byte	88
 836 0327 04       		.byte	4
 837 0328 59       		.byte	89
 838 0329 04       		.byte	4
 839 032a 5A       		.byte	90
 840 032b 04       		.byte	4
 841 032c 5B       		.byte	91
 842 032d 04       		.byte	4
 843 032e 5D       		.byte	93
 844 032f 10       		.byte	16
 845 0330 5F       		.byte	95
 846 0331 01       		.byte	1
 847 0332 60       		.byte	96
 848 0333 40       		.byte	64
 849 0334 61       		.byte	97
 850 0335 A8       		.byte	-88
 851 0336 62       		.byte	98
 852 0337 40       		.byte	64
 853 0338 63       		.byte	99
 854 0339 20       		.byte	32
 855 033a 82       		.byte	-126
ARM GAS  C:\Users\marti\AppData\Local\Temp\cczBTGEI.s 			page 16


 856 033b 02       		.byte	2
 857 033c 85       		.byte	-123
 858 033d 07       		.byte	7
 859 033e 89       		.byte	-119
 860 033f 07       		.byte	7
 861 0340 91       		.byte	-111
 862 0341 01       		.byte	1
 863 0342 92       		.byte	-110
 864 0343 01       		.byte	1
 865 0344 93       		.byte	-109
 866 0345 06       		.byte	6
 867 0346 9E       		.byte	-98
 868 0347 02       		.byte	2
 869 0348 A1       		.byte	-95
 870 0349 04       		.byte	4
 871 034a A3       		.byte	-93
 872 034b 01       		.byte	1
 873 034c AD       		.byte	-83
 874 034d 02       		.byte	2
 875 034e AF       		.byte	-81
 876 034f 01       		.byte	1
 877 0350 B1       		.byte	-79
 878 0351 07       		.byte	7
 879 0352 B6       		.byte	-74
 880 0353 03       		.byte	3
 881 0354 BE       		.byte	-66
 882 0355 40       		.byte	64
 883 0356 C0       		.byte	-64
 884 0357 23       		.byte	35
 885 0358 C1       		.byte	-63
 886 0359 04       		.byte	4
 887 035a C2       		.byte	-62
 888 035b 06       		.byte	6
 889 035c C4       		.byte	-60
 890 035d 01       		.byte	1
 891 035e C5       		.byte	-59
 892 035f 0E       		.byte	14
 893 0360 C6       		.byte	-58
 894 0361 C0       		.byte	-64
 895 0362 C8       		.byte	-56
 896 0363 09       		.byte	9
 897 0364 C9       		.byte	-55
 898 0365 FF       		.byte	-1
 899 0366 CA       		.byte	-54
 900 0367 FF       		.byte	-1
 901 0368 CB       		.byte	-53
 902 0369 FF       		.byte	-1
 903 036a CC       		.byte	-52
 904 036b 62       		.byte	98
 905 036c CD       		.byte	-51
 906 036d A0       		.byte	-96
 907 036e CE       		.byte	-50
 908 036f F0       		.byte	-16
 909 0370 CF       		.byte	-49
 910 0371 41       		.byte	65
 911 0372 D0       		.byte	-48
 912 0373 0C       		.byte	12
ARM GAS  C:\Users\marti\AppData\Local\Temp\cczBTGEI.s 			page 17


 913 0374 D4       		.byte	-44
 914 0375 18       		.byte	24
 915 0376 D6       		.byte	-42
 916 0377 04       		.byte	4
 917 0378 D8       		.byte	-40
 918 0379 04       		.byte	4
 919 037a D9       		.byte	-39
 920 037b 04       		.byte	4
 921 037c DA       		.byte	-38
 922 037d 04       		.byte	4
 923 037e DB       		.byte	-37
 924 037f 04       		.byte	4
 925 0380 DF       		.byte	-33
 926 0381 01       		.byte	1
 927 0382 E6       		.byte	-26
 928 0383 40       		.byte	64
 929 0384 E7       		.byte	-25
 930 0385 02       		.byte	2
 931 0386 E9       		.byte	-23
 932 0387 10       		.byte	16
 933 0388 EA       		.byte	-22
 934 0389 30       		.byte	48
 935 038a EB       		.byte	-21
 936 038b 10       		.byte	16
 937 038c ED       		.byte	-19
 938 038d 10       		.byte	16
 939 038e EE       		.byte	-18
 940 038f 10       		.byte	16
 941 0390 EF       		.byte	-17
 942 0391 12       		.byte	18
 943 0392 00       		.byte	0
 944 0393 02       		.byte	2
 945 0394 06       		.byte	6
 946 0395 10       		.byte	16
 947 0396 07       		.byte	7
 948 0397 04       		.byte	4
 949 0398 08       		.byte	8
 950 0399 40       		.byte	64
 951 039a 09       		.byte	9
 952 039b 42       		.byte	66
 953 039c 0A       		.byte	10
 954 039d 02       		.byte	2
 955 039e 0D       		.byte	13
 956 039f 08       		.byte	8
 957 03a0 0E       		.byte	14
 958 03a1 02       		.byte	2
 959 03a2 0F       		.byte	15
 960 03a3 08       		.byte	8
 961 03a4 16       		.byte	22
 962 03a5 20       		.byte	32
 963 03a6 17       		.byte	23
 964 03a7 20       		.byte	32
 965 03a8 18       		.byte	24
 966 03a9 01       		.byte	1
 967 03aa 1D       		.byte	29
 968 03ab 08       		.byte	8
 969 03ac 1F       		.byte	31
ARM GAS  C:\Users\marti\AppData\Local\Temp\cczBTGEI.s 			page 18


 970 03ad 40       		.byte	64
 971 03ae 21       		.byte	33
 972 03af 02       		.byte	2
 973 03b0 25       		.byte	37
 974 03b1 80       		.byte	-128
 975 03b2 27       		.byte	39
 976 03b3 04       		.byte	4
 977 03b4 28       		.byte	40
 978 03b5 40       		.byte	64
 979 03b6 29       		.byte	41
 980 03b7 40       		.byte	64
 981 03b8 31       		.byte	49
 982 03b9 02       		.byte	2
 983 03ba 36       		.byte	54
 984 03bb 01       		.byte	1
 985 03bc 37       		.byte	55
 986 03bd 24       		.byte	36
 987 03be 39       		.byte	57
 988 03bf 14       		.byte	20
 989 03c0 3D       		.byte	61
 990 03c1 22       		.byte	34
 991 03c2 3E       		.byte	62
 992 03c3 20       		.byte	32
 993 03c4 3F       		.byte	63
 994 03c5 09       		.byte	9
 995 03c6 40       		.byte	64
 996 03c7 69       		.byte	105
 997 03c8 41       		.byte	65
 998 03c9 04       		.byte	4
 999 03ca 45       		.byte	69
 1000 03cb 80       		.byte	-128
 1001 03cc 48       		.byte	72
 1002 03cd 04       		.byte	4
 1003 03ce 4A       		.byte	74
 1004 03cf 20       		.byte	32
 1005 03d0 4F       		.byte	79
 1006 03d1 01       		.byte	1
 1007 03d2 53       		.byte	83
 1008 03d3 10       		.byte	16
 1009 03d4 57       		.byte	87
 1010 03d5 0C       		.byte	12
 1011 03d6 59       		.byte	89
 1012 03d7 01       		.byte	1
 1013 03d8 5E       		.byte	94
 1014 03d9 04       		.byte	4
 1015 03da 60       		.byte	96
 1016 03db 04       		.byte	4
 1017 03dc 62       		.byte	98
 1018 03dd 02       		.byte	2
 1019 03de 63       		.byte	99
 1020 03df 02       		.byte	2
 1021 03e0 66       		.byte	102
 1022 03e1 40       		.byte	64
 1023 03e2 6C       		.byte	108
 1024 03e3 02       		.byte	2
 1025 03e4 6D       		.byte	109
 1026 03e5 01       		.byte	1
ARM GAS  C:\Users\marti\AppData\Local\Temp\cczBTGEI.s 			page 19


 1027 03e6 6E       		.byte	110
 1028 03e7 20       		.byte	32
 1029 03e8 6F       		.byte	111
 1030 03e9 10       		.byte	16
 1031 03ea 75       		.byte	117
 1032 03eb 04       		.byte	4
 1033 03ec 76       		.byte	118
 1034 03ed 01       		.byte	1
 1035 03ee 77       		.byte	119
 1036 03ef 08       		.byte	8
 1037 03f0 87       		.byte	-121
 1038 03f1 40       		.byte	64
 1039 03f2 8A       		.byte	-118
 1040 03f3 02       		.byte	2
 1041 03f4 90       		.byte	-112
 1042 03f5 44       		.byte	68
 1043 03f6 91       		.byte	-111
 1044 03f7 1C       		.byte	28
 1045 03f8 92       		.byte	-110
 1046 03f9 06       		.byte	6
 1047 03fa 95       		.byte	-107
 1048 03fb 01       		.byte	1
 1049 03fc 97       		.byte	-105
 1050 03fd 20       		.byte	32
 1051 03fe 98       		.byte	-104
 1052 03ff 88       		.byte	-120
 1053 0400 9D       		.byte	-99
 1054 0401 CC       		.byte	-52
 1055 0402 9E       		.byte	-98
 1056 0403 01       		.byte	1
 1057 0404 9F       		.byte	-97
 1058 0405 3C       		.byte	60
 1059 0406 A0       		.byte	-96
 1060 0407 A8       		.byte	-88
 1061 0408 A1       		.byte	-95
 1062 0409 10       		.byte	16
 1063 040a A3       		.byte	-93
 1064 040b 01       		.byte	1
 1065 040c A4       		.byte	-92
 1066 040d 06       		.byte	6
 1067 040e A5       		.byte	-91
 1068 040f 03       		.byte	3
 1069 0410 A6       		.byte	-90
 1070 0411 31       		.byte	49
 1071 0412 A7       		.byte	-89
 1072 0413 08       		.byte	8
 1073 0414 C0       		.byte	-64
 1074 0415 68       		.byte	104
 1075 0416 C2       		.byte	-62
 1076 0417 E9       		.byte	-23
 1077 0418 C4       		.byte	-60
 1078 0419 60       		.byte	96
 1079 041a CA       		.byte	-54
 1080 041b 09       		.byte	9
 1081 041c CC       		.byte	-52
 1082 041d E1       		.byte	-31
 1083 041e CE       		.byte	-50
ARM GAS  C:\Users\marti\AppData\Local\Temp\cczBTGEI.s 			page 20


 1084 041f E6       		.byte	-26
 1085 0420 D0       		.byte	-48
 1086 0421 1F       		.byte	31
 1087 0422 D2       		.byte	-46
 1088 0423 04       		.byte	4
 1089 0424 D6       		.byte	-42
 1090 0425 41       		.byte	65
 1091 0426 D8       		.byte	-40
 1092 0427 1D       		.byte	29
 1093 0428 E0       		.byte	-32
 1094 0429 08       		.byte	8
 1095 042a E6       		.byte	-26
 1096 042b 20       		.byte	32
 1097 042c 00       		.byte	0
 1098 042d E0       		.byte	-32
 1099 042e 02       		.byte	2
 1100 042f 16       		.byte	22
 1101 0430 05       		.byte	5
 1102 0431 06       		.byte	6
 1103 0432 06       		.byte	6
 1104 0433 20       		.byte	32
 1105 0434 08       		.byte	8
 1106 0435 22       		.byte	34
 1107 0436 0A       		.byte	10
 1108 0437 01       		.byte	1
 1109 0438 0C       		.byte	12
 1110 0439 FE       		.byte	-2
 1111 043a 0D       		.byte	13
 1112 043b 07       		.byte	7
 1113 043c 10       		.byte	16
 1114 043d 06       		.byte	6
 1115 043e 14       		.byte	20
 1116 043f 3E       		.byte	62
 1117 0440 16       		.byte	22
 1118 0441 C0       		.byte	-64
 1119 0442 19       		.byte	25
 1120 0443 02       		.byte	2
 1121 0444 1A       		.byte	26
 1122 0445 1E       		.byte	30
 1123 0446 1C       		.byte	28
 1124 0447 E0       		.byte	-32
 1125 0448 1D       		.byte	29
 1126 0449 04       		.byte	4
 1127 044a 1E       		.byte	30
 1128 044b 0E       		.byte	14
 1129 044c 20       		.byte	32
 1130 044d 80       		.byte	-128
 1131 044e 21       		.byte	33
 1132 044f 06       		.byte	6
 1133 0450 23       		.byte	35
 1134 0451 01       		.byte	1
 1135 0452 24       		.byte	36
 1136 0453 40       		.byte	64
 1137 0454 27       		.byte	39
 1138 0455 01       		.byte	1
 1139 0456 28       		.byte	40
 1140 0457 C0       		.byte	-64
ARM GAS  C:\Users\marti\AppData\Local\Temp\cczBTGEI.s 			page 21


 1141 0458 29       		.byte	41
 1142 0459 01       		.byte	1
 1143 045a 2B       		.byte	43
 1144 045b 06       		.byte	6
 1145 045c 2C       		.byte	44
 1146 045d 04       		.byte	4
 1147 045e 2D       		.byte	45
 1148 045f 07       		.byte	7
 1149 0460 30       		.byte	48
 1150 0461 06       		.byte	6
 1151 0462 34       		.byte	52
 1152 0463 01       		.byte	1
 1153 0464 35       		.byte	53
 1154 0465 07       		.byte	7
 1155 0466 36       		.byte	54
 1156 0467 F8       		.byte	-8
 1157 0468 3A       		.byte	58
 1158 0469 80       		.byte	-128
 1159 046a 58       		.byte	88
 1160 046b 04       		.byte	4
 1161 046c 59       		.byte	89
 1162 046d 04       		.byte	4
 1163 046e 5F       		.byte	95
 1164 046f 01       		.byte	1
 1165 0470 81       		.byte	-127
 1166 0471 20       		.byte	32
 1167 0472 83       		.byte	-125
 1168 0473 05       		.byte	5
 1169 0474 84       		.byte	-124
 1170 0475 01       		.byte	1
 1171 0476 88       		.byte	-120
 1172 0477 01       		.byte	1
 1173 0478 89       		.byte	-119
 1174 0479 0A       		.byte	10
 1175 047a 8B       		.byte	-117
 1176 047b 14       		.byte	20
 1177 047c 8C       		.byte	-116
 1178 047d 02       		.byte	2
 1179 047e 93       		.byte	-109
 1180 047f 08       		.byte	8
 1181 0480 95       		.byte	-107
 1182 0481 13       		.byte	19
 1183 0482 97       		.byte	-105
 1184 0483 04       		.byte	4
 1185 0484 99       		.byte	-103
 1186 0485 13       		.byte	19
 1187 0486 9B       		.byte	-101
 1188 0487 0C       		.byte	12
 1189 0488 9E       		.byte	-98
 1190 0489 01       		.byte	1
 1191 048a A2       		.byte	-94
 1192 048b 01       		.byte	1
 1193 048c A6       		.byte	-90
 1194 048d 01       		.byte	1
 1195 048e AD       		.byte	-83
 1196 048f 03       		.byte	3
 1197 0490 AF       		.byte	-81
ARM GAS  C:\Users\marti\AppData\Local\Temp\cczBTGEI.s 			page 22


 1198 0491 04       		.byte	4
 1199 0492 B0       		.byte	-80
 1200 0493 01       		.byte	1
 1201 0494 B1       		.byte	-79
 1202 0495 30       		.byte	48
 1203 0496 B3       		.byte	-77
 1204 0497 0F       		.byte	15
 1205 0498 B4       		.byte	-76
 1206 0499 02       		.byte	2
 1207 049a B9       		.byte	-71
 1208 049b 02       		.byte	2
 1209 049c BB       		.byte	-69
 1210 049d 08       		.byte	8
 1211 049e BE       		.byte	-66
 1212 049f 11       		.byte	17
 1213 04a0 C0       		.byte	-64
 1214 04a1 24       		.byte	36
 1215 04a2 C1       		.byte	-63
 1216 04a3 03       		.byte	3
 1217 04a4 C5       		.byte	-59
 1218 04a5 E0       		.byte	-32
 1219 04a6 C6       		.byte	-58
 1220 04a7 B0       		.byte	-80
 1221 04a8 C7       		.byte	-57
 1222 04a9 C0       		.byte	-64
 1223 04aa C8       		.byte	-56
 1224 04ab 2A       		.byte	42
 1225 04ac C9       		.byte	-55
 1226 04ad FF       		.byte	-1
 1227 04ae CA       		.byte	-54
 1228 04af FF       		.byte	-1
 1229 04b0 CB       		.byte	-53
 1230 04b1 FF       		.byte	-1
 1231 04b2 CE       		.byte	-50
 1232 04b3 F0       		.byte	-16
 1233 04b4 CF       		.byte	-49
 1234 04b5 44       		.byte	68
 1235 04b6 D0       		.byte	-48
 1236 04b7 0C       		.byte	12
 1237 04b8 D4       		.byte	-44
 1238 04b9 01       		.byte	1
 1239 04ba D8       		.byte	-40
 1240 04bb 04       		.byte	4
 1241 04bc D9       		.byte	-39
 1242 04bd 04       		.byte	4
 1243 04be DA       		.byte	-38
 1244 04bf 04       		.byte	4
 1245 04c0 DB       		.byte	-37
 1246 04c1 04       		.byte	4
 1247 04c2 DF       		.byte	-33
 1248 04c3 01       		.byte	1
 1249 04c4 E6       		.byte	-26
 1250 04c5 C0       		.byte	-64
 1251 04c6 EA       		.byte	-22
 1252 04c7 40       		.byte	64
 1253 04c8 EB       		.byte	-21
 1254 04c9 02       		.byte	2
ARM GAS  C:\Users\marti\AppData\Local\Temp\cczBTGEI.s 			page 23


 1255 04ca 00       		.byte	0
 1256 04cb 64       		.byte	100
 1257 04cc 03       		.byte	3
 1258 04cd 80       		.byte	-128
 1259 04ce 04       		.byte	4
 1260 04cf 80       		.byte	-128
 1261 04d0 07       		.byte	7
 1262 04d1 24       		.byte	36
 1263 04d2 08       		.byte	8
 1264 04d3 A8       		.byte	-88
 1265 04d4 09       		.byte	9
 1266 04d5 02       		.byte	2
 1267 04d6 0F       		.byte	15
 1268 04d7 02       		.byte	2
 1269 04d8 10       		.byte	16
 1270 04d9 A8       		.byte	-88
 1271 04da 11       		.byte	17
 1272 04db 80       		.byte	-128
 1273 04dc 12       		.byte	18
 1274 04dd 04       		.byte	4
 1275 04de 16       		.byte	22
 1276 04df 20       		.byte	32
 1277 04e0 17       		.byte	23
 1278 04e1 01       		.byte	1
 1279 04e2 18       		.byte	24
 1280 04e3 04       		.byte	4
 1281 04e4 19       		.byte	25
 1282 04e5 81       		.byte	-127
 1283 04e6 1B       		.byte	27
 1284 04e7 80       		.byte	-128
 1285 04e8 1E       		.byte	30
 1286 04e9 88       		.byte	-120
 1287 04ea 20       		.byte	32
 1288 04eb 08       		.byte	8
 1289 04ec 26       		.byte	38
 1290 04ed 01       		.byte	1
 1291 04ee 27       		.byte	39
 1292 04ef 20       		.byte	32
 1293 04f0 28       		.byte	40
 1294 04f1 A8       		.byte	-88
 1295 04f2 29       		.byte	41
 1296 04f3 80       		.byte	-128
 1297 04f4 2F       		.byte	47
 1298 04f5 02       		.byte	2
 1299 04f6 30       		.byte	48
 1300 04f7 A0       		.byte	-96
 1301 04f8 36       		.byte	54
 1302 04f9 01       		.byte	1
 1303 04fa 37       		.byte	55
 1304 04fb 24       		.byte	36
 1305 04fc 38       		.byte	56
 1306 04fd 40       		.byte	64
 1307 04fe 3A       		.byte	58
 1308 04ff 04       		.byte	4
 1309 0500 3D       		.byte	61
 1310 0501 02       		.byte	2
 1311 0502 3E       		.byte	62
ARM GAS  C:\Users\marti\AppData\Local\Temp\cczBTGEI.s 			page 24


 1312 0503 20       		.byte	32
 1313 0504 45       		.byte	69
 1314 0505 01       		.byte	1
 1315 0506 47       		.byte	71
 1316 0507 25       		.byte	37
 1317 0508 4C       		.byte	76
 1318 0509 40       		.byte	64
 1319 050a 4D       		.byte	77
 1320 050b 01       		.byte	1
 1321 050c 56       		.byte	86
 1322 050d 10       		.byte	16
 1323 050e 57       		.byte	87
 1324 050f 03       		.byte	3
 1325 0510 5D       		.byte	93
 1326 0511 11       		.byte	17
 1327 0512 5E       		.byte	94
 1328 0513 88       		.byte	-120
 1329 0514 85       		.byte	-123
 1330 0515 10       		.byte	16
 1331 0516 86       		.byte	-122
 1332 0517 40       		.byte	64
 1333 0518 87       		.byte	-121
 1334 0519 01       		.byte	1
 1335 051a 88       		.byte	-120
 1336 051b 11       		.byte	17
 1337 051c 89       		.byte	-119
 1338 051d 48       		.byte	72
 1339 051e 90       		.byte	-112
 1340 051f 40       		.byte	64
 1341 0520 98       		.byte	-104
 1342 0521 A8       		.byte	-88
 1343 0522 9A       		.byte	-102
 1344 0523 20       		.byte	32
 1345 0524 9B       		.byte	-101
 1346 0525 04       		.byte	4
 1347 0526 9D       		.byte	-99
 1348 0527 C9       		.byte	-55
 1349 0528 9E       		.byte	-98
 1350 0529 50       		.byte	80
 1351 052a 9F       		.byte	-97
 1352 052b 20       		.byte	32
 1353 052c A0       		.byte	-96
 1354 052d A8       		.byte	-88
 1355 052e A1       		.byte	-95
 1356 052f 43       		.byte	67
 1357 0530 A4       		.byte	-92
 1358 0531 05       		.byte	5
 1359 0532 A6       		.byte	-90
 1360 0533 01       		.byte	1
 1361 0534 C0       		.byte	-64
 1362 0535 EF       		.byte	-17
 1363 0536 C2       		.byte	-62
 1364 0537 8F       		.byte	-113
 1365 0538 C4       		.byte	-60
 1366 0539 3F       		.byte	63
 1367 053a CA       		.byte	-54
 1368 053b 1F       		.byte	31
ARM GAS  C:\Users\marti\AppData\Local\Temp\cczBTGEI.s 			page 25


 1369 053c CC       		.byte	-52
 1370 053d EC       		.byte	-20
 1371 053e CE       		.byte	-50
 1372 053f AA       		.byte	-86
 1373 0540 D0       		.byte	-48
 1374 0541 E0       		.byte	-32
 1375 0542 D6       		.byte	-42
 1376 0543 F0       		.byte	-16
 1377 0544 30       		.byte	48
 1378 0545 10       		.byte	16
 1379 0546 37       		.byte	55
 1380 0547 80       		.byte	-128
 1381 0548 CC       		.byte	-52
 1382 0549 30       		.byte	48
 1383 054a 84       		.byte	-124
 1384 054b 10       		.byte	16
 1385 054c 9C       		.byte	-100
 1386 054d 10       		.byte	16
 1387 054e 9F       		.byte	-97
 1388 054f 80       		.byte	-128
 1389 0550 E6       		.byte	-26
 1390 0551 40       		.byte	64
 1391 0552 9F       		.byte	-97
 1392 0553 80       		.byte	-128
 1393 0554 9F       		.byte	-97
 1394 0555 80       		.byte	-128
 1395 0556 59       		.byte	89
 1396 0557 40       		.byte	64
 1397 0558 D4       		.byte	-44
 1398 0559 01       		.byte	1
 1399 055a 89       		.byte	-119
 1400 055b 40       		.byte	64
 1401 055c 9D       		.byte	-99
 1402 055d 40       		.byte	64
 1403 055e E0       		.byte	-32
 1404 055f 01       		.byte	1
 1405 0560 8B       		.byte	-117
 1406 0561 80       		.byte	-128
 1407 0562 9F       		.byte	-97
 1408 0563 80       		.byte	-128
 1409 0564 87       		.byte	-121
 1410 0565 10       		.byte	16
 1411 0566 10       		.byte	16
 1412 0567 C0       		.byte	-64
 1413 0568 73       		.byte	115
 1414 0569 10       		.byte	16
 1415 056a 88       		.byte	-120
 1416 056b C0       		.byte	-64
 1417 056c 93       		.byte	-109
 1418 056d 10       		.byte	16
 1419 056e C4       		.byte	-60
 1420 056f 08       		.byte	8
 1421 0570 DC       		.byte	-36
 1422 0571 01       		.byte	1
 1423 0572 E2       		.byte	-30
 1424 0573 01       		.byte	1
 1425 0574 E6       		.byte	-26
ARM GAS  C:\Users\marti\AppData\Local\Temp\cczBTGEI.s 			page 26


 1426 0575 01       		.byte	1
 1427 0576 00       		.byte	0
 1428 0577 07       		.byte	7
 1429 0578 0C       		.byte	12
 1430 0579 07       		.byte	7
 1431 057a 10       		.byte	16
 1432 057b 03       		.byte	3
 1433 057c 1C       		.byte	28
 1434 057d 03       		.byte	3
 1435 057e 00       		.byte	0
 1436 057f 0F       		.byte	15
 1437 0580 00       		.byte	0
 1438 0581 C0       		.byte	-64
 1439 0582 C0       		.byte	-64
 1440 0583 00       		.byte	0
 1441 0584 00       		.byte	0
 1442 0585 00       		.byte	0
 1443 0586 00       		.byte	0
 1444 0587 00       		.byte	0
 1445 0588 80       		.byte	-128
 1446 0589 00       		.byte	0
 1447 058a 40       		.byte	64
 1448 058b 80       		.byte	-128
 1449 058c 80       		.byte	-128
 1450 058d 00       		.byte	0
 1451 058e 80       		.byte	-128
 1452 058f 00       		.byte	0
 1453 0590 00       		.byte	0
 1454 0591 00       		.byte	0
 1455 0592 00       		.byte	0
 1456 0593 00       		.byte	0
 1457 0594 00       		.byte	0
 1458 0595 0B       		.byte	11
 1459 0596 0B       		.byte	11
 1460 0597 00       		.byte	0
 1461 0598 00       		.byte	0
 1462 0599 00       		.byte	0
 1463 059a 00       		.byte	0
 1464 059b 00       		.byte	0
 1465 059c 00       		.byte	0
 1466 059d 7B       		.byte	123
 1467 059e 7B       		.byte	123
 1468 059f 00       		.byte	0
 1469 05a0 02       		.byte	2
 1470 05a1 00       		.byte	0
 1471 05a2 00       		.byte	0
 1472 05a3 00       		.byte	0
 1473              		.section	.cywolatch,"a",%progbits
 1474              		.align	2
 1475              		.type	cy_meta_wonvl, %object
 1476              		.size	cy_meta_wonvl, 4
 1477              	cy_meta_wonvl:
 1478 0000 BC       		.byte	-68
 1479 0001 90       		.byte	-112
 1480 0002 AC       		.byte	-84
 1481 0003 AF       		.byte	-81
 1482              		.section	.cycustnvl,"a",%progbits
ARM GAS  C:\Users\marti\AppData\Local\Temp\cczBTGEI.s 			page 27


 1483              		.align	2
 1484              		.type	cy_meta_custnvl, %object
 1485              		.size	cy_meta_custnvl, 4
 1486              	cy_meta_custnvl:
 1487 0000 00       		.byte	0
 1488 0001 00       		.byte	0
 1489 0002 40       		.byte	64
 1490 0003 05       		.byte	5
 1491              		.section	.cymeta,"a",%progbits
 1492              		.align	2
 1493              		.type	cy_metadata, %object
 1494              		.size	cy_metadata, 12
 1495              	cy_metadata:
 1496 0000 00       		.byte	0
 1497 0001 01       		.byte	1
 1498 0002 2E       		.byte	46
 1499 0003 16       		.byte	22
 1500 0004 10       		.byte	16
 1501 0005 69       		.byte	105
 1502 0006 00       		.byte	0
 1503 0007 01       		.byte	1
 1504 0008 00       		.byte	0
 1505 0009 00       		.byte	0
 1506 000a 00       		.byte	0
 1507 000b 00       		.byte	0
 1508              		.section	.cyflashprotect,"a",%progbits
 1509              		.align	2
 1510              		.type	cy_meta_flashprotect, %object
 1511              		.size	cy_meta_flashprotect, 256
 1512              	cy_meta_flashprotect:
 1513 0000 00000000 		.space	256
 1513      00000000 
 1513      00000000 
 1513      00000000 
 1513      00000000 
 1514              		.text
 1515              	.Letext0:
 1516              		.file 1 "c:\\program files (x86)\\cypress\\psoc creator\\4.2\\psoc creator\\import\\gnu\\arm\\5.4.
 1517              		.file 2 "c:\\program files (x86)\\cypress\\psoc creator\\4.2\\psoc creator\\import\\gnu\\arm\\5.4.
 1518              		.file 3 "Generated_Source\\PSoC5\\cymetadata.c"
 1519              		.section	.debug_info,"",%progbits
 1520              	.Ldebug_info0:
 1521 0000 32010000 		.4byte	0x132
 1522 0004 0400     		.2byte	0x4
 1523 0006 00000000 		.4byte	.Ldebug_abbrev0
 1524 000a 04       		.byte	0x4
 1525 000b 01       		.uleb128 0x1
 1526 000c 56000000 		.4byte	.LASF17
 1527 0010 0C       		.byte	0xc
 1528 0011 B0010000 		.4byte	.LASF18
 1529 0015 0A000000 		.4byte	.LASF19
 1530 0019 00000000 		.4byte	.Ldebug_line0
 1531 001d 02       		.uleb128 0x2
 1532 001e 01       		.byte	0x1
 1533 001f 06       		.byte	0x6
 1534 0020 A4010000 		.4byte	.LASF0
 1535 0024 03       		.uleb128 0x3
ARM GAS  C:\Users\marti\AppData\Local\Temp\cczBTGEI.s 			page 28


 1536 0025 00000000 		.4byte	.LASF9
 1537 0029 01       		.byte	0x1
 1538 002a 1D       		.byte	0x1d
 1539 002b 2F000000 		.4byte	0x2f
 1540 002f 02       		.uleb128 0x2
 1541 0030 01       		.byte	0x1
 1542 0031 08       		.byte	0x8
 1543 0032 48000000 		.4byte	.LASF1
 1544 0036 02       		.uleb128 0x2
 1545 0037 02       		.byte	0x2
 1546 0038 05       		.byte	0x5
 1547 0039 91010000 		.4byte	.LASF2
 1548 003d 02       		.uleb128 0x2
 1549 003e 02       		.byte	0x2
 1550 003f 07       		.byte	0x7
 1551 0040 F6000000 		.4byte	.LASF3
 1552 0044 02       		.uleb128 0x2
 1553 0045 04       		.byte	0x4
 1554 0046 05       		.byte	0x5
 1555 0047 9B010000 		.4byte	.LASF4
 1556 004b 02       		.uleb128 0x2
 1557 004c 04       		.byte	0x4
 1558 004d 07       		.byte	0x7
 1559 004e E4000000 		.4byte	.LASF5
 1560 0052 02       		.uleb128 0x2
 1561 0053 08       		.byte	0x8
 1562 0054 05       		.byte	0x5
 1563 0055 83010000 		.4byte	.LASF6
 1564 0059 02       		.uleb128 0x2
 1565 005a 08       		.byte	0x8
 1566 005b 07       		.byte	0x7
 1567 005c 38010000 		.4byte	.LASF7
 1568 0060 04       		.uleb128 0x4
 1569 0061 04       		.byte	0x4
 1570 0062 05       		.byte	0x5
 1571 0063 696E7400 		.ascii	"int\000"
 1572 0067 02       		.uleb128 0x2
 1573 0068 04       		.byte	0x4
 1574 0069 07       		.byte	0x7
 1575 006a 2B010000 		.4byte	.LASF8
 1576 006e 03       		.uleb128 0x3
 1577 006f 4F010000 		.4byte	.LASF10
 1578 0073 02       		.byte	0x2
 1579 0074 18       		.byte	0x18
 1580 0075 24000000 		.4byte	0x24
 1581 0079 05       		.uleb128 0x5
 1582 007a 91000000 		.4byte	0x91
 1583 007e 8A000000 		.4byte	0x8a
 1584 0082 06       		.uleb128 0x6
 1585 0083 8A000000 		.4byte	0x8a
 1586 0087 A305     		.2byte	0x5a3
 1587 0089 00       		.byte	0
 1588 008a 02       		.uleb128 0x2
 1589 008b 04       		.byte	0x4
 1590 008c 07       		.byte	0x7
 1591 008d 7A010000 		.4byte	.LASF11
 1592 0091 07       		.uleb128 0x7
ARM GAS  C:\Users\marti\AppData\Local\Temp\cczBTGEI.s 			page 29


 1593 0092 6E000000 		.4byte	0x6e
 1594 0096 08       		.uleb128 0x8
 1595 0097 19010000 		.4byte	.LASF12
 1596 009b 03       		.byte	0x3
 1597 009c 1F       		.byte	0x1f
 1598 009d A7000000 		.4byte	0xa7
 1599 00a1 05       		.uleb128 0x5
 1600 00a2 03       		.byte	0x3
 1601 00a3 00000000 		.4byte	cy_meta_configecc
 1602 00a7 07       		.uleb128 0x7
 1603 00a8 79000000 		.4byte	0x79
 1604 00ac 05       		.uleb128 0x5
 1605 00ad 91000000 		.4byte	0x91
 1606 00b1 BC000000 		.4byte	0xbc
 1607 00b5 09       		.uleb128 0x9
 1608 00b6 8A000000 		.4byte	0x8a
 1609 00ba 03       		.byte	0x3
 1610 00bb 00       		.byte	0
 1611 00bc 08       		.uleb128 0x8
 1612 00bd 09010000 		.4byte	.LASF13
 1613 00c1 03       		.byte	0x3
 1614 00c2 E1       		.byte	0xe1
 1615 00c3 CD000000 		.4byte	0xcd
 1616 00c7 05       		.uleb128 0x5
 1617 00c8 03       		.byte	0x3
 1618 00c9 00000000 		.4byte	cy_meta_custnvl
 1619 00cd 07       		.uleb128 0x7
 1620 00ce AC000000 		.4byte	0xac
 1621 00d2 08       		.uleb128 0x8
 1622 00d3 6C010000 		.4byte	.LASF14
 1623 00d7 03       		.byte	0x3
 1624 00d8 EF       		.byte	0xef
 1625 00d9 E3000000 		.4byte	0xe3
 1626 00dd 05       		.uleb128 0x5
 1627 00de 03       		.byte	0x3
 1628 00df 00000000 		.4byte	cy_meta_wonvl
 1629 00e3 07       		.uleb128 0x7
 1630 00e4 AC000000 		.4byte	0xac
 1631 00e8 05       		.uleb128 0x5
 1632 00e9 91000000 		.4byte	0x91
 1633 00ed F8000000 		.4byte	0xf8
 1634 00f1 09       		.uleb128 0x9
 1635 00f2 8A000000 		.4byte	0x8a
 1636 00f6 FF       		.byte	0xff
 1637 00f7 00       		.byte	0
 1638 00f8 08       		.uleb128 0x8
 1639 00f9 57010000 		.4byte	.LASF15
 1640 00fd 03       		.byte	0x3
 1641 00fe FD       		.byte	0xfd
 1642 00ff 09010000 		.4byte	0x109
 1643 0103 05       		.uleb128 0x5
 1644 0104 03       		.byte	0x3
 1645 0105 00000000 		.4byte	cy_meta_flashprotect
 1646 0109 07       		.uleb128 0x7
 1647 010a E8000000 		.4byte	0xe8
 1648 010e 05       		.uleb128 0x5
 1649 010f 91000000 		.4byte	0x91
ARM GAS  C:\Users\marti\AppData\Local\Temp\cczBTGEI.s 			page 30


 1650 0113 1E010000 		.4byte	0x11e
 1651 0117 09       		.uleb128 0x9
 1652 0118 8A000000 		.4byte	0x8a
 1653 011c 0B       		.byte	0xb
 1654 011d 00       		.byte	0
 1655 011e 0A       		.uleb128 0xa
 1656 011f 3C000000 		.4byte	.LASF16
 1657 0123 03       		.byte	0x3
 1658 0124 2A01     		.2byte	0x12a
 1659 0126 30010000 		.4byte	0x130
 1660 012a 05       		.uleb128 0x5
 1661 012b 03       		.byte	0x3
 1662 012c 00000000 		.4byte	cy_metadata
 1663 0130 07       		.uleb128 0x7
 1664 0131 0E010000 		.4byte	0x10e
 1665 0135 00       		.byte	0
 1666              		.section	.debug_abbrev,"",%progbits
 1667              	.Ldebug_abbrev0:
 1668 0000 01       		.uleb128 0x1
 1669 0001 11       		.uleb128 0x11
 1670 0002 01       		.byte	0x1
 1671 0003 25       		.uleb128 0x25
 1672 0004 0E       		.uleb128 0xe
 1673 0005 13       		.uleb128 0x13
 1674 0006 0B       		.uleb128 0xb
 1675 0007 03       		.uleb128 0x3
 1676 0008 0E       		.uleb128 0xe
 1677 0009 1B       		.uleb128 0x1b
 1678 000a 0E       		.uleb128 0xe
 1679 000b 10       		.uleb128 0x10
 1680 000c 17       		.uleb128 0x17
 1681 000d 00       		.byte	0
 1682 000e 00       		.byte	0
 1683 000f 02       		.uleb128 0x2
 1684 0010 24       		.uleb128 0x24
 1685 0011 00       		.byte	0
 1686 0012 0B       		.uleb128 0xb
 1687 0013 0B       		.uleb128 0xb
 1688 0014 3E       		.uleb128 0x3e
 1689 0015 0B       		.uleb128 0xb
 1690 0016 03       		.uleb128 0x3
 1691 0017 0E       		.uleb128 0xe
 1692 0018 00       		.byte	0
 1693 0019 00       		.byte	0
 1694 001a 03       		.uleb128 0x3
 1695 001b 16       		.uleb128 0x16
 1696 001c 00       		.byte	0
 1697 001d 03       		.uleb128 0x3
 1698 001e 0E       		.uleb128 0xe
 1699 001f 3A       		.uleb128 0x3a
 1700 0020 0B       		.uleb128 0xb
 1701 0021 3B       		.uleb128 0x3b
 1702 0022 0B       		.uleb128 0xb
 1703 0023 49       		.uleb128 0x49
 1704 0024 13       		.uleb128 0x13
 1705 0025 00       		.byte	0
 1706 0026 00       		.byte	0
ARM GAS  C:\Users\marti\AppData\Local\Temp\cczBTGEI.s 			page 31


 1707 0027 04       		.uleb128 0x4
 1708 0028 24       		.uleb128 0x24
 1709 0029 00       		.byte	0
 1710 002a 0B       		.uleb128 0xb
 1711 002b 0B       		.uleb128 0xb
 1712 002c 3E       		.uleb128 0x3e
 1713 002d 0B       		.uleb128 0xb
 1714 002e 03       		.uleb128 0x3
 1715 002f 08       		.uleb128 0x8
 1716 0030 00       		.byte	0
 1717 0031 00       		.byte	0
 1718 0032 05       		.uleb128 0x5
 1719 0033 01       		.uleb128 0x1
 1720 0034 01       		.byte	0x1
 1721 0035 49       		.uleb128 0x49
 1722 0036 13       		.uleb128 0x13
 1723 0037 01       		.uleb128 0x1
 1724 0038 13       		.uleb128 0x13
 1725 0039 00       		.byte	0
 1726 003a 00       		.byte	0
 1727 003b 06       		.uleb128 0x6
 1728 003c 21       		.uleb128 0x21
 1729 003d 00       		.byte	0
 1730 003e 49       		.uleb128 0x49
 1731 003f 13       		.uleb128 0x13
 1732 0040 2F       		.uleb128 0x2f
 1733 0041 05       		.uleb128 0x5
 1734 0042 00       		.byte	0
 1735 0043 00       		.byte	0
 1736 0044 07       		.uleb128 0x7
 1737 0045 26       		.uleb128 0x26
 1738 0046 00       		.byte	0
 1739 0047 49       		.uleb128 0x49
 1740 0048 13       		.uleb128 0x13
 1741 0049 00       		.byte	0
 1742 004a 00       		.byte	0
 1743 004b 08       		.uleb128 0x8
 1744 004c 34       		.uleb128 0x34
 1745 004d 00       		.byte	0
 1746 004e 03       		.uleb128 0x3
 1747 004f 0E       		.uleb128 0xe
 1748 0050 3A       		.uleb128 0x3a
 1749 0051 0B       		.uleb128 0xb
 1750 0052 3B       		.uleb128 0x3b
 1751 0053 0B       		.uleb128 0xb
 1752 0054 49       		.uleb128 0x49
 1753 0055 13       		.uleb128 0x13
 1754 0056 3F       		.uleb128 0x3f
 1755 0057 19       		.uleb128 0x19
 1756 0058 02       		.uleb128 0x2
 1757 0059 18       		.uleb128 0x18
 1758 005a 00       		.byte	0
 1759 005b 00       		.byte	0
 1760 005c 09       		.uleb128 0x9
 1761 005d 21       		.uleb128 0x21
 1762 005e 00       		.byte	0
 1763 005f 49       		.uleb128 0x49
ARM GAS  C:\Users\marti\AppData\Local\Temp\cczBTGEI.s 			page 32


 1764 0060 13       		.uleb128 0x13
 1765 0061 2F       		.uleb128 0x2f
 1766 0062 0B       		.uleb128 0xb
 1767 0063 00       		.byte	0
 1768 0064 00       		.byte	0
 1769 0065 0A       		.uleb128 0xa
 1770 0066 34       		.uleb128 0x34
 1771 0067 00       		.byte	0
 1772 0068 03       		.uleb128 0x3
 1773 0069 0E       		.uleb128 0xe
 1774 006a 3A       		.uleb128 0x3a
 1775 006b 0B       		.uleb128 0xb
 1776 006c 3B       		.uleb128 0x3b
 1777 006d 05       		.uleb128 0x5
 1778 006e 49       		.uleb128 0x49
 1779 006f 13       		.uleb128 0x13
 1780 0070 3F       		.uleb128 0x3f
 1781 0071 19       		.uleb128 0x19
 1782 0072 02       		.uleb128 0x2
 1783 0073 18       		.uleb128 0x18
 1784 0074 00       		.byte	0
 1785 0075 00       		.byte	0
 1786 0076 00       		.byte	0
 1787              		.section	.debug_aranges,"",%progbits
 1788 0000 14000000 		.4byte	0x14
 1789 0004 0200     		.2byte	0x2
 1790 0006 00000000 		.4byte	.Ldebug_info0
 1791 000a 04       		.byte	0x4
 1792 000b 00       		.byte	0
 1793 000c 0000     		.2byte	0
 1794 000e 0000     		.2byte	0
 1795 0010 00000000 		.4byte	0
 1796 0014 00000000 		.4byte	0
 1797              		.section	.debug_line,"",%progbits
 1798              	.Ldebug_line0:
 1799 0000 3D010000 		.section	.debug_str,"MS",%progbits,1
 1799      02003701 
 1799      00000201 
 1799      FB0E0D00 
 1799      01010101 
 1800              	.LASF9:
 1801 0000 5F5F7569 		.ascii	"__uint8_t\000"
 1801      6E74385F 
 1801      7400
 1802              	.LASF19:
 1803 000a 433A5C33 		.ascii	"C:\\3. semester\\GFV\\kode\\LAB1-3\\DC-Motor-PWM.cy"
 1803      2E207365 
 1803      6D657374 
 1803      65725C47 
 1803      46565C6B 
 1804 0038 64736E00 		.ascii	"dsn\000"
 1805              	.LASF16:
 1806 003c 63795F6D 		.ascii	"cy_metadata\000"
 1806      65746164 
 1806      61746100 
 1807              	.LASF1:
 1808 0048 756E7369 		.ascii	"unsigned char\000"
ARM GAS  C:\Users\marti\AppData\Local\Temp\cczBTGEI.s 			page 33


 1808      676E6564 
 1808      20636861 
 1808      7200
 1809              	.LASF17:
 1810 0056 474E5520 		.ascii	"GNU C11 5.4.1 20160609 (release) [ARM/embedded-5-br"
 1810      43313120 
 1810      352E342E 
 1810      31203230 
 1810      31363036 
 1811 0089 616E6368 		.ascii	"anch revision 237715] -mcpu=cortex-m3 -mthumb -g -O"
 1811      20726576 
 1811      6973696F 
 1811      6E203233 
 1811      37373135 
 1812 00bc 67202D66 		.ascii	"g -ffunction-sections -ffat-lto-objects\000"
 1812      66756E63 
 1812      74696F6E 
 1812      2D736563 
 1812      74696F6E 
 1813              	.LASF5:
 1814 00e4 6C6F6E67 		.ascii	"long unsigned int\000"
 1814      20756E73 
 1814      69676E65 
 1814      6420696E 
 1814      7400
 1815              	.LASF3:
 1816 00f6 73686F72 		.ascii	"short unsigned int\000"
 1816      7420756E 
 1816      7369676E 
 1816      65642069 
 1816      6E7400
 1817              	.LASF13:
 1818 0109 63795F6D 		.ascii	"cy_meta_custnvl\000"
 1818      6574615F 
 1818      63757374 
 1818      6E766C00 
 1819              	.LASF12:
 1820 0119 63795F6D 		.ascii	"cy_meta_configecc\000"
 1820      6574615F 
 1820      636F6E66 
 1820      69676563 
 1820      6300
 1821              	.LASF8:
 1822 012b 756E7369 		.ascii	"unsigned int\000"
 1822      676E6564 
 1822      20696E74 
 1822      00
 1823              	.LASF7:
 1824 0138 6C6F6E67 		.ascii	"long long unsigned int\000"
 1824      206C6F6E 
 1824      6720756E 
 1824      7369676E 
 1824      65642069 
 1825              	.LASF10:
 1826 014f 75696E74 		.ascii	"uint8_t\000"
 1826      385F7400 
 1827              	.LASF15:
ARM GAS  C:\Users\marti\AppData\Local\Temp\cczBTGEI.s 			page 34


 1828 0157 63795F6D 		.ascii	"cy_meta_flashprotect\000"
 1828      6574615F 
 1828      666C6173 
 1828      6870726F 
 1828      74656374 
 1829              	.LASF14:
 1830 016c 63795F6D 		.ascii	"cy_meta_wonvl\000"
 1830      6574615F 
 1830      776F6E76 
 1830      6C00
 1831              	.LASF11:
 1832 017a 73697A65 		.ascii	"sizetype\000"
 1832      74797065 
 1832      00
 1833              	.LASF6:
 1834 0183 6C6F6E67 		.ascii	"long long int\000"
 1834      206C6F6E 
 1834      6720696E 
 1834      7400
 1835              	.LASF2:
 1836 0191 73686F72 		.ascii	"short int\000"
 1836      7420696E 
 1836      7400
 1837              	.LASF4:
 1838 019b 6C6F6E67 		.ascii	"long int\000"
 1838      20696E74 
 1838      00
 1839              	.LASF0:
 1840 01a4 7369676E 		.ascii	"signed char\000"
 1840      65642063 
 1840      68617200 
 1841              	.LASF18:
 1842 01b0 47656E65 		.ascii	"Generated_Source\\PSoC5\\cymetadata.c\000"
 1842      72617465 
 1842      645F536F 
 1842      75726365 
 1842      5C50536F 
 1843              		.ident	"GCC: (GNU Tools for ARM Embedded Processors) 5.4.1 20160609 (release) [ARM/embedded-5-bran
